2014-08-20 18:11:20.6120|DEBUG|iRecruit.Logging.NLogger| System.Web.Http.Controllers WebHostHttpControllerTypeResolver GetControllerTypes
2014-08-20 18:11:20.6550|DEBUG|iRecruit.Logging.NLogger| System.Web.Http.Controllers WebHostHttpControllerTypeResolver GetControllerTypes
2014-08-20 18:12:06.9126|INFO|iRecruit.Logging.NLogger|GET http://localhost:58637/api/masterdata/get/?id=1 System.Web.Http.Request http://localhost:58637/api/masterdata/get/?id=1
2014-08-20 18:12:06.9166|INFO|iRecruit.Logging.NLogger|GET http://localhost:58637/api/masterdata/get/?id=1 System.Web.Http.MessageHandlers TokenInspector SendAsync
2014-08-20 18:12:06.9166|INFO|iRecruit.Logging.NLogger|GET http://localhost:58637/api/masterdata/get/?id=1 System.Net.Http.Formatting DefaultContentNegotiator Negotiate Type='HttpError', formatters=[JsonMediaTypeFormatterTracer, XmlMediaTypeFormatterTracer, FormUrlEncodedMediaTypeFormatterTracer, FormUrlEncodedMediaTypeFormatterTracer]
2014-08-20 18:12:06.9476|INFO|iRecruit.Logging.NLogger|GET http://localhost:58637/api/masterdata/get/?id=1 System.Net.Http.Formatting JsonMediaTypeFormatter GetPerRequestFormatterInstance Obtaining formatter of type 'JsonMediaTypeFormatter' for type='HttpError', mediaType='application/json; charset=utf-8'
2014-08-20 18:12:06.9476|INFO|iRecruit.Logging.NLogger|GET http://localhost:58637/api/masterdata/get/?id=1 System.Net.Http.Formatting JsonMediaTypeFormatter GetPerRequestFormatterInstance Will use same 'JsonMediaTypeFormatter' formatter
2014-08-20 18:12:06.9476|INFO|iRecruit.Logging.NLogger|GET http://localhost:58637/api/masterdata/get/?id=1 System.Net.Http.Formatting DefaultContentNegotiator Negotiate Selected formatter='JsonMediaTypeFormatter', content-type='application/json; charset=utf-8'
2014-08-20 18:12:06.9626|INFO|iRecruit.Logging.NLogger|GET http://localhost:58637/api/masterdata/get/?id=1 System.Web.Http.MessageHandlers TokenInspector SendAsync
2014-08-20 18:12:06.9626|INFO|iRecruit.Logging.NLogger|GET http://localhost:58637/api/masterdata/get/?id=1 System.Web.Http.Request Content-type='application/json; charset=utf-8', content-length=unknown
2014-08-20 18:12:06.9806|INFO|iRecruit.Logging.NLogger|GET http://localhost:58637/api/masterdata/get/?id=1 System.Net.Http.Formatting JsonMediaTypeFormatter WriteToStreamAsync Value='System.Web.Http.HttpError', type='HttpError', content-type='application/json; charset=utf-8'
2014-08-20 18:12:07.0006|INFO|iRecruit.Logging.NLogger|GET http://localhost:58637/api/masterdata/get/?id=1 System.Net.Http.Formatting JsonMediaTypeFormatter WriteToStreamAsync
2014-08-20 18:12:18.8548|INFO|iRecruit.Logging.NLogger|GET http://localhost:58637/api/masterdata/features?id=1 System.Web.Http.Request http://localhost:58637/api/masterdata/features?id=1
2014-08-20 18:12:18.8548|INFO|iRecruit.Logging.NLogger|GET http://localhost:58637/api/masterdata/features?id=1 System.Web.Http.MessageHandlers TokenInspector SendAsync
2014-08-20 18:12:18.8808|INFO|iRecruit.Logging.NLogger|GET http://localhost:58637/api/masterdata/features?id=1 System.Web.Http.Controllers DefaultHttpControllerSelector SelectController Route='controller:masterdata,action:features'
2014-08-20 18:12:18.8808|INFO|iRecruit.Logging.NLogger|GET http://localhost:58637/api/masterdata/features?id=1 System.Web.Http.Controllers DefaultHttpControllerSelector SelectController MasterData
2014-08-20 18:12:18.8808|INFO|iRecruit.Logging.NLogger|GET http://localhost:58637/api/masterdata/features?id=1 System.Web.Http.Controllers HttpControllerDescriptor CreateController
2014-08-20 18:12:18.8808|INFO|iRecruit.Logging.NLogger|GET http://localhost:58637/api/masterdata/features?id=1 System.Web.Http.Controllers DefaultHttpControllerActivator Create
2014-08-20 18:12:18.8968|INFO|iRecruit.Logging.NLogger|GET http://localhost:58637/api/masterdata/features?id=1 System.Web.Http.Controllers DefaultHttpControllerActivator Create iRecruit.Controllers.MasterDataController
2014-08-20 18:12:18.8968|INFO|iRecruit.Logging.NLogger|GET http://localhost:58637/api/masterdata/features?id=1 System.Web.Http.Controllers HttpControllerDescriptor CreateController iRecruit.Controllers.MasterDataController
2014-08-20 18:12:18.8968|INFO|iRecruit.Logging.NLogger|GET http://localhost:58637/api/masterdata/features?id=1 System.Web.Http.Controllers MasterDataController ExecuteAsync
2014-08-20 18:12:18.9128|INFO|iRecruit.Logging.NLogger|GET http://localhost:58637/api/masterdata/features?id=1 System.Web.Http.Action ApiControllerActionSelector SelectAction
2014-08-20 18:12:18.9358|INFO|iRecruit.Logging.NLogger|GET http://localhost:58637/api/masterdata/features?id=1 System.Web.Http.Action ApiControllerActionSelector SelectAction Selected action 'Features(Int32 id)'
2014-08-20 18:12:18.9508|INFO|iRecruit.Logging.NLogger|GET http://localhost:58637/api/masterdata/features?id=1 System.Web.Http.ModelBinding HttpActionBinding ExecuteBindingAsync
2014-08-20 18:12:18.9508|INFO|iRecruit.Logging.NLogger|GET http://localhost:58637/api/masterdata/features?id=1 System.Web.Http.ModelBinding ModelBinderParameterBinding ExecuteBindingAsync Binding parameter 'id'
2014-08-20 18:12:18.9868|INFO|iRecruit.Logging.NLogger|GET http://localhost:58637/api/masterdata/features?id=1 System.Web.Http.ModelBinding ModelBinderParameterBinding ExecuteBindingAsync Parameter 'id' bound to the value '1'
2014-08-20 18:12:18.9898|INFO|iRecruit.Logging.NLogger|GET http://localhost:58637/api/masterdata/features?id=1 System.Web.Http.ModelBinding HttpActionBinding ExecuteBindingAsync Model state is valid. Values: id=1
2014-08-20 18:12:18.9898|INFO|iRecruit.Logging.NLogger|GET http://localhost:58637/api/masterdata/features?id=1 System.Web.Http.Filters AllowCrossSiteOriginAttribute OnActionExecutingAsync Action filter for 'Features(Int32 id)'
2014-08-20 18:12:18.9898|INFO|iRecruit.Logging.NLogger|GET http://localhost:58637/api/masterdata/features?id=1 System.Web.Http.Filters AllowCrossSiteOriginAttribute OnActionExecutingAsync
2014-08-20 18:12:19.0058|INFO|iRecruit.Logging.NLogger|GET http://localhost:58637/api/masterdata/features?id=1 System.Web.Http.Action ApiControllerActionInvoker InvokeActionAsync Action='Features(id=1)'
2014-08-20 18:12:19.0058|INFO|iRecruit.Logging.NLogger|GET http://localhost:58637/api/masterdata/features?id=1 System.Web.Http.Action ReflectedHttpActionDescriptor ExecuteAsync Invoking action 'Features(id=1)'
2014-08-20 18:12:19.3229|INFO|iRecruit.Logging.NLogger|GET http://localhost:58637/api/masterdata/features?id=1 System.Net.Http.Formatting DefaultContentNegotiator Negotiate Type='List`1', formatters=[JsonMediaTypeFormatterTracer, XmlMediaTypeFormatterTracer, FormUrlEncodedMediaTypeFormatterTracer, FormUrlEncodedMediaTypeFormatterTracer]
2014-08-20 18:12:19.3329|INFO|iRecruit.Logging.NLogger|GET http://localhost:58637/api/masterdata/features?id=1 System.Net.Http.Formatting JsonMediaTypeFormatter GetPerRequestFormatterInstance Obtaining formatter of type 'JsonMediaTypeFormatter' for type='List`1', mediaType='application/json; charset=utf-8'
2014-08-20 18:12:19.3329|INFO|iRecruit.Logging.NLogger|GET http://localhost:58637/api/masterdata/features?id=1 System.Net.Http.Formatting JsonMediaTypeFormatter GetPerRequestFormatterInstance Will use same 'JsonMediaTypeFormatter' formatter
2014-08-20 18:12:19.3539|INFO|iRecruit.Logging.NLogger|GET http://localhost:58637/api/masterdata/features?id=1 System.Net.Http.Formatting DefaultContentNegotiator Negotiate Selected formatter='JsonMediaTypeFormatter', content-type='application/json; charset=utf-8'
2014-08-20 18:12:19.3539|INFO|iRecruit.Logging.NLogger|GET http://localhost:58637/api/masterdata/features?id=1 iRecruit.Controllers.MasterDataController
2014-08-20 18:12:19.3659|INFO|iRecruit.Logging.NLogger|GET http://localhost:58637/api/masterdata/features?id=1 System.Web.Http.Action ReflectedHttpActionDescriptor ExecuteAsync Action returned 'StatusCode: 200, ReasonPhrase: 'OK', Version: 1.1, Content: System.Net.Http.ObjectContent`1[[System.Collections.Generic.List`1[[iRecruit.Entity.Features, iRecruit.Entity, Version=1.0.0.0, Culture=neutral, PublicKeyToken=null]], mscorlib, Version=4.0.0.0, Culture=neutral, PublicKeyToken=b77a5c561934e089]], Headers:
{
  Content-Type: application/json; charset=utf-8
}'
2014-08-20 18:12:19.3659|INFO|iRecruit.Logging.NLogger|GET http://localhost:58637/api/masterdata/features?id=1 System.Web.Http.Action ApiControllerActionInvoker InvokeActionAsync
2014-08-20 18:12:19.3659|INFO|iRecruit.Logging.NLogger|GET http://localhost:58637/api/masterdata/features?id=1 System.Web.Http.Filters AllowCrossSiteOriginAttribute OnActionExecutedAsync Action filter for 'Features(Int32 id)'
2014-08-20 18:12:19.3809|INFO|iRecruit.Logging.NLogger|GET http://localhost:58637/api/masterdata/features?id=1 System.Web.Http.Filters AllowCrossSiteOriginAttribute OnActionExecutedAsync
2014-08-20 18:12:19.3809|INFO|iRecruit.Logging.NLogger|GET http://localhost:58637/api/masterdata/features?id=1 System.Web.Http.Controllers MasterDataController ExecuteAsync
2014-08-20 18:12:19.3809|INFO|iRecruit.Logging.NLogger|GET http://localhost:58637/api/masterdata/features?id=1 System.Web.Http.MessageHandlers TokenInspector SendAsync
2014-08-20 18:12:19.3809|INFO|iRecruit.Logging.NLogger|GET http://localhost:58637/api/masterdata/features?id=1 System.Web.Http.Request Content-type='application/json; charset=utf-8', content-length=unknown
2014-08-20 18:12:19.3969|INFO|iRecruit.Logging.NLogger|GET http://localhost:58637/api/masterdata/features?id=1 System.Net.Http.Formatting JsonMediaTypeFormatter WriteToStreamAsync Value='System.Collections.Generic.List`1[iRecruit.Entity.Features]', type='List`1', content-type='application/json; charset=utf-8'
2014-08-20 18:12:19.4129|INFO|iRecruit.Logging.NLogger|GET http://localhost:58637/api/masterdata/features?id=1 System.Net.Http.Formatting JsonMediaTypeFormatter WriteToStreamAsync
2014-08-20 18:12:19.4129|INFO|iRecruit.Logging.NLogger|GET http://localhost:58637/api/masterdata/features?id=1 System.Web.Http.Controllers MasterDataController Dispose
2014-08-20 18:12:19.4269|INFO|iRecruit.Logging.NLogger|GET http://localhost:58637/api/masterdata/features?id=1 System.Web.Http.Controllers MasterDataController Dispose
2014-08-20 18:12:35.1564|INFO|iRecruit.Logging.NLogger|GET http://localhost:58637/api/users/search?id=n System.Web.Http.Request http://localhost:58637/api/users/search?id=n
2014-08-20 18:12:35.1564|INFO|iRecruit.Logging.NLogger|GET http://localhost:58637/api/users/search?id=n System.Web.Http.MessageHandlers TokenInspector SendAsync
2014-08-20 18:12:35.1865|INFO|iRecruit.Logging.NLogger|GET http://localhost:58637/api/users/search?id=n System.Web.Http.Controllers DefaultHttpControllerSelector SelectController Route='id:search,controller:users'
2014-08-20 18:12:35.1865|INFO|iRecruit.Logging.NLogger|GET http://localhost:58637/api/users/search?id=n System.Web.Http.Controllers DefaultHttpControllerSelector SelectController Users
2014-08-20 18:12:35.1865|INFO|iRecruit.Logging.NLogger|GET http://localhost:58637/api/users/search?id=n System.Web.Http.Controllers HttpControllerDescriptor CreateController
2014-08-20 18:12:35.1865|INFO|iRecruit.Logging.NLogger|GET http://localhost:58637/api/users/search?id=n System.Web.Http.Controllers DefaultHttpControllerActivator Create
2014-08-20 18:12:35.1995|INFO|iRecruit.Logging.NLogger|GET http://localhost:58637/api/users/search?id=n System.Web.Http.Controllers DefaultHttpControllerActivator Create iRecruit.Controllers.UsersController
2014-08-20 18:12:35.1995|INFO|iRecruit.Logging.NLogger|GET http://localhost:58637/api/users/search?id=n System.Web.Http.Controllers HttpControllerDescriptor CreateController iRecruit.Controllers.UsersController
2014-08-20 18:12:35.1995|INFO|iRecruit.Logging.NLogger|GET http://localhost:58637/api/users/search?id=n System.Web.Http.Controllers UsersController ExecuteAsync
2014-08-20 18:12:35.1995|INFO|iRecruit.Logging.NLogger|GET http://localhost:58637/api/users/search?id=n System.Web.Http.Action ApiControllerActionSelector SelectAction
2014-08-20 18:12:35.2165|INFO|iRecruit.Logging.NLogger|GET http://localhost:58637/api/users/search?id=n System.Net.Http.Formatting DefaultContentNegotiator Negotiate Type='HttpError', formatters=[JsonMediaTypeFormatterTracer, XmlMediaTypeFormatterTracer, FormUrlEncodedMediaTypeFormatterTracer, FormUrlEncodedMediaTypeFormatterTracer]
2014-08-20 18:12:35.2165|INFO|iRecruit.Logging.NLogger|GET http://localhost:58637/api/users/search?id=n System.Net.Http.Formatting JsonMediaTypeFormatter GetPerRequestFormatterInstance Obtaining formatter of type 'JsonMediaTypeFormatter' for type='HttpError', mediaType='application/json; charset=utf-8'
2014-08-20 18:12:35.2165|INFO|iRecruit.Logging.NLogger|GET http://localhost:58637/api/users/search?id=n System.Net.Http.Formatting JsonMediaTypeFormatter GetPerRequestFormatterInstance Will use same 'JsonMediaTypeFormatter' formatter
2014-08-20 18:12:35.2165|INFO|iRecruit.Logging.NLogger|GET http://localhost:58637/api/users/search?id=n System.Net.Http.Formatting DefaultContentNegotiator Negotiate Selected formatter='JsonMediaTypeFormatter', content-type='application/json; charset=utf-8'
2014-08-20 18:12:35.2575|WARN|iRecruit.Logging.NLogger|GET http://localhost:58637/api/users/search?id=n System.Web.Http.Action ApiControllerActionSelector SelectAction UserMessage='The requested resource does not support http method 'GET'.' Processing of the HTTP request resulted in an exception. Please see the HTTP response returned by the 'Response' property of this exception for details.
2014-08-20 18:12:35.2935|WARN|iRecruit.Logging.NLogger|GET http://localhost:58637/api/users/search?id=n System.Web.Http.Controllers UsersController ExecuteAsync UserMessage='The requested resource does not support http method 'GET'.' Processing of the HTTP request resulted in an exception. Please see the HTTP response returned by the 'Response' property of this exception for details.
2014-08-20 18:12:35.3265|INFO|iRecruit.Logging.NLogger|GET http://localhost:58637/api/users/search?id=n System.Web.Http.MessageHandlers TokenInspector SendAsync
2014-08-20 18:12:35.3265|INFO|iRecruit.Logging.NLogger|GET http://localhost:58637/api/users/search?id=n System.Web.Http.Request Content-type='application/json; charset=utf-8', content-length=unknown
2014-08-20 18:12:35.3265|INFO|iRecruit.Logging.NLogger|GET http://localhost:58637/api/users/search?id=n System.Net.Http.Formatting JsonMediaTypeFormatter WriteToStreamAsync Value='System.Web.Http.HttpError', type='HttpError', content-type='application/json; charset=utf-8'
2014-08-20 18:12:35.3265|INFO|iRecruit.Logging.NLogger|GET http://localhost:58637/api/users/search?id=n System.Net.Http.Formatting JsonMediaTypeFormatter WriteToStreamAsync
2014-08-20 18:12:35.3395|INFO|iRecruit.Logging.NLogger|GET http://localhost:58637/api/users/search?id=n System.Web.Http.Controllers UsersController Dispose
2014-08-20 18:12:35.3395|INFO|iRecruit.Logging.NLogger|GET http://localhost:58637/api/users/search?id=n System.Web.Http.Controllers UsersController Dispose
2014-08-20 18:20:41.7451|DEBUG|iRecruit.Logging.NLogger| System.Web.Http.Controllers WebHostHttpControllerTypeResolver GetControllerTypes
2014-08-20 18:20:41.7871|DEBUG|iRecruit.Logging.NLogger| System.Web.Http.Controllers WebHostHttpControllerTypeResolver GetControllerTypes
2014-08-20 18:22:47.0506|INFO|iRecruit.Logging.NLogger|GET http://localhost:58637/api/masterdata/get/?id=1 System.Web.Http.Request http://localhost:58637/api/masterdata/get/?id=1
2014-08-20 18:22:47.0506|INFO|iRecruit.Logging.NLogger|GET http://localhost:58637/api/masterdata/get/?id=1 System.Web.Http.MessageHandlers TokenInspector SendAsync
2014-08-20 18:22:47.0626|INFO|iRecruit.Logging.NLogger|GET http://localhost:58637/api/masterdata/get/?id=1 System.Net.Http.Formatting DefaultContentNegotiator Negotiate Type='HttpError', formatters=[JsonMediaTypeFormatterTracer, XmlMediaTypeFormatterTracer, FormUrlEncodedMediaTypeFormatterTracer, FormUrlEncodedMediaTypeFormatterTracer]
2014-08-20 18:22:47.0806|INFO|iRecruit.Logging.NLogger|GET http://localhost:58637/api/masterdata/get/?id=1 System.Net.Http.Formatting JsonMediaTypeFormatter GetPerRequestFormatterInstance Obtaining formatter of type 'JsonMediaTypeFormatter' for type='HttpError', mediaType='application/json; charset=utf-8'
2014-08-20 18:22:47.0806|INFO|iRecruit.Logging.NLogger|GET http://localhost:58637/api/masterdata/get/?id=1 System.Net.Http.Formatting JsonMediaTypeFormatter GetPerRequestFormatterInstance Will use same 'JsonMediaTypeFormatter' formatter
2014-08-20 18:22:47.0806|INFO|iRecruit.Logging.NLogger|GET http://localhost:58637/api/masterdata/get/?id=1 System.Net.Http.Formatting DefaultContentNegotiator Negotiate Selected formatter='JsonMediaTypeFormatter', content-type='application/json; charset=utf-8'
2014-08-20 18:22:47.0916|INFO|iRecruit.Logging.NLogger|GET http://localhost:58637/api/masterdata/get/?id=1 System.Web.Http.MessageHandlers TokenInspector SendAsync
2014-08-20 18:22:47.0916|INFO|iRecruit.Logging.NLogger|GET http://localhost:58637/api/masterdata/get/?id=1 System.Web.Http.Request Content-type='application/json; charset=utf-8', content-length=unknown
2014-08-20 18:22:47.1146|INFO|iRecruit.Logging.NLogger|GET http://localhost:58637/api/masterdata/get/?id=1 System.Net.Http.Formatting JsonMediaTypeFormatter WriteToStreamAsync Value='System.Web.Http.HttpError', type='HttpError', content-type='application/json; charset=utf-8'
2014-08-20 18:22:47.1326|INFO|iRecruit.Logging.NLogger|GET http://localhost:58637/api/masterdata/get/?id=1 System.Net.Http.Formatting JsonMediaTypeFormatter WriteToStreamAsync
2014-08-20 18:22:51.4221|INFO|iRecruit.Logging.NLogger|GET http://localhost:58637/api/masterdata/features?id=1 System.Web.Http.Request http://localhost:58637/api/masterdata/features?id=1
2014-08-20 18:22:51.4221|INFO|iRecruit.Logging.NLogger|GET http://localhost:58637/api/masterdata/features?id=1 System.Web.Http.MessageHandlers TokenInspector SendAsync
2014-08-20 18:22:51.4491|INFO|iRecruit.Logging.NLogger|GET http://localhost:58637/api/masterdata/features?id=1 System.Web.Http.Controllers DefaultHttpControllerSelector SelectController Route='controller:masterdata,action:features'
2014-08-20 18:22:51.4491|INFO|iRecruit.Logging.NLogger|GET http://localhost:58637/api/masterdata/features?id=1 System.Web.Http.Controllers DefaultHttpControllerSelector SelectController MasterData
2014-08-20 18:22:51.4491|INFO|iRecruit.Logging.NLogger|GET http://localhost:58637/api/masterdata/features?id=1 System.Web.Http.Controllers HttpControllerDescriptor CreateController
2014-08-20 18:22:51.4611|INFO|iRecruit.Logging.NLogger|GET http://localhost:58637/api/masterdata/features?id=1 System.Web.Http.Controllers DefaultHttpControllerActivator Create
2014-08-20 18:22:51.4611|INFO|iRecruit.Logging.NLogger|GET http://localhost:58637/api/masterdata/features?id=1 System.Web.Http.Controllers DefaultHttpControllerActivator Create iRecruit.Controllers.MasterDataController
2014-08-20 18:22:51.4611|INFO|iRecruit.Logging.NLogger|GET http://localhost:58637/api/masterdata/features?id=1 System.Web.Http.Controllers HttpControllerDescriptor CreateController iRecruit.Controllers.MasterDataController
2014-08-20 18:22:51.4771|INFO|iRecruit.Logging.NLogger|GET http://localhost:58637/api/masterdata/features?id=1 System.Web.Http.Controllers MasterDataController ExecuteAsync
2014-08-20 18:22:51.4771|INFO|iRecruit.Logging.NLogger|GET http://localhost:58637/api/masterdata/features?id=1 System.Web.Http.Action ApiControllerActionSelector SelectAction
2014-08-20 18:22:51.5041|INFO|iRecruit.Logging.NLogger|GET http://localhost:58637/api/masterdata/features?id=1 System.Web.Http.Action ApiControllerActionSelector SelectAction Selected action 'Features(Int32 id)'
2014-08-20 18:22:51.5071|INFO|iRecruit.Logging.NLogger|GET http://localhost:58637/api/masterdata/features?id=1 System.Web.Http.ModelBinding HttpActionBinding ExecuteBindingAsync
2014-08-20 18:22:51.5221|INFO|iRecruit.Logging.NLogger|GET http://localhost:58637/api/masterdata/features?id=1 System.Web.Http.ModelBinding ModelBinderParameterBinding ExecuteBindingAsync Binding parameter 'id'
2014-08-20 18:22:51.5561|INFO|iRecruit.Logging.NLogger|GET http://localhost:58637/api/masterdata/features?id=1 System.Web.Http.ModelBinding ModelBinderParameterBinding ExecuteBindingAsync Parameter 'id' bound to the value '1'
2014-08-20 18:22:51.5561|INFO|iRecruit.Logging.NLogger|GET http://localhost:58637/api/masterdata/features?id=1 System.Web.Http.ModelBinding HttpActionBinding ExecuteBindingAsync Model state is valid. Values: id=1
2014-08-20 18:22:51.5561|INFO|iRecruit.Logging.NLogger|GET http://localhost:58637/api/masterdata/features?id=1 System.Web.Http.Filters AllowCrossSiteOriginAttribute OnActionExecutingAsync Action filter for 'Features(Int32 id)'
2014-08-20 18:22:51.5691|INFO|iRecruit.Logging.NLogger|GET http://localhost:58637/api/masterdata/features?id=1 System.Web.Http.Filters AllowCrossSiteOriginAttribute OnActionExecutingAsync
2014-08-20 18:22:51.5691|INFO|iRecruit.Logging.NLogger|GET http://localhost:58637/api/masterdata/features?id=1 System.Web.Http.Action ApiControllerActionInvoker InvokeActionAsync Action='Features(id=1)'
2014-08-20 18:22:51.5691|INFO|iRecruit.Logging.NLogger|GET http://localhost:58637/api/masterdata/features?id=1 System.Web.Http.Action ReflectedHttpActionDescriptor ExecuteAsync Invoking action 'Features(id=1)'
2014-08-20 18:22:51.6391|INFO|iRecruit.Logging.NLogger|GET http://localhost:58637/api/masterdata/features?id=1 System.Net.Http.Formatting DefaultContentNegotiator Negotiate Type='List`1', formatters=[JsonMediaTypeFormatterTracer, XmlMediaTypeFormatterTracer, FormUrlEncodedMediaTypeFormatterTracer, FormUrlEncodedMediaTypeFormatterTracer]
2014-08-20 18:22:51.6391|INFO|iRecruit.Logging.NLogger|GET http://localhost:58637/api/masterdata/features?id=1 System.Net.Http.Formatting JsonMediaTypeFormatter GetPerRequestFormatterInstance Obtaining formatter of type 'JsonMediaTypeFormatter' for type='List`1', mediaType='application/json; charset=utf-8'
2014-08-20 18:22:51.6481|INFO|iRecruit.Logging.NLogger|GET http://localhost:58637/api/masterdata/features?id=1 System.Net.Http.Formatting JsonMediaTypeFormatter GetPerRequestFormatterInstance Will use same 'JsonMediaTypeFormatter' formatter
2014-08-20 18:22:51.6481|INFO|iRecruit.Logging.NLogger|GET http://localhost:58637/api/masterdata/features?id=1 System.Net.Http.Formatting DefaultContentNegotiator Negotiate Selected formatter='JsonMediaTypeFormatter', content-type='application/json; charset=utf-8'
2014-08-20 18:22:51.6481|INFO|iRecruit.Logging.NLogger|GET http://localhost:58637/api/masterdata/features?id=1 iRecruit.Controllers.MasterDataController
2014-08-20 18:22:51.6481|INFO|iRecruit.Logging.NLogger|GET http://localhost:58637/api/masterdata/features?id=1 System.Web.Http.Action ReflectedHttpActionDescriptor ExecuteAsync Action returned 'StatusCode: 200, ReasonPhrase: 'OK', Version: 1.1, Content: System.Net.Http.ObjectContent`1[[System.Collections.Generic.List`1[[iRecruit.Entity.Features, iRecruit.Entity, Version=1.0.0.0, Culture=neutral, PublicKeyToken=null]], mscorlib, Version=4.0.0.0, Culture=neutral, PublicKeyToken=b77a5c561934e089]], Headers:
{
  Content-Type: application/json; charset=utf-8
}'
2014-08-20 18:22:51.6481|INFO|iRecruit.Logging.NLogger|GET http://localhost:58637/api/masterdata/features?id=1 System.Web.Http.Action ApiControllerActionInvoker InvokeActionAsync
2014-08-20 18:22:51.6661|INFO|iRecruit.Logging.NLogger|GET http://localhost:58637/api/masterdata/features?id=1 System.Web.Http.Filters AllowCrossSiteOriginAttribute OnActionExecutedAsync Action filter for 'Features(Int32 id)'
2014-08-20 18:22:51.6661|INFO|iRecruit.Logging.NLogger|GET http://localhost:58637/api/masterdata/features?id=1 System.Web.Http.Filters AllowCrossSiteOriginAttribute OnActionExecutedAsync
2014-08-20 18:22:51.6781|INFO|iRecruit.Logging.NLogger|GET http://localhost:58637/api/masterdata/features?id=1 System.Web.Http.Controllers MasterDataController ExecuteAsync
2014-08-20 18:22:51.6781|INFO|iRecruit.Logging.NLogger|GET http://localhost:58637/api/masterdata/features?id=1 System.Web.Http.MessageHandlers TokenInspector SendAsync
2014-08-20 18:22:51.6781|INFO|iRecruit.Logging.NLogger|GET http://localhost:58637/api/masterdata/features?id=1 System.Web.Http.Request Content-type='application/json; charset=utf-8', content-length=unknown
2014-08-20 18:22:51.6781|INFO|iRecruit.Logging.NLogger|GET http://localhost:58637/api/masterdata/features?id=1 System.Net.Http.Formatting JsonMediaTypeFormatter WriteToStreamAsync Value='System.Collections.Generic.List`1[iRecruit.Entity.Features]', type='List`1', content-type='application/json; charset=utf-8'
2014-08-20 18:22:51.7021|INFO|iRecruit.Logging.NLogger|GET http://localhost:58637/api/masterdata/features?id=1 System.Net.Http.Formatting JsonMediaTypeFormatter WriteToStreamAsync
2014-08-20 18:22:51.7131|INFO|iRecruit.Logging.NLogger|GET http://localhost:58637/api/masterdata/features?id=1 System.Web.Http.Controllers MasterDataController Dispose
2014-08-20 18:22:51.7581|INFO|iRecruit.Logging.NLogger|GET http://localhost:58637/api/masterdata/features?id=1 System.Web.Http.Controllers MasterDataController Dispose
2014-08-20 18:23:07.9467|INFO|iRecruit.Logging.NLogger|GET http://localhost:58637/api/users/search?id=1&search=ns System.Web.Http.Request http://localhost:58637/api/users/search?id=1&search=ns
2014-08-20 18:23:07.9517|INFO|iRecruit.Logging.NLogger|GET http://localhost:58637/api/users/search?id=1&search=ns System.Web.Http.MessageHandlers TokenInspector SendAsync
2014-08-20 18:23:07.9767|INFO|iRecruit.Logging.NLogger|GET http://localhost:58637/api/users/search?id=1&search=ns System.Web.Http.Controllers DefaultHttpControllerSelector SelectController Route='id:search,controller:users'
2014-08-20 18:23:07.9807|INFO|iRecruit.Logging.NLogger|GET http://localhost:58637/api/users/search?id=1&search=ns System.Web.Http.Controllers DefaultHttpControllerSelector SelectController Users
2014-08-20 18:23:07.9807|INFO|iRecruit.Logging.NLogger|GET http://localhost:58637/api/users/search?id=1&search=ns System.Web.Http.Controllers HttpControllerDescriptor CreateController
2014-08-20 18:23:07.9807|INFO|iRecruit.Logging.NLogger|GET http://localhost:58637/api/users/search?id=1&search=ns System.Web.Http.Controllers DefaultHttpControllerActivator Create
2014-08-20 18:23:07.9807|INFO|iRecruit.Logging.NLogger|GET http://localhost:58637/api/users/search?id=1&search=ns System.Web.Http.Controllers DefaultHttpControllerActivator Create iRecruit.Controllers.UsersController
2014-08-20 18:23:07.9807|INFO|iRecruit.Logging.NLogger|GET http://localhost:58637/api/users/search?id=1&search=ns System.Web.Http.Controllers HttpControllerDescriptor CreateController iRecruit.Controllers.UsersController
2014-08-20 18:23:07.9807|INFO|iRecruit.Logging.NLogger|GET http://localhost:58637/api/users/search?id=1&search=ns System.Web.Http.Controllers UsersController ExecuteAsync
2014-08-20 18:23:07.9987|INFO|iRecruit.Logging.NLogger|GET http://localhost:58637/api/users/search?id=1&search=ns System.Web.Http.Action ApiControllerActionSelector SelectAction
2014-08-20 18:23:08.0247|ERROR|iRecruit.Logging.NLogger|GET http://localhost:58637/api/users/search?id=1&search=ns System.Web.Http.Action ApiControllerActionSelector SelectAction Multiple actions were found that match the request: 
GetUser on type iRecruit.Controllers.UsersController
Search on type iRecruit.Controllers.UsersController
2014-08-20 18:23:08.0607|ERROR|iRecruit.Logging.NLogger|GET http://localhost:58637/api/users/search?id=1&search=ns System.Web.Http.Controllers UsersController ExecuteAsync Multiple actions were found that match the request: 
GetUser on type iRecruit.Controllers.UsersController
Search on type iRecruit.Controllers.UsersController
2014-08-20 18:23:08.0967|INFO|iRecruit.Logging.NLogger|GET http://localhost:58637/api/users/search?id=1&search=ns System.Net.Http.Formatting DefaultContentNegotiator Negotiate Type='HttpError', formatters=[JsonMediaTypeFormatterTracer, XmlMediaTypeFormatterTracer, FormUrlEncodedMediaTypeFormatterTracer, FormUrlEncodedMediaTypeFormatterTracer]
2014-08-20 18:23:08.0967|INFO|iRecruit.Logging.NLogger|GET http://localhost:58637/api/users/search?id=1&search=ns System.Net.Http.Formatting JsonMediaTypeFormatter GetPerRequestFormatterInstance Obtaining formatter of type 'JsonMediaTypeFormatter' for type='HttpError', mediaType='application/json; charset=utf-8'
2014-08-20 18:23:08.0967|INFO|iRecruit.Logging.NLogger|GET http://localhost:58637/api/users/search?id=1&search=ns System.Net.Http.Formatting JsonMediaTypeFormatter GetPerRequestFormatterInstance Will use same 'JsonMediaTypeFormatter' formatter
2014-08-20 18:23:08.0967|INFO|iRecruit.Logging.NLogger|GET http://localhost:58637/api/users/search?id=1&search=ns System.Net.Http.Formatting DefaultContentNegotiator Negotiate Selected formatter='JsonMediaTypeFormatter', content-type='application/json; charset=utf-8'
2014-08-20 18:23:08.1077|INFO|iRecruit.Logging.NLogger|GET http://localhost:58637/api/users/search?id=1&search=ns System.Web.Http.MessageHandlers TokenInspector SendAsync
2014-08-20 18:23:08.1077|INFO|iRecruit.Logging.NLogger|GET http://localhost:58637/api/users/search?id=1&search=ns System.Web.Http.Request Content-type='application/json; charset=utf-8', content-length=unknown
2014-08-20 18:23:08.1077|INFO|iRecruit.Logging.NLogger|GET http://localhost:58637/api/users/search?id=1&search=ns System.Net.Http.Formatting JsonMediaTypeFormatter WriteToStreamAsync Value='System.Web.Http.HttpError', type='HttpError', content-type='application/json; charset=utf-8'
2014-08-20 18:23:08.1077|INFO|iRecruit.Logging.NLogger|GET http://localhost:58637/api/users/search?id=1&search=ns System.Net.Http.Formatting JsonMediaTypeFormatter WriteToStreamAsync
2014-08-20 18:23:08.1077|INFO|iRecruit.Logging.NLogger|GET http://localhost:58637/api/users/search?id=1&search=ns System.Web.Http.Controllers UsersController Dispose
2014-08-20 18:23:08.1217|INFO|iRecruit.Logging.NLogger|GET http://localhost:58637/api/users/search?id=1&search=ns System.Web.Http.Controllers UsersController Dispose
2014-08-20 18:23:29.8349|INFO|iRecruit.Logging.NLogger|GET http://localhost:58637/api/users/search?id=1&search=ns System.Web.Http.Request http://localhost:58637/api/users/search?id=1&search=ns
2014-08-20 18:23:29.8399|INFO|iRecruit.Logging.NLogger|GET http://localhost:58637/api/users/search?id=1&search=ns System.Web.Http.MessageHandlers TokenInspector SendAsync
2014-08-20 18:23:29.8639|INFO|iRecruit.Logging.NLogger|GET http://localhost:58637/api/users/search?id=1&search=ns System.Web.Http.Controllers DefaultHttpControllerSelector SelectController Route='id:search,controller:users'
2014-08-20 18:23:29.8639|INFO|iRecruit.Logging.NLogger|GET http://localhost:58637/api/users/search?id=1&search=ns System.Web.Http.Controllers DefaultHttpControllerSelector SelectController Users
2014-08-20 18:23:29.8699|INFO|iRecruit.Logging.NLogger|GET http://localhost:58637/api/users/search?id=1&search=ns System.Web.Http.Controllers HttpControllerDescriptor CreateController
2014-08-20 18:23:29.8699|INFO|iRecruit.Logging.NLogger|GET http://localhost:58637/api/users/search?id=1&search=ns System.Web.Http.Controllers DefaultHttpControllerActivator Create
2014-08-20 18:23:29.8699|INFO|iRecruit.Logging.NLogger|GET http://localhost:58637/api/users/search?id=1&search=ns System.Web.Http.Controllers DefaultHttpControllerActivator Create iRecruit.Controllers.UsersController
2014-08-20 18:23:29.8699|INFO|iRecruit.Logging.NLogger|GET http://localhost:58637/api/users/search?id=1&search=ns System.Web.Http.Controllers HttpControllerDescriptor CreateController iRecruit.Controllers.UsersController
2014-08-20 18:23:29.8699|INFO|iRecruit.Logging.NLogger|GET http://localhost:58637/api/users/search?id=1&search=ns System.Web.Http.Controllers UsersController ExecuteAsync
2014-08-20 18:23:29.8699|INFO|iRecruit.Logging.NLogger|GET http://localhost:58637/api/users/search?id=1&search=ns System.Web.Http.Action ApiControllerActionSelector SelectAction
2014-08-20 18:23:29.9019|ERROR|iRecruit.Logging.NLogger|GET http://localhost:58637/api/users/search?id=1&search=ns System.Web.Http.Action ApiControllerActionSelector SelectAction Multiple actions were found that match the request: 
GetUser on type iRecruit.Controllers.UsersController
Search on type iRecruit.Controllers.UsersController
2014-08-20 18:23:29.9369|ERROR|iRecruit.Logging.NLogger|GET http://localhost:58637/api/users/search?id=1&search=ns System.Web.Http.Controllers UsersController ExecuteAsync Multiple actions were found that match the request: 
GetUser on type iRecruit.Controllers.UsersController
Search on type iRecruit.Controllers.UsersController
2014-08-20 18:23:29.9679|INFO|iRecruit.Logging.NLogger|GET http://localhost:58637/api/users/search?id=1&search=ns System.Net.Http.Formatting DefaultContentNegotiator Negotiate Type='HttpError', formatters=[JsonMediaTypeFormatterTracer, XmlMediaTypeFormatterTracer, FormUrlEncodedMediaTypeFormatterTracer, FormUrlEncodedMediaTypeFormatterTracer]
2014-08-20 18:23:29.9679|INFO|iRecruit.Logging.NLogger|GET http://localhost:58637/api/users/search?id=1&search=ns System.Net.Http.Formatting JsonMediaTypeFormatter GetPerRequestFormatterInstance Obtaining formatter of type 'JsonMediaTypeFormatter' for type='HttpError', mediaType='application/json; charset=utf-8'
2014-08-20 18:23:29.9679|INFO|iRecruit.Logging.NLogger|GET http://localhost:58637/api/users/search?id=1&search=ns System.Net.Http.Formatting JsonMediaTypeFormatter GetPerRequestFormatterInstance Will use same 'JsonMediaTypeFormatter' formatter
2014-08-20 18:23:29.9679|INFO|iRecruit.Logging.NLogger|GET http://localhost:58637/api/users/search?id=1&search=ns System.Net.Http.Formatting DefaultContentNegotiator Negotiate Selected formatter='JsonMediaTypeFormatter', content-type='application/json; charset=utf-8'
2014-08-20 18:23:29.9789|INFO|iRecruit.Logging.NLogger|GET http://localhost:58637/api/users/search?id=1&search=ns System.Web.Http.MessageHandlers TokenInspector SendAsync
2014-08-20 18:23:29.9789|INFO|iRecruit.Logging.NLogger|GET http://localhost:58637/api/users/search?id=1&search=ns System.Web.Http.Request Content-type='application/json; charset=utf-8', content-length=unknown
2014-08-20 18:23:29.9789|INFO|iRecruit.Logging.NLogger|GET http://localhost:58637/api/users/search?id=1&search=ns System.Net.Http.Formatting JsonMediaTypeFormatter WriteToStreamAsync Value='System.Web.Http.HttpError', type='HttpError', content-type='application/json; charset=utf-8'
2014-08-20 18:23:29.9789|INFO|iRecruit.Logging.NLogger|GET http://localhost:58637/api/users/search?id=1&search=ns System.Net.Http.Formatting JsonMediaTypeFormatter WriteToStreamAsync
2014-08-20 18:23:29.9789|INFO|iRecruit.Logging.NLogger|GET http://localhost:58637/api/users/search?id=1&search=ns System.Web.Http.Controllers UsersController Dispose
2014-08-20 18:23:29.9789|INFO|iRecruit.Logging.NLogger|GET http://localhost:58637/api/users/search?id=1&search=ns System.Web.Http.Controllers UsersController Dispose
2014-08-20 18:25:30.6300|INFO|iRecruit.Logging.NLogger|GET http://localhost:58637/api/masterdata/get/?id=1 System.Web.Http.Request http://localhost:58637/api/masterdata/get/?id=1
2014-08-20 18:25:30.6300|INFO|iRecruit.Logging.NLogger|GET http://localhost:58637/api/masterdata/get/?id=1 System.Web.Http.MessageHandlers TokenInspector SendAsync
2014-08-20 18:25:30.6360|INFO|iRecruit.Logging.NLogger|GET http://localhost:58637/api/masterdata/get/?id=1 System.Net.Http.Formatting DefaultContentNegotiator Negotiate Type='HttpError', formatters=[JsonMediaTypeFormatterTracer, XmlMediaTypeFormatterTracer, FormUrlEncodedMediaTypeFormatterTracer, FormUrlEncodedMediaTypeFormatterTracer]
2014-08-20 18:25:30.6360|INFO|iRecruit.Logging.NLogger|GET http://localhost:58637/api/masterdata/get/?id=1 System.Net.Http.Formatting JsonMediaTypeFormatter GetPerRequestFormatterInstance Obtaining formatter of type 'JsonMediaTypeFormatter' for type='HttpError', mediaType='application/json; charset=utf-8'
2014-08-20 18:25:30.6360|INFO|iRecruit.Logging.NLogger|GET http://localhost:58637/api/masterdata/get/?id=1 System.Net.Http.Formatting JsonMediaTypeFormatter GetPerRequestFormatterInstance Will use same 'JsonMediaTypeFormatter' formatter
2014-08-20 18:25:30.6360|INFO|iRecruit.Logging.NLogger|GET http://localhost:58637/api/masterdata/get/?id=1 System.Net.Http.Formatting DefaultContentNegotiator Negotiate Selected formatter='JsonMediaTypeFormatter', content-type='application/json; charset=utf-8'
2014-08-20 18:25:30.6360|INFO|iRecruit.Logging.NLogger|GET http://localhost:58637/api/masterdata/get/?id=1 System.Web.Http.MessageHandlers TokenInspector SendAsync
2014-08-20 18:25:30.6500|INFO|iRecruit.Logging.NLogger|GET http://localhost:58637/api/masterdata/get/?id=1 System.Web.Http.Request Content-type='application/json; charset=utf-8', content-length=unknown
2014-08-20 18:25:30.6500|INFO|iRecruit.Logging.NLogger|GET http://localhost:58637/api/masterdata/get/?id=1 System.Net.Http.Formatting JsonMediaTypeFormatter WriteToStreamAsync Value='System.Web.Http.HttpError', type='HttpError', content-type='application/json; charset=utf-8'
2014-08-20 18:25:30.6500|INFO|iRecruit.Logging.NLogger|GET http://localhost:58637/api/masterdata/get/?id=1 System.Net.Http.Formatting JsonMediaTypeFormatter WriteToStreamAsync
2014-08-20 18:25:35.1084|INFO|iRecruit.Logging.NLogger|GET http://localhost:58637/api/masterdata/features?id=1 System.Web.Http.Request http://localhost:58637/api/masterdata/features?id=1
2014-08-20 18:25:35.1124|INFO|iRecruit.Logging.NLogger|GET http://localhost:58637/api/masterdata/features?id=1 System.Web.Http.MessageHandlers TokenInspector SendAsync
2014-08-20 18:25:35.1294|INFO|iRecruit.Logging.NLogger|GET http://localhost:58637/api/masterdata/features?id=1 System.Web.Http.Controllers DefaultHttpControllerSelector SelectController Route='controller:masterdata,action:features'
2014-08-20 18:25:35.1294|INFO|iRecruit.Logging.NLogger|GET http://localhost:58637/api/masterdata/features?id=1 System.Web.Http.Controllers DefaultHttpControllerSelector SelectController MasterData
2014-08-20 18:25:35.1294|INFO|iRecruit.Logging.NLogger|GET http://localhost:58637/api/masterdata/features?id=1 System.Web.Http.Controllers HttpControllerDescriptor CreateController
2014-08-20 18:25:35.1294|INFO|iRecruit.Logging.NLogger|GET http://localhost:58637/api/masterdata/features?id=1 System.Web.Http.Controllers DefaultHttpControllerActivator Create
2014-08-20 18:25:35.1294|INFO|iRecruit.Logging.NLogger|GET http://localhost:58637/api/masterdata/features?id=1 System.Web.Http.Controllers DefaultHttpControllerActivator Create iRecruit.Controllers.MasterDataController
2014-08-20 18:25:35.1454|INFO|iRecruit.Logging.NLogger|GET http://localhost:58637/api/masterdata/features?id=1 System.Web.Http.Controllers HttpControllerDescriptor CreateController iRecruit.Controllers.MasterDataController
2014-08-20 18:25:35.1454|INFO|iRecruit.Logging.NLogger|GET http://localhost:58637/api/masterdata/features?id=1 System.Web.Http.Controllers MasterDataController ExecuteAsync
2014-08-20 18:25:35.1454|INFO|iRecruit.Logging.NLogger|GET http://localhost:58637/api/masterdata/features?id=1 System.Web.Http.Action ApiControllerActionSelector SelectAction
2014-08-20 18:25:35.1454|INFO|iRecruit.Logging.NLogger|GET http://localhost:58637/api/masterdata/features?id=1 System.Web.Http.Action ApiControllerActionSelector SelectAction Selected action 'Features(Int32 id)'
2014-08-20 18:25:35.1584|INFO|iRecruit.Logging.NLogger|GET http://localhost:58637/api/masterdata/features?id=1 System.Web.Http.ModelBinding HttpActionBinding ExecuteBindingAsync
2014-08-20 18:25:35.1584|INFO|iRecruit.Logging.NLogger|GET http://localhost:58637/api/masterdata/features?id=1 System.Web.Http.ModelBinding ModelBinderParameterBinding ExecuteBindingAsync Binding parameter 'id'
2014-08-20 18:25:35.1584|INFO|iRecruit.Logging.NLogger|GET http://localhost:58637/api/masterdata/features?id=1 System.Web.Http.ModelBinding ModelBinderParameterBinding ExecuteBindingAsync Parameter 'id' bound to the value '1'
2014-08-20 18:25:35.1584|INFO|iRecruit.Logging.NLogger|GET http://localhost:58637/api/masterdata/features?id=1 System.Web.Http.ModelBinding HttpActionBinding ExecuteBindingAsync Model state is valid. Values: id=1
2014-08-20 18:25:35.1584|INFO|iRecruit.Logging.NLogger|GET http://localhost:58637/api/masterdata/features?id=1 System.Web.Http.Filters AllowCrossSiteOriginAttribute OnActionExecutingAsync Action filter for 'Features(Int32 id)'
2014-08-20 18:25:35.1744|INFO|iRecruit.Logging.NLogger|GET http://localhost:58637/api/masterdata/features?id=1 System.Web.Http.Filters AllowCrossSiteOriginAttribute OnActionExecutingAsync
2014-08-20 18:25:35.1744|INFO|iRecruit.Logging.NLogger|GET http://localhost:58637/api/masterdata/features?id=1 System.Web.Http.Action ApiControllerActionInvoker InvokeActionAsync Action='Features(id=1)'
2014-08-20 18:25:35.1744|INFO|iRecruit.Logging.NLogger|GET http://localhost:58637/api/masterdata/features?id=1 System.Web.Http.Action ReflectedHttpActionDescriptor ExecuteAsync Invoking action 'Features(id=1)'
2014-08-20 18:25:35.2064|INFO|iRecruit.Logging.NLogger|GET http://localhost:58637/api/masterdata/features?id=1 System.Net.Http.Formatting DefaultContentNegotiator Negotiate Type='List`1', formatters=[JsonMediaTypeFormatterTracer, XmlMediaTypeFormatterTracer, FormUrlEncodedMediaTypeFormatterTracer, FormUrlEncodedMediaTypeFormatterTracer]
2014-08-20 18:25:35.2064|INFO|iRecruit.Logging.NLogger|GET http://localhost:58637/api/masterdata/features?id=1 System.Net.Http.Formatting JsonMediaTypeFormatter GetPerRequestFormatterInstance Obtaining formatter of type 'JsonMediaTypeFormatter' for type='List`1', mediaType='application/json; charset=utf-8'
2014-08-20 18:25:35.2064|INFO|iRecruit.Logging.NLogger|GET http://localhost:58637/api/masterdata/features?id=1 System.Net.Http.Formatting JsonMediaTypeFormatter GetPerRequestFormatterInstance Will use same 'JsonMediaTypeFormatter' formatter
2014-08-20 18:25:35.2064|INFO|iRecruit.Logging.NLogger|GET http://localhost:58637/api/masterdata/features?id=1 System.Net.Http.Formatting DefaultContentNegotiator Negotiate Selected formatter='JsonMediaTypeFormatter', content-type='application/json; charset=utf-8'
2014-08-20 18:25:35.2214|INFO|iRecruit.Logging.NLogger|GET http://localhost:58637/api/masterdata/features?id=1 iRecruit.Controllers.MasterDataController
2014-08-20 18:25:35.2214|INFO|iRecruit.Logging.NLogger|GET http://localhost:58637/api/masterdata/features?id=1 System.Web.Http.Action ReflectedHttpActionDescriptor ExecuteAsync Action returned 'StatusCode: 200, ReasonPhrase: 'OK', Version: 1.1, Content: System.Net.Http.ObjectContent`1[[System.Collections.Generic.List`1[[iRecruit.Entity.Features, iRecruit.Entity, Version=1.0.0.0, Culture=neutral, PublicKeyToken=null]], mscorlib, Version=4.0.0.0, Culture=neutral, PublicKeyToken=b77a5c561934e089]], Headers:
{
  Content-Type: application/json; charset=utf-8
}'
2014-08-20 18:25:35.2214|INFO|iRecruit.Logging.NLogger|GET http://localhost:58637/api/masterdata/features?id=1 System.Web.Http.Action ApiControllerActionInvoker InvokeActionAsync
2014-08-20 18:25:35.2214|INFO|iRecruit.Logging.NLogger|GET http://localhost:58637/api/masterdata/features?id=1 System.Web.Http.Filters AllowCrossSiteOriginAttribute OnActionExecutedAsync Action filter for 'Features(Int32 id)'
2014-08-20 18:25:35.2364|INFO|iRecruit.Logging.NLogger|GET http://localhost:58637/api/masterdata/features?id=1 System.Web.Http.Filters AllowCrossSiteOriginAttribute OnActionExecutedAsync
2014-08-20 18:25:35.2364|INFO|iRecruit.Logging.NLogger|GET http://localhost:58637/api/masterdata/features?id=1 System.Web.Http.Controllers MasterDataController ExecuteAsync
2014-08-20 18:25:35.2364|INFO|iRecruit.Logging.NLogger|GET http://localhost:58637/api/masterdata/features?id=1 System.Web.Http.MessageHandlers TokenInspector SendAsync
2014-08-20 18:25:35.2364|INFO|iRecruit.Logging.NLogger|GET http://localhost:58637/api/masterdata/features?id=1 System.Web.Http.Request Content-type='application/json; charset=utf-8', content-length=unknown
2014-08-20 18:25:35.2364|INFO|iRecruit.Logging.NLogger|GET http://localhost:58637/api/masterdata/features?id=1 System.Net.Http.Formatting JsonMediaTypeFormatter WriteToStreamAsync Value='System.Collections.Generic.List`1[iRecruit.Entity.Features]', type='List`1', content-type='application/json; charset=utf-8'
2014-08-20 18:25:35.2535|INFO|iRecruit.Logging.NLogger|GET http://localhost:58637/api/masterdata/features?id=1 System.Net.Http.Formatting JsonMediaTypeFormatter WriteToStreamAsync
2014-08-20 18:25:35.2535|INFO|iRecruit.Logging.NLogger|GET http://localhost:58637/api/masterdata/features?id=1 System.Web.Http.Controllers MasterDataController Dispose
2014-08-20 18:25:35.2535|INFO|iRecruit.Logging.NLogger|GET http://localhost:58637/api/masterdata/features?id=1 System.Web.Http.Controllers MasterDataController Dispose
2014-08-20 18:25:49.6239|INFO|iRecruit.Logging.NLogger|GET http://localhost:58637/api/users/search?id=1&search=ns System.Web.Http.Request http://localhost:58637/api/users/search?id=1&search=ns
2014-08-20 18:25:49.6239|INFO|iRecruit.Logging.NLogger|GET http://localhost:58637/api/users/search?id=1&search=ns System.Web.Http.MessageHandlers TokenInspector SendAsync
2014-08-20 18:25:49.6529|INFO|iRecruit.Logging.NLogger|GET http://localhost:58637/api/users/search?id=1&search=ns System.Web.Http.Controllers DefaultHttpControllerSelector SelectController Route='id:search,controller:users'
2014-08-20 18:25:49.6529|INFO|iRecruit.Logging.NLogger|GET http://localhost:58637/api/users/search?id=1&search=ns System.Web.Http.Controllers DefaultHttpControllerSelector SelectController Users
2014-08-20 18:25:49.6529|INFO|iRecruit.Logging.NLogger|GET http://localhost:58637/api/users/search?id=1&search=ns System.Web.Http.Controllers HttpControllerDescriptor CreateController
2014-08-20 18:25:49.6529|INFO|iRecruit.Logging.NLogger|GET http://localhost:58637/api/users/search?id=1&search=ns System.Web.Http.Controllers DefaultHttpControllerActivator Create
2014-08-20 18:25:49.6679|INFO|iRecruit.Logging.NLogger|GET http://localhost:58637/api/users/search?id=1&search=ns System.Web.Http.Controllers DefaultHttpControllerActivator Create iRecruit.Controllers.UsersController
2014-08-20 18:25:49.6679|INFO|iRecruit.Logging.NLogger|GET http://localhost:58637/api/users/search?id=1&search=ns System.Web.Http.Controllers HttpControllerDescriptor CreateController iRecruit.Controllers.UsersController
2014-08-20 18:25:49.6679|INFO|iRecruit.Logging.NLogger|GET http://localhost:58637/api/users/search?id=1&search=ns System.Web.Http.Controllers UsersController ExecuteAsync
2014-08-20 18:25:49.6679|INFO|iRecruit.Logging.NLogger|GET http://localhost:58637/api/users/search?id=1&search=ns System.Web.Http.Action ApiControllerActionSelector SelectAction
2014-08-20 18:25:49.6969|ERROR|iRecruit.Logging.NLogger|GET http://localhost:58637/api/users/search?id=1&search=ns System.Web.Http.Action ApiControllerActionSelector SelectAction Multiple actions were found that match the request: 
GetUser on type iRecruit.Controllers.UsersController
Search on type iRecruit.Controllers.UsersController
2014-08-20 18:25:49.7409|ERROR|iRecruit.Logging.NLogger|GET http://localhost:58637/api/users/search?id=1&search=ns System.Web.Http.Controllers UsersController ExecuteAsync Multiple actions were found that match the request: 
GetUser on type iRecruit.Controllers.UsersController
Search on type iRecruit.Controllers.UsersController
2014-08-20 18:25:49.7769|INFO|iRecruit.Logging.NLogger|GET http://localhost:58637/api/users/search?id=1&search=ns System.Net.Http.Formatting DefaultContentNegotiator Negotiate Type='HttpError', formatters=[JsonMediaTypeFormatterTracer, XmlMediaTypeFormatterTracer, FormUrlEncodedMediaTypeFormatterTracer, FormUrlEncodedMediaTypeFormatterTracer]
2014-08-20 18:25:49.7769|INFO|iRecruit.Logging.NLogger|GET http://localhost:58637/api/users/search?id=1&search=ns System.Net.Http.Formatting JsonMediaTypeFormatter GetPerRequestFormatterInstance Obtaining formatter of type 'JsonMediaTypeFormatter' for type='HttpError', mediaType='application/json; charset=utf-8'
2014-08-20 18:25:49.7769|INFO|iRecruit.Logging.NLogger|GET http://localhost:58637/api/users/search?id=1&search=ns System.Net.Http.Formatting JsonMediaTypeFormatter GetPerRequestFormatterInstance Will use same 'JsonMediaTypeFormatter' formatter
2014-08-20 18:25:49.7769|INFO|iRecruit.Logging.NLogger|GET http://localhost:58637/api/users/search?id=1&search=ns System.Net.Http.Formatting DefaultContentNegotiator Negotiate Selected formatter='JsonMediaTypeFormatter', content-type='application/json; charset=utf-8'
2014-08-20 18:25:49.7769|INFO|iRecruit.Logging.NLogger|GET http://localhost:58637/api/users/search?id=1&search=ns System.Web.Http.MessageHandlers TokenInspector SendAsync
2014-08-20 18:25:49.7919|INFO|iRecruit.Logging.NLogger|GET http://localhost:58637/api/users/search?id=1&search=ns System.Web.Http.Request Content-type='application/json; charset=utf-8', content-length=unknown
2014-08-20 18:25:49.7919|INFO|iRecruit.Logging.NLogger|GET http://localhost:58637/api/users/search?id=1&search=ns System.Net.Http.Formatting JsonMediaTypeFormatter WriteToStreamAsync Value='System.Web.Http.HttpError', type='HttpError', content-type='application/json; charset=utf-8'
2014-08-20 18:25:49.7919|INFO|iRecruit.Logging.NLogger|GET http://localhost:58637/api/users/search?id=1&search=ns System.Net.Http.Formatting JsonMediaTypeFormatter WriteToStreamAsync
2014-08-20 18:25:49.7919|INFO|iRecruit.Logging.NLogger|GET http://localhost:58637/api/users/search?id=1&search=ns System.Web.Http.Controllers UsersController Dispose
2014-08-20 18:25:49.7919|INFO|iRecruit.Logging.NLogger|GET http://localhost:58637/api/users/search?id=1&search=ns System.Web.Http.Controllers UsersController Dispose
2014-08-20 18:28:02.3932|DEBUG|iRecruit.Logging.NLogger| System.Web.Http.Controllers WebHostHttpControllerTypeResolver GetControllerTypes
2014-08-20 18:28:02.4332|DEBUG|iRecruit.Logging.NLogger| System.Web.Http.Controllers WebHostHttpControllerTypeResolver GetControllerTypes
2014-08-20 18:28:22.8662|INFO|iRecruit.Logging.NLogger|GET http://localhost:58637/api/masterdata/get/?id=1 System.Web.Http.Request http://localhost:58637/api/masterdata/get/?id=1
2014-08-20 18:28:22.8692|INFO|iRecruit.Logging.NLogger|GET http://localhost:58637/api/masterdata/get/?id=1 System.Web.Http.MessageHandlers TokenInspector SendAsync
2014-08-20 18:28:22.8692|INFO|iRecruit.Logging.NLogger|GET http://localhost:58637/api/masterdata/get/?id=1 System.Net.Http.Formatting DefaultContentNegotiator Negotiate Type='HttpError', formatters=[JsonMediaTypeFormatterTracer, XmlMediaTypeFormatterTracer, FormUrlEncodedMediaTypeFormatterTracer, FormUrlEncodedMediaTypeFormatterTracer]
2014-08-20 18:28:22.9072|INFO|iRecruit.Logging.NLogger|GET http://localhost:58637/api/masterdata/get/?id=1 System.Net.Http.Formatting JsonMediaTypeFormatter GetPerRequestFormatterInstance Obtaining formatter of type 'JsonMediaTypeFormatter' for type='HttpError', mediaType='application/json; charset=utf-8'
2014-08-20 18:28:22.9072|INFO|iRecruit.Logging.NLogger|GET http://localhost:58637/api/masterdata/get/?id=1 System.Net.Http.Formatting JsonMediaTypeFormatter GetPerRequestFormatterInstance Will use same 'JsonMediaTypeFormatter' formatter
2014-08-20 18:28:22.9152|INFO|iRecruit.Logging.NLogger|GET http://localhost:58637/api/masterdata/get/?id=1 System.Net.Http.Formatting DefaultContentNegotiator Negotiate Selected formatter='JsonMediaTypeFormatter', content-type='application/json; charset=utf-8'
2014-08-20 18:28:22.9152|INFO|iRecruit.Logging.NLogger|GET http://localhost:58637/api/masterdata/get/?id=1 System.Web.Http.MessageHandlers TokenInspector SendAsync
2014-08-20 18:28:22.9152|INFO|iRecruit.Logging.NLogger|GET http://localhost:58637/api/masterdata/get/?id=1 System.Web.Http.Request Content-type='application/json; charset=utf-8', content-length=unknown
2014-08-20 18:28:22.9312|INFO|iRecruit.Logging.NLogger|GET http://localhost:58637/api/masterdata/get/?id=1 System.Net.Http.Formatting JsonMediaTypeFormatter WriteToStreamAsync Value='System.Web.Http.HttpError', type='HttpError', content-type='application/json; charset=utf-8'
2014-08-20 18:28:22.9602|INFO|iRecruit.Logging.NLogger|GET http://localhost:58637/api/masterdata/get/?id=1 System.Net.Http.Formatting JsonMediaTypeFormatter WriteToStreamAsync
2014-08-20 18:28:26.3566|INFO|iRecruit.Logging.NLogger|GET http://localhost:58637/api/masterdata/features?id=1 System.Web.Http.Request http://localhost:58637/api/masterdata/features?id=1
2014-08-20 18:28:26.3566|INFO|iRecruit.Logging.NLogger|GET http://localhost:58637/api/masterdata/features?id=1 System.Web.Http.MessageHandlers TokenInspector SendAsync
2014-08-20 18:28:26.3826|INFO|iRecruit.Logging.NLogger|GET http://localhost:58637/api/masterdata/features?id=1 System.Web.Http.Controllers DefaultHttpControllerSelector SelectController Route='controller:masterdata,action:features'
2014-08-20 18:28:26.3826|INFO|iRecruit.Logging.NLogger|GET http://localhost:58637/api/masterdata/features?id=1 System.Web.Http.Controllers DefaultHttpControllerSelector SelectController MasterData
2014-08-20 18:28:26.3826|INFO|iRecruit.Logging.NLogger|GET http://localhost:58637/api/masterdata/features?id=1 System.Web.Http.Controllers HttpControllerDescriptor CreateController
2014-08-20 18:28:26.3946|INFO|iRecruit.Logging.NLogger|GET http://localhost:58637/api/masterdata/features?id=1 System.Web.Http.Controllers DefaultHttpControllerActivator Create
2014-08-20 18:28:26.3946|INFO|iRecruit.Logging.NLogger|GET http://localhost:58637/api/masterdata/features?id=1 System.Web.Http.Controllers DefaultHttpControllerActivator Create iRecruit.Controllers.MasterDataController
2014-08-20 18:28:26.3946|INFO|iRecruit.Logging.NLogger|GET http://localhost:58637/api/masterdata/features?id=1 System.Web.Http.Controllers HttpControllerDescriptor CreateController iRecruit.Controllers.MasterDataController
2014-08-20 18:28:26.4106|INFO|iRecruit.Logging.NLogger|GET http://localhost:58637/api/masterdata/features?id=1 System.Web.Http.Controllers MasterDataController ExecuteAsync
2014-08-20 18:28:26.4106|INFO|iRecruit.Logging.NLogger|GET http://localhost:58637/api/masterdata/features?id=1 System.Web.Http.Action ApiControllerActionSelector SelectAction
2014-08-20 18:28:26.4366|INFO|iRecruit.Logging.NLogger|GET http://localhost:58637/api/masterdata/features?id=1 System.Web.Http.Action ApiControllerActionSelector SelectAction Selected action 'Features(Int32 id)'
2014-08-20 18:28:26.4396|INFO|iRecruit.Logging.NLogger|GET http://localhost:58637/api/masterdata/features?id=1 System.Web.Http.ModelBinding HttpActionBinding ExecuteBindingAsync
2014-08-20 18:28:26.4576|INFO|iRecruit.Logging.NLogger|GET http://localhost:58637/api/masterdata/features?id=1 System.Web.Http.ModelBinding ModelBinderParameterBinding ExecuteBindingAsync Binding parameter 'id'
2014-08-20 18:28:26.4936|INFO|iRecruit.Logging.NLogger|GET http://localhost:58637/api/masterdata/features?id=1 System.Web.Http.ModelBinding ModelBinderParameterBinding ExecuteBindingAsync Parameter 'id' bound to the value '1'
2014-08-20 18:28:26.4936|INFO|iRecruit.Logging.NLogger|GET http://localhost:58637/api/masterdata/features?id=1 System.Web.Http.ModelBinding HttpActionBinding ExecuteBindingAsync Model state is valid. Values: id=1
2014-08-20 18:28:26.5016|INFO|iRecruit.Logging.NLogger|GET http://localhost:58637/api/masterdata/features?id=1 System.Web.Http.Filters AllowCrossSiteOriginAttribute OnActionExecutingAsync Action filter for 'Features(Int32 id)'
2014-08-20 18:28:26.5016|INFO|iRecruit.Logging.NLogger|GET http://localhost:58637/api/masterdata/features?id=1 System.Web.Http.Filters AllowCrossSiteOriginAttribute OnActionExecutingAsync
2014-08-20 18:28:26.5016|INFO|iRecruit.Logging.NLogger|GET http://localhost:58637/api/masterdata/features?id=1 System.Web.Http.Action ApiControllerActionInvoker InvokeActionAsync Action='Features(id=1)'
2014-08-20 18:28:26.5186|INFO|iRecruit.Logging.NLogger|GET http://localhost:58637/api/masterdata/features?id=1 System.Web.Http.Action ReflectedHttpActionDescriptor ExecuteAsync Invoking action 'Features(id=1)'
2014-08-20 18:28:26.6036|INFO|iRecruit.Logging.NLogger|GET http://localhost:58637/api/masterdata/features?id=1 System.Net.Http.Formatting DefaultContentNegotiator Negotiate Type='List`1', formatters=[JsonMediaTypeFormatterTracer, XmlMediaTypeFormatterTracer, FormUrlEncodedMediaTypeFormatterTracer, FormUrlEncodedMediaTypeFormatterTracer]
2014-08-20 18:28:26.6036|INFO|iRecruit.Logging.NLogger|GET http://localhost:58637/api/masterdata/features?id=1 System.Net.Http.Formatting JsonMediaTypeFormatter GetPerRequestFormatterInstance Obtaining formatter of type 'JsonMediaTypeFormatter' for type='List`1', mediaType='application/json; charset=utf-8'
2014-08-20 18:28:26.6126|INFO|iRecruit.Logging.NLogger|GET http://localhost:58637/api/masterdata/features?id=1 System.Net.Http.Formatting JsonMediaTypeFormatter GetPerRequestFormatterInstance Will use same 'JsonMediaTypeFormatter' formatter
2014-08-20 18:28:26.6126|INFO|iRecruit.Logging.NLogger|GET http://localhost:58637/api/masterdata/features?id=1 System.Net.Http.Formatting DefaultContentNegotiator Negotiate Selected formatter='JsonMediaTypeFormatter', content-type='application/json; charset=utf-8'
2014-08-20 18:28:26.6126|INFO|iRecruit.Logging.NLogger|GET http://localhost:58637/api/masterdata/features?id=1 iRecruit.Controllers.MasterDataController
2014-08-20 18:28:26.6126|INFO|iRecruit.Logging.NLogger|GET http://localhost:58637/api/masterdata/features?id=1 System.Web.Http.Action ReflectedHttpActionDescriptor ExecuteAsync Action returned 'StatusCode: 200, ReasonPhrase: 'OK', Version: 1.1, Content: System.Net.Http.ObjectContent`1[[System.Collections.Generic.List`1[[iRecruit.Entity.Features, iRecruit.Entity, Version=1.0.0.0, Culture=neutral, PublicKeyToken=null]], mscorlib, Version=4.0.0.0, Culture=neutral, PublicKeyToken=b77a5c561934e089]], Headers:
{
  Content-Type: application/json; charset=utf-8
}'
2014-08-20 18:28:26.6266|INFO|iRecruit.Logging.NLogger|GET http://localhost:58637/api/masterdata/features?id=1 System.Web.Http.Action ApiControllerActionInvoker InvokeActionAsync
2014-08-20 18:28:26.6266|INFO|iRecruit.Logging.NLogger|GET http://localhost:58637/api/masterdata/features?id=1 System.Web.Http.Filters AllowCrossSiteOriginAttribute OnActionExecutedAsync Action filter for 'Features(Int32 id)'
2014-08-20 18:28:26.6266|INFO|iRecruit.Logging.NLogger|GET http://localhost:58637/api/masterdata/features?id=1 System.Web.Http.Filters AllowCrossSiteOriginAttribute OnActionExecutedAsync
2014-08-20 18:28:26.6456|INFO|iRecruit.Logging.NLogger|GET http://localhost:58637/api/masterdata/features?id=1 System.Web.Http.Controllers MasterDataController ExecuteAsync
2014-08-20 18:28:26.6456|INFO|iRecruit.Logging.NLogger|GET http://localhost:58637/api/masterdata/features?id=1 System.Web.Http.MessageHandlers TokenInspector SendAsync
2014-08-20 18:28:26.6586|INFO|iRecruit.Logging.NLogger|GET http://localhost:58637/api/masterdata/features?id=1 System.Web.Http.Request Content-type='application/json; charset=utf-8', content-length=unknown
2014-08-20 18:28:26.6586|INFO|iRecruit.Logging.NLogger|GET http://localhost:58637/api/masterdata/features?id=1 System.Net.Http.Formatting JsonMediaTypeFormatter WriteToStreamAsync Value='System.Collections.Generic.List`1[iRecruit.Entity.Features]', type='List`1', content-type='application/json; charset=utf-8'
2014-08-20 18:28:26.6836|INFO|iRecruit.Logging.NLogger|GET http://localhost:58637/api/masterdata/features?id=1 System.Net.Http.Formatting JsonMediaTypeFormatter WriteToStreamAsync
2014-08-20 18:28:26.6966|INFO|iRecruit.Logging.NLogger|GET http://localhost:58637/api/masterdata/features?id=1 System.Web.Http.Controllers MasterDataController Dispose
2014-08-20 18:28:26.6966|INFO|iRecruit.Logging.NLogger|GET http://localhost:58637/api/masterdata/features?id=1 System.Web.Http.Controllers MasterDataController Dispose
2014-08-20 18:28:31.3261|INFO|iRecruit.Logging.NLogger|GET http://localhost:58637/api/users/list?search=nsinha System.Web.Http.Request http://localhost:58637/api/users/list?search=nsinha
2014-08-20 18:28:31.3261|INFO|iRecruit.Logging.NLogger|GET http://localhost:58637/api/users/list?search=nsinha System.Web.Http.MessageHandlers TokenInspector SendAsync
2014-08-20 18:28:31.3551|INFO|iRecruit.Logging.NLogger|GET http://localhost:58637/api/users/list?search=nsinha System.Web.Http.Controllers DefaultHttpControllerSelector SelectController Route='id:list,controller:users'
2014-08-20 18:28:31.3551|INFO|iRecruit.Logging.NLogger|GET http://localhost:58637/api/users/list?search=nsinha System.Web.Http.Controllers DefaultHttpControllerSelector SelectController Users
2014-08-20 18:28:31.3551|INFO|iRecruit.Logging.NLogger|GET http://localhost:58637/api/users/list?search=nsinha System.Web.Http.Controllers HttpControllerDescriptor CreateController
2014-08-20 18:28:31.3551|INFO|iRecruit.Logging.NLogger|GET http://localhost:58637/api/users/list?search=nsinha System.Web.Http.Controllers DefaultHttpControllerActivator Create
2014-08-20 18:28:31.3551|INFO|iRecruit.Logging.NLogger|GET http://localhost:58637/api/users/list?search=nsinha System.Web.Http.Controllers DefaultHttpControllerActivator Create iRecruit.Controllers.UsersController
2014-08-20 18:28:31.3721|INFO|iRecruit.Logging.NLogger|GET http://localhost:58637/api/users/list?search=nsinha System.Web.Http.Controllers HttpControllerDescriptor CreateController iRecruit.Controllers.UsersController
2014-08-20 18:28:31.3721|INFO|iRecruit.Logging.NLogger|GET http://localhost:58637/api/users/list?search=nsinha System.Web.Http.Controllers UsersController ExecuteAsync
2014-08-20 18:28:31.3721|INFO|iRecruit.Logging.NLogger|GET http://localhost:58637/api/users/list?search=nsinha System.Web.Http.Action ApiControllerActionSelector SelectAction
2014-08-20 18:28:31.3721|INFO|iRecruit.Logging.NLogger|GET http://localhost:58637/api/users/list?search=nsinha System.Web.Http.Action ApiControllerActionSelector SelectAction Selected action 'Search(Int32 id, String search)'
2014-08-20 18:28:31.3871|INFO|iRecruit.Logging.NLogger|GET http://localhost:58637/api/users/list?search=nsinha System.Web.Http.ModelBinding HttpActionBinding ExecuteBindingAsync
2014-08-20 18:28:31.3871|INFO|iRecruit.Logging.NLogger|GET http://localhost:58637/api/users/list?search=nsinha System.Web.Http.ModelBinding ModelBinderParameterBinding ExecuteBindingAsync Binding parameter 'id'
2014-08-20 18:28:31.4751|INFO|iRecruit.Logging.NLogger|GET http://localhost:58637/api/users/list?search=nsinha System.Web.Http.ModelBinding ModelBinderParameterBinding ExecuteBindingAsync Model state is invalid. id: The value 'list' is not valid for Int32.
2014-08-20 18:28:31.4751|INFO|iRecruit.Logging.NLogger|GET http://localhost:58637/api/users/list?search=nsinha System.Web.Http.ModelBinding ModelBinderParameterBinding ExecuteBindingAsync Binding parameter 'search'
2014-08-20 18:28:31.4811|INFO|iRecruit.Logging.NLogger|GET http://localhost:58637/api/users/list?search=nsinha System.Web.Http.ModelBinding ModelBinderParameterBinding ExecuteBindingAsync Model state is invalid. id: The value 'list' is not valid for Int32.
2014-08-20 18:28:31.4811|INFO|iRecruit.Logging.NLogger|GET http://localhost:58637/api/users/list?search=nsinha System.Web.Http.ModelBinding HttpActionBinding ExecuteBindingAsync Model state is invalid. id: The value 'list' is not valid for Int32.
2014-08-20 18:28:31.4811|INFO|iRecruit.Logging.NLogger|GET http://localhost:58637/api/users/list?search=nsinha System.Web.Http.Filters AllowCrossSiteOriginAttribute OnActionExecutingAsync Action filter for 'Search(Int32 id, String search)'
2014-08-20 18:28:31.4811|INFO|iRecruit.Logging.NLogger|GET http://localhost:58637/api/users/list?search=nsinha System.Web.Http.Filters AllowCrossSiteOriginAttribute OnActionExecutingAsync
2014-08-20 18:28:31.4941|INFO|iRecruit.Logging.NLogger|GET http://localhost:58637/api/users/list?search=nsinha System.Web.Http.Action ApiControllerActionInvoker InvokeActionAsync Action='Search(id=null, search=nsinha)'
2014-08-20 18:28:31.4941|INFO|iRecruit.Logging.NLogger|GET http://localhost:58637/api/users/list?search=nsinha System.Web.Http.Action ReflectedHttpActionDescriptor ExecuteAsync Invoking action 'Search(id=null, search=nsinha)'
2014-08-20 18:28:31.4941|INFO|iRecruit.Logging.NLogger|GET http://localhost:58637/api/users/list?search=nsinha System.Net.Http.Formatting DefaultContentNegotiator Negotiate Type='HttpError', formatters=[JsonMediaTypeFormatterTracer, XmlMediaTypeFormatterTracer, FormUrlEncodedMediaTypeFormatterTracer, FormUrlEncodedMediaTypeFormatterTracer]
2014-08-20 18:28:31.4941|INFO|iRecruit.Logging.NLogger|GET http://localhost:58637/api/users/list?search=nsinha System.Net.Http.Formatting JsonMediaTypeFormatter GetPerRequestFormatterInstance Obtaining formatter of type 'JsonMediaTypeFormatter' for type='HttpError', mediaType='application/json; charset=utf-8'
2014-08-20 18:28:31.4941|INFO|iRecruit.Logging.NLogger|GET http://localhost:58637/api/users/list?search=nsinha System.Net.Http.Formatting JsonMediaTypeFormatter GetPerRequestFormatterInstance Will use same 'JsonMediaTypeFormatter' formatter
2014-08-20 18:28:31.5101|INFO|iRecruit.Logging.NLogger|GET http://localhost:58637/api/users/list?search=nsinha System.Net.Http.Formatting DefaultContentNegotiator Negotiate Selected formatter='JsonMediaTypeFormatter', content-type='application/json; charset=utf-8'
2014-08-20 18:28:31.5651|WARN|iRecruit.Logging.NLogger|GET http://localhost:58637/api/users/list?search=nsinha System.Web.Http.Action ReflectedHttpActionDescriptor ExecuteAsync UserMessage='The request is invalid.', MessageDetail='The parameters dictionary contains a null entry for parameter 'id' of non-nullable type 'System.Int32' for method 'System.Net.Http.HttpResponseMessage Search(Int32, System.String)' in 'iRecruit.Controllers.UsersController'. An optional parameter must be a reference type, a nullable type, or be declared as an optional parameter.' Processing of the HTTP request resulted in an exception. Please see the HTTP response returned by the 'Response' property of this exception for details.
2014-08-20 18:28:31.6101|INFO|iRecruit.Logging.NLogger|GET http://localhost:58637/api/users/list?search=nsinha System.Web.Http.Action ApiControllerActionInvoker InvokeActionAsync
2014-08-20 18:28:31.6101|INFO|iRecruit.Logging.NLogger|GET http://localhost:58637/api/users/list?search=nsinha System.Web.Http.Filters AllowCrossSiteOriginAttribute OnActionExecutedAsync Action filter for 'Search(Int32 id, String search)'
2014-08-20 18:28:31.6101|INFO|iRecruit.Logging.NLogger|GET http://localhost:58637/api/users/list?search=nsinha System.Web.Http.Filters AllowCrossSiteOriginAttribute OnActionExecutedAsync
2014-08-20 18:28:31.6191|INFO|iRecruit.Logging.NLogger|GET http://localhost:58637/api/users/list?search=nsinha System.Web.Http.Controllers UsersController ExecuteAsync
2014-08-20 18:28:31.6191|INFO|iRecruit.Logging.NLogger|GET http://localhost:58637/api/users/list?search=nsinha System.Web.Http.MessageHandlers TokenInspector SendAsync
2014-08-20 18:28:31.6191|INFO|iRecruit.Logging.NLogger|GET http://localhost:58637/api/users/list?search=nsinha System.Web.Http.Request Content-type='application/json; charset=utf-8', content-length=unknown
2014-08-20 18:28:31.6191|INFO|iRecruit.Logging.NLogger|GET http://localhost:58637/api/users/list?search=nsinha System.Net.Http.Formatting JsonMediaTypeFormatter WriteToStreamAsync Value='System.Web.Http.HttpError', type='HttpError', content-type='application/json; charset=utf-8'
2014-08-20 18:28:31.6191|INFO|iRecruit.Logging.NLogger|GET http://localhost:58637/api/users/list?search=nsinha System.Net.Http.Formatting JsonMediaTypeFormatter WriteToStreamAsync
2014-08-20 18:28:31.6191|INFO|iRecruit.Logging.NLogger|GET http://localhost:58637/api/users/list?search=nsinha System.Web.Http.Controllers UsersController Dispose
2014-08-20 18:28:31.6371|INFO|iRecruit.Logging.NLogger|GET http://localhost:58637/api/users/list?search=nsinha System.Web.Http.Controllers UsersController Dispose
2014-08-20 18:28:55.8435|INFO|iRecruit.Logging.NLogger|GET http://localhost:58637/api/users/list?search=nsinh System.Web.Http.Request http://localhost:58637/api/users/list?search=nsinh
2014-08-20 18:28:55.8515|INFO|iRecruit.Logging.NLogger|GET http://localhost:58637/api/users/list?search=nsinh System.Web.Http.MessageHandlers TokenInspector SendAsync
2014-08-20 18:28:55.8825|INFO|iRecruit.Logging.NLogger|GET http://localhost:58637/api/users/list?search=nsinh System.Web.Http.Controllers DefaultHttpControllerSelector SelectController Route='id:list,controller:users'
2014-08-20 18:28:55.8825|INFO|iRecruit.Logging.NLogger|GET http://localhost:58637/api/users/list?search=nsinh System.Web.Http.Controllers DefaultHttpControllerSelector SelectController Users
2014-08-20 18:28:55.8825|INFO|iRecruit.Logging.NLogger|GET http://localhost:58637/api/users/list?search=nsinh System.Web.Http.Controllers HttpControllerDescriptor CreateController
2014-08-20 18:28:55.8955|INFO|iRecruit.Logging.NLogger|GET http://localhost:58637/api/users/list?search=nsinh System.Web.Http.Controllers DefaultHttpControllerActivator Create
2014-08-20 18:28:55.8955|INFO|iRecruit.Logging.NLogger|GET http://localhost:58637/api/users/list?search=nsinh System.Web.Http.Controllers DefaultHttpControllerActivator Create iRecruit.Controllers.UsersController
2014-08-20 18:28:55.8955|INFO|iRecruit.Logging.NLogger|GET http://localhost:58637/api/users/list?search=nsinh System.Web.Http.Controllers HttpControllerDescriptor CreateController iRecruit.Controllers.UsersController
2014-08-20 18:28:55.8955|INFO|iRecruit.Logging.NLogger|GET http://localhost:58637/api/users/list?search=nsinh System.Web.Http.Controllers UsersController ExecuteAsync
2014-08-20 18:28:55.8955|INFO|iRecruit.Logging.NLogger|GET http://localhost:58637/api/users/list?search=nsinh System.Web.Http.Action ApiControllerActionSelector SelectAction
2014-08-20 18:28:55.9115|INFO|iRecruit.Logging.NLogger|GET http://localhost:58637/api/users/list?search=nsinh System.Web.Http.Action ApiControllerActionSelector SelectAction Selected action 'Search(Int32 id, String search)'
2014-08-20 18:28:55.9115|INFO|iRecruit.Logging.NLogger|GET http://localhost:58637/api/users/list?search=nsinh System.Web.Http.ModelBinding HttpActionBinding ExecuteBindingAsync
2014-08-20 18:28:55.9115|INFO|iRecruit.Logging.NLogger|GET http://localhost:58637/api/users/list?search=nsinh System.Web.Http.ModelBinding ModelBinderParameterBinding ExecuteBindingAsync Binding parameter 'id'
2014-08-20 18:28:55.9865|INFO|iRecruit.Logging.NLogger|GET http://localhost:58637/api/users/list?search=nsinh System.Web.Http.ModelBinding ModelBinderParameterBinding ExecuteBindingAsync Model state is invalid. id: The value 'list' is not valid for Int32.
2014-08-20 18:28:55.9895|INFO|iRecruit.Logging.NLogger|GET http://localhost:58637/api/users/list?search=nsinh System.Web.Http.ModelBinding ModelBinderParameterBinding ExecuteBindingAsync Binding parameter 'search'
2014-08-20 18:28:55.9895|INFO|iRecruit.Logging.NLogger|GET http://localhost:58637/api/users/list?search=nsinh System.Web.Http.ModelBinding ModelBinderParameterBinding ExecuteBindingAsync Model state is invalid. id: The value 'list' is not valid for Int32.
2014-08-20 18:28:55.9895|INFO|iRecruit.Logging.NLogger|GET http://localhost:58637/api/users/list?search=nsinh System.Web.Http.ModelBinding HttpActionBinding ExecuteBindingAsync Model state is invalid. id: The value 'list' is not valid for Int32.
2014-08-20 18:28:55.9895|INFO|iRecruit.Logging.NLogger|GET http://localhost:58637/api/users/list?search=nsinh System.Web.Http.Filters AllowCrossSiteOriginAttribute OnActionExecutingAsync Action filter for 'Search(Int32 id, String search)'
2014-08-20 18:28:55.9895|INFO|iRecruit.Logging.NLogger|GET http://localhost:58637/api/users/list?search=nsinh System.Web.Http.Filters AllowCrossSiteOriginAttribute OnActionExecutingAsync
2014-08-20 18:28:56.0045|INFO|iRecruit.Logging.NLogger|GET http://localhost:58637/api/users/list?search=nsinh System.Web.Http.Action ApiControllerActionInvoker InvokeActionAsync Action='Search(id=null, search=nsinh)'
2014-08-20 18:28:56.0045|INFO|iRecruit.Logging.NLogger|GET http://localhost:58637/api/users/list?search=nsinh System.Web.Http.Action ReflectedHttpActionDescriptor ExecuteAsync Invoking action 'Search(id=null, search=nsinh)'
2014-08-20 18:28:56.0045|INFO|iRecruit.Logging.NLogger|GET http://localhost:58637/api/users/list?search=nsinh System.Net.Http.Formatting DefaultContentNegotiator Negotiate Type='HttpError', formatters=[JsonMediaTypeFormatterTracer, XmlMediaTypeFormatterTracer, FormUrlEncodedMediaTypeFormatterTracer, FormUrlEncodedMediaTypeFormatterTracer]
2014-08-20 18:28:56.0045|INFO|iRecruit.Logging.NLogger|GET http://localhost:58637/api/users/list?search=nsinh System.Net.Http.Formatting JsonMediaTypeFormatter GetPerRequestFormatterInstance Obtaining formatter of type 'JsonMediaTypeFormatter' for type='HttpError', mediaType='application/json; charset=utf-8'
2014-08-20 18:28:56.0045|INFO|iRecruit.Logging.NLogger|GET http://localhost:58637/api/users/list?search=nsinh System.Net.Http.Formatting JsonMediaTypeFormatter GetPerRequestFormatterInstance Will use same 'JsonMediaTypeFormatter' formatter
2014-08-20 18:28:56.0195|INFO|iRecruit.Logging.NLogger|GET http://localhost:58637/api/users/list?search=nsinh System.Net.Http.Formatting DefaultContentNegotiator Negotiate Selected formatter='JsonMediaTypeFormatter', content-type='application/json; charset=utf-8'
2014-08-20 18:28:56.0665|WARN|iRecruit.Logging.NLogger|GET http://localhost:58637/api/users/list?search=nsinh System.Web.Http.Action ReflectedHttpActionDescriptor ExecuteAsync UserMessage='The request is invalid.', MessageDetail='The parameters dictionary contains a null entry for parameter 'id' of non-nullable type 'System.Int32' for method 'System.Net.Http.HttpResponseMessage Search(Int32, System.String)' in 'iRecruit.Controllers.UsersController'. An optional parameter must be a reference type, a nullable type, or be declared as an optional parameter.' Processing of the HTTP request resulted in an exception. Please see the HTTP response returned by the 'Response' property of this exception for details.
2014-08-20 18:28:56.1105|INFO|iRecruit.Logging.NLogger|GET http://localhost:58637/api/users/list?search=nsinh System.Web.Http.Action ApiControllerActionInvoker InvokeActionAsync
2014-08-20 18:28:56.1145|INFO|iRecruit.Logging.NLogger|GET http://localhost:58637/api/users/list?search=nsinh System.Web.Http.Filters AllowCrossSiteOriginAttribute OnActionExecutedAsync Action filter for 'Search(Int32 id, String search)'
2014-08-20 18:28:56.1145|INFO|iRecruit.Logging.NLogger|GET http://localhost:58637/api/users/list?search=nsinh System.Web.Http.Filters AllowCrossSiteOriginAttribute OnActionExecutedAsync
2014-08-20 18:28:56.1145|INFO|iRecruit.Logging.NLogger|GET http://localhost:58637/api/users/list?search=nsinh System.Web.Http.Controllers UsersController ExecuteAsync
2014-08-20 18:28:56.1145|INFO|iRecruit.Logging.NLogger|GET http://localhost:58637/api/users/list?search=nsinh System.Web.Http.MessageHandlers TokenInspector SendAsync
2014-08-20 18:28:56.1275|INFO|iRecruit.Logging.NLogger|GET http://localhost:58637/api/users/list?search=nsinh System.Web.Http.Request Content-type='application/json; charset=utf-8', content-length=unknown
2014-08-20 18:28:56.1275|INFO|iRecruit.Logging.NLogger|GET http://localhost:58637/api/users/list?search=nsinh System.Net.Http.Formatting JsonMediaTypeFormatter WriteToStreamAsync Value='System.Web.Http.HttpError', type='HttpError', content-type='application/json; charset=utf-8'
2014-08-20 18:28:56.1275|INFO|iRecruit.Logging.NLogger|GET http://localhost:58637/api/users/list?search=nsinh System.Net.Http.Formatting JsonMediaTypeFormatter WriteToStreamAsync
2014-08-20 18:28:56.1275|INFO|iRecruit.Logging.NLogger|GET http://localhost:58637/api/users/list?search=nsinh System.Web.Http.Controllers UsersController Dispose
2014-08-20 18:28:56.1275|INFO|iRecruit.Logging.NLogger|GET http://localhost:58637/api/users/list?search=nsinh System.Web.Http.Controllers UsersController Dispose
2014-08-20 18:30:42.2231|INFO|iRecruit.Logging.NLogger|GET http://localhost:58637/api/masterdata/get/?id=1 System.Web.Http.Request http://localhost:58637/api/masterdata/get/?id=1
2014-08-20 18:30:42.2231|INFO|iRecruit.Logging.NLogger|GET http://localhost:58637/api/masterdata/get/?id=1 System.Web.Http.MessageHandlers TokenInspector SendAsync
2014-08-20 18:30:42.2291|INFO|iRecruit.Logging.NLogger|GET http://localhost:58637/api/masterdata/get/?id=1 System.Net.Http.Formatting DefaultContentNegotiator Negotiate Type='HttpError', formatters=[JsonMediaTypeFormatterTracer, XmlMediaTypeFormatterTracer, FormUrlEncodedMediaTypeFormatterTracer, FormUrlEncodedMediaTypeFormatterTracer]
2014-08-20 18:30:42.2291|INFO|iRecruit.Logging.NLogger|GET http://localhost:58637/api/masterdata/get/?id=1 System.Net.Http.Formatting JsonMediaTypeFormatter GetPerRequestFormatterInstance Obtaining formatter of type 'JsonMediaTypeFormatter' for type='HttpError', mediaType='application/json; charset=utf-8'
2014-08-20 18:30:42.2291|INFO|iRecruit.Logging.NLogger|GET http://localhost:58637/api/masterdata/get/?id=1 System.Net.Http.Formatting JsonMediaTypeFormatter GetPerRequestFormatterInstance Will use same 'JsonMediaTypeFormatter' formatter
2014-08-20 18:30:42.2291|INFO|iRecruit.Logging.NLogger|GET http://localhost:58637/api/masterdata/get/?id=1 System.Net.Http.Formatting DefaultContentNegotiator Negotiate Selected formatter='JsonMediaTypeFormatter', content-type='application/json; charset=utf-8'
2014-08-20 18:30:42.2291|INFO|iRecruit.Logging.NLogger|GET http://localhost:58637/api/masterdata/get/?id=1 System.Web.Http.MessageHandlers TokenInspector SendAsync
2014-08-20 18:30:42.2461|INFO|iRecruit.Logging.NLogger|GET http://localhost:58637/api/masterdata/get/?id=1 System.Web.Http.Request Content-type='application/json; charset=utf-8', content-length=unknown
2014-08-20 18:30:42.2461|INFO|iRecruit.Logging.NLogger|GET http://localhost:58637/api/masterdata/get/?id=1 System.Net.Http.Formatting JsonMediaTypeFormatter WriteToStreamAsync Value='System.Web.Http.HttpError', type='HttpError', content-type='application/json; charset=utf-8'
2014-08-20 18:30:42.2461|INFO|iRecruit.Logging.NLogger|GET http://localhost:58637/api/masterdata/get/?id=1 System.Net.Http.Formatting JsonMediaTypeFormatter WriteToStreamAsync
2014-08-20 18:30:45.6935|INFO|iRecruit.Logging.NLogger|GET http://localhost:58637/api/masterdata/features?id=1 System.Web.Http.Request http://localhost:58637/api/masterdata/features?id=1
2014-08-20 18:30:45.6935|INFO|iRecruit.Logging.NLogger|GET http://localhost:58637/api/masterdata/features?id=1 System.Web.Http.MessageHandlers TokenInspector SendAsync
2014-08-20 18:30:45.7145|INFO|iRecruit.Logging.NLogger|GET http://localhost:58637/api/masterdata/features?id=1 System.Web.Http.Controllers DefaultHttpControllerSelector SelectController Route='controller:masterdata,action:features'
2014-08-20 18:30:45.7145|INFO|iRecruit.Logging.NLogger|GET http://localhost:58637/api/masterdata/features?id=1 System.Web.Http.Controllers DefaultHttpControllerSelector SelectController MasterData
2014-08-20 18:30:45.7145|INFO|iRecruit.Logging.NLogger|GET http://localhost:58637/api/masterdata/features?id=1 System.Web.Http.Controllers HttpControllerDescriptor CreateController
2014-08-20 18:30:45.7235|INFO|iRecruit.Logging.NLogger|GET http://localhost:58637/api/masterdata/features?id=1 System.Web.Http.Controllers DefaultHttpControllerActivator Create
2014-08-20 18:30:45.7235|INFO|iRecruit.Logging.NLogger|GET http://localhost:58637/api/masterdata/features?id=1 System.Web.Http.Controllers DefaultHttpControllerActivator Create iRecruit.Controllers.MasterDataController
2014-08-20 18:30:45.7235|INFO|iRecruit.Logging.NLogger|GET http://localhost:58637/api/masterdata/features?id=1 System.Web.Http.Controllers HttpControllerDescriptor CreateController iRecruit.Controllers.MasterDataController
2014-08-20 18:30:45.7235|INFO|iRecruit.Logging.NLogger|GET http://localhost:58637/api/masterdata/features?id=1 System.Web.Http.Controllers MasterDataController ExecuteAsync
2014-08-20 18:30:45.7235|INFO|iRecruit.Logging.NLogger|GET http://localhost:58637/api/masterdata/features?id=1 System.Web.Http.Action ApiControllerActionSelector SelectAction
2014-08-20 18:30:45.7405|INFO|iRecruit.Logging.NLogger|GET http://localhost:58637/api/masterdata/features?id=1 System.Web.Http.Action ApiControllerActionSelector SelectAction Selected action 'Features(Int32 id)'
2014-08-20 18:30:45.7405|INFO|iRecruit.Logging.NLogger|GET http://localhost:58637/api/masterdata/features?id=1 System.Web.Http.ModelBinding HttpActionBinding ExecuteBindingAsync
2014-08-20 18:30:45.7405|INFO|iRecruit.Logging.NLogger|GET http://localhost:58637/api/masterdata/features?id=1 System.Web.Http.ModelBinding ModelBinderParameterBinding ExecuteBindingAsync Binding parameter 'id'
2014-08-20 18:30:45.7405|INFO|iRecruit.Logging.NLogger|GET http://localhost:58637/api/masterdata/features?id=1 System.Web.Http.ModelBinding ModelBinderParameterBinding ExecuteBindingAsync Parameter 'id' bound to the value '1'
2014-08-20 18:30:45.7405|INFO|iRecruit.Logging.NLogger|GET http://localhost:58637/api/masterdata/features?id=1 System.Web.Http.ModelBinding HttpActionBinding ExecuteBindingAsync Model state is valid. Values: id=1
2014-08-20 18:30:45.7555|INFO|iRecruit.Logging.NLogger|GET http://localhost:58637/api/masterdata/features?id=1 System.Web.Http.Filters AllowCrossSiteOriginAttribute OnActionExecutingAsync Action filter for 'Features(Int32 id)'
2014-08-20 18:30:45.7555|INFO|iRecruit.Logging.NLogger|GET http://localhost:58637/api/masterdata/features?id=1 System.Web.Http.Filters AllowCrossSiteOriginAttribute OnActionExecutingAsync
2014-08-20 18:30:45.7555|INFO|iRecruit.Logging.NLogger|GET http://localhost:58637/api/masterdata/features?id=1 System.Web.Http.Action ApiControllerActionInvoker InvokeActionAsync Action='Features(id=1)'
2014-08-20 18:30:45.7555|INFO|iRecruit.Logging.NLogger|GET http://localhost:58637/api/masterdata/features?id=1 System.Web.Http.Action ReflectedHttpActionDescriptor ExecuteAsync Invoking action 'Features(id=1)'
2014-08-20 18:30:45.7885|INFO|iRecruit.Logging.NLogger|GET http://localhost:58637/api/masterdata/features?id=1 System.Net.Http.Formatting DefaultContentNegotiator Negotiate Type='List`1', formatters=[JsonMediaTypeFormatterTracer, XmlMediaTypeFormatterTracer, FormUrlEncodedMediaTypeFormatterTracer, FormUrlEncodedMediaTypeFormatterTracer]
2014-08-20 18:30:45.7885|INFO|iRecruit.Logging.NLogger|GET http://localhost:58637/api/masterdata/features?id=1 System.Net.Http.Formatting JsonMediaTypeFormatter GetPerRequestFormatterInstance Obtaining formatter of type 'JsonMediaTypeFormatter' for type='List`1', mediaType='application/json; charset=utf-8'
2014-08-20 18:30:45.7885|INFO|iRecruit.Logging.NLogger|GET http://localhost:58637/api/masterdata/features?id=1 System.Net.Http.Formatting JsonMediaTypeFormatter GetPerRequestFormatterInstance Will use same 'JsonMediaTypeFormatter' formatter
2014-08-20 18:30:45.8015|INFO|iRecruit.Logging.NLogger|GET http://localhost:58637/api/masterdata/features?id=1 System.Net.Http.Formatting DefaultContentNegotiator Negotiate Selected formatter='JsonMediaTypeFormatter', content-type='application/json; charset=utf-8'
2014-08-20 18:30:45.8015|INFO|iRecruit.Logging.NLogger|GET http://localhost:58637/api/masterdata/features?id=1 iRecruit.Controllers.MasterDataController
2014-08-20 18:30:45.8015|INFO|iRecruit.Logging.NLogger|GET http://localhost:58637/api/masterdata/features?id=1 System.Web.Http.Action ReflectedHttpActionDescriptor ExecuteAsync Action returned 'StatusCode: 200, ReasonPhrase: 'OK', Version: 1.1, Content: System.Net.Http.ObjectContent`1[[System.Collections.Generic.List`1[[iRecruit.Entity.Features, iRecruit.Entity, Version=1.0.0.0, Culture=neutral, PublicKeyToken=null]], mscorlib, Version=4.0.0.0, Culture=neutral, PublicKeyToken=b77a5c561934e089]], Headers:
{
  Content-Type: application/json; charset=utf-8
}'
2014-08-20 18:30:45.8015|INFO|iRecruit.Logging.NLogger|GET http://localhost:58637/api/masterdata/features?id=1 System.Web.Http.Action ApiControllerActionInvoker InvokeActionAsync
2014-08-20 18:30:45.8175|INFO|iRecruit.Logging.NLogger|GET http://localhost:58637/api/masterdata/features?id=1 System.Web.Http.Filters AllowCrossSiteOriginAttribute OnActionExecutedAsync Action filter for 'Features(Int32 id)'
2014-08-20 18:30:45.9075|INFO|iRecruit.Logging.NLogger|GET http://localhost:58637/api/masterdata/features?id=1 System.Web.Http.Filters AllowCrossSiteOriginAttribute OnActionExecutedAsync
2014-08-20 18:30:45.9105|INFO|iRecruit.Logging.NLogger|GET http://localhost:58637/api/masterdata/features?id=1 System.Web.Http.Controllers MasterDataController ExecuteAsync
2014-08-20 18:30:45.9105|INFO|iRecruit.Logging.NLogger|GET http://localhost:58637/api/masterdata/features?id=1 System.Web.Http.MessageHandlers TokenInspector SendAsync
2014-08-20 18:30:45.9105|INFO|iRecruit.Logging.NLogger|GET http://localhost:58637/api/masterdata/features?id=1 System.Web.Http.Request Content-type='application/json; charset=utf-8', content-length=unknown
2014-08-20 18:30:45.9105|INFO|iRecruit.Logging.NLogger|GET http://localhost:58637/api/masterdata/features?id=1 System.Net.Http.Formatting JsonMediaTypeFormatter WriteToStreamAsync Value='System.Collections.Generic.List`1[iRecruit.Entity.Features]', type='List`1', content-type='application/json; charset=utf-8'
2014-08-20 18:30:45.9105|INFO|iRecruit.Logging.NLogger|GET http://localhost:58637/api/masterdata/features?id=1 System.Net.Http.Formatting JsonMediaTypeFormatter WriteToStreamAsync
2014-08-20 18:30:45.9105|INFO|iRecruit.Logging.NLogger|GET http://localhost:58637/api/masterdata/features?id=1 System.Web.Http.Controllers MasterDataController Dispose
2014-08-20 18:30:45.9285|INFO|iRecruit.Logging.NLogger|GET http://localhost:58637/api/masterdata/features?id=1 System.Web.Http.Controllers MasterDataController Dispose
2014-08-20 18:30:55.3735|INFO|iRecruit.Logging.NLogger|GET http://localhost:58637/api/users/list?search=nsinh System.Web.Http.Request http://localhost:58637/api/users/list?search=nsinh
2014-08-20 18:30:55.3805|INFO|iRecruit.Logging.NLogger|GET http://localhost:58637/api/users/list?search=nsinh System.Web.Http.MessageHandlers TokenInspector SendAsync
2014-08-20 18:30:55.4015|INFO|iRecruit.Logging.NLogger|GET http://localhost:58637/api/users/list?search=nsinh System.Web.Http.Controllers DefaultHttpControllerSelector SelectController Route='id:list,controller:users'
2014-08-20 18:30:55.4015|INFO|iRecruit.Logging.NLogger|GET http://localhost:58637/api/users/list?search=nsinh System.Web.Http.Controllers DefaultHttpControllerSelector SelectController Users
2014-08-20 18:30:55.4015|INFO|iRecruit.Logging.NLogger|GET http://localhost:58637/api/users/list?search=nsinh System.Web.Http.Controllers HttpControllerDescriptor CreateController
2014-08-20 18:30:55.4015|INFO|iRecruit.Logging.NLogger|GET http://localhost:58637/api/users/list?search=nsinh System.Web.Http.Controllers DefaultHttpControllerActivator Create
2014-08-20 18:30:55.4135|INFO|iRecruit.Logging.NLogger|GET http://localhost:58637/api/users/list?search=nsinh System.Web.Http.Controllers DefaultHttpControllerActivator Create iRecruit.Controllers.UsersController
2014-08-20 18:30:55.4135|INFO|iRecruit.Logging.NLogger|GET http://localhost:58637/api/users/list?search=nsinh System.Web.Http.Controllers HttpControllerDescriptor CreateController iRecruit.Controllers.UsersController
2014-08-20 18:30:55.4135|INFO|iRecruit.Logging.NLogger|GET http://localhost:58637/api/users/list?search=nsinh System.Web.Http.Controllers UsersController ExecuteAsync
2014-08-20 18:30:55.4135|INFO|iRecruit.Logging.NLogger|GET http://localhost:58637/api/users/list?search=nsinh System.Web.Http.Action ApiControllerActionSelector SelectAction
2014-08-20 18:30:55.4135|INFO|iRecruit.Logging.NLogger|GET http://localhost:58637/api/users/list?search=nsinh System.Web.Http.Action ApiControllerActionSelector SelectAction Selected action 'Search(Int32 id, String search)'
2014-08-20 18:30:55.4285|INFO|iRecruit.Logging.NLogger|GET http://localhost:58637/api/users/list?search=nsinh System.Web.Http.ModelBinding HttpActionBinding ExecuteBindingAsync
2014-08-20 18:30:55.4285|INFO|iRecruit.Logging.NLogger|GET http://localhost:58637/api/users/list?search=nsinh System.Web.Http.ModelBinding ModelBinderParameterBinding ExecuteBindingAsync Binding parameter 'id'
2014-08-20 18:30:55.5105|INFO|iRecruit.Logging.NLogger|GET http://localhost:58637/api/users/list?search=nsinh System.Web.Http.ModelBinding ModelBinderParameterBinding ExecuteBindingAsync Model state is invalid. id: The value 'list' is not valid for Int32.
2014-08-20 18:30:55.5105|INFO|iRecruit.Logging.NLogger|GET http://localhost:58637/api/users/list?search=nsinh System.Web.Http.ModelBinding ModelBinderParameterBinding ExecuteBindingAsync Binding parameter 'search'
2014-08-20 18:30:55.5105|INFO|iRecruit.Logging.NLogger|GET http://localhost:58637/api/users/list?search=nsinh System.Web.Http.ModelBinding ModelBinderParameterBinding ExecuteBindingAsync Model state is invalid. id: The value 'list' is not valid for Int32.
2014-08-20 18:30:55.5105|INFO|iRecruit.Logging.NLogger|GET http://localhost:58637/api/users/list?search=nsinh System.Web.Http.ModelBinding HttpActionBinding ExecuteBindingAsync Model state is invalid. id: The value 'list' is not valid for Int32.
2014-08-20 18:30:55.5225|INFO|iRecruit.Logging.NLogger|GET http://localhost:58637/api/users/list?search=nsinh System.Web.Http.Filters AllowCrossSiteOriginAttribute OnActionExecutingAsync Action filter for 'Search(Int32 id, String search)'
2014-08-20 18:30:55.5225|INFO|iRecruit.Logging.NLogger|GET http://localhost:58637/api/users/list?search=nsinh System.Web.Http.Filters AllowCrossSiteOriginAttribute OnActionExecutingAsync
2014-08-20 18:30:55.5225|INFO|iRecruit.Logging.NLogger|GET http://localhost:58637/api/users/list?search=nsinh System.Web.Http.Action ApiControllerActionInvoker InvokeActionAsync Action='Search(id=null, search=nsinh)'
2014-08-20 18:30:55.5225|INFO|iRecruit.Logging.NLogger|GET http://localhost:58637/api/users/list?search=nsinh System.Web.Http.Action ReflectedHttpActionDescriptor ExecuteAsync Invoking action 'Search(id=null, search=nsinh)'
2014-08-20 18:30:55.5225|INFO|iRecruit.Logging.NLogger|GET http://localhost:58637/api/users/list?search=nsinh System.Net.Http.Formatting DefaultContentNegotiator Negotiate Type='HttpError', formatters=[JsonMediaTypeFormatterTracer, XmlMediaTypeFormatterTracer, FormUrlEncodedMediaTypeFormatterTracer, FormUrlEncodedMediaTypeFormatterTracer]
2014-08-20 18:30:55.5375|INFO|iRecruit.Logging.NLogger|GET http://localhost:58637/api/users/list?search=nsinh System.Net.Http.Formatting JsonMediaTypeFormatter GetPerRequestFormatterInstance Obtaining formatter of type 'JsonMediaTypeFormatter' for type='HttpError', mediaType='application/json; charset=utf-8'
2014-08-20 18:30:55.5375|INFO|iRecruit.Logging.NLogger|GET http://localhost:58637/api/users/list?search=nsinh System.Net.Http.Formatting JsonMediaTypeFormatter GetPerRequestFormatterInstance Will use same 'JsonMediaTypeFormatter' formatter
2014-08-20 18:30:55.5375|INFO|iRecruit.Logging.NLogger|GET http://localhost:58637/api/users/list?search=nsinh System.Net.Http.Formatting DefaultContentNegotiator Negotiate Selected formatter='JsonMediaTypeFormatter', content-type='application/json; charset=utf-8'
2014-08-20 18:30:55.5885|WARN|iRecruit.Logging.NLogger|GET http://localhost:58637/api/users/list?search=nsinh System.Web.Http.Action ReflectedHttpActionDescriptor ExecuteAsync UserMessage='The request is invalid.', MessageDetail='The parameters dictionary contains a null entry for parameter 'id' of non-nullable type 'System.Int32' for method 'System.Net.Http.HttpResponseMessage Search(Int32, System.String)' in 'iRecruit.Controllers.UsersController'. An optional parameter must be a reference type, a nullable type, or be declared as an optional parameter.' Processing of the HTTP request resulted in an exception. Please see the HTTP response returned by the 'Response' property of this exception for details.
2014-08-20 18:30:55.6335|INFO|iRecruit.Logging.NLogger|GET http://localhost:58637/api/users/list?search=nsinh System.Web.Http.Action ApiControllerActionInvoker InvokeActionAsync
2014-08-20 18:30:55.6335|INFO|iRecruit.Logging.NLogger|GET http://localhost:58637/api/users/list?search=nsinh System.Web.Http.Filters AllowCrossSiteOriginAttribute OnActionExecutedAsync Action filter for 'Search(Int32 id, String search)'
2014-08-20 18:30:55.6335|INFO|iRecruit.Logging.NLogger|GET http://localhost:58637/api/users/list?search=nsinh System.Web.Http.Filters AllowCrossSiteOriginAttribute OnActionExecutedAsync
2014-08-20 18:30:55.6335|INFO|iRecruit.Logging.NLogger|GET http://localhost:58637/api/users/list?search=nsinh System.Web.Http.Controllers UsersController ExecuteAsync
2014-08-20 18:30:55.6455|INFO|iRecruit.Logging.NLogger|GET http://localhost:58637/api/users/list?search=nsinh System.Web.Http.MessageHandlers TokenInspector SendAsync
2014-08-20 18:30:55.6455|INFO|iRecruit.Logging.NLogger|GET http://localhost:58637/api/users/list?search=nsinh System.Web.Http.Request Content-type='application/json; charset=utf-8', content-length=unknown
2014-08-20 18:30:55.6455|INFO|iRecruit.Logging.NLogger|GET http://localhost:58637/api/users/list?search=nsinh System.Net.Http.Formatting JsonMediaTypeFormatter WriteToStreamAsync Value='System.Web.Http.HttpError', type='HttpError', content-type='application/json; charset=utf-8'
2014-08-20 18:30:55.6455|INFO|iRecruit.Logging.NLogger|GET http://localhost:58637/api/users/list?search=nsinh System.Net.Http.Formatting JsonMediaTypeFormatter WriteToStreamAsync
2014-08-20 18:30:55.6455|INFO|iRecruit.Logging.NLogger|GET http://localhost:58637/api/users/list?search=nsinh System.Web.Http.Controllers UsersController Dispose
2014-08-20 18:30:55.6615|INFO|iRecruit.Logging.NLogger|GET http://localhost:58637/api/users/list?search=nsinh System.Web.Http.Controllers UsersController Dispose
