2014-09-12 11:19:17.6822|DEBUG|iRecruit.Logging.NLogger| System.Web.Http.Controllers WebHostHttpControllerTypeResolver GetControllerTypes
2014-09-12 11:19:17.7222|DEBUG|iRecruit.Logging.NLogger| System.Web.Http.Controllers WebHostHttpControllerTypeResolver GetControllerTypes
2014-09-12 11:19:49.7472|INFO|iRecruit.Logging.NLogger|GET http://localhost:58637/api/MasterData/GetBranches/0?companyId=1 System.Web.Http.Request http://localhost:58637/api/MasterData/GetBranches/0?companyId=1
2014-09-12 11:19:49.7472|INFO|iRecruit.Logging.NLogger|GET http://localhost:58637/api/MasterData/GetBranches/0?companyId=1 System.Web.Http.MessageHandlers TokenInspector SendAsync
2014-09-12 11:19:49.7772|INFO|iRecruit.Logging.NLogger|GET http://localhost:58637/api/MasterData/GetBranches/0?companyId=1 System.Web.Http.Controllers DefaultHttpControllerSelector SelectController Route='controller:MasterData,action:GetBranches,id:0'
2014-09-12 11:19:49.7872|INFO|iRecruit.Logging.NLogger|GET http://localhost:58637/api/MasterData/GetBranches/0?companyId=1 System.Web.Http.Controllers DefaultHttpControllerSelector SelectController MasterData
2014-09-12 11:19:49.7872|INFO|iRecruit.Logging.NLogger|GET http://localhost:58637/api/MasterData/GetBranches/0?companyId=1 System.Web.Http.Controllers HttpControllerDescriptor CreateController
2014-09-12 11:19:49.7972|INFO|iRecruit.Logging.NLogger|GET http://localhost:58637/api/MasterData/GetBranches/0?companyId=1 System.Web.Http.Controllers DefaultHttpControllerActivator Create
2014-09-12 11:19:49.7972|INFO|iRecruit.Logging.NLogger|GET http://localhost:58637/api/MasterData/GetBranches/0?companyId=1 System.Web.Http.Controllers DefaultHttpControllerActivator Create iRecruit.Controllers.MasterDataController
2014-09-12 11:19:49.7972|INFO|iRecruit.Logging.NLogger|GET http://localhost:58637/api/MasterData/GetBranches/0?companyId=1 System.Web.Http.Controllers HttpControllerDescriptor CreateController iRecruit.Controllers.MasterDataController
2014-09-12 11:19:49.7972|INFO|iRecruit.Logging.NLogger|GET http://localhost:58637/api/MasterData/GetBranches/0?companyId=1 System.Web.Http.Controllers MasterDataController ExecuteAsync
2014-09-12 11:19:49.8172|INFO|iRecruit.Logging.NLogger|GET http://localhost:58637/api/MasterData/GetBranches/0?companyId=1 System.Web.Http.Action ApiControllerActionSelector SelectAction
2014-09-12 11:19:49.8372|INFO|iRecruit.Logging.NLogger|GET http://localhost:58637/api/MasterData/GetBranches/0?companyId=1 System.Web.Http.Action ApiControllerActionSelector SelectAction Selected action 'GetBranches(Int32 companyId)'
2014-09-12 11:19:49.8572|INFO|iRecruit.Logging.NLogger|GET http://localhost:58637/api/MasterData/GetBranches/0?companyId=1 System.Web.Http.ModelBinding HttpActionBinding ExecuteBindingAsync
2014-09-12 11:19:49.8572|INFO|iRecruit.Logging.NLogger|GET http://localhost:58637/api/MasterData/GetBranches/0?companyId=1 System.Web.Http.ModelBinding ModelBinderParameterBinding ExecuteBindingAsync Binding parameter 'companyId'
2014-09-12 11:19:49.9072|INFO|iRecruit.Logging.NLogger|GET http://localhost:58637/api/MasterData/GetBranches/0?companyId=1 System.Web.Http.ModelBinding ModelBinderParameterBinding ExecuteBindingAsync Parameter 'companyId' bound to the value '1'
2014-09-12 11:19:49.9072|INFO|iRecruit.Logging.NLogger|GET http://localhost:58637/api/MasterData/GetBranches/0?companyId=1 System.Web.Http.ModelBinding HttpActionBinding ExecuteBindingAsync Model state is valid. Values: companyId=1
2014-09-12 11:19:49.9072|INFO|iRecruit.Logging.NLogger|GET http://localhost:58637/api/MasterData/GetBranches/0?companyId=1 System.Web.Http.Filters AllowCrossSiteOriginAttribute OnActionExecutingAsync Action filter for 'GetBranches(Int32 companyId)'
2014-09-12 11:19:49.9272|INFO|iRecruit.Logging.NLogger|GET http://localhost:58637/api/MasterData/GetBranches/0?companyId=1 System.Web.Http.Filters AllowCrossSiteOriginAttribute OnActionExecutingAsync
2014-09-12 11:19:49.9272|INFO|iRecruit.Logging.NLogger|GET http://localhost:58637/api/MasterData/GetBranches/0?companyId=1 System.Web.Http.Action ApiControllerActionInvoker InvokeActionAsync Action='GetBranches(companyId=1)'
2014-09-12 11:19:49.9372|INFO|iRecruit.Logging.NLogger|GET http://localhost:58637/api/MasterData/GetBranches/0?companyId=1 System.Web.Http.Action ReflectedHttpActionDescriptor ExecuteAsync Invoking action 'GetBranches(companyId=1)'
2014-09-12 11:19:50.0272|INFO|iRecruit.Logging.NLogger|GET http://localhost:58637/api/MasterData/GetBranches/0?companyId=1 System.Net.Http.Formatting DefaultContentNegotiator Negotiate Type='List`1', formatters=[JsonMediaTypeFormatterTracer, XmlMediaTypeFormatterTracer, FormUrlEncodedMediaTypeFormatterTracer, FormUrlEncodedMediaTypeFormatterTracer]
2014-09-12 11:19:50.0572|INFO|iRecruit.Logging.NLogger|GET http://localhost:58637/api/MasterData/GetBranches/0?companyId=1 System.Net.Http.Formatting JsonMediaTypeFormatter GetPerRequestFormatterInstance Obtaining formatter of type 'JsonMediaTypeFormatter' for type='List`1', mediaType='application/json; charset=utf-8'
2014-09-12 11:19:50.0572|INFO|iRecruit.Logging.NLogger|GET http://localhost:58637/api/MasterData/GetBranches/0?companyId=1 System.Net.Http.Formatting JsonMediaTypeFormatter GetPerRequestFormatterInstance Will use same 'JsonMediaTypeFormatter' formatter
2014-09-12 11:19:50.0672|INFO|iRecruit.Logging.NLogger|GET http://localhost:58637/api/MasterData/GetBranches/0?companyId=1 System.Net.Http.Formatting DefaultContentNegotiator Negotiate Selected formatter='JsonMediaTypeFormatter', content-type='application/json; charset=utf-8'
2014-09-12 11:19:50.0672|INFO|iRecruit.Logging.NLogger|GET http://localhost:58637/api/MasterData/GetBranches/0?companyId=1 iRecruit.Controllers.MasterDataController
2014-09-12 11:19:50.0772|INFO|iRecruit.Logging.NLogger|GET http://localhost:58637/api/MasterData/GetBranches/0?companyId=1 System.Web.Http.Action ReflectedHttpActionDescriptor ExecuteAsync Action returned 'StatusCode: 200, ReasonPhrase: 'OK', Version: 1.1, Content: System.Net.Http.ObjectContent`1[[System.Collections.Generic.List`1[[iRecruit.Entity.Branches, iRecruit.Entity, Version=1.0.0.0, Culture=neutral, PublicKeyToken=null]], mscorlib, Version=4.0.0.0, Culture=neutral, PublicKeyToken=b77a5c561934e089]], Headers:
{
  Content-Type: application/json; charset=utf-8
}'
2014-09-12 11:19:50.0772|INFO|iRecruit.Logging.NLogger|GET http://localhost:58637/api/MasterData/GetBranches/0?companyId=1 System.Web.Http.Action ApiControllerActionInvoker InvokeActionAsync
2014-09-12 11:19:50.0772|INFO|iRecruit.Logging.NLogger|GET http://localhost:58637/api/MasterData/GetBranches/0?companyId=1 System.Web.Http.Filters AllowCrossSiteOriginAttribute OnActionExecutedAsync Action filter for 'GetBranches(Int32 companyId)'
2014-09-12 11:19:50.0972|INFO|iRecruit.Logging.NLogger|GET http://localhost:58637/api/MasterData/GetBranches/0?companyId=1 System.Web.Http.Filters AllowCrossSiteOriginAttribute OnActionExecutedAsync
2014-09-12 11:19:50.0972|INFO|iRecruit.Logging.NLogger|GET http://localhost:58637/api/MasterData/GetBranches/0?companyId=1 System.Web.Http.Controllers MasterDataController ExecuteAsync
2014-09-12 11:19:50.1072|INFO|iRecruit.Logging.NLogger|GET http://localhost:58637/api/MasterData/GetBranches/0?companyId=1 System.Web.Http.MessageHandlers TokenInspector SendAsync
2014-09-12 11:19:50.1072|INFO|iRecruit.Logging.NLogger|GET http://localhost:58637/api/MasterData/GetBranches/0?companyId=1 System.Web.Http.Request Content-type='application/json; charset=utf-8', content-length=unknown
2014-09-12 11:19:50.1272|INFO|iRecruit.Logging.NLogger|GET http://localhost:58637/api/MasterData/GetBranches/0?companyId=1 System.Net.Http.Formatting JsonMediaTypeFormatter WriteToStreamAsync Value='System.Collections.Generic.List`1[iRecruit.Entity.Branches]', type='List`1', content-type='application/json; charset=utf-8'
2014-09-12 11:19:50.1672|INFO|iRecruit.Logging.NLogger|GET http://localhost:58637/api/MasterData/GetBranches/0?companyId=1 System.Net.Http.Formatting JsonMediaTypeFormatter WriteToStreamAsync
2014-09-12 11:19:50.1872|INFO|iRecruit.Logging.NLogger|GET http://localhost:58637/api/MasterData/GetBranches/0?companyId=1 System.Web.Http.Controllers MasterDataController Dispose
2014-09-12 11:19:50.1872|INFO|iRecruit.Logging.NLogger|GET http://localhost:58637/api/MasterData/GetBranches/0?companyId=1 System.Web.Http.Controllers MasterDataController Dispose
2014-09-12 11:19:50.1872|INFO|iRecruit.Logging.NLogger|GET http://localhost:58637/api/MasterData/GetDepartments/0?companyId=1 System.Web.Http.Request http://localhost:58637/api/MasterData/GetDepartments/0?companyId=1
2014-09-12 11:19:50.2072|INFO|iRecruit.Logging.NLogger|GET http://localhost:58637/api/MasterData/GetDepartments/0?companyId=1 System.Web.Http.MessageHandlers TokenInspector SendAsync
2014-09-12 11:19:50.2272|INFO|iRecruit.Logging.NLogger|GET http://localhost:58637/api/MasterData/GetDepartments/0?companyId=1 System.Web.Http.Controllers DefaultHttpControllerSelector SelectController Route='controller:MasterData,action:GetDepartments,id:0'
2014-09-12 11:19:50.2272|INFO|iRecruit.Logging.NLogger|GET http://localhost:58637/api/MasterData/GetDepartments/0?companyId=1 System.Web.Http.Controllers DefaultHttpControllerSelector SelectController MasterData
2014-09-12 11:19:50.2372|INFO|iRecruit.Logging.NLogger|GET http://localhost:58637/api/MasterData/GetDepartments/0?companyId=1 System.Web.Http.Controllers HttpControllerDescriptor CreateController
2014-09-12 11:19:50.2372|INFO|iRecruit.Logging.NLogger|GET http://localhost:58637/api/MasterData/GetDepartments/0?companyId=1 System.Web.Http.Controllers DefaultHttpControllerActivator Create
2014-09-12 11:19:50.2372|INFO|iRecruit.Logging.NLogger|GET http://localhost:58637/api/MasterData/GetDepartments/0?companyId=1 System.Web.Http.Controllers DefaultHttpControllerActivator Create iRecruit.Controllers.MasterDataController
2014-09-12 11:19:50.2472|INFO|iRecruit.Logging.NLogger|GET http://localhost:58637/api/MasterData/GetDepartments/0?companyId=1 System.Web.Http.Controllers HttpControllerDescriptor CreateController iRecruit.Controllers.MasterDataController
2014-09-12 11:19:50.2472|INFO|iRecruit.Logging.NLogger|GET http://localhost:58637/api/MasterData/GetDepartments/0?companyId=1 System.Web.Http.Controllers MasterDataController ExecuteAsync
2014-09-12 11:19:50.2472|INFO|iRecruit.Logging.NLogger|GET http://localhost:58637/api/MasterData/GetDepartments/0?companyId=1 System.Web.Http.Action ApiControllerActionSelector SelectAction
2014-09-12 11:19:50.2472|INFO|iRecruit.Logging.NLogger|GET http://localhost:58637/api/MasterData/GetDepartments/0?companyId=1 System.Web.Http.Action ApiControllerActionSelector SelectAction Selected action 'GetDepartments(Int32 companyId)'
2014-09-12 11:19:50.2472|INFO|iRecruit.Logging.NLogger|GET http://localhost:58637/api/MasterData/GetDepartments/0?companyId=1 System.Web.Http.ModelBinding HttpActionBinding ExecuteBindingAsync
2014-09-12 11:19:50.2472|INFO|iRecruit.Logging.NLogger|GET http://localhost:58637/api/MasterData/GetDepartments/0?companyId=1 System.Web.Http.ModelBinding ModelBinderParameterBinding ExecuteBindingAsync Binding parameter 'companyId'
2014-09-12 11:19:50.2672|INFO|iRecruit.Logging.NLogger|GET http://localhost:58637/api/MasterData/GetDepartments/0?companyId=1 System.Web.Http.ModelBinding ModelBinderParameterBinding ExecuteBindingAsync Parameter 'companyId' bound to the value '1'
2014-09-12 11:19:50.2672|INFO|iRecruit.Logging.NLogger|GET http://localhost:58637/api/MasterData/GetDepartments/0?companyId=1 System.Web.Http.ModelBinding HttpActionBinding ExecuteBindingAsync Model state is valid. Values: companyId=1
2014-09-12 11:19:50.2672|INFO|iRecruit.Logging.NLogger|GET http://localhost:58637/api/MasterData/GetDepartments/0?companyId=1 System.Web.Http.Filters AllowCrossSiteOriginAttribute OnActionExecutingAsync Action filter for 'GetDepartments(Int32 companyId)'
2014-09-12 11:19:50.2672|INFO|iRecruit.Logging.NLogger|GET http://localhost:58637/api/MasterData/GetDepartments/0?companyId=1 System.Web.Http.Filters AllowCrossSiteOriginAttribute OnActionExecutingAsync
2014-09-12 11:19:50.2672|INFO|iRecruit.Logging.NLogger|GET http://localhost:58637/api/MasterData/GetDepartments/0?companyId=1 System.Web.Http.Action ApiControllerActionInvoker InvokeActionAsync Action='GetDepartments(companyId=1)'
2014-09-12 11:19:50.2872|INFO|iRecruit.Logging.NLogger|GET http://localhost:58637/api/MasterData/GetDepartments/0?companyId=1 System.Web.Http.Action ReflectedHttpActionDescriptor ExecuteAsync Invoking action 'GetDepartments(companyId=1)'
2014-09-12 11:19:50.3572|INFO|iRecruit.Logging.NLogger|GET http://localhost:58637/api/MasterData/GetDepartments/0?companyId=1 System.Net.Http.Formatting DefaultContentNegotiator Negotiate Type='List`1', formatters=[JsonMediaTypeFormatterTracer, XmlMediaTypeFormatterTracer, FormUrlEncodedMediaTypeFormatterTracer, FormUrlEncodedMediaTypeFormatterTracer]
2014-09-12 11:19:50.3572|INFO|iRecruit.Logging.NLogger|GET http://localhost:58637/api/MasterData/GetDepartments/0?companyId=1 System.Net.Http.Formatting JsonMediaTypeFormatter GetPerRequestFormatterInstance Obtaining formatter of type 'JsonMediaTypeFormatter' for type='List`1', mediaType='application/json; charset=utf-8'
2014-09-12 11:19:50.3772|INFO|iRecruit.Logging.NLogger|GET http://localhost:58637/api/MasterData/GetDepartments/0?companyId=1 System.Net.Http.Formatting JsonMediaTypeFormatter GetPerRequestFormatterInstance Will use same 'JsonMediaTypeFormatter' formatter
2014-09-12 11:19:50.3872|INFO|iRecruit.Logging.NLogger|GET http://localhost:58637/api/MasterData/GetDepartments/0?companyId=1 System.Net.Http.Formatting DefaultContentNegotiator Negotiate Selected formatter='JsonMediaTypeFormatter', content-type='application/json; charset=utf-8'
2014-09-12 11:19:50.3872|INFO|iRecruit.Logging.NLogger|GET http://localhost:58637/api/MasterData/GetDepartments/0?companyId=1 iRecruit.Controllers.MasterDataController
2014-09-12 11:19:50.4072|INFO|iRecruit.Logging.NLogger|GET http://localhost:58637/api/MasterData/GetDepartments/0?companyId=1 System.Web.Http.Action ReflectedHttpActionDescriptor ExecuteAsync Action returned 'StatusCode: 200, ReasonPhrase: 'OK', Version: 1.1, Content: System.Net.Http.ObjectContent`1[[System.Collections.Generic.List`1[[iRecruit.Entity.Departments, iRecruit.Entity, Version=1.0.0.0, Culture=neutral, PublicKeyToken=null]], mscorlib, Version=4.0.0.0, Culture=neutral, PublicKeyToken=b77a5c561934e089]], Headers:
{
  Content-Type: application/json; charset=utf-8
}'
2014-09-12 11:19:50.4072|INFO|iRecruit.Logging.NLogger|GET http://localhost:58637/api/MasterData/GetDepartments/0?companyId=1 System.Web.Http.Action ApiControllerActionInvoker InvokeActionAsync
2014-09-12 11:19:50.4072|INFO|iRecruit.Logging.NLogger|GET http://localhost:58637/api/MasterData/GetDepartments/0?companyId=1 System.Web.Http.Filters AllowCrossSiteOriginAttribute OnActionExecutedAsync Action filter for 'GetDepartments(Int32 companyId)'
2014-09-12 11:19:50.4272|INFO|iRecruit.Logging.NLogger|GET http://localhost:58637/api/MasterData/GetDepartments/0?companyId=1 System.Web.Http.Filters AllowCrossSiteOriginAttribute OnActionExecutedAsync
2014-09-12 11:19:50.4372|INFO|iRecruit.Logging.NLogger|GET http://localhost:58637/api/MasterData/GetDepartments/0?companyId=1 System.Web.Http.Controllers MasterDataController ExecuteAsync
2014-09-12 11:19:50.4372|INFO|iRecruit.Logging.NLogger|GET http://localhost:58637/api/MasterData/GetDepartments/0?companyId=1 System.Web.Http.MessageHandlers TokenInspector SendAsync
2014-09-12 11:19:50.4572|INFO|iRecruit.Logging.NLogger|GET http://localhost:58637/api/MasterData/GetDepartments/0?companyId=1 System.Web.Http.Request Content-type='application/json; charset=utf-8', content-length=unknown
2014-09-12 11:19:50.4672|INFO|iRecruit.Logging.NLogger|GET http://localhost:58637/api/MasterData/GetDepartments/0?companyId=1 System.Net.Http.Formatting JsonMediaTypeFormatter WriteToStreamAsync Value='System.Collections.Generic.List`1[iRecruit.Entity.Departments]', type='List`1', content-type='application/json; charset=utf-8'
2014-09-12 11:19:50.4872|INFO|iRecruit.Logging.NLogger|GET http://localhost:58637/api/MasterData/GetDepartments/0?companyId=1 System.Net.Http.Formatting JsonMediaTypeFormatter WriteToStreamAsync
2014-09-12 11:19:50.4972|INFO|iRecruit.Logging.NLogger|GET http://localhost:58637/api/MasterData/GetDepartments/0?companyId=1 System.Web.Http.Controllers MasterDataController Dispose
2014-09-12 11:19:50.4972|INFO|iRecruit.Logging.NLogger|GET http://localhost:58637/api/MasterData/GetDepartments/0?companyId=1 System.Web.Http.Controllers MasterDataController Dispose
2014-09-12 11:19:50.5572|INFO|iRecruit.Logging.NLogger|GET http://localhost:58637/api/masterdata/getdepartmentroles/0 System.Web.Http.Request http://localhost:58637/api/masterdata/getdepartmentroles/0
2014-09-12 11:19:50.5672|INFO|iRecruit.Logging.NLogger|GET http://localhost:58637/api/masterdata/getdepartmentroles/0 System.Web.Http.MessageHandlers TokenInspector SendAsync
2014-09-12 11:19:50.5872|INFO|iRecruit.Logging.NLogger|GET http://localhost:58637/api/masterdata/getdepartmentroles/0 System.Web.Http.Controllers DefaultHttpControllerSelector SelectController Route='controller:masterdata,action:getdepartmentroles,id:0'
2014-09-12 11:19:50.5972|INFO|iRecruit.Logging.NLogger|GET http://localhost:58637/api/masterdata/getdepartmentroles/0 System.Web.Http.Controllers DefaultHttpControllerSelector SelectController MasterData
2014-09-12 11:19:50.5972|INFO|iRecruit.Logging.NLogger|GET http://localhost:58637/api/masterdata/getdepartmentroles/0 System.Web.Http.Controllers HttpControllerDescriptor CreateController
2014-09-12 11:19:50.6072|INFO|iRecruit.Logging.NLogger|GET http://localhost:58637/api/masterdata/getdepartmentroles/0 System.Web.Http.Controllers DefaultHttpControllerActivator Create
2014-09-12 11:19:50.6072|INFO|iRecruit.Logging.NLogger|GET http://localhost:58637/api/masterdata/getdepartmentroles/0 System.Web.Http.Controllers DefaultHttpControllerActivator Create iRecruit.Controllers.MasterDataController
2014-09-12 11:19:50.6072|INFO|iRecruit.Logging.NLogger|GET http://localhost:58637/api/masterdata/getdepartmentroles/0 System.Web.Http.Controllers HttpControllerDescriptor CreateController iRecruit.Controllers.MasterDataController
2014-09-12 11:19:50.6072|INFO|iRecruit.Logging.NLogger|GET http://localhost:58637/api/masterdata/getdepartmentroles/0 System.Web.Http.Controllers MasterDataController ExecuteAsync
2014-09-12 11:19:50.6272|INFO|iRecruit.Logging.NLogger|GET http://localhost:58637/api/masterdata/getdepartmentroles/0 System.Web.Http.Action ApiControllerActionSelector SelectAction
2014-09-12 11:19:50.6272|INFO|iRecruit.Logging.NLogger|GET http://localhost:58637/api/masterdata/getdepartmentroles/0 System.Web.Http.Action ApiControllerActionSelector SelectAction Selected action 'GetDepartmentRoles(Int32 id)'
2014-09-12 11:19:50.6272|INFO|iRecruit.Logging.NLogger|GET http://localhost:58637/api/masterdata/getdepartmentroles/0 System.Web.Http.ModelBinding HttpActionBinding ExecuteBindingAsync
2014-09-12 11:19:50.6372|INFO|iRecruit.Logging.NLogger|GET http://localhost:58637/api/masterdata/getdepartmentroles/0 System.Web.Http.ModelBinding ModelBinderParameterBinding ExecuteBindingAsync Binding parameter 'id'
2014-09-12 11:19:50.6372|INFO|iRecruit.Logging.NLogger|GET http://localhost:58637/api/masterdata/getdepartmentroles/0 System.Web.Http.ModelBinding ModelBinderParameterBinding ExecuteBindingAsync Parameter 'id' bound to the value '0'
2014-09-12 11:19:50.6372|INFO|iRecruit.Logging.NLogger|GET http://localhost:58637/api/masterdata/getdepartmentroles/0 System.Web.Http.ModelBinding HttpActionBinding ExecuteBindingAsync Model state is valid. Values: id=0
2014-09-12 11:19:50.6372|INFO|iRecruit.Logging.NLogger|GET http://localhost:58637/api/masterdata/getdepartmentroles/0 System.Web.Http.Filters AllowCrossSiteOriginAttribute OnActionExecutingAsync Action filter for 'GetDepartmentRoles(Int32 id)'
2014-09-12 11:19:50.6572|INFO|iRecruit.Logging.NLogger|GET http://localhost:58637/api/masterdata/getdepartmentroles/0 System.Web.Http.Filters AllowCrossSiteOriginAttribute OnActionExecutingAsync
2014-09-12 11:19:50.6572|INFO|iRecruit.Logging.NLogger|GET http://localhost:58637/api/masterdata/getdepartmentroles/0 System.Web.Http.Action ApiControllerActionInvoker InvokeActionAsync Action='GetDepartmentRoles(id=0)'
2014-09-12 11:19:50.6572|INFO|iRecruit.Logging.NLogger|GET http://localhost:58637/api/masterdata/getdepartmentroles/0 System.Web.Http.Action ReflectedHttpActionDescriptor ExecuteAsync Invoking action 'GetDepartmentRoles(id=0)'
2014-09-12 11:19:50.7672|INFO|iRecruit.Logging.NLogger|GET http://localhost:58637/api/masterdata/getdepartmentroles/0 System.Net.Http.Formatting DefaultContentNegotiator Negotiate Type='List`1', formatters=[JsonMediaTypeFormatterTracer, XmlMediaTypeFormatterTracer, FormUrlEncodedMediaTypeFormatterTracer, FormUrlEncodedMediaTypeFormatterTracer]
2014-09-12 11:19:50.7772|INFO|iRecruit.Logging.NLogger|GET http://localhost:58637/api/masterdata/getdepartmentroles/0 System.Net.Http.Formatting JsonMediaTypeFormatter GetPerRequestFormatterInstance Obtaining formatter of type 'JsonMediaTypeFormatter' for type='List`1', mediaType='application/json; charset=utf-8'
2014-09-12 11:19:50.7972|INFO|iRecruit.Logging.NLogger|GET http://localhost:58637/api/masterdata/getdepartmentroles/0 System.Net.Http.Formatting JsonMediaTypeFormatter GetPerRequestFormatterInstance Will use same 'JsonMediaTypeFormatter' formatter
2014-09-12 11:19:50.7972|INFO|iRecruit.Logging.NLogger|GET http://localhost:58637/api/masterdata/getdepartmentroles/0 System.Net.Http.Formatting DefaultContentNegotiator Negotiate Selected formatter='JsonMediaTypeFormatter', content-type='application/json; charset=utf-8'
2014-09-12 11:19:50.8172|INFO|iRecruit.Logging.NLogger|GET http://localhost:58637/api/masterdata/getdepartmentroles/0 iRecruit.Controllers.MasterDataController
2014-09-12 11:19:50.8272|INFO|iRecruit.Logging.NLogger|GET http://localhost:58637/api/masterdata/getdepartmentroles/0 System.Web.Http.Action ReflectedHttpActionDescriptor ExecuteAsync Action returned 'StatusCode: 200, ReasonPhrase: 'OK', Version: 1.1, Content: System.Net.Http.ObjectContent`1[[System.Collections.Generic.List`1[[iRecruit.Entity.DepartmentRoles, iRecruit.Entity, Version=1.0.0.0, Culture=neutral, PublicKeyToken=null]], mscorlib, Version=4.0.0.0, Culture=neutral, PublicKeyToken=b77a5c561934e089]], Headers:
{
  Content-Type: application/json; charset=utf-8
}'
2014-09-12 11:19:50.8272|INFO|iRecruit.Logging.NLogger|GET http://localhost:58637/api/masterdata/getdepartmentroles/0 System.Web.Http.Action ApiControllerActionInvoker InvokeActionAsync
2014-09-12 11:19:50.8472|INFO|iRecruit.Logging.NLogger|GET http://localhost:58637/api/masterdata/getdepartmentroles/0 System.Web.Http.Filters AllowCrossSiteOriginAttribute OnActionExecutedAsync Action filter for 'GetDepartmentRoles(Int32 id)'
2014-09-12 11:19:50.8572|INFO|iRecruit.Logging.NLogger|GET http://localhost:58637/api/masterdata/getdepartmentroles/0 System.Web.Http.Filters AllowCrossSiteOriginAttribute OnActionExecutedAsync
2014-09-12 11:19:50.8572|INFO|iRecruit.Logging.NLogger|GET http://localhost:58637/api/masterdata/getdepartmentroles/0 System.Web.Http.Controllers MasterDataController ExecuteAsync
2014-09-12 11:19:50.8772|INFO|iRecruit.Logging.NLogger|GET http://localhost:58637/api/masterdata/getdepartmentroles/0 System.Web.Http.MessageHandlers TokenInspector SendAsync
2014-09-12 11:19:50.8872|INFO|iRecruit.Logging.NLogger|GET http://localhost:58637/api/masterdata/getdepartmentroles/0 System.Web.Http.Request Content-type='application/json; charset=utf-8', content-length=unknown
2014-09-12 11:19:50.8872|INFO|iRecruit.Logging.NLogger|GET http://localhost:58637/api/masterdata/getdepartmentroles/0 System.Net.Http.Formatting JsonMediaTypeFormatter WriteToStreamAsync Value='System.Collections.Generic.List`1[iRecruit.Entity.DepartmentRoles]', type='List`1', content-type='application/json; charset=utf-8'
2014-09-12 11:19:50.9072|INFO|iRecruit.Logging.NLogger|GET http://localhost:58637/api/masterdata/getdepartmentroles/0 System.Net.Http.Formatting JsonMediaTypeFormatter WriteToStreamAsync
2014-09-12 11:19:50.9272|INFO|iRecruit.Logging.NLogger|GET http://localhost:58637/api/masterdata/getdepartmentroles/0 System.Web.Http.Controllers MasterDataController Dispose
2014-09-12 11:19:50.9372|INFO|iRecruit.Logging.NLogger|GET http://localhost:58637/api/masterdata/getdepartmentroles/0 System.Web.Http.Controllers MasterDataController Dispose
2014-09-12 11:56:58.5849|DEBUG|iRecruit.Logging.NLogger| System.Web.Http.Controllers WebHostHttpControllerTypeResolver GetControllerTypes
2014-09-12 11:56:58.6169|DEBUG|iRecruit.Logging.NLogger| System.Web.Http.Controllers WebHostHttpControllerTypeResolver GetControllerTypes
