2014-08-13 11:37:35.7670|DEBUG|iRecruit.Logging.NLogger| System.Web.Http.Controllers WebHostHttpControllerTypeResolver GetControllerTypes
2014-08-13 11:37:35.8101|DEBUG|iRecruit.Logging.NLogger| System.Web.Http.Controllers WebHostHttpControllerTypeResolver GetControllerTypes
2014-08-13 11:38:28.3863|INFO|iRecruit.Logging.NLogger|GET http://localhost:58637/api/masterdata/ System.Web.Http.Request http://localhost:58637/api/masterdata/
2014-08-13 11:38:28.3893|INFO|iRecruit.Logging.NLogger|GET http://localhost:58637/api/masterdata/ System.Web.Http.MessageHandlers TokenInspector SendAsync
2014-08-13 11:38:28.4143|INFO|iRecruit.Logging.NLogger|GET http://localhost:58637/api/masterdata/ System.Web.Http.Controllers DefaultHttpControllerSelector SelectController Route='controller:masterdata,action:Get'
2014-08-13 11:38:28.4143|INFO|iRecruit.Logging.NLogger|GET http://localhost:58637/api/masterdata/ System.Web.Http.Controllers DefaultHttpControllerSelector SelectController MasterData
2014-08-13 11:38:28.4203|INFO|iRecruit.Logging.NLogger|GET http://localhost:58637/api/masterdata/ System.Web.Http.Controllers HttpControllerDescriptor CreateController
2014-08-13 11:38:28.4203|INFO|iRecruit.Logging.NLogger|GET http://localhost:58637/api/masterdata/ System.Web.Http.Controllers DefaultHttpControllerActivator Create
2014-08-13 11:38:28.4203|INFO|iRecruit.Logging.NLogger|GET http://localhost:58637/api/masterdata/ System.Web.Http.Controllers DefaultHttpControllerActivator Create iRecruit.Controllers.MasterDataController
2014-08-13 11:38:28.4353|INFO|iRecruit.Logging.NLogger|GET http://localhost:58637/api/masterdata/ System.Web.Http.Controllers HttpControllerDescriptor CreateController iRecruit.Controllers.MasterDataController
2014-08-13 11:38:28.4353|INFO|iRecruit.Logging.NLogger|GET http://localhost:58637/api/masterdata/ System.Web.Http.Controllers MasterDataController ExecuteAsync
2014-08-13 11:38:28.4353|INFO|iRecruit.Logging.NLogger|GET http://localhost:58637/api/masterdata/ System.Web.Http.Action ApiControllerActionSelector SelectAction
2014-08-13 11:38:28.4553|INFO|iRecruit.Logging.NLogger|GET http://localhost:58637/api/masterdata/ System.Web.Http.Action ApiControllerActionSelector SelectAction Selected action 'Get()'
2014-08-13 11:38:28.4713|INFO|iRecruit.Logging.NLogger|GET http://localhost:58637/api/masterdata/ System.Web.Http.ModelBinding HttpActionBinding ExecuteBindingAsync
2014-08-13 11:38:28.4713|INFO|iRecruit.Logging.NLogger|GET http://localhost:58637/api/masterdata/ System.Web.Http.ModelBinding HttpActionBinding ExecuteBindingAsync
2014-08-13 11:38:28.4843|INFO|iRecruit.Logging.NLogger|GET http://localhost:58637/api/masterdata/ System.Web.Http.Filters AllowCrossSiteOriginAttribute OnActionExecutingAsync Action filter for 'Get()'
2014-08-13 11:38:28.4843|INFO|iRecruit.Logging.NLogger|GET http://localhost:58637/api/masterdata/ System.Web.Http.Filters AllowCrossSiteOriginAttribute OnActionExecutingAsync
2014-08-13 11:38:28.4843|INFO|iRecruit.Logging.NLogger|GET http://localhost:58637/api/masterdata/ System.Web.Http.Action ApiControllerActionInvoker InvokeActionAsync Action='Get()'
2014-08-13 11:38:28.4993|INFO|iRecruit.Logging.NLogger|GET http://localhost:58637/api/masterdata/ System.Web.Http.Action ReflectedHttpActionDescriptor ExecuteAsync Invoking action 'Get()'
2014-08-13 11:39:38.8114|INFO|iRecruit.Logging.NLogger|GET http://localhost:58637/api/masterdata/ System.Net.Http.Formatting DefaultContentNegotiator Negotiate Type='MasterDataModel', formatters=[JsonMediaTypeFormatterTracer, XmlMediaTypeFormatterTracer, FormUrlEncodedMediaTypeFormatterTracer, FormUrlEncodedMediaTypeFormatterTracer]
2014-08-13 11:39:38.8394|INFO|iRecruit.Logging.NLogger|GET http://localhost:58637/api/masterdata/ System.Net.Http.Formatting JsonMediaTypeFormatter GetPerRequestFormatterInstance Obtaining formatter of type 'JsonMediaTypeFormatter' for type='MasterDataModel', mediaType='application/json; charset=utf-8'
2014-08-13 11:39:38.8434|INFO|iRecruit.Logging.NLogger|GET http://localhost:58637/api/masterdata/ System.Net.Http.Formatting JsonMediaTypeFormatter GetPerRequestFormatterInstance Will use same 'JsonMediaTypeFormatter' formatter
2014-08-13 11:39:38.8434|INFO|iRecruit.Logging.NLogger|GET http://localhost:58637/api/masterdata/ System.Net.Http.Formatting DefaultContentNegotiator Negotiate Selected formatter='JsonMediaTypeFormatter', content-type='application/json; charset=utf-8'
2014-08-13 11:39:41.3426|INFO|iRecruit.Logging.NLogger|GET http://localhost:58637/api/masterdata/ iRecruit.Controllers.MasterDataController
2014-08-13 11:39:42.3257|INFO|iRecruit.Logging.NLogger|GET http://localhost:58637/api/masterdata/ System.Web.Http.Action ReflectedHttpActionDescriptor ExecuteAsync Action returned 'StatusCode: 200, ReasonPhrase: 'OK', Version: 1.1, Content: System.Net.Http.ObjectContent`1[[iRecruit.Models.MasterDataModel, iRecruit.Models, Version=1.0.0.0, Culture=neutral, PublicKeyToken=null]], Headers:
{
  Content-Type: application/json; charset=utf-8
}'
2014-08-13 11:39:42.3767|INFO|iRecruit.Logging.NLogger|GET http://localhost:58637/api/masterdata/ System.Web.Http.Action ApiControllerActionInvoker InvokeActionAsync
2014-08-13 11:39:42.4157|INFO|iRecruit.Logging.NLogger|GET http://localhost:58637/api/masterdata/ System.Web.Http.Filters AllowCrossSiteOriginAttribute OnActionExecutedAsync Action filter for 'Get()'
2014-08-13 11:39:42.4157|INFO|iRecruit.Logging.NLogger|GET http://localhost:58637/api/masterdata/ System.Web.Http.Filters AllowCrossSiteOriginAttribute OnActionExecutedAsync
2014-08-13 11:39:42.5107|INFO|iRecruit.Logging.NLogger|GET http://localhost:58637/api/masterdata/ System.Web.Http.Controllers MasterDataController ExecuteAsync
2014-08-13 11:39:43.8309|INFO|iRecruit.Logging.NLogger|GET http://localhost:58637/api/masterdata/ System.Web.Http.MessageHandlers TokenInspector SendAsync
2014-08-13 11:39:43.8529|INFO|iRecruit.Logging.NLogger|GET http://localhost:58637/api/masterdata/ System.Web.Http.Request Content-type='application/json; charset=utf-8', content-length=unknown
2014-08-13 11:39:43.8969|INFO|iRecruit.Logging.NLogger|GET http://localhost:58637/api/masterdata/ System.Net.Http.Formatting JsonMediaTypeFormatter WriteToStreamAsync Value='iRecruit.Models.MasterDataModel', type='MasterDataModel', content-type='application/json; charset=utf-8'
2014-08-13 11:39:43.9909|INFO|iRecruit.Logging.NLogger|GET http://localhost:58637/api/masterdata/ System.Net.Http.Formatting JsonMediaTypeFormatter WriteToStreamAsync
2014-08-13 11:39:43.9909|INFO|iRecruit.Logging.NLogger|GET http://localhost:58637/api/masterdata/ System.Web.Http.Controllers MasterDataController Dispose
2014-08-13 11:39:44.0049|INFO|iRecruit.Logging.NLogger|GET http://localhost:58637/api/masterdata/ System.Web.Http.Controllers MasterDataController Dispose
2014-08-13 11:59:39.4580|DEBUG|iRecruit.Logging.NLogger| System.Web.Http.Controllers WebHostHttpControllerTypeResolver GetControllerTypes
2014-08-13 11:59:39.5060|DEBUG|iRecruit.Logging.NLogger| System.Web.Http.Controllers WebHostHttpControllerTypeResolver GetControllerTypes
2014-08-13 12:00:57.1010|INFO|iRecruit.Logging.NLogger|GET http://localhost:58637/api/masterdata/1 System.Web.Http.Request http://localhost:58637/api/masterdata/1
2014-08-13 12:00:57.1260|INFO|iRecruit.Logging.NLogger|GET http://localhost:58637/api/masterdata/1 System.Web.Http.MessageHandlers TokenInspector SendAsync
2014-08-13 12:00:57.1520|INFO|iRecruit.Logging.NLogger|GET http://localhost:58637/api/masterdata/1 System.Web.Http.Controllers DefaultHttpControllerSelector SelectController Route='controller:masterdata,action:1'
2014-08-13 12:00:57.1520|INFO|iRecruit.Logging.NLogger|GET http://localhost:58637/api/masterdata/1 System.Web.Http.Controllers DefaultHttpControllerSelector SelectController MasterData
2014-08-13 12:00:57.1520|INFO|iRecruit.Logging.NLogger|GET http://localhost:58637/api/masterdata/1 System.Web.Http.Controllers HttpControllerDescriptor CreateController
2014-08-13 12:00:57.1660|INFO|iRecruit.Logging.NLogger|GET http://localhost:58637/api/masterdata/1 System.Web.Http.Controllers DefaultHttpControllerActivator Create
2014-08-13 12:00:57.1660|INFO|iRecruit.Logging.NLogger|GET http://localhost:58637/api/masterdata/1 System.Web.Http.Controllers DefaultHttpControllerActivator Create iRecruit.Controllers.MasterDataController
2014-08-13 12:00:57.1800|INFO|iRecruit.Logging.NLogger|GET http://localhost:58637/api/masterdata/1 System.Web.Http.Controllers HttpControllerDescriptor CreateController iRecruit.Controllers.MasterDataController
2014-08-13 12:00:57.1800|INFO|iRecruit.Logging.NLogger|GET http://localhost:58637/api/masterdata/1 System.Web.Http.Controllers MasterDataController ExecuteAsync
2014-08-13 12:00:57.1800|INFO|iRecruit.Logging.NLogger|GET http://localhost:58637/api/masterdata/1 System.Web.Http.Action ApiControllerActionSelector SelectAction
2014-08-13 12:00:57.1990|INFO|iRecruit.Logging.NLogger|GET http://localhost:58637/api/masterdata/1 System.Net.Http.Formatting DefaultContentNegotiator Negotiate Type='HttpError', formatters=[JsonMediaTypeFormatterTracer, XmlMediaTypeFormatterTracer, FormUrlEncodedMediaTypeFormatterTracer, FormUrlEncodedMediaTypeFormatterTracer]
2014-08-13 12:00:57.2170|INFO|iRecruit.Logging.NLogger|GET http://localhost:58637/api/masterdata/1 System.Net.Http.Formatting JsonMediaTypeFormatter GetPerRequestFormatterInstance Obtaining formatter of type 'JsonMediaTypeFormatter' for type='HttpError', mediaType='application/json; charset=utf-8'
2014-08-13 12:00:57.2170|INFO|iRecruit.Logging.NLogger|GET http://localhost:58637/api/masterdata/1 System.Net.Http.Formatting JsonMediaTypeFormatter GetPerRequestFormatterInstance Will use same 'JsonMediaTypeFormatter' formatter
2014-08-13 12:00:57.2170|INFO|iRecruit.Logging.NLogger|GET http://localhost:58637/api/masterdata/1 System.Net.Http.Formatting DefaultContentNegotiator Negotiate Selected formatter='JsonMediaTypeFormatter', content-type='application/json; charset=utf-8'
2014-08-13 12:00:57.2680|WARN|iRecruit.Logging.NLogger|GET http://localhost:58637/api/masterdata/1 System.Web.Http.Action ApiControllerActionSelector SelectAction UserMessage='No HTTP resource was found that matches the request URI 'http://localhost:58637/api/masterdata/1'.', MessageDetail='No action was found on the controller 'MasterData' that matches the name '1'.' Processing of the HTTP request resulted in an exception. Please see the HTTP response returned by the 'Response' property of this exception for details.
2014-08-13 12:00:57.3410|WARN|iRecruit.Logging.NLogger|GET http://localhost:58637/api/masterdata/1 System.Web.Http.Controllers MasterDataController ExecuteAsync UserMessage='No HTTP resource was found that matches the request URI 'http://localhost:58637/api/masterdata/1'.', MessageDetail='No action was found on the controller 'MasterData' that matches the name '1'.' Processing of the HTTP request resulted in an exception. Please see the HTTP response returned by the 'Response' property of this exception for details.
2014-08-13 12:00:57.3720|INFO|iRecruit.Logging.NLogger|GET http://localhost:58637/api/masterdata/1 System.Web.Http.MessageHandlers TokenInspector SendAsync
2014-08-13 12:00:57.3720|INFO|iRecruit.Logging.NLogger|GET http://localhost:58637/api/masterdata/1 System.Web.Http.Request Content-type='application/json; charset=utf-8', content-length=unknown
2014-08-13 12:00:57.3900|INFO|iRecruit.Logging.NLogger|GET http://localhost:58637/api/masterdata/1 System.Net.Http.Formatting JsonMediaTypeFormatter WriteToStreamAsync Value='System.Web.Http.HttpError', type='HttpError', content-type='application/json; charset=utf-8'
2014-08-13 12:00:57.4090|INFO|iRecruit.Logging.NLogger|GET http://localhost:58637/api/masterdata/1 System.Net.Http.Formatting JsonMediaTypeFormatter WriteToStreamAsync
2014-08-13 12:00:57.4210|INFO|iRecruit.Logging.NLogger|GET http://localhost:58637/api/masterdata/1 System.Web.Http.Controllers MasterDataController Dispose
2014-08-13 12:00:57.4210|INFO|iRecruit.Logging.NLogger|GET http://localhost:58637/api/masterdata/1 System.Web.Http.Controllers MasterDataController Dispose
2014-08-13 12:02:38.7380|DEBUG|iRecruit.Logging.NLogger| System.Web.Http.Controllers WebHostHttpControllerTypeResolver GetControllerTypes
2014-08-13 12:02:38.7620|DEBUG|iRecruit.Logging.NLogger| System.Web.Http.Controllers WebHostHttpControllerTypeResolver GetControllerTypes
2014-08-13 12:12:35.4210|DEBUG|iRecruit.Logging.NLogger| System.Web.Http.Controllers WebHostHttpControllerTypeResolver GetControllerTypes
2014-08-13 12:12:35.4310|DEBUG|iRecruit.Logging.NLogger| System.Web.Http.Controllers WebHostHttpControllerTypeResolver GetControllerTypes
2014-08-13 12:15:33.4574|INFO|iRecruit.Logging.NLogger|GET http://localhost:58637/api/masterdata/get/?id=1 System.Web.Http.Request http://localhost:58637/api/masterdata/get/?id=1
2014-08-13 12:15:33.4604|INFO|iRecruit.Logging.NLogger|GET http://localhost:58637/api/masterdata/get/?id=1 System.Web.Http.MessageHandlers TokenInspector SendAsync
2014-08-13 12:15:33.4904|INFO|iRecruit.Logging.NLogger|GET http://localhost:58637/api/masterdata/get/?id=1 System.Web.Http.Controllers DefaultHttpControllerSelector SelectController Route='controller:masterdata,action:get'
2014-08-13 12:15:33.4934|INFO|iRecruit.Logging.NLogger|GET http://localhost:58637/api/masterdata/get/?id=1 System.Web.Http.Controllers DefaultHttpControllerSelector SelectController MasterData
2014-08-13 12:15:33.4934|INFO|iRecruit.Logging.NLogger|GET http://localhost:58637/api/masterdata/get/?id=1 System.Web.Http.Controllers HttpControllerDescriptor CreateController
2014-08-13 12:15:33.4934|INFO|iRecruit.Logging.NLogger|GET http://localhost:58637/api/masterdata/get/?id=1 System.Web.Http.Controllers DefaultHttpControllerActivator Create
2014-08-13 12:15:33.5124|INFO|iRecruit.Logging.NLogger|GET http://localhost:58637/api/masterdata/get/?id=1 System.Web.Http.Controllers DefaultHttpControllerActivator Create iRecruit.Controllers.MasterDataController
2014-08-13 12:15:33.5124|INFO|iRecruit.Logging.NLogger|GET http://localhost:58637/api/masterdata/get/?id=1 System.Web.Http.Controllers HttpControllerDescriptor CreateController iRecruit.Controllers.MasterDataController
2014-08-13 12:15:33.5124|INFO|iRecruit.Logging.NLogger|GET http://localhost:58637/api/masterdata/get/?id=1 System.Web.Http.Controllers MasterDataController ExecuteAsync
2014-08-13 12:15:33.5224|INFO|iRecruit.Logging.NLogger|GET http://localhost:58637/api/masterdata/get/?id=1 System.Web.Http.Action ApiControllerActionSelector SelectAction
2014-08-13 12:15:33.5504|INFO|iRecruit.Logging.NLogger|GET http://localhost:58637/api/masterdata/get/?id=1 System.Web.Http.Action ApiControllerActionSelector SelectAction Selected action 'Get(Int32 id)'
2014-08-13 12:15:33.5694|INFO|iRecruit.Logging.NLogger|GET http://localhost:58637/api/masterdata/get/?id=1 System.Web.Http.ModelBinding HttpActionBinding ExecuteBindingAsync
2014-08-13 12:15:33.5694|INFO|iRecruit.Logging.NLogger|GET http://localhost:58637/api/masterdata/get/?id=1 System.Web.Http.ModelBinding ModelBinderParameterBinding ExecuteBindingAsync Binding parameter 'id'
2014-08-13 12:15:33.6094|INFO|iRecruit.Logging.NLogger|GET http://localhost:58637/api/masterdata/get/?id=1 System.Web.Http.ModelBinding ModelBinderParameterBinding ExecuteBindingAsync Parameter 'id' bound to the value '1'
2014-08-13 12:15:33.6094|INFO|iRecruit.Logging.NLogger|GET http://localhost:58637/api/masterdata/get/?id=1 System.Web.Http.ModelBinding HttpActionBinding ExecuteBindingAsync Model state is valid. Values: id=1
2014-08-13 12:15:33.6164|INFO|iRecruit.Logging.NLogger|GET http://localhost:58637/api/masterdata/get/?id=1 System.Web.Http.Filters AllowCrossSiteOriginAttribute OnActionExecutingAsync Action filter for 'Get(Int32 id)'
2014-08-13 12:15:33.6164|INFO|iRecruit.Logging.NLogger|GET http://localhost:58637/api/masterdata/get/?id=1 System.Web.Http.Filters AllowCrossSiteOriginAttribute OnActionExecutingAsync
2014-08-13 12:15:33.6164|INFO|iRecruit.Logging.NLogger|GET http://localhost:58637/api/masterdata/get/?id=1 System.Web.Http.Action ApiControllerActionInvoker InvokeActionAsync Action='Get(id=1)'
2014-08-13 12:15:33.6334|INFO|iRecruit.Logging.NLogger|GET http://localhost:58637/api/masterdata/get/?id=1 System.Web.Http.Action ReflectedHttpActionDescriptor ExecuteAsync Invoking action 'Get(id=1)'
2014-08-13 12:15:35.8424|INFO|iRecruit.Logging.NLogger|GET http://localhost:58637/api/masterdata/get/?id=1 System.Net.Http.Formatting DefaultContentNegotiator Negotiate Type='MasterDataModel', formatters=[JsonMediaTypeFormatterTracer, XmlMediaTypeFormatterTracer, FormUrlEncodedMediaTypeFormatterTracer, FormUrlEncodedMediaTypeFormatterTracer]
2014-08-13 12:15:35.8744|INFO|iRecruit.Logging.NLogger|GET http://localhost:58637/api/masterdata/get/?id=1 System.Net.Http.Formatting JsonMediaTypeFormatter GetPerRequestFormatterInstance Obtaining formatter of type 'JsonMediaTypeFormatter' for type='MasterDataModel', mediaType='application/json; charset=utf-8'
2014-08-13 12:15:35.8784|INFO|iRecruit.Logging.NLogger|GET http://localhost:58637/api/masterdata/get/?id=1 System.Net.Http.Formatting JsonMediaTypeFormatter GetPerRequestFormatterInstance Will use same 'JsonMediaTypeFormatter' formatter
2014-08-13 12:15:35.8784|INFO|iRecruit.Logging.NLogger|GET http://localhost:58637/api/masterdata/get/?id=1 System.Net.Http.Formatting DefaultContentNegotiator Negotiate Selected formatter='JsonMediaTypeFormatter', content-type='application/json; charset=utf-8'
2014-08-13 12:15:37.5874|INFO|iRecruit.Logging.NLogger|GET http://localhost:58637/api/masterdata/get/?id=1 iRecruit.Controllers.MasterDataController
2014-08-13 12:15:38.2804|INFO|iRecruit.Logging.NLogger|GET http://localhost:58637/api/masterdata/get/?id=1 System.Web.Http.Action ReflectedHttpActionDescriptor ExecuteAsync Action returned 'StatusCode: 200, ReasonPhrase: 'OK', Version: 1.1, Content: System.Net.Http.ObjectContent`1[[iRecruit.Models.MasterDataModel, iRecruit.Models, Version=1.0.0.0, Culture=neutral, PublicKeyToken=null]], Headers:
{
  Content-Type: application/json; charset=utf-8
}'
2014-08-13 12:15:38.3304|INFO|iRecruit.Logging.NLogger|GET http://localhost:58637/api/masterdata/get/?id=1 System.Web.Http.Action ApiControllerActionInvoker InvokeActionAsync
2014-08-13 12:15:38.3634|INFO|iRecruit.Logging.NLogger|GET http://localhost:58637/api/masterdata/get/?id=1 System.Web.Http.Filters AllowCrossSiteOriginAttribute OnActionExecutedAsync Action filter for 'Get(Int32 id)'
2014-08-13 12:15:38.3634|INFO|iRecruit.Logging.NLogger|GET http://localhost:58637/api/masterdata/get/?id=1 System.Web.Http.Filters AllowCrossSiteOriginAttribute OnActionExecutedAsync
2014-08-13 12:15:38.4544|INFO|iRecruit.Logging.NLogger|GET http://localhost:58637/api/masterdata/get/?id=1 System.Web.Http.Controllers MasterDataController ExecuteAsync
2014-08-13 12:15:39.5844|INFO|iRecruit.Logging.NLogger|GET http://localhost:58637/api/masterdata/get/?id=1 System.Web.Http.MessageHandlers TokenInspector SendAsync
2014-08-13 12:15:39.6064|INFO|iRecruit.Logging.NLogger|GET http://localhost:58637/api/masterdata/get/?id=1 System.Web.Http.Request Content-type='application/json; charset=utf-8', content-length=unknown
2014-08-13 12:15:39.6404|INFO|iRecruit.Logging.NLogger|GET http://localhost:58637/api/masterdata/get/?id=1 System.Net.Http.Formatting JsonMediaTypeFormatter WriteToStreamAsync Value='iRecruit.Models.MasterDataModel', type='MasterDataModel', content-type='application/json; charset=utf-8'
2014-08-13 12:15:39.6904|INFO|iRecruit.Logging.NLogger|GET http://localhost:58637/api/masterdata/get/?id=1 System.Net.Http.Formatting JsonMediaTypeFormatter WriteToStreamAsync
2014-08-13 12:15:39.7014|INFO|iRecruit.Logging.NLogger|GET http://localhost:58637/api/masterdata/get/?id=1 System.Web.Http.Controllers MasterDataController Dispose
2014-08-13 12:15:39.7014|INFO|iRecruit.Logging.NLogger|GET http://localhost:58637/api/masterdata/get/?id=1 System.Web.Http.Controllers MasterDataController Dispose
2014-08-13 12:19:02.4524|INFO|iRecruit.Logging.NLogger|GET http://localhost:58637/api/masterdata/get/?id=1 System.Web.Http.Request http://localhost:58637/api/masterdata/get/?id=1
2014-08-13 12:19:02.4524|INFO|iRecruit.Logging.NLogger|GET http://localhost:58637/api/masterdata/get/?id=1 System.Web.Http.MessageHandlers TokenInspector SendAsync
2014-08-13 12:19:02.4754|INFO|iRecruit.Logging.NLogger|GET http://localhost:58637/api/masterdata/get/?id=1 System.Web.Http.Controllers DefaultHttpControllerSelector SelectController Route='controller:masterdata,action:get'
2014-08-13 12:19:02.4754|INFO|iRecruit.Logging.NLogger|GET http://localhost:58637/api/masterdata/get/?id=1 System.Web.Http.Controllers DefaultHttpControllerSelector SelectController MasterData
2014-08-13 12:19:02.4754|INFO|iRecruit.Logging.NLogger|GET http://localhost:58637/api/masterdata/get/?id=1 System.Web.Http.Controllers HttpControllerDescriptor CreateController
2014-08-13 12:19:02.4754|INFO|iRecruit.Logging.NLogger|GET http://localhost:58637/api/masterdata/get/?id=1 System.Web.Http.Controllers DefaultHttpControllerActivator Create
2014-08-13 12:19:02.4894|INFO|iRecruit.Logging.NLogger|GET http://localhost:58637/api/masterdata/get/?id=1 System.Web.Http.Controllers DefaultHttpControllerActivator Create iRecruit.Controllers.MasterDataController
2014-08-13 12:19:02.4894|INFO|iRecruit.Logging.NLogger|GET http://localhost:58637/api/masterdata/get/?id=1 System.Web.Http.Controllers HttpControllerDescriptor CreateController iRecruit.Controllers.MasterDataController
2014-08-13 12:19:02.4894|INFO|iRecruit.Logging.NLogger|GET http://localhost:58637/api/masterdata/get/?id=1 System.Web.Http.Controllers MasterDataController ExecuteAsync
2014-08-13 12:19:02.4894|INFO|iRecruit.Logging.NLogger|GET http://localhost:58637/api/masterdata/get/?id=1 System.Web.Http.Action ApiControllerActionSelector SelectAction
2014-08-13 12:19:02.4894|INFO|iRecruit.Logging.NLogger|GET http://localhost:58637/api/masterdata/get/?id=1 System.Web.Http.Action ApiControllerActionSelector SelectAction Selected action 'Get(Int32 id)'
2014-08-13 12:19:02.4894|INFO|iRecruit.Logging.NLogger|GET http://localhost:58637/api/masterdata/get/?id=1 System.Web.Http.ModelBinding HttpActionBinding ExecuteBindingAsync
2014-08-13 12:19:02.5064|INFO|iRecruit.Logging.NLogger|GET http://localhost:58637/api/masterdata/get/?id=1 System.Web.Http.ModelBinding ModelBinderParameterBinding ExecuteBindingAsync Binding parameter 'id'
2014-08-13 12:19:02.5064|INFO|iRecruit.Logging.NLogger|GET http://localhost:58637/api/masterdata/get/?id=1 System.Web.Http.ModelBinding ModelBinderParameterBinding ExecuteBindingAsync Parameter 'id' bound to the value '1'
2014-08-13 12:19:02.5064|INFO|iRecruit.Logging.NLogger|GET http://localhost:58637/api/masterdata/get/?id=1 System.Web.Http.ModelBinding HttpActionBinding ExecuteBindingAsync Model state is valid. Values: id=1
2014-08-13 12:19:02.5064|INFO|iRecruit.Logging.NLogger|GET http://localhost:58637/api/masterdata/get/?id=1 System.Web.Http.Filters AllowCrossSiteOriginAttribute OnActionExecutingAsync Action filter for 'Get(Int32 id)'
2014-08-13 12:19:02.5064|INFO|iRecruit.Logging.NLogger|GET http://localhost:58637/api/masterdata/get/?id=1 System.Web.Http.Filters AllowCrossSiteOriginAttribute OnActionExecutingAsync
2014-08-13 12:19:02.5214|INFO|iRecruit.Logging.NLogger|GET http://localhost:58637/api/masterdata/get/?id=1 System.Web.Http.Action ApiControllerActionInvoker InvokeActionAsync Action='Get(id=1)'
2014-08-13 12:19:02.5214|INFO|iRecruit.Logging.NLogger|GET http://localhost:58637/api/masterdata/get/?id=1 System.Web.Http.Action ReflectedHttpActionDescriptor ExecuteAsync Invoking action 'Get(id=1)'
2014-08-13 12:19:03.5504|INFO|iRecruit.Logging.NLogger|GET http://localhost:58637/api/masterdata/get/?id=1 System.Net.Http.Formatting DefaultContentNegotiator Negotiate Type='MasterDataModel', formatters=[JsonMediaTypeFormatterTracer, XmlMediaTypeFormatterTracer, FormUrlEncodedMediaTypeFormatterTracer, FormUrlEncodedMediaTypeFormatterTracer]
2014-08-13 12:19:03.5504|INFO|iRecruit.Logging.NLogger|GET http://localhost:58637/api/masterdata/get/?id=1 System.Net.Http.Formatting JsonMediaTypeFormatter GetPerRequestFormatterInstance Obtaining formatter of type 'JsonMediaTypeFormatter' for type='MasterDataModel', mediaType='application/json; charset=utf-8'
2014-08-13 12:19:03.5684|INFO|iRecruit.Logging.NLogger|GET http://localhost:58637/api/masterdata/get/?id=1 System.Net.Http.Formatting JsonMediaTypeFormatter GetPerRequestFormatterInstance Will use same 'JsonMediaTypeFormatter' formatter
2014-08-13 12:19:03.5684|INFO|iRecruit.Logging.NLogger|GET http://localhost:58637/api/masterdata/get/?id=1 System.Net.Http.Formatting DefaultContentNegotiator Negotiate Selected formatter='JsonMediaTypeFormatter', content-type='application/json; charset=utf-8'
2014-08-13 12:19:04.9674|INFO|iRecruit.Logging.NLogger|GET http://localhost:58637/api/masterdata/get/?id=1 iRecruit.Controllers.MasterDataController
2014-08-13 12:19:05.4394|INFO|iRecruit.Logging.NLogger|GET http://localhost:58637/api/masterdata/get/?id=1 System.Web.Http.Action ReflectedHttpActionDescriptor ExecuteAsync Action returned 'StatusCode: 200, ReasonPhrase: 'OK', Version: 1.1, Content: System.Net.Http.ObjectContent`1[[iRecruit.Models.MasterDataModel, iRecruit.Models, Version=1.0.0.0, Culture=neutral, PublicKeyToken=null]], Headers:
{
  Content-Type: application/json; charset=utf-8
}'
2014-08-13 12:19:05.4884|INFO|iRecruit.Logging.NLogger|GET http://localhost:58637/api/masterdata/get/?id=1 System.Web.Http.Action ApiControllerActionInvoker InvokeActionAsync
2014-08-13 12:19:05.5194|INFO|iRecruit.Logging.NLogger|GET http://localhost:58637/api/masterdata/get/?id=1 System.Web.Http.Filters AllowCrossSiteOriginAttribute OnActionExecutedAsync Action filter for 'Get(Int32 id)'
2014-08-13 12:19:05.5194|INFO|iRecruit.Logging.NLogger|GET http://localhost:58637/api/masterdata/get/?id=1 System.Web.Http.Filters AllowCrossSiteOriginAttribute OnActionExecutedAsync
2014-08-13 12:19:05.6054|INFO|iRecruit.Logging.NLogger|GET http://localhost:58637/api/masterdata/get/?id=1 System.Web.Http.Controllers MasterDataController ExecuteAsync
2014-08-13 12:19:06.3354|INFO|iRecruit.Logging.NLogger|GET http://localhost:58637/api/masterdata/get/?id=1 System.Web.Http.MessageHandlers TokenInspector SendAsync
2014-08-13 12:19:06.3554|INFO|iRecruit.Logging.NLogger|GET http://localhost:58637/api/masterdata/get/?id=1 System.Web.Http.Request Content-type='application/json; charset=utf-8', content-length=unknown
2014-08-13 12:19:06.3764|INFO|iRecruit.Logging.NLogger|GET http://localhost:58637/api/masterdata/get/?id=1 System.Net.Http.Formatting JsonMediaTypeFormatter WriteToStreamAsync Value='iRecruit.Models.MasterDataModel', type='MasterDataModel', content-type='application/json; charset=utf-8'
2014-08-13 12:19:06.3764|INFO|iRecruit.Logging.NLogger|GET http://localhost:58637/api/masterdata/get/?id=1 System.Net.Http.Formatting JsonMediaTypeFormatter WriteToStreamAsync
2014-08-13 12:19:06.3764|INFO|iRecruit.Logging.NLogger|GET http://localhost:58637/api/masterdata/get/?id=1 System.Web.Http.Controllers MasterDataController Dispose
2014-08-13 12:19:06.3764|INFO|iRecruit.Logging.NLogger|GET http://localhost:58637/api/masterdata/get/?id=1 System.Web.Http.Controllers MasterDataController Dispose
2014-08-13 12:19:58.7704|INFO|iRecruit.Logging.NLogger|GET http://localhost:58637/api/masterdata/get/?id=1 System.Web.Http.Request http://localhost:58637/api/masterdata/get/?id=1
2014-08-13 12:19:58.7784|INFO|iRecruit.Logging.NLogger|GET http://localhost:58637/api/masterdata/get/?id=1 System.Web.Http.MessageHandlers TokenInspector SendAsync
2014-08-13 12:19:58.8044|INFO|iRecruit.Logging.NLogger|GET http://localhost:58637/api/masterdata/get/?id=1 System.Web.Http.Controllers DefaultHttpControllerSelector SelectController Route='controller:masterdata,action:get'
2014-08-13 12:19:58.8044|INFO|iRecruit.Logging.NLogger|GET http://localhost:58637/api/masterdata/get/?id=1 System.Web.Http.Controllers DefaultHttpControllerSelector SelectController MasterData
2014-08-13 12:19:58.8044|INFO|iRecruit.Logging.NLogger|GET http://localhost:58637/api/masterdata/get/?id=1 System.Web.Http.Controllers HttpControllerDescriptor CreateController
2014-08-13 12:19:58.8044|INFO|iRecruit.Logging.NLogger|GET http://localhost:58637/api/masterdata/get/?id=1 System.Web.Http.Controllers DefaultHttpControllerActivator Create
2014-08-13 12:19:58.8194|INFO|iRecruit.Logging.NLogger|GET http://localhost:58637/api/masterdata/get/?id=1 System.Web.Http.Controllers DefaultHttpControllerActivator Create iRecruit.Controllers.MasterDataController
2014-08-13 12:19:58.8194|INFO|iRecruit.Logging.NLogger|GET http://localhost:58637/api/masterdata/get/?id=1 System.Web.Http.Controllers HttpControllerDescriptor CreateController iRecruit.Controllers.MasterDataController
2014-08-13 12:19:58.8194|INFO|iRecruit.Logging.NLogger|GET http://localhost:58637/api/masterdata/get/?id=1 System.Web.Http.Controllers MasterDataController ExecuteAsync
2014-08-13 12:19:58.8194|INFO|iRecruit.Logging.NLogger|GET http://localhost:58637/api/masterdata/get/?id=1 System.Web.Http.Action ApiControllerActionSelector SelectAction
2014-08-13 12:19:58.8334|INFO|iRecruit.Logging.NLogger|GET http://localhost:58637/api/masterdata/get/?id=1 System.Web.Http.Action ApiControllerActionSelector SelectAction Selected action 'Get(Int32 id)'
2014-08-13 12:19:58.8334|INFO|iRecruit.Logging.NLogger|GET http://localhost:58637/api/masterdata/get/?id=1 System.Web.Http.ModelBinding HttpActionBinding ExecuteBindingAsync
2014-08-13 12:19:58.8334|INFO|iRecruit.Logging.NLogger|GET http://localhost:58637/api/masterdata/get/?id=1 System.Web.Http.ModelBinding ModelBinderParameterBinding ExecuteBindingAsync Binding parameter 'id'
2014-08-13 12:19:58.8334|INFO|iRecruit.Logging.NLogger|GET http://localhost:58637/api/masterdata/get/?id=1 System.Web.Http.ModelBinding ModelBinderParameterBinding ExecuteBindingAsync Parameter 'id' bound to the value '1'
2014-08-13 12:19:58.8334|INFO|iRecruit.Logging.NLogger|GET http://localhost:58637/api/masterdata/get/?id=1 System.Web.Http.ModelBinding HttpActionBinding ExecuteBindingAsync Model state is valid. Values: id=1
2014-08-13 12:19:58.8494|INFO|iRecruit.Logging.NLogger|GET http://localhost:58637/api/masterdata/get/?id=1 System.Web.Http.Filters AllowCrossSiteOriginAttribute OnActionExecutingAsync Action filter for 'Get(Int32 id)'
2014-08-13 12:19:58.8494|INFO|iRecruit.Logging.NLogger|GET http://localhost:58637/api/masterdata/get/?id=1 System.Web.Http.Filters AllowCrossSiteOriginAttribute OnActionExecutingAsync
2014-08-13 12:19:58.8494|INFO|iRecruit.Logging.NLogger|GET http://localhost:58637/api/masterdata/get/?id=1 System.Web.Http.Action ApiControllerActionInvoker InvokeActionAsync Action='Get(id=1)'
2014-08-13 12:19:58.8494|INFO|iRecruit.Logging.NLogger|GET http://localhost:58637/api/masterdata/get/?id=1 System.Web.Http.Action ReflectedHttpActionDescriptor ExecuteAsync Invoking action 'Get(id=1)'
2014-08-13 12:19:59.1404|INFO|iRecruit.Logging.NLogger|GET http://localhost:58637/api/masterdata/get/?id=1 System.Net.Http.Formatting DefaultContentNegotiator Negotiate Type='MasterDataModel', formatters=[JsonMediaTypeFormatterTracer, XmlMediaTypeFormatterTracer, FormUrlEncodedMediaTypeFormatterTracer, FormUrlEncodedMediaTypeFormatterTracer]
2014-08-13 12:19:59.1454|INFO|iRecruit.Logging.NLogger|GET http://localhost:58637/api/masterdata/get/?id=1 System.Net.Http.Formatting JsonMediaTypeFormatter GetPerRequestFormatterInstance Obtaining formatter of type 'JsonMediaTypeFormatter' for type='MasterDataModel', mediaType='application/json; charset=utf-8'
2014-08-13 12:19:59.1454|INFO|iRecruit.Logging.NLogger|GET http://localhost:58637/api/masterdata/get/?id=1 System.Net.Http.Formatting JsonMediaTypeFormatter GetPerRequestFormatterInstance Will use same 'JsonMediaTypeFormatter' formatter
2014-08-13 12:19:59.1454|INFO|iRecruit.Logging.NLogger|GET http://localhost:58637/api/masterdata/get/?id=1 System.Net.Http.Formatting DefaultContentNegotiator Negotiate Selected formatter='JsonMediaTypeFormatter', content-type='application/json; charset=utf-8'
2014-08-13 12:20:00.1014|INFO|iRecruit.Logging.NLogger|GET http://localhost:58637/api/masterdata/get/?id=1 iRecruit.Controllers.MasterDataController
2014-08-13 12:20:00.4544|INFO|iRecruit.Logging.NLogger|GET http://localhost:58637/api/masterdata/get/?id=1 System.Web.Http.Action ReflectedHttpActionDescriptor ExecuteAsync Action returned 'StatusCode: 200, ReasonPhrase: 'OK', Version: 1.1, Content: System.Net.Http.ObjectContent`1[[iRecruit.Models.MasterDataModel, iRecruit.Models, Version=1.0.0.0, Culture=neutral, PublicKeyToken=null]], Headers:
{
  Content-Type: application/json; charset=utf-8
}'
2014-08-13 12:20:00.5024|INFO|iRecruit.Logging.NLogger|GET http://localhost:58637/api/masterdata/get/?id=1 System.Web.Http.Action ApiControllerActionInvoker InvokeActionAsync
2014-08-13 12:20:00.5344|INFO|iRecruit.Logging.NLogger|GET http://localhost:58637/api/masterdata/get/?id=1 System.Web.Http.Filters AllowCrossSiteOriginAttribute OnActionExecutedAsync Action filter for 'Get(Int32 id)'
2014-08-13 12:20:00.5344|INFO|iRecruit.Logging.NLogger|GET http://localhost:58637/api/masterdata/get/?id=1 System.Web.Http.Filters AllowCrossSiteOriginAttribute OnActionExecutedAsync
2014-08-13 12:20:00.6254|INFO|iRecruit.Logging.NLogger|GET http://localhost:58637/api/masterdata/get/?id=1 System.Web.Http.Controllers MasterDataController ExecuteAsync
2014-08-13 12:20:01.5374|INFO|iRecruit.Logging.NLogger|GET http://localhost:58637/api/masterdata/get/?id=1 System.Web.Http.MessageHandlers TokenInspector SendAsync
2014-08-13 12:20:01.5554|INFO|iRecruit.Logging.NLogger|GET http://localhost:58637/api/masterdata/get/?id=1 System.Web.Http.Request Content-type='application/json; charset=utf-8', content-length=unknown
2014-08-13 12:20:01.5774|INFO|iRecruit.Logging.NLogger|GET http://localhost:58637/api/masterdata/get/?id=1 System.Net.Http.Formatting JsonMediaTypeFormatter WriteToStreamAsync Value='iRecruit.Models.MasterDataModel', type='MasterDataModel', content-type='application/json; charset=utf-8'
2014-08-13 12:20:01.5804|INFO|iRecruit.Logging.NLogger|GET http://localhost:58637/api/masterdata/get/?id=1 System.Net.Http.Formatting JsonMediaTypeFormatter WriteToStreamAsync
2014-08-13 12:20:01.5804|INFO|iRecruit.Logging.NLogger|GET http://localhost:58637/api/masterdata/get/?id=1 System.Web.Http.Controllers MasterDataController Dispose
2014-08-13 12:20:01.5804|INFO|iRecruit.Logging.NLogger|GET http://localhost:58637/api/masterdata/get/?id=1 System.Web.Http.Controllers MasterDataController Dispose
2014-08-13 12:25:12.3387|INFO|iRecruit.Logging.NLogger|GET http://localhost:58637/api/masterdata/get/?id=1 System.Web.Http.Request http://localhost:58637/api/masterdata/get/?id=1
2014-08-13 12:25:12.3387|INFO|iRecruit.Logging.NLogger|GET http://localhost:58637/api/masterdata/get/?id=1 System.Web.Http.MessageHandlers TokenInspector SendAsync
2014-08-13 12:25:12.3587|INFO|iRecruit.Logging.NLogger|GET http://localhost:58637/api/masterdata/get/?id=1 System.Web.Http.Controllers DefaultHttpControllerSelector SelectController Route='controller:masterdata,action:get'
2014-08-13 12:25:12.3587|INFO|iRecruit.Logging.NLogger|GET http://localhost:58637/api/masterdata/get/?id=1 System.Web.Http.Controllers DefaultHttpControllerSelector SelectController MasterData
2014-08-13 12:25:12.3647|INFO|iRecruit.Logging.NLogger|GET http://localhost:58637/api/masterdata/get/?id=1 System.Web.Http.Controllers HttpControllerDescriptor CreateController
2014-08-13 12:25:12.3647|INFO|iRecruit.Logging.NLogger|GET http://localhost:58637/api/masterdata/get/?id=1 System.Web.Http.Controllers DefaultHttpControllerActivator Create
2014-08-13 12:25:12.3647|INFO|iRecruit.Logging.NLogger|GET http://localhost:58637/api/masterdata/get/?id=1 System.Web.Http.Controllers DefaultHttpControllerActivator Create iRecruit.Controllers.MasterDataController
2014-08-13 12:25:12.3647|INFO|iRecruit.Logging.NLogger|GET http://localhost:58637/api/masterdata/get/?id=1 System.Web.Http.Controllers HttpControllerDescriptor CreateController iRecruit.Controllers.MasterDataController
2014-08-13 12:25:12.3817|INFO|iRecruit.Logging.NLogger|GET http://localhost:58637/api/masterdata/get/?id=1 System.Web.Http.Controllers MasterDataController ExecuteAsync
2014-08-13 12:25:12.3817|INFO|iRecruit.Logging.NLogger|GET http://localhost:58637/api/masterdata/get/?id=1 System.Web.Http.Action ApiControllerActionSelector SelectAction
2014-08-13 12:25:12.3817|INFO|iRecruit.Logging.NLogger|GET http://localhost:58637/api/masterdata/get/?id=1 System.Web.Http.Action ApiControllerActionSelector SelectAction Selected action 'Get(Int32 id)'
2014-08-13 12:25:12.3957|INFO|iRecruit.Logging.NLogger|GET http://localhost:58637/api/masterdata/get/?id=1 System.Web.Http.ModelBinding HttpActionBinding ExecuteBindingAsync
2014-08-13 12:25:12.3957|INFO|iRecruit.Logging.NLogger|GET http://localhost:58637/api/masterdata/get/?id=1 System.Web.Http.ModelBinding ModelBinderParameterBinding ExecuteBindingAsync Binding parameter 'id'
2014-08-13 12:25:12.3957|INFO|iRecruit.Logging.NLogger|GET http://localhost:58637/api/masterdata/get/?id=1 System.Web.Http.ModelBinding ModelBinderParameterBinding ExecuteBindingAsync Parameter 'id' bound to the value '1'
2014-08-13 12:25:12.3957|INFO|iRecruit.Logging.NLogger|GET http://localhost:58637/api/masterdata/get/?id=1 System.Web.Http.ModelBinding HttpActionBinding ExecuteBindingAsync Model state is valid. Values: id=1
2014-08-13 12:25:12.4127|INFO|iRecruit.Logging.NLogger|GET http://localhost:58637/api/masterdata/get/?id=1 System.Web.Http.Filters AllowCrossSiteOriginAttribute OnActionExecutingAsync Action filter for 'Get(Int32 id)'
2014-08-13 12:25:12.4127|INFO|iRecruit.Logging.NLogger|GET http://localhost:58637/api/masterdata/get/?id=1 System.Web.Http.Filters AllowCrossSiteOriginAttribute OnActionExecutingAsync
2014-08-13 12:25:12.4127|INFO|iRecruit.Logging.NLogger|GET http://localhost:58637/api/masterdata/get/?id=1 System.Web.Http.Action ApiControllerActionInvoker InvokeActionAsync Action='Get(id=1)'
2014-08-13 12:25:12.4127|INFO|iRecruit.Logging.NLogger|GET http://localhost:58637/api/masterdata/get/?id=1 System.Web.Http.Action ReflectedHttpActionDescriptor ExecuteAsync Invoking action 'Get(id=1)'
2014-08-13 12:25:20.4565|INFO|iRecruit.Logging.NLogger|GET http://localhost:58637/api/masterdata/get/?id=1 System.Net.Http.Formatting DefaultContentNegotiator Negotiate Type='MasterDataModel', formatters=[JsonMediaTypeFormatterTracer, XmlMediaTypeFormatterTracer, FormUrlEncodedMediaTypeFormatterTracer, FormUrlEncodedMediaTypeFormatterTracer]
2014-08-13 12:25:20.4565|INFO|iRecruit.Logging.NLogger|GET http://localhost:58637/api/masterdata/get/?id=1 System.Net.Http.Formatting JsonMediaTypeFormatter GetPerRequestFormatterInstance Obtaining formatter of type 'JsonMediaTypeFormatter' for type='MasterDataModel', mediaType='application/json; charset=utf-8'
2014-08-13 12:25:20.4635|INFO|iRecruit.Logging.NLogger|GET http://localhost:58637/api/masterdata/get/?id=1 System.Net.Http.Formatting JsonMediaTypeFormatter GetPerRequestFormatterInstance Will use same 'JsonMediaTypeFormatter' formatter
2014-08-13 12:25:20.4635|INFO|iRecruit.Logging.NLogger|GET http://localhost:58637/api/masterdata/get/?id=1 System.Net.Http.Formatting DefaultContentNegotiator Negotiate Selected formatter='JsonMediaTypeFormatter', content-type='application/json; charset=utf-8'
2014-08-13 12:25:20.4635|INFO|iRecruit.Logging.NLogger|GET http://localhost:58637/api/masterdata/get/?id=1 iRecruit.Controllers.MasterDataController
2014-08-13 12:25:20.4635|INFO|iRecruit.Logging.NLogger|GET http://localhost:58637/api/masterdata/get/?id=1 System.Web.Http.Action ReflectedHttpActionDescriptor ExecuteAsync Action returned 'StatusCode: 200, ReasonPhrase: 'OK', Version: 1.1, Content: System.Net.Http.ObjectContent`1[[iRecruit.Models.MasterDataModel, iRecruit.Models, Version=1.0.0.0, Culture=neutral, PublicKeyToken=null]], Headers:
{
  Content-Type: application/json; charset=utf-8
}'
2014-08-13 12:25:20.4765|INFO|iRecruit.Logging.NLogger|GET http://localhost:58637/api/masterdata/get/?id=1 System.Web.Http.Action ApiControllerActionInvoker InvokeActionAsync
2014-08-13 12:25:20.4765|INFO|iRecruit.Logging.NLogger|GET http://localhost:58637/api/masterdata/get/?id=1 System.Web.Http.Filters AllowCrossSiteOriginAttribute OnActionExecutedAsync Action filter for 'Get(Int32 id)'
2014-08-13 12:25:20.4765|INFO|iRecruit.Logging.NLogger|GET http://localhost:58637/api/masterdata/get/?id=1 System.Web.Http.Filters AllowCrossSiteOriginAttribute OnActionExecutedAsync
2014-08-13 12:25:20.4765|INFO|iRecruit.Logging.NLogger|GET http://localhost:58637/api/masterdata/get/?id=1 System.Web.Http.Controllers MasterDataController ExecuteAsync
2014-08-13 12:25:20.4765|INFO|iRecruit.Logging.NLogger|GET http://localhost:58637/api/masterdata/get/?id=1 System.Web.Http.MessageHandlers TokenInspector SendAsync
2014-08-13 12:25:20.4925|INFO|iRecruit.Logging.NLogger|GET http://localhost:58637/api/masterdata/get/?id=1 System.Web.Http.Request Content-type='application/json; charset=utf-8', content-length=unknown
2014-08-13 12:25:20.4925|INFO|iRecruit.Logging.NLogger|GET http://localhost:58637/api/masterdata/get/?id=1 System.Net.Http.Formatting JsonMediaTypeFormatter WriteToStreamAsync Value='iRecruit.Models.MasterDataModel', type='MasterDataModel', content-type='application/json; charset=utf-8'
2014-08-13 12:25:20.4925|INFO|iRecruit.Logging.NLogger|GET http://localhost:58637/api/masterdata/get/?id=1 System.Net.Http.Formatting JsonMediaTypeFormatter WriteToStreamAsync
2014-08-13 12:25:20.4925|INFO|iRecruit.Logging.NLogger|GET http://localhost:58637/api/masterdata/get/?id=1 System.Web.Http.Controllers MasterDataController Dispose
2014-08-13 12:25:20.4925|INFO|iRecruit.Logging.NLogger|GET http://localhost:58637/api/masterdata/get/?id=1 System.Web.Http.Controllers MasterDataController Dispose
2014-08-13 12:30:49.5474|DEBUG|iRecruit.Logging.NLogger| System.Web.Http.Controllers WebHostHttpControllerTypeResolver GetControllerTypes
2014-08-13 12:30:49.5644|DEBUG|iRecruit.Logging.NLogger| System.Web.Http.Controllers WebHostHttpControllerTypeResolver GetControllerTypes
2014-08-13 12:31:22.5167|DEBUG|iRecruit.Logging.NLogger| System.Web.Http.Controllers WebHostHttpControllerTypeResolver GetControllerTypes
2014-08-13 12:31:22.5257|DEBUG|iRecruit.Logging.NLogger| System.Web.Http.Controllers WebHostHttpControllerTypeResolver GetControllerTypes
2014-08-13 12:33:38.3083|INFO|iRecruit.Logging.NLogger|GET http://localhost:58637/api/masterdata/get/?id=1 System.Web.Http.Request http://localhost:58637/api/masterdata/get/?id=1
2014-08-13 12:33:38.3083|INFO|iRecruit.Logging.NLogger|GET http://localhost:58637/api/masterdata/get/?id=1 System.Web.Http.MessageHandlers TokenInspector SendAsync
2014-08-13 12:33:38.3383|INFO|iRecruit.Logging.NLogger|GET http://localhost:58637/api/masterdata/get/?id=1 System.Web.Http.Controllers DefaultHttpControllerSelector SelectController Route='controller:masterdata,action:get'
2014-08-13 12:33:38.3383|INFO|iRecruit.Logging.NLogger|GET http://localhost:58637/api/masterdata/get/?id=1 System.Web.Http.Controllers DefaultHttpControllerSelector SelectController MasterData
2014-08-13 12:33:38.3473|INFO|iRecruit.Logging.NLogger|GET http://localhost:58637/api/masterdata/get/?id=1 System.Web.Http.Controllers HttpControllerDescriptor CreateController
2014-08-13 12:33:38.3473|INFO|iRecruit.Logging.NLogger|GET http://localhost:58637/api/masterdata/get/?id=1 System.Web.Http.Controllers DefaultHttpControllerActivator Create
2014-08-13 12:33:38.3613|INFO|iRecruit.Logging.NLogger|GET http://localhost:58637/api/masterdata/get/?id=1 System.Web.Http.Controllers DefaultHttpControllerActivator Create iRecruit.Controllers.MasterDataController
2014-08-13 12:33:38.3613|INFO|iRecruit.Logging.NLogger|GET http://localhost:58637/api/masterdata/get/?id=1 System.Web.Http.Controllers HttpControllerDescriptor CreateController iRecruit.Controllers.MasterDataController
2014-08-13 12:33:38.3613|INFO|iRecruit.Logging.NLogger|GET http://localhost:58637/api/masterdata/get/?id=1 System.Web.Http.Controllers MasterDataController ExecuteAsync
2014-08-13 12:33:38.3753|INFO|iRecruit.Logging.NLogger|GET http://localhost:58637/api/masterdata/get/?id=1 System.Web.Http.Action ApiControllerActionSelector SelectAction
2014-08-13 12:33:38.4043|INFO|iRecruit.Logging.NLogger|GET http://localhost:58637/api/masterdata/get/?id=1 System.Web.Http.Action ApiControllerActionSelector SelectAction Selected action 'Get(Int32 id)'
2014-08-13 12:33:38.4243|INFO|iRecruit.Logging.NLogger|GET http://localhost:58637/api/masterdata/get/?id=1 System.Web.Http.ModelBinding HttpActionBinding ExecuteBindingAsync
2014-08-13 12:33:38.4243|INFO|iRecruit.Logging.NLogger|GET http://localhost:58637/api/masterdata/get/?id=1 System.Web.Http.ModelBinding ModelBinderParameterBinding ExecuteBindingAsync Binding parameter 'id'
2014-08-13 12:33:38.4633|INFO|iRecruit.Logging.NLogger|GET http://localhost:58637/api/masterdata/get/?id=1 System.Web.Http.ModelBinding ModelBinderParameterBinding ExecuteBindingAsync Parameter 'id' bound to the value '1'
2014-08-13 12:33:38.4633|INFO|iRecruit.Logging.NLogger|GET http://localhost:58637/api/masterdata/get/?id=1 System.Web.Http.ModelBinding HttpActionBinding ExecuteBindingAsync Model state is valid. Values: id=1
2014-08-13 12:33:38.4723|INFO|iRecruit.Logging.NLogger|GET http://localhost:58637/api/masterdata/get/?id=1 System.Web.Http.Filters AllowCrossSiteOriginAttribute OnActionExecutingAsync Action filter for 'Get(Int32 id)'
2014-08-13 12:33:38.4723|INFO|iRecruit.Logging.NLogger|GET http://localhost:58637/api/masterdata/get/?id=1 System.Web.Http.Filters AllowCrossSiteOriginAttribute OnActionExecutingAsync
2014-08-13 12:33:38.4843|INFO|iRecruit.Logging.NLogger|GET http://localhost:58637/api/masterdata/get/?id=1 System.Web.Http.Action ApiControllerActionInvoker InvokeActionAsync Action='Get(id=1)'
2014-08-13 12:33:38.4843|INFO|iRecruit.Logging.NLogger|GET http://localhost:58637/api/masterdata/get/?id=1 System.Web.Http.Action ReflectedHttpActionDescriptor ExecuteAsync Invoking action 'Get(id=1)'
2014-08-13 12:33:40.2405|INFO|iRecruit.Logging.NLogger|GET http://localhost:58637/api/masterdata/get/?id=1 System.Net.Http.Formatting DefaultContentNegotiator Negotiate Type='MasterDataModel', formatters=[JsonMediaTypeFormatterTracer, XmlMediaTypeFormatterTracer, FormUrlEncodedMediaTypeFormatterTracer, FormUrlEncodedMediaTypeFormatterTracer]
2014-08-13 12:33:40.2885|INFO|iRecruit.Logging.NLogger|GET http://localhost:58637/api/masterdata/get/?id=1 System.Net.Http.Formatting JsonMediaTypeFormatter GetPerRequestFormatterInstance Obtaining formatter of type 'JsonMediaTypeFormatter' for type='MasterDataModel', mediaType='application/json; charset=utf-8'
2014-08-13 12:33:40.2885|INFO|iRecruit.Logging.NLogger|GET http://localhost:58637/api/masterdata/get/?id=1 System.Net.Http.Formatting JsonMediaTypeFormatter GetPerRequestFormatterInstance Will use same 'JsonMediaTypeFormatter' formatter
2014-08-13 12:33:40.2965|INFO|iRecruit.Logging.NLogger|GET http://localhost:58637/api/masterdata/get/?id=1 System.Net.Http.Formatting DefaultContentNegotiator Negotiate Selected formatter='JsonMediaTypeFormatter', content-type='application/json; charset=utf-8'
2014-08-13 12:33:40.2965|INFO|iRecruit.Logging.NLogger|GET http://localhost:58637/api/masterdata/get/?id=1 iRecruit.Controllers.MasterDataController
2014-08-13 12:33:40.3105|INFO|iRecruit.Logging.NLogger|GET http://localhost:58637/api/masterdata/get/?id=1 System.Web.Http.Action ReflectedHttpActionDescriptor ExecuteAsync Action returned 'StatusCode: 200, ReasonPhrase: 'OK', Version: 1.1, Content: System.Net.Http.ObjectContent`1[[iRecruit.Models.MasterDataModel, iRecruit.Models, Version=1.0.0.0, Culture=neutral, PublicKeyToken=null]], Headers:
{
  Content-Type: application/json; charset=utf-8
}'
2014-08-13 12:33:40.3105|INFO|iRecruit.Logging.NLogger|GET http://localhost:58637/api/masterdata/get/?id=1 System.Web.Http.Action ApiControllerActionInvoker InvokeActionAsync
2014-08-13 12:33:40.3105|INFO|iRecruit.Logging.NLogger|GET http://localhost:58637/api/masterdata/get/?id=1 System.Web.Http.Filters AllowCrossSiteOriginAttribute OnActionExecutedAsync Action filter for 'Get(Int32 id)'
2014-08-13 12:33:40.3105|INFO|iRecruit.Logging.NLogger|GET http://localhost:58637/api/masterdata/get/?id=1 System.Web.Http.Filters AllowCrossSiteOriginAttribute OnActionExecutedAsync
2014-08-13 12:33:40.3285|INFO|iRecruit.Logging.NLogger|GET http://localhost:58637/api/masterdata/get/?id=1 System.Web.Http.Controllers MasterDataController ExecuteAsync
2014-08-13 12:33:40.3285|INFO|iRecruit.Logging.NLogger|GET http://localhost:58637/api/masterdata/get/?id=1 System.Web.Http.MessageHandlers TokenInspector SendAsync
2014-08-13 12:33:40.3285|INFO|iRecruit.Logging.NLogger|GET http://localhost:58637/api/masterdata/get/?id=1 System.Web.Http.Request Content-type='application/json; charset=utf-8', content-length=unknown
2014-08-13 12:33:40.3495|INFO|iRecruit.Logging.NLogger|GET http://localhost:58637/api/masterdata/get/?id=1 System.Net.Http.Formatting JsonMediaTypeFormatter WriteToStreamAsync Value='iRecruit.Models.MasterDataModel', type='MasterDataModel', content-type='application/json; charset=utf-8'
2014-08-13 12:33:40.3965|INFO|iRecruit.Logging.NLogger|GET http://localhost:58637/api/masterdata/get/?id=1 System.Net.Http.Formatting JsonMediaTypeFormatter WriteToStreamAsync
2014-08-13 12:33:40.4075|INFO|iRecruit.Logging.NLogger|GET http://localhost:58637/api/masterdata/get/?id=1 System.Web.Http.Controllers MasterDataController Dispose
2014-08-13 12:33:40.4075|INFO|iRecruit.Logging.NLogger|GET http://localhost:58637/api/masterdata/get/?id=1 System.Web.Http.Controllers MasterDataController Dispose
2014-08-13 12:43:55.4810|DEBUG|iRecruit.Logging.NLogger| System.Web.Http.Controllers WebHostHttpControllerTypeResolver GetControllerTypes
2014-08-13 12:43:55.5210|DEBUG|iRecruit.Logging.NLogger| System.Web.Http.Controllers WebHostHttpControllerTypeResolver GetControllerTypes
2014-08-13 12:44:58.4973|INFO|iRecruit.Logging.NLogger|GET http://localhost:58637/api/masterdata/get/?id=1 System.Web.Http.Request http://localhost:58637/api/masterdata/get/?id=1
2014-08-13 12:44:58.4973|INFO|iRecruit.Logging.NLogger|GET http://localhost:58637/api/masterdata/get/?id=1 System.Web.Http.MessageHandlers TokenInspector SendAsync
2014-08-13 12:44:58.5293|INFO|iRecruit.Logging.NLogger|GET http://localhost:58637/api/masterdata/get/?id=1 System.Web.Http.Controllers DefaultHttpControllerSelector SelectController Route='controller:masterdata,action:get'
2014-08-13 12:44:58.5293|INFO|iRecruit.Logging.NLogger|GET http://localhost:58637/api/masterdata/get/?id=1 System.Web.Http.Controllers DefaultHttpControllerSelector SelectController MasterData
2014-08-13 12:44:58.5373|INFO|iRecruit.Logging.NLogger|GET http://localhost:58637/api/masterdata/get/?id=1 System.Web.Http.Controllers HttpControllerDescriptor CreateController
2014-08-13 12:44:58.5373|INFO|iRecruit.Logging.NLogger|GET http://localhost:58637/api/masterdata/get/?id=1 System.Web.Http.Controllers DefaultHttpControllerActivator Create
2014-08-13 12:44:58.5373|INFO|iRecruit.Logging.NLogger|GET http://localhost:58637/api/masterdata/get/?id=1 System.Web.Http.Controllers DefaultHttpControllerActivator Create iRecruit.Controllers.MasterDataController
2014-08-13 12:44:58.5543|INFO|iRecruit.Logging.NLogger|GET http://localhost:58637/api/masterdata/get/?id=1 System.Web.Http.Controllers HttpControllerDescriptor CreateController iRecruit.Controllers.MasterDataController
2014-08-13 12:44:58.5543|INFO|iRecruit.Logging.NLogger|GET http://localhost:58637/api/masterdata/get/?id=1 System.Web.Http.Controllers MasterDataController ExecuteAsync
2014-08-13 12:44:58.5543|INFO|iRecruit.Logging.NLogger|GET http://localhost:58637/api/masterdata/get/?id=1 System.Web.Http.Action ApiControllerActionSelector SelectAction
2014-08-13 12:44:58.5903|INFO|iRecruit.Logging.NLogger|GET http://localhost:58637/api/masterdata/get/?id=1 System.Web.Http.Action ApiControllerActionSelector SelectAction Selected action 'Get(Int32 id)'
2014-08-13 12:44:58.6083|INFO|iRecruit.Logging.NLogger|GET http://localhost:58637/api/masterdata/get/?id=1 System.Web.Http.ModelBinding HttpActionBinding ExecuteBindingAsync
2014-08-13 12:44:58.6083|INFO|iRecruit.Logging.NLogger|GET http://localhost:58637/api/masterdata/get/?id=1 System.Web.Http.ModelBinding ModelBinderParameterBinding ExecuteBindingAsync Binding parameter 'id'
2014-08-13 12:44:58.6473|INFO|iRecruit.Logging.NLogger|GET http://localhost:58637/api/masterdata/get/?id=1 System.Web.Http.ModelBinding ModelBinderParameterBinding ExecuteBindingAsync Parameter 'id' bound to the value '1'
2014-08-13 12:44:58.6473|INFO|iRecruit.Logging.NLogger|GET http://localhost:58637/api/masterdata/get/?id=1 System.Web.Http.ModelBinding HttpActionBinding ExecuteBindingAsync Model state is valid. Values: id=1
2014-08-13 12:44:58.6473|INFO|iRecruit.Logging.NLogger|GET http://localhost:58637/api/masterdata/get/?id=1 System.Web.Http.Filters AllowCrossSiteOriginAttribute OnActionExecutingAsync Action filter for 'Get(Int32 id)'
2014-08-13 12:44:58.6623|INFO|iRecruit.Logging.NLogger|GET http://localhost:58637/api/masterdata/get/?id=1 System.Web.Http.Filters AllowCrossSiteOriginAttribute OnActionExecutingAsync
2014-08-13 12:44:58.6623|INFO|iRecruit.Logging.NLogger|GET http://localhost:58637/api/masterdata/get/?id=1 System.Web.Http.Action ApiControllerActionInvoker InvokeActionAsync Action='Get(id=1)'
2014-08-13 12:44:58.6623|INFO|iRecruit.Logging.NLogger|GET http://localhost:58637/api/masterdata/get/?id=1 System.Web.Http.Action ReflectedHttpActionDescriptor ExecuteAsync Invoking action 'Get(id=1)'
2014-08-13 12:44:58.9803|INFO|iRecruit.Logging.NLogger|GET http://localhost:58637/api/masterdata/get/?id=1 System.Net.Http.Formatting DefaultContentNegotiator Negotiate Type='MasterDataModel', formatters=[JsonMediaTypeFormatterTracer, XmlMediaTypeFormatterTracer, FormUrlEncodedMediaTypeFormatterTracer, FormUrlEncodedMediaTypeFormatterTracer]
2014-08-13 12:44:59.0193|INFO|iRecruit.Logging.NLogger|GET http://localhost:58637/api/masterdata/get/?id=1 System.Net.Http.Formatting JsonMediaTypeFormatter GetPerRequestFormatterInstance Obtaining formatter of type 'JsonMediaTypeFormatter' for type='MasterDataModel', mediaType='application/json; charset=utf-8'
2014-08-13 12:44:59.0243|INFO|iRecruit.Logging.NLogger|GET http://localhost:58637/api/masterdata/get/?id=1 System.Net.Http.Formatting JsonMediaTypeFormatter GetPerRequestFormatterInstance Will use same 'JsonMediaTypeFormatter' formatter
2014-08-13 12:44:59.0243|INFO|iRecruit.Logging.NLogger|GET http://localhost:58637/api/masterdata/get/?id=1 System.Net.Http.Formatting DefaultContentNegotiator Negotiate Selected formatter='JsonMediaTypeFormatter', content-type='application/json; charset=utf-8'
2014-08-13 12:44:59.0243|INFO|iRecruit.Logging.NLogger|GET http://localhost:58637/api/masterdata/get/?id=1 iRecruit.Controllers.MasterDataController
2014-08-13 12:44:59.0393|INFO|iRecruit.Logging.NLogger|GET http://localhost:58637/api/masterdata/get/?id=1 System.Web.Http.Action ReflectedHttpActionDescriptor ExecuteAsync Action returned 'StatusCode: 200, ReasonPhrase: 'OK', Version: 1.1, Content: System.Net.Http.ObjectContent`1[[iRecruit.Models.MasterDataModel, iRecruit.Models, Version=1.0.0.0, Culture=neutral, PublicKeyToken=null]], Headers:
{
  Content-Type: application/json; charset=utf-8
}'
2014-08-13 12:44:59.0393|INFO|iRecruit.Logging.NLogger|GET http://localhost:58637/api/masterdata/get/?id=1 System.Web.Http.Action ApiControllerActionInvoker InvokeActionAsync
2014-08-13 12:44:59.0524|INFO|iRecruit.Logging.NLogger|GET http://localhost:58637/api/masterdata/get/?id=1 System.Web.Http.Filters AllowCrossSiteOriginAttribute OnActionExecutedAsync Action filter for 'Get(Int32 id)'
2014-08-13 12:44:59.0524|INFO|iRecruit.Logging.NLogger|GET http://localhost:58637/api/masterdata/get/?id=1 System.Web.Http.Filters AllowCrossSiteOriginAttribute OnActionExecutedAsync
2014-08-13 12:44:59.0524|INFO|iRecruit.Logging.NLogger|GET http://localhost:58637/api/masterdata/get/?id=1 System.Web.Http.Controllers MasterDataController ExecuteAsync
2014-08-13 12:44:59.0524|INFO|iRecruit.Logging.NLogger|GET http://localhost:58637/api/masterdata/get/?id=1 System.Web.Http.MessageHandlers TokenInspector SendAsync
2014-08-13 12:44:59.0684|INFO|iRecruit.Logging.NLogger|GET http://localhost:58637/api/masterdata/get/?id=1 System.Web.Http.Request Content-type='application/json; charset=utf-8', content-length=unknown
2014-08-13 12:44:59.0684|INFO|iRecruit.Logging.NLogger|GET http://localhost:58637/api/masterdata/get/?id=1 System.Net.Http.Formatting JsonMediaTypeFormatter WriteToStreamAsync Value='iRecruit.Models.MasterDataModel', type='MasterDataModel', content-type='application/json; charset=utf-8'
2014-08-13 12:44:59.1364|INFO|iRecruit.Logging.NLogger|GET http://localhost:58637/api/masterdata/get/?id=1 System.Net.Http.Formatting JsonMediaTypeFormatter WriteToStreamAsync
2014-08-13 12:44:59.1464|INFO|iRecruit.Logging.NLogger|GET http://localhost:58637/api/masterdata/get/?id=1 System.Web.Http.Controllers MasterDataController Dispose
2014-08-13 12:44:59.1464|INFO|iRecruit.Logging.NLogger|GET http://localhost:58637/api/masterdata/get/?id=1 System.Web.Http.Controllers MasterDataController Dispose
2014-08-13 13:06:12.2567|DEBUG|iRecruit.Logging.NLogger| System.Web.Http.Controllers WebHostHttpControllerTypeResolver GetControllerTypes
2014-08-13 13:06:12.2787|DEBUG|iRecruit.Logging.NLogger| System.Web.Http.Controllers WebHostHttpControllerTypeResolver GetControllerTypes
2014-08-13 13:52:33.9578|DEBUG|iRecruit.Logging.NLogger| System.Web.Http.Controllers WebHostHttpControllerTypeResolver GetControllerTypes
2014-08-13 13:52:33.9758|DEBUG|iRecruit.Logging.NLogger| System.Web.Http.Controllers WebHostHttpControllerTypeResolver GetControllerTypes
2014-08-13 14:31:44.1648|INFO|iRecruit.Logging.NLogger|GET http://localhost:58637/api/masterdata/get/?id=1 System.Web.Http.Request http://localhost:58637/api/masterdata/get/?id=1
2014-08-13 14:31:44.1648|INFO|iRecruit.Logging.NLogger|GET http://localhost:58637/api/masterdata/get/?id=1 System.Web.Http.MessageHandlers TokenInspector SendAsync
2014-08-13 14:31:44.1938|INFO|iRecruit.Logging.NLogger|GET http://localhost:58637/api/masterdata/get/?id=1 System.Web.Http.Controllers DefaultHttpControllerSelector SelectController Route='controller:masterdata,action:get'
2014-08-13 14:31:44.1938|INFO|iRecruit.Logging.NLogger|GET http://localhost:58637/api/masterdata/get/?id=1 System.Web.Http.Controllers DefaultHttpControllerSelector SelectController MasterData
2014-08-13 14:31:44.2028|INFO|iRecruit.Logging.NLogger|GET http://localhost:58637/api/masterdata/get/?id=1 System.Web.Http.Controllers HttpControllerDescriptor CreateController
2014-08-13 14:31:44.2028|INFO|iRecruit.Logging.NLogger|GET http://localhost:58637/api/masterdata/get/?id=1 System.Web.Http.Controllers DefaultHttpControllerActivator Create
2014-08-13 14:31:44.2028|INFO|iRecruit.Logging.NLogger|GET http://localhost:58637/api/masterdata/get/?id=1 System.Web.Http.Controllers DefaultHttpControllerActivator Create iRecruit.Controllers.MasterDataController
2014-08-13 14:31:44.2198|INFO|iRecruit.Logging.NLogger|GET http://localhost:58637/api/masterdata/get/?id=1 System.Web.Http.Controllers HttpControllerDescriptor CreateController iRecruit.Controllers.MasterDataController
2014-08-13 14:31:44.2198|INFO|iRecruit.Logging.NLogger|GET http://localhost:58637/api/masterdata/get/?id=1 System.Web.Http.Controllers MasterDataController ExecuteAsync
2014-08-13 14:31:44.2198|INFO|iRecruit.Logging.NLogger|GET http://localhost:58637/api/masterdata/get/?id=1 System.Web.Http.Action ApiControllerActionSelector SelectAction
2014-08-13 14:31:44.2638|INFO|iRecruit.Logging.NLogger|GET http://localhost:58637/api/masterdata/get/?id=1 System.Web.Http.Action ApiControllerActionSelector SelectAction Selected action 'Get(Int32 id)'
2014-08-13 14:31:44.2898|INFO|iRecruit.Logging.NLogger|GET http://localhost:58637/api/masterdata/get/?id=1 System.Web.Http.ModelBinding HttpActionBinding ExecuteBindingAsync
2014-08-13 14:31:44.2968|INFO|iRecruit.Logging.NLogger|GET http://localhost:58637/api/masterdata/get/?id=1 System.Web.Http.ModelBinding ModelBinderParameterBinding ExecuteBindingAsync Binding parameter 'id'
2014-08-13 14:31:44.3338|INFO|iRecruit.Logging.NLogger|GET http://localhost:58637/api/masterdata/get/?id=1 System.Web.Http.ModelBinding ModelBinderParameterBinding ExecuteBindingAsync Parameter 'id' bound to the value '1'
2014-08-13 14:31:44.3338|INFO|iRecruit.Logging.NLogger|GET http://localhost:58637/api/masterdata/get/?id=1 System.Web.Http.ModelBinding HttpActionBinding ExecuteBindingAsync Model state is valid. Values: id=1
2014-08-13 14:31:44.3448|INFO|iRecruit.Logging.NLogger|GET http://localhost:58637/api/masterdata/get/?id=1 System.Web.Http.Filters AllowCrossSiteOriginAttribute OnActionExecutingAsync Action filter for 'Get(Int32 id)'
2014-08-13 14:31:44.3448|INFO|iRecruit.Logging.NLogger|GET http://localhost:58637/api/masterdata/get/?id=1 System.Web.Http.Filters AllowCrossSiteOriginAttribute OnActionExecutingAsync
2014-08-13 14:31:44.3448|INFO|iRecruit.Logging.NLogger|GET http://localhost:58637/api/masterdata/get/?id=1 System.Web.Http.Action ApiControllerActionInvoker InvokeActionAsync Action='Get(id=1)'
2014-08-13 14:31:44.3588|INFO|iRecruit.Logging.NLogger|GET http://localhost:58637/api/masterdata/get/?id=1 System.Web.Http.Action ReflectedHttpActionDescriptor ExecuteAsync Invoking action 'Get(id=1)'
2014-08-13 14:31:44.9059|INFO|iRecruit.Logging.NLogger|GET http://localhost:58637/api/masterdata/get/?id=1 System.Net.Http.Formatting DefaultContentNegotiator Negotiate Type='MasterDataModel', formatters=[JsonMediaTypeFormatterTracer, XmlMediaTypeFormatterTracer, FormUrlEncodedMediaTypeFormatterTracer, FormUrlEncodedMediaTypeFormatterTracer]
2014-08-13 14:31:44.9249|INFO|iRecruit.Logging.NLogger|GET http://localhost:58637/api/masterdata/get/?id=1 System.Net.Http.Formatting JsonMediaTypeFormatter GetPerRequestFormatterInstance Obtaining formatter of type 'JsonMediaTypeFormatter' for type='MasterDataModel', mediaType='application/json; charset=utf-8'
2014-08-13 14:31:44.9249|INFO|iRecruit.Logging.NLogger|GET http://localhost:58637/api/masterdata/get/?id=1 System.Net.Http.Formatting JsonMediaTypeFormatter GetPerRequestFormatterInstance Will use same 'JsonMediaTypeFormatter' formatter
2014-08-13 14:31:44.9249|INFO|iRecruit.Logging.NLogger|GET http://localhost:58637/api/masterdata/get/?id=1 System.Net.Http.Formatting DefaultContentNegotiator Negotiate Selected formatter='JsonMediaTypeFormatter', content-type='application/json; charset=utf-8'
2014-08-13 14:31:44.9359|INFO|iRecruit.Logging.NLogger|GET http://localhost:58637/api/masterdata/get/?id=1 iRecruit.Controllers.MasterDataController
2014-08-13 14:31:44.9359|INFO|iRecruit.Logging.NLogger|GET http://localhost:58637/api/masterdata/get/?id=1 System.Web.Http.Action ReflectedHttpActionDescriptor ExecuteAsync Action returned 'StatusCode: 200, ReasonPhrase: 'OK', Version: 1.1, Content: System.Net.Http.ObjectContent`1[[iRecruit.Models.MasterDataModel, iRecruit.Models, Version=1.0.0.0, Culture=neutral, PublicKeyToken=null]], Headers:
{
  Content-Type: application/json; charset=utf-8
}'
2014-08-13 14:31:44.9359|INFO|iRecruit.Logging.NLogger|GET http://localhost:58637/api/masterdata/get/?id=1 System.Web.Http.Action ApiControllerActionInvoker InvokeActionAsync
2014-08-13 14:31:44.9539|INFO|iRecruit.Logging.NLogger|GET http://localhost:58637/api/masterdata/get/?id=1 System.Web.Http.Filters AllowCrossSiteOriginAttribute OnActionExecutedAsync Action filter for 'Get(Int32 id)'
2014-08-13 14:31:44.9539|INFO|iRecruit.Logging.NLogger|GET http://localhost:58637/api/masterdata/get/?id=1 System.Web.Http.Filters AllowCrossSiteOriginAttribute OnActionExecutedAsync
2014-08-13 14:31:44.9539|INFO|iRecruit.Logging.NLogger|GET http://localhost:58637/api/masterdata/get/?id=1 System.Web.Http.Controllers MasterDataController ExecuteAsync
2014-08-13 14:31:44.9679|INFO|iRecruit.Logging.NLogger|GET http://localhost:58637/api/masterdata/get/?id=1 System.Web.Http.MessageHandlers TokenInspector SendAsync
2014-08-13 14:31:44.9679|INFO|iRecruit.Logging.NLogger|GET http://localhost:58637/api/masterdata/get/?id=1 System.Web.Http.Request Content-type='application/json; charset=utf-8', content-length=unknown
2014-08-13 14:31:44.9859|INFO|iRecruit.Logging.NLogger|GET http://localhost:58637/api/masterdata/get/?id=1 System.Net.Http.Formatting JsonMediaTypeFormatter WriteToStreamAsync Value='iRecruit.Models.MasterDataModel', type='MasterDataModel', content-type='application/json; charset=utf-8'
2014-08-13 14:31:45.0369|INFO|iRecruit.Logging.NLogger|GET http://localhost:58637/api/masterdata/get/?id=1 System.Net.Http.Formatting JsonMediaTypeFormatter WriteToStreamAsync
2014-08-13 14:31:45.0489|INFO|iRecruit.Logging.NLogger|GET http://localhost:58637/api/masterdata/get/?id=1 System.Web.Http.Controllers MasterDataController Dispose
2014-08-13 14:31:45.0489|INFO|iRecruit.Logging.NLogger|GET http://localhost:58637/api/masterdata/get/?id=1 System.Web.Http.Controllers MasterDataController Dispose
2014-08-13 15:01:25.7220|DEBUG|iRecruit.Logging.NLogger| System.Web.Http.Controllers WebHostHttpControllerTypeResolver GetControllerTypes
2014-08-13 15:01:25.7400|DEBUG|iRecruit.Logging.NLogger| System.Web.Http.Controllers WebHostHttpControllerTypeResolver GetControllerTypes
2014-08-13 15:10:36.1240|DEBUG|iRecruit.Logging.NLogger| System.Web.Http.Controllers WebHostHttpControllerTypeResolver GetControllerTypes
2014-08-13 15:10:36.1430|DEBUG|iRecruit.Logging.NLogger| System.Web.Http.Controllers WebHostHttpControllerTypeResolver GetControllerTypes
2014-08-13 15:21:17.1921|DEBUG|iRecruit.Logging.NLogger| System.Web.Http.Controllers WebHostHttpControllerTypeResolver GetControllerTypes
2014-08-13 15:21:17.2141|DEBUG|iRecruit.Logging.NLogger| System.Web.Http.Controllers WebHostHttpControllerTypeResolver GetControllerTypes
2014-08-13 16:07:18.1492|DEBUG|iRecruit.Logging.NLogger| System.Web.Http.Controllers WebHostHttpControllerTypeResolver GetControllerTypes
2014-08-13 16:07:18.1672|DEBUG|iRecruit.Logging.NLogger| System.Web.Http.Controllers WebHostHttpControllerTypeResolver GetControllerTypes
2014-08-13 16:13:56.4810|DEBUG|iRecruit.Logging.NLogger| System.Web.Http.Controllers WebHostHttpControllerTypeResolver GetControllerTypes
2014-08-13 16:13:56.4900|DEBUG|iRecruit.Logging.NLogger| System.Web.Http.Controllers WebHostHttpControllerTypeResolver GetControllerTypes
2014-08-13 18:06:14.6108|DEBUG|iRecruit.Logging.NLogger| System.Web.Http.Controllers WebHostHttpControllerTypeResolver GetControllerTypes
2014-08-13 18:06:14.6278|DEBUG|iRecruit.Logging.NLogger| System.Web.Http.Controllers WebHostHttpControllerTypeResolver GetControllerTypes
2014-08-13 18:11:40.9674|DEBUG|iRecruit.Logging.NLogger| System.Web.Http.Controllers WebHostHttpControllerTypeResolver GetControllerTypes
2014-08-13 18:11:40.9775|DEBUG|iRecruit.Logging.NLogger| System.Web.Http.Controllers WebHostHttpControllerTypeResolver GetControllerTypes
2014-08-13 21:22:28.0991|DEBUG|iRecruit.Logging.NLogger| System.Web.Http.Controllers WebHostHttpControllerTypeResolver GetControllerTypes
2014-08-13 21:22:28.1231|DEBUG|iRecruit.Logging.NLogger| System.Web.Http.Controllers WebHostHttpControllerTypeResolver GetControllerTypes
2014-08-13 21:26:11.9319|DEBUG|iRecruit.Logging.NLogger| System.Web.Http.Controllers WebHostHttpControllerTypeResolver GetControllerTypes
2014-08-13 21:26:11.9789|DEBUG|iRecruit.Logging.NLogger| System.Web.Http.Controllers WebHostHttpControllerTypeResolver GetControllerTypes
2014-08-13 22:16:40.4771|DEBUG|iRecruit.Logging.NLogger| System.Web.Http.Controllers WebHostHttpControllerTypeResolver GetControllerTypes
2014-08-13 22:16:40.4981|DEBUG|iRecruit.Logging.NLogger| System.Web.Http.Controllers WebHostHttpControllerTypeResolver GetControllerTypes
2014-08-13 22:33:51.9431|DEBUG|iRecruit.Logging.NLogger| System.Web.Http.Controllers WebHostHttpControllerTypeResolver GetControllerTypes
2014-08-13 22:33:51.9921|DEBUG|iRecruit.Logging.NLogger| System.Web.Http.Controllers WebHostHttpControllerTypeResolver GetControllerTypes
