2014-09-16 14:15:17.6491|DEBUG|iRecruit.Logging.NLogger| System.Web.Http.Controllers WebHostHttpControllerTypeResolver GetControllerTypes
2014-09-16 14:15:17.6921|DEBUG|iRecruit.Logging.NLogger| System.Web.Http.Controllers WebHostHttpControllerTypeResolver GetControllerTypes
2014-09-16 14:15:20.2244|DEBUG|iRecruit.Logging.NLogger| System.Web.Http.Controllers WebHostHttpControllerTypeResolver GetControllerTypes
2014-09-16 14:15:20.2444|DEBUG|iRecruit.Logging.NLogger| System.Web.Http.Controllers WebHostHttpControllerTypeResolver GetControllerTypes
2014-09-16 14:16:03.9347|INFO|iRecruit.Logging.NLogger|GET http://localhost:58637/api/MasterData/GetTechnologyAndSkills/0?companyId=1 System.Web.Http.Request http://localhost:58637/api/MasterData/GetTechnologyAndSkills/0?companyId=1
2014-09-16 14:16:03.9347|INFO|iRecruit.Logging.NLogger|GET http://localhost:58637/api/MasterData/GetTechnologyAndSkills/0?companyId=1 System.Web.Http.MessageHandlers TokenInspector SendAsync
2014-09-16 14:16:03.9707|INFO|iRecruit.Logging.NLogger|GET http://localhost:58637/api/MasterData/GetTechnologyAndSkills/0?companyId=1 System.Web.Http.Controllers DefaultHttpControllerSelector SelectController Route='controller:MasterData,action:GetTechnologyAndSkills,id:0'
2014-09-16 14:16:03.9707|INFO|iRecruit.Logging.NLogger|GET http://localhost:58637/api/MasterData/GetTechnologyAndSkills/0?companyId=1 System.Web.Http.Controllers DefaultHttpControllerSelector SelectController MasterData
2014-09-16 14:16:03.9707|INFO|iRecruit.Logging.NLogger|GET http://localhost:58637/api/MasterData/GetTechnologyAndSkills/0?companyId=1 System.Web.Http.Controllers HttpControllerDescriptor CreateController
2014-09-16 14:16:03.9707|INFO|iRecruit.Logging.NLogger|GET http://localhost:58637/api/MasterData/GetTechnologyAndSkills/0?companyId=1 System.Web.Http.Controllers DefaultHttpControllerActivator Create
2014-09-16 14:16:03.9877|INFO|iRecruit.Logging.NLogger|GET http://localhost:58637/api/MasterData/GetTechnologyAndSkills/0?companyId=1 System.Web.Http.Controllers DefaultHttpControllerActivator Create iRecruit.Controllers.MasterDataController
2014-09-16 14:16:03.9877|INFO|iRecruit.Logging.NLogger|GET http://localhost:58637/api/MasterData/GetTechnologyAndSkills/0?companyId=1 System.Web.Http.Controllers HttpControllerDescriptor CreateController iRecruit.Controllers.MasterDataController
2014-09-16 14:16:04.0027|INFO|iRecruit.Logging.NLogger|GET http://localhost:58637/api/MasterData/GetTechnologyAndSkills/0?companyId=1 System.Web.Http.Controllers MasterDataController ExecuteAsync
2014-09-16 14:16:04.0027|INFO|iRecruit.Logging.NLogger|GET http://localhost:58637/api/MasterData/GetTechnologyAndSkills/0?companyId=1 System.Web.Http.Action ApiControllerActionSelector SelectAction
2014-09-16 14:16:04.0367|INFO|iRecruit.Logging.NLogger|GET http://localhost:58637/api/MasterData/GetTechnologyAndSkills/0?companyId=1 System.Web.Http.Action ApiControllerActionSelector SelectAction Selected action 'GetTechnologyAndSkills(Int32 companyId)'
2014-09-16 14:16:04.0557|INFO|iRecruit.Logging.NLogger|GET http://localhost:58637/api/MasterData/GetTechnologyAndSkills/0?companyId=1 System.Web.Http.ModelBinding HttpActionBinding ExecuteBindingAsync
2014-09-16 14:16:04.0557|INFO|iRecruit.Logging.NLogger|GET http://localhost:58637/api/MasterData/GetTechnologyAndSkills/0?companyId=1 System.Web.Http.ModelBinding ModelBinderParameterBinding ExecuteBindingAsync Binding parameter 'companyId'
2014-09-16 14:16:04.1027|INFO|iRecruit.Logging.NLogger|GET http://localhost:58637/api/MasterData/GetTechnologyAndSkills/0?companyId=1 System.Web.Http.ModelBinding ModelBinderParameterBinding ExecuteBindingAsync Parameter 'companyId' bound to the value '1'
2014-09-16 14:16:04.1027|INFO|iRecruit.Logging.NLogger|GET http://localhost:58637/api/MasterData/GetTechnologyAndSkills/0?companyId=1 System.Web.Http.ModelBinding HttpActionBinding ExecuteBindingAsync Model state is valid. Values: companyId=1
2014-09-16 14:16:04.1127|INFO|iRecruit.Logging.NLogger|GET http://localhost:58637/api/MasterData/GetTechnologyAndSkills/0?companyId=1 System.Web.Http.Filters AllowCrossSiteOriginAttribute OnActionExecutingAsync Action filter for 'GetTechnologyAndSkills(Int32 companyId)'
2014-09-16 14:16:04.1127|INFO|iRecruit.Logging.NLogger|GET http://localhost:58637/api/MasterData/GetTechnologyAndSkills/0?companyId=1 System.Web.Http.Filters AllowCrossSiteOriginAttribute OnActionExecutingAsync
2014-09-16 14:16:04.1127|INFO|iRecruit.Logging.NLogger|GET http://localhost:58637/api/MasterData/GetTechnologyAndSkills/0?companyId=1 System.Web.Http.Action ApiControllerActionInvoker InvokeActionAsync Action='GetTechnologyAndSkills(companyId=1)'
2014-09-16 14:16:04.1287|INFO|iRecruit.Logging.NLogger|GET http://localhost:58637/api/MasterData/GetTechnologyAndSkills/0?companyId=1 System.Web.Http.Action ReflectedHttpActionDescriptor ExecuteAsync Invoking action 'GetTechnologyAndSkills(companyId=1)'
2014-09-16 14:16:04.2998|INFO|iRecruit.Logging.NLogger|GET http://localhost:58637/api/MasterData/GetTechnologyAndSkills/0?companyId=1 System.Net.Http.Formatting DefaultContentNegotiator Negotiate Type='List`1', formatters=[JsonMediaTypeFormatterTracer, XmlMediaTypeFormatterTracer, FormUrlEncodedMediaTypeFormatterTracer, FormUrlEncodedMediaTypeFormatterTracer]
2014-09-16 14:16:04.3338|INFO|iRecruit.Logging.NLogger|GET http://localhost:58637/api/MasterData/GetTechnologyAndSkills/0?companyId=1 System.Net.Http.Formatting JsonMediaTypeFormatter GetPerRequestFormatterInstance Obtaining formatter of type 'JsonMediaTypeFormatter' for type='List`1', mediaType='application/json; charset=utf-8'
2014-09-16 14:16:04.3338|INFO|iRecruit.Logging.NLogger|GET http://localhost:58637/api/MasterData/GetTechnologyAndSkills/0?companyId=1 System.Net.Http.Formatting JsonMediaTypeFormatter GetPerRequestFormatterInstance Will use same 'JsonMediaTypeFormatter' formatter
2014-09-16 14:16:04.3338|INFO|iRecruit.Logging.NLogger|GET http://localhost:58637/api/MasterData/GetTechnologyAndSkills/0?companyId=1 System.Net.Http.Formatting DefaultContentNegotiator Negotiate Selected formatter='JsonMediaTypeFormatter', content-type='application/json; charset=utf-8'
2014-09-16 14:16:04.3478|INFO|iRecruit.Logging.NLogger|GET http://localhost:58637/api/MasterData/GetTechnologyAndSkills/0?companyId=1 iRecruit.Controllers.MasterDataController
2014-09-16 14:16:04.3478|INFO|iRecruit.Logging.NLogger|GET http://localhost:58637/api/MasterData/GetTechnologyAndSkills/0?companyId=1 System.Web.Http.Action ReflectedHttpActionDescriptor ExecuteAsync Action returned 'StatusCode: 200, ReasonPhrase: 'OK', Version: 1.1, Content: System.Net.Http.ObjectContent`1[[System.Collections.Generic.List`1[[iRecruit.Entity.TechnologiesAndSkills, iRecruit.Entity, Version=1.0.0.0, Culture=neutral, PublicKeyToken=null]], mscorlib, Version=4.0.0.0, Culture=neutral, PublicKeyToken=b77a5c561934e089]], Headers:
{
  Content-Type: application/json; charset=utf-8
}'
2014-09-16 14:16:04.3478|INFO|iRecruit.Logging.NLogger|GET http://localhost:58637/api/MasterData/GetTechnologyAndSkills/0?companyId=1 System.Web.Http.Action ApiControllerActionInvoker InvokeActionAsync
2014-09-16 14:16:04.3628|INFO|iRecruit.Logging.NLogger|GET http://localhost:58637/api/MasterData/GetTechnologyAndSkills/0?companyId=1 System.Web.Http.Filters AllowCrossSiteOriginAttribute OnActionExecutedAsync Action filter for 'GetTechnologyAndSkills(Int32 companyId)'
2014-09-16 14:16:04.3628|INFO|iRecruit.Logging.NLogger|GET http://localhost:58637/api/MasterData/GetTechnologyAndSkills/0?companyId=1 System.Web.Http.Filters AllowCrossSiteOriginAttribute OnActionExecutedAsync
2014-09-16 14:16:04.3628|INFO|iRecruit.Logging.NLogger|GET http://localhost:58637/api/MasterData/GetTechnologyAndSkills/0?companyId=1 System.Web.Http.Controllers MasterDataController ExecuteAsync
2014-09-16 14:16:04.3768|INFO|iRecruit.Logging.NLogger|GET http://localhost:58637/api/MasterData/GetTechnologyAndSkills/0?companyId=1 System.Web.Http.MessageHandlers TokenInspector SendAsync
2014-09-16 14:16:04.3768|INFO|iRecruit.Logging.NLogger|GET http://localhost:58637/api/MasterData/GetTechnologyAndSkills/0?companyId=1 System.Web.Http.Request Content-type='application/json; charset=utf-8', content-length=unknown
2014-09-16 14:16:04.3928|INFO|iRecruit.Logging.NLogger|GET http://localhost:58637/api/MasterData/GetTechnologyAndSkills/0?companyId=1 System.Net.Http.Formatting JsonMediaTypeFormatter WriteToStreamAsync Value='System.Collections.Generic.List`1[iRecruit.Entity.TechnologiesAndSkills]', type='List`1', content-type='application/json; charset=utf-8'
2014-09-16 14:16:04.4198|INFO|iRecruit.Logging.NLogger|GET http://localhost:58637/api/MasterData/GetTechnologyAndSkills/0?companyId=1 System.Net.Http.Formatting JsonMediaTypeFormatter WriteToStreamAsync
2014-09-16 14:16:04.4278|INFO|iRecruit.Logging.NLogger|GET http://localhost:58637/api/MasterData/GetTechnologyAndSkills/0?companyId=1 System.Web.Http.Controllers MasterDataController Dispose
2014-09-16 14:16:04.4278|INFO|iRecruit.Logging.NLogger|GET http://localhost:58637/api/MasterData/GetTechnologyAndSkills/0?companyId=1 System.Web.Http.Controllers MasterDataController Dispose
2014-09-16 14:16:04.4418|INFO|iRecruit.Logging.NLogger|GET http://localhost:58637/api/MasterData/GetBranches/0?companyId=1 System.Web.Http.Request http://localhost:58637/api/MasterData/GetBranches/0?companyId=1
2014-09-16 14:16:04.4418|INFO|iRecruit.Logging.NLogger|GET http://localhost:58637/api/MasterData/GetBranches/0?companyId=1 System.Web.Http.MessageHandlers TokenInspector SendAsync
2014-09-16 14:16:04.4618|INFO|iRecruit.Logging.NLogger|GET http://localhost:58637/api/MasterData/GetBranches/0?companyId=1 System.Web.Http.Controllers DefaultHttpControllerSelector SelectController Route='controller:MasterData,action:GetBranches,id:0'
2014-09-16 14:16:04.4618|INFO|iRecruit.Logging.NLogger|GET http://localhost:58637/api/MasterData/GetBranches/0?companyId=1 System.Web.Http.Controllers DefaultHttpControllerSelector SelectController MasterData
2014-09-16 14:16:04.4618|INFO|iRecruit.Logging.NLogger|GET http://localhost:58637/api/MasterData/GetBranches/0?companyId=1 System.Web.Http.Controllers HttpControllerDescriptor CreateController
2014-09-16 14:16:04.4698|INFO|iRecruit.Logging.NLogger|GET http://localhost:58637/api/MasterData/GetBranches/0?companyId=1 System.Web.Http.Controllers DefaultHttpControllerActivator Create
2014-09-16 14:16:04.4698|INFO|iRecruit.Logging.NLogger|GET http://localhost:58637/api/MasterData/GetBranches/0?companyId=1 System.Web.Http.Controllers DefaultHttpControllerActivator Create iRecruit.Controllers.MasterDataController
2014-09-16 14:16:04.4698|INFO|iRecruit.Logging.NLogger|GET http://localhost:58637/api/MasterData/GetBranches/0?companyId=1 System.Web.Http.Controllers HttpControllerDescriptor CreateController iRecruit.Controllers.MasterDataController
2014-09-16 14:16:04.4698|INFO|iRecruit.Logging.NLogger|GET http://localhost:58637/api/MasterData/GetBranches/0?companyId=1 System.Web.Http.Controllers MasterDataController ExecuteAsync
2014-09-16 14:16:04.4698|INFO|iRecruit.Logging.NLogger|GET http://localhost:58637/api/MasterData/GetBranches/0?companyId=1 System.Web.Http.Action ApiControllerActionSelector SelectAction
2014-09-16 14:16:04.4858|INFO|iRecruit.Logging.NLogger|GET http://localhost:58637/api/MasterData/GetBranches/0?companyId=1 System.Web.Http.Action ApiControllerActionSelector SelectAction Selected action 'GetBranches(Int32 companyId)'
2014-09-16 14:16:04.4858|INFO|iRecruit.Logging.NLogger|GET http://localhost:58637/api/MasterData/GetBranches/0?companyId=1 System.Web.Http.ModelBinding HttpActionBinding ExecuteBindingAsync
2014-09-16 14:16:04.4858|INFO|iRecruit.Logging.NLogger|GET http://localhost:58637/api/MasterData/GetBranches/0?companyId=1 System.Web.Http.ModelBinding ModelBinderParameterBinding ExecuteBindingAsync Binding parameter 'companyId'
2014-09-16 14:16:04.4858|INFO|iRecruit.Logging.NLogger|GET http://localhost:58637/api/MasterData/GetBranches/0?companyId=1 System.Web.Http.ModelBinding ModelBinderParameterBinding ExecuteBindingAsync Parameter 'companyId' bound to the value '1'
2014-09-16 14:16:04.4858|INFO|iRecruit.Logging.NLogger|GET http://localhost:58637/api/MasterData/GetBranches/0?companyId=1 System.Web.Http.ModelBinding HttpActionBinding ExecuteBindingAsync Model state is valid. Values: companyId=1
2014-09-16 14:16:04.5028|INFO|iRecruit.Logging.NLogger|GET http://localhost:58637/api/MasterData/GetBranches/0?companyId=1 System.Web.Http.Filters AllowCrossSiteOriginAttribute OnActionExecutingAsync Action filter for 'GetBranches(Int32 companyId)'
2014-09-16 14:16:04.5028|INFO|iRecruit.Logging.NLogger|GET http://localhost:58637/api/MasterData/GetBranches/0?companyId=1 System.Web.Http.Filters AllowCrossSiteOriginAttribute OnActionExecutingAsync
2014-09-16 14:16:04.5028|INFO|iRecruit.Logging.NLogger|GET http://localhost:58637/api/MasterData/GetBranches/0?companyId=1 System.Web.Http.Action ApiControllerActionInvoker InvokeActionAsync Action='GetBranches(companyId=1)'
2014-09-16 14:16:04.5028|INFO|iRecruit.Logging.NLogger|GET http://localhost:58637/api/MasterData/GetBranches/0?companyId=1 System.Web.Http.Action ReflectedHttpActionDescriptor ExecuteAsync Invoking action 'GetBranches(companyId=1)'
2014-09-16 14:16:04.6178|INFO|iRecruit.Logging.NLogger|GET http://localhost:58637/api/MasterData/GetBranches/0?companyId=1 System.Net.Http.Formatting DefaultContentNegotiator Negotiate Type='List`1', formatters=[JsonMediaTypeFormatterTracer, XmlMediaTypeFormatterTracer, FormUrlEncodedMediaTypeFormatterTracer, FormUrlEncodedMediaTypeFormatterTracer]
2014-09-16 14:16:04.6268|INFO|iRecruit.Logging.NLogger|GET http://localhost:58637/api/MasterData/GetBranches/0?companyId=1 System.Net.Http.Formatting JsonMediaTypeFormatter GetPerRequestFormatterInstance Obtaining formatter of type 'JsonMediaTypeFormatter' for type='List`1', mediaType='application/json; charset=utf-8'
2014-09-16 14:16:04.6268|INFO|iRecruit.Logging.NLogger|GET http://localhost:58637/api/MasterData/GetBranches/0?companyId=1 System.Net.Http.Formatting JsonMediaTypeFormatter GetPerRequestFormatterInstance Will use same 'JsonMediaTypeFormatter' formatter
2014-09-16 14:16:04.6468|INFO|iRecruit.Logging.NLogger|GET http://localhost:58637/api/MasterData/GetBranches/0?companyId=1 System.Net.Http.Formatting DefaultContentNegotiator Negotiate Selected formatter='JsonMediaTypeFormatter', content-type='application/json; charset=utf-8'
2014-09-16 14:16:04.6468|INFO|iRecruit.Logging.NLogger|GET http://localhost:58637/api/MasterData/GetBranches/0?companyId=1 iRecruit.Controllers.MasterDataController
2014-09-16 14:16:04.6578|INFO|iRecruit.Logging.NLogger|GET http://localhost:58637/api/MasterData/GetBranches/0?companyId=1 System.Web.Http.Action ReflectedHttpActionDescriptor ExecuteAsync Action returned 'StatusCode: 200, ReasonPhrase: 'OK', Version: 1.1, Content: System.Net.Http.ObjectContent`1[[System.Collections.Generic.List`1[[iRecruit.Entity.Branches, iRecruit.Entity, Version=1.0.0.0, Culture=neutral, PublicKeyToken=null]], mscorlib, Version=4.0.0.0, Culture=neutral, PublicKeyToken=b77a5c561934e089]], Headers:
{
  Content-Type: application/json; charset=utf-8
}'
2014-09-16 14:16:04.6578|INFO|iRecruit.Logging.NLogger|GET http://localhost:58637/api/MasterData/GetBranches/0?companyId=1 System.Web.Http.Action ApiControllerActionInvoker InvokeActionAsync
2014-09-16 14:16:04.6578|INFO|iRecruit.Logging.NLogger|GET http://localhost:58637/api/MasterData/GetBranches/0?companyId=1 System.Web.Http.Filters AllowCrossSiteOriginAttribute OnActionExecutedAsync Action filter for 'GetBranches(Int32 companyId)'
2014-09-16 14:16:04.6728|INFO|iRecruit.Logging.NLogger|GET http://localhost:58637/api/MasterData/GetBranches/0?companyId=1 System.Web.Http.Filters AllowCrossSiteOriginAttribute OnActionExecutedAsync
2014-09-16 14:16:04.6728|INFO|iRecruit.Logging.NLogger|GET http://localhost:58637/api/MasterData/GetBranches/0?companyId=1 System.Web.Http.Controllers MasterDataController ExecuteAsync
2014-09-16 14:16:04.6728|INFO|iRecruit.Logging.NLogger|GET http://localhost:58637/api/MasterData/GetBranches/0?companyId=1 System.Web.Http.MessageHandlers TokenInspector SendAsync
2014-09-16 14:16:04.6728|INFO|iRecruit.Logging.NLogger|GET http://localhost:58637/api/MasterData/GetBranches/0?companyId=1 System.Web.Http.Request Content-type='application/json; charset=utf-8', content-length=unknown
2014-09-16 14:16:04.6728|INFO|iRecruit.Logging.NLogger|GET http://localhost:58637/api/MasterData/GetBranches/0?companyId=1 System.Net.Http.Formatting JsonMediaTypeFormatter WriteToStreamAsync Value='System.Collections.Generic.List`1[iRecruit.Entity.Branches]', type='List`1', content-type='application/json; charset=utf-8'
2014-09-16 14:16:04.6918|INFO|iRecruit.Logging.NLogger|GET http://localhost:58637/api/MasterData/GetBranches/0?companyId=1 System.Net.Http.Formatting JsonMediaTypeFormatter WriteToStreamAsync
2014-09-16 14:16:04.6918|INFO|iRecruit.Logging.NLogger|GET http://localhost:58637/api/MasterData/GetBranches/0?companyId=1 System.Web.Http.Controllers MasterDataController Dispose
2014-09-16 14:16:04.6918|INFO|iRecruit.Logging.NLogger|GET http://localhost:58637/api/MasterData/GetBranches/0?companyId=1 System.Web.Http.Controllers MasterDataController Dispose
2014-09-16 14:16:04.7158|INFO|iRecruit.Logging.NLogger|GET http://localhost:58637/api/MasterData/GetDepartments/0?companyId=1 System.Web.Http.Request http://localhost:58637/api/MasterData/GetDepartments/0?companyId=1
2014-09-16 14:16:04.7158|INFO|iRecruit.Logging.NLogger|GET http://localhost:58637/api/MasterData/GetDepartments/0?companyId=1 System.Web.Http.MessageHandlers TokenInspector SendAsync
2014-09-16 14:16:04.7358|INFO|iRecruit.Logging.NLogger|GET http://localhost:58637/api/MasterData/GetDepartments/0?companyId=1 System.Web.Http.Controllers DefaultHttpControllerSelector SelectController Route='controller:MasterData,action:GetDepartments,id:0'
2014-09-16 14:16:04.7358|INFO|iRecruit.Logging.NLogger|GET http://localhost:58637/api/MasterData/GetDepartments/0?companyId=1 System.Web.Http.Controllers DefaultHttpControllerSelector SelectController MasterData
2014-09-16 14:16:04.7358|INFO|iRecruit.Logging.NLogger|GET http://localhost:58637/api/MasterData/GetDepartments/0?companyId=1 System.Web.Http.Controllers HttpControllerDescriptor CreateController
2014-09-16 14:16:04.7358|INFO|iRecruit.Logging.NLogger|GET http://localhost:58637/api/MasterData/GetDepartments/0?companyId=1 System.Web.Http.Controllers DefaultHttpControllerActivator Create
2014-09-16 14:16:04.7358|INFO|iRecruit.Logging.NLogger|GET http://localhost:58637/api/MasterData/GetDepartments/0?companyId=1 System.Web.Http.Controllers DefaultHttpControllerActivator Create iRecruit.Controllers.MasterDataController
2014-09-16 14:16:04.7358|INFO|iRecruit.Logging.NLogger|GET http://localhost:58637/api/MasterData/GetDepartments/0?companyId=1 System.Web.Http.Controllers HttpControllerDescriptor CreateController iRecruit.Controllers.MasterDataController
2014-09-16 14:16:04.7518|INFO|iRecruit.Logging.NLogger|GET http://localhost:58637/api/MasterData/GetDepartments/0?companyId=1 System.Web.Http.Controllers MasterDataController ExecuteAsync
2014-09-16 14:16:04.7518|INFO|iRecruit.Logging.NLogger|GET http://localhost:58637/api/MasterData/GetDepartments/0?companyId=1 System.Web.Http.Action ApiControllerActionSelector SelectAction
2014-09-16 14:16:04.7518|INFO|iRecruit.Logging.NLogger|GET http://localhost:58637/api/MasterData/GetDepartments/0?companyId=1 System.Web.Http.Action ApiControllerActionSelector SelectAction Selected action 'GetDepartments(Int32 companyId)'
2014-09-16 14:16:04.7518|INFO|iRecruit.Logging.NLogger|GET http://localhost:58637/api/MasterData/GetDepartments/0?companyId=1 System.Web.Http.ModelBinding HttpActionBinding ExecuteBindingAsync
2014-09-16 14:16:04.7518|INFO|iRecruit.Logging.NLogger|GET http://localhost:58637/api/MasterData/GetDepartments/0?companyId=1 System.Web.Http.ModelBinding ModelBinderParameterBinding ExecuteBindingAsync Binding parameter 'companyId'
2014-09-16 14:16:04.7668|INFO|iRecruit.Logging.NLogger|GET http://localhost:58637/api/MasterData/GetDepartments/0?companyId=1 System.Web.Http.ModelBinding ModelBinderParameterBinding ExecuteBindingAsync Parameter 'companyId' bound to the value '1'
2014-09-16 14:16:04.7668|INFO|iRecruit.Logging.NLogger|GET http://localhost:58637/api/MasterData/GetDepartments/0?companyId=1 System.Web.Http.ModelBinding HttpActionBinding ExecuteBindingAsync Model state is valid. Values: companyId=1
2014-09-16 14:16:04.7668|INFO|iRecruit.Logging.NLogger|GET http://localhost:58637/api/MasterData/GetDepartments/0?companyId=1 System.Web.Http.Filters AllowCrossSiteOriginAttribute OnActionExecutingAsync Action filter for 'GetDepartments(Int32 companyId)'
2014-09-16 14:16:04.7668|INFO|iRecruit.Logging.NLogger|GET http://localhost:58637/api/MasterData/GetDepartments/0?companyId=1 System.Web.Http.Filters AllowCrossSiteOriginAttribute OnActionExecutingAsync
2014-09-16 14:16:04.7668|INFO|iRecruit.Logging.NLogger|GET http://localhost:58637/api/MasterData/GetDepartments/0?companyId=1 System.Web.Http.Action ApiControllerActionInvoker InvokeActionAsync Action='GetDepartments(companyId=1)'
2014-09-16 14:16:04.7818|INFO|iRecruit.Logging.NLogger|GET http://localhost:58637/api/MasterData/GetDepartments/0?companyId=1 System.Web.Http.Action ReflectedHttpActionDescriptor ExecuteAsync Invoking action 'GetDepartments(companyId=1)'
2014-09-16 14:16:04.8978|INFO|iRecruit.Logging.NLogger|GET http://localhost:58637/api/MasterData/GetDepartments/0?companyId=1 System.Net.Http.Formatting DefaultContentNegotiator Negotiate Type='List`1', formatters=[JsonMediaTypeFormatterTracer, XmlMediaTypeFormatterTracer, FormUrlEncodedMediaTypeFormatterTracer, FormUrlEncodedMediaTypeFormatterTracer]
2014-09-16 14:16:04.9078|INFO|iRecruit.Logging.NLogger|GET http://localhost:58637/api/MasterData/GetDepartments/0?companyId=1 System.Net.Http.Formatting JsonMediaTypeFormatter GetPerRequestFormatterInstance Obtaining formatter of type 'JsonMediaTypeFormatter' for type='List`1', mediaType='application/json; charset=utf-8'
2014-09-16 14:16:04.9078|INFO|iRecruit.Logging.NLogger|GET http://localhost:58637/api/MasterData/GetDepartments/0?companyId=1 System.Net.Http.Formatting JsonMediaTypeFormatter GetPerRequestFormatterInstance Will use same 'JsonMediaTypeFormatter' formatter
2014-09-16 14:16:04.9308|INFO|iRecruit.Logging.NLogger|GET http://localhost:58637/api/MasterData/GetDepartments/0?companyId=1 System.Net.Http.Formatting DefaultContentNegotiator Negotiate Selected formatter='JsonMediaTypeFormatter', content-type='application/json; charset=utf-8'
2014-09-16 14:16:04.9398|INFO|iRecruit.Logging.NLogger|GET http://localhost:58637/api/MasterData/GetDepartments/0?companyId=1 iRecruit.Controllers.MasterDataController
2014-09-16 14:16:04.9398|INFO|iRecruit.Logging.NLogger|GET http://localhost:58637/api/MasterData/GetDepartments/0?companyId=1 System.Web.Http.Action ReflectedHttpActionDescriptor ExecuteAsync Action returned 'StatusCode: 200, ReasonPhrase: 'OK', Version: 1.1, Content: System.Net.Http.ObjectContent`1[[System.Collections.Generic.List`1[[iRecruit.Entity.Departments, iRecruit.Entity, Version=1.0.0.0, Culture=neutral, PublicKeyToken=null]], mscorlib, Version=4.0.0.0, Culture=neutral, PublicKeyToken=b77a5c561934e089]], Headers:
{
  Content-Type: application/json; charset=utf-8
}'
2014-09-16 14:16:04.9398|INFO|iRecruit.Logging.NLogger|GET http://localhost:58637/api/MasterData/GetDepartments/0?companyId=1 System.Web.Http.Action ApiControllerActionInvoker InvokeActionAsync
2014-09-16 14:16:04.9548|INFO|iRecruit.Logging.NLogger|GET http://localhost:58637/api/MasterData/GetDepartments/0?companyId=1 System.Web.Http.Filters AllowCrossSiteOriginAttribute OnActionExecutedAsync Action filter for 'GetDepartments(Int32 companyId)'
2014-09-16 14:16:04.9548|INFO|iRecruit.Logging.NLogger|GET http://localhost:58637/api/MasterData/GetDepartments/0?companyId=1 System.Web.Http.Filters AllowCrossSiteOriginAttribute OnActionExecutedAsync
2014-09-16 14:16:04.9548|INFO|iRecruit.Logging.NLogger|GET http://localhost:58637/api/MasterData/GetDepartments/0?companyId=1 System.Web.Http.Controllers MasterDataController ExecuteAsync
2014-09-16 14:16:04.9698|INFO|iRecruit.Logging.NLogger|GET http://localhost:58637/api/MasterData/GetDepartments/0?companyId=1 System.Web.Http.MessageHandlers TokenInspector SendAsync
2014-09-16 14:16:04.9698|INFO|iRecruit.Logging.NLogger|GET http://localhost:58637/api/MasterData/GetDepartments/0?companyId=1 System.Web.Http.Request Content-type='application/json; charset=utf-8', content-length=unknown
2014-09-16 14:16:04.9698|INFO|iRecruit.Logging.NLogger|GET http://localhost:58637/api/MasterData/GetDepartments/0?companyId=1 System.Net.Http.Formatting JsonMediaTypeFormatter WriteToStreamAsync Value='System.Collections.Generic.List`1[iRecruit.Entity.Departments]', type='List`1', content-type='application/json; charset=utf-8'
2014-09-16 14:16:04.9848|INFO|iRecruit.Logging.NLogger|GET http://localhost:58637/api/MasterData/GetDepartments/0?companyId=1 System.Net.Http.Formatting JsonMediaTypeFormatter WriteToStreamAsync
2014-09-16 14:16:04.9848|INFO|iRecruit.Logging.NLogger|GET http://localhost:58637/api/MasterData/GetDepartments/0?companyId=1 System.Web.Http.Controllers MasterDataController Dispose
2014-09-16 14:16:04.9848|INFO|iRecruit.Logging.NLogger|GET http://localhost:58637/api/MasterData/GetDepartments/0?companyId=1 System.Web.Http.Controllers MasterDataController Dispose
2014-09-16 14:16:05.0128|INFO|iRecruit.Logging.NLogger|GET http://localhost:58637/api/MasterData/GetInterviewPanel/0?companyId=1 System.Web.Http.Request http://localhost:58637/api/MasterData/GetInterviewPanel/0?companyId=1
2014-09-16 14:16:05.0128|INFO|iRecruit.Logging.NLogger|GET http://localhost:58637/api/MasterData/GetInterviewPanel/0?companyId=1 System.Web.Http.MessageHandlers TokenInspector SendAsync
2014-09-16 14:16:05.0318|INFO|iRecruit.Logging.NLogger|GET http://localhost:58637/api/MasterData/GetInterviewPanel/0?companyId=1 System.Web.Http.Controllers DefaultHttpControllerSelector SelectController Route='controller:MasterData,action:GetInterviewPanel,id:0'
2014-09-16 14:16:05.0318|INFO|iRecruit.Logging.NLogger|GET http://localhost:58637/api/MasterData/GetInterviewPanel/0?companyId=1 System.Web.Http.Controllers DefaultHttpControllerSelector SelectController MasterData
2014-09-16 14:16:05.0318|INFO|iRecruit.Logging.NLogger|GET http://localhost:58637/api/MasterData/GetInterviewPanel/0?companyId=1 System.Web.Http.Controllers HttpControllerDescriptor CreateController
2014-09-16 14:16:05.0318|INFO|iRecruit.Logging.NLogger|GET http://localhost:58637/api/MasterData/GetInterviewPanel/0?companyId=1 System.Web.Http.Controllers DefaultHttpControllerActivator Create
2014-09-16 14:16:05.0318|INFO|iRecruit.Logging.NLogger|GET http://localhost:58637/api/MasterData/GetInterviewPanel/0?companyId=1 System.Web.Http.Controllers DefaultHttpControllerActivator Create iRecruit.Controllers.MasterDataController
2014-09-16 14:16:05.0318|INFO|iRecruit.Logging.NLogger|GET http://localhost:58637/api/MasterData/GetInterviewPanel/0?companyId=1 System.Web.Http.Controllers HttpControllerDescriptor CreateController iRecruit.Controllers.MasterDataController
2014-09-16 14:16:05.0488|INFO|iRecruit.Logging.NLogger|GET http://localhost:58637/api/MasterData/GetInterviewPanel/0?companyId=1 System.Web.Http.Controllers MasterDataController ExecuteAsync
2014-09-16 14:16:05.0488|INFO|iRecruit.Logging.NLogger|GET http://localhost:58637/api/MasterData/GetInterviewPanel/0?companyId=1 System.Web.Http.Action ApiControllerActionSelector SelectAction
2014-09-16 14:16:05.0488|INFO|iRecruit.Logging.NLogger|GET http://localhost:58637/api/MasterData/GetInterviewPanel/0?companyId=1 System.Web.Http.Action ApiControllerActionSelector SelectAction Selected action 'GetInterviewPanel(Int32 companyId)'
2014-09-16 14:16:05.0488|INFO|iRecruit.Logging.NLogger|GET http://localhost:58637/api/MasterData/GetInterviewPanel/0?companyId=1 System.Web.Http.ModelBinding HttpActionBinding ExecuteBindingAsync
2014-09-16 14:16:05.0488|INFO|iRecruit.Logging.NLogger|GET http://localhost:58637/api/MasterData/GetInterviewPanel/0?companyId=1 System.Web.Http.ModelBinding ModelBinderParameterBinding ExecuteBindingAsync Binding parameter 'companyId'
2014-09-16 14:16:05.0488|INFO|iRecruit.Logging.NLogger|GET http://localhost:58637/api/MasterData/GetInterviewPanel/0?companyId=1 System.Web.Http.ModelBinding ModelBinderParameterBinding ExecuteBindingAsync Parameter 'companyId' bound to the value '1'
2014-09-16 14:16:05.0648|INFO|iRecruit.Logging.NLogger|GET http://localhost:58637/api/MasterData/GetInterviewPanel/0?companyId=1 System.Web.Http.ModelBinding HttpActionBinding ExecuteBindingAsync Model state is valid. Values: companyId=1
2014-09-16 14:16:05.0648|INFO|iRecruit.Logging.NLogger|GET http://localhost:58637/api/MasterData/GetInterviewPanel/0?companyId=1 System.Web.Http.Filters AllowCrossSiteOriginAttribute OnActionExecutingAsync Action filter for 'GetInterviewPanel(Int32 companyId)'
2014-09-16 14:16:05.0648|INFO|iRecruit.Logging.NLogger|GET http://localhost:58637/api/MasterData/GetInterviewPanel/0?companyId=1 System.Web.Http.Filters AllowCrossSiteOriginAttribute OnActionExecutingAsync
2014-09-16 14:16:05.0648|INFO|iRecruit.Logging.NLogger|GET http://localhost:58637/api/MasterData/GetInterviewPanel/0?companyId=1 System.Web.Http.Action ApiControllerActionInvoker InvokeActionAsync Action='GetInterviewPanel(companyId=1)'
2014-09-16 14:16:05.0648|INFO|iRecruit.Logging.NLogger|GET http://localhost:58637/api/MasterData/GetInterviewPanel/0?companyId=1 System.Web.Http.Action ReflectedHttpActionDescriptor ExecuteAsync Invoking action 'GetInterviewPanel(companyId=1)'
2014-09-16 14:16:05.1298|INFO|iRecruit.Logging.NLogger|GET http://localhost:58637/api/MasterData/GetInterviewPanel/0?companyId=1 System.Net.Http.Formatting DefaultContentNegotiator Negotiate Type='List`1', formatters=[JsonMediaTypeFormatterTracer, XmlMediaTypeFormatterTracer, FormUrlEncodedMediaTypeFormatterTracer, FormUrlEncodedMediaTypeFormatterTracer]
2014-09-16 14:16:05.1298|INFO|iRecruit.Logging.NLogger|GET http://localhost:58637/api/MasterData/GetInterviewPanel/0?companyId=1 System.Net.Http.Formatting JsonMediaTypeFormatter GetPerRequestFormatterInstance Obtaining formatter of type 'JsonMediaTypeFormatter' for type='List`1', mediaType='application/json; charset=utf-8'
2014-09-16 14:16:05.1298|INFO|iRecruit.Logging.NLogger|GET http://localhost:58637/api/MasterData/GetInterviewPanel/0?companyId=1 System.Net.Http.Formatting JsonMediaTypeFormatter GetPerRequestFormatterInstance Will use same 'JsonMediaTypeFormatter' formatter
2014-09-16 14:16:05.1408|INFO|iRecruit.Logging.NLogger|GET http://localhost:58637/api/MasterData/GetInterviewPanel/0?companyId=1 System.Net.Http.Formatting DefaultContentNegotiator Negotiate Selected formatter='JsonMediaTypeFormatter', content-type='application/json; charset=utf-8'
2014-09-16 14:16:05.1408|INFO|iRecruit.Logging.NLogger|GET http://localhost:58637/api/MasterData/GetInterviewPanel/0?companyId=1 iRecruit.Controllers.MasterDataController
2014-09-16 14:16:05.1408|INFO|iRecruit.Logging.NLogger|GET http://localhost:58637/api/MasterData/GetInterviewPanel/0?companyId=1 System.Web.Http.Action ReflectedHttpActionDescriptor ExecuteAsync Action returned 'StatusCode: 200, ReasonPhrase: 'OK', Version: 1.1, Content: System.Net.Http.ObjectContent`1[[System.Collections.Generic.List`1[[iRecruit.Entity.InterviewPanel, iRecruit.Entity, Version=1.0.0.0, Culture=neutral, PublicKeyToken=null]], mscorlib, Version=4.0.0.0, Culture=neutral, PublicKeyToken=b77a5c561934e089]], Headers:
{
  Content-Type: application/json; charset=utf-8
}'
2014-09-16 14:16:05.1408|INFO|iRecruit.Logging.NLogger|GET http://localhost:58637/api/MasterData/GetInterviewPanel/0?companyId=1 System.Web.Http.Action ApiControllerActionInvoker InvokeActionAsync
2014-09-16 14:16:05.1408|INFO|iRecruit.Logging.NLogger|GET http://localhost:58637/api/MasterData/GetInterviewPanel/0?companyId=1 System.Web.Http.Filters AllowCrossSiteOriginAttribute OnActionExecutedAsync Action filter for 'GetInterviewPanel(Int32 companyId)'
2014-09-16 14:16:05.1408|INFO|iRecruit.Logging.NLogger|GET http://localhost:58637/api/MasterData/GetInterviewPanel/0?companyId=1 System.Web.Http.Filters AllowCrossSiteOriginAttribute OnActionExecutedAsync
2014-09-16 14:16:05.1579|INFO|iRecruit.Logging.NLogger|GET http://localhost:58637/api/MasterData/GetInterviewPanel/0?companyId=1 System.Web.Http.Controllers MasterDataController ExecuteAsync
2014-09-16 14:16:05.1579|INFO|iRecruit.Logging.NLogger|GET http://localhost:58637/api/MasterData/GetInterviewPanel/0?companyId=1 System.Web.Http.MessageHandlers TokenInspector SendAsync
2014-09-16 14:16:05.1579|INFO|iRecruit.Logging.NLogger|GET http://localhost:58637/api/MasterData/GetInterviewPanel/0?companyId=1 System.Web.Http.Request Content-type='application/json; charset=utf-8', content-length=unknown
2014-09-16 14:16:05.1579|INFO|iRecruit.Logging.NLogger|GET http://localhost:58637/api/MasterData/GetInterviewPanel/0?companyId=1 System.Net.Http.Formatting JsonMediaTypeFormatter WriteToStreamAsync Value='System.Collections.Generic.List`1[iRecruit.Entity.InterviewPanel]', type='List`1', content-type='application/json; charset=utf-8'
2014-09-16 14:16:05.1739|INFO|iRecruit.Logging.NLogger|GET http://localhost:58637/api/MasterData/GetInterviewPanel/0?companyId=1 System.Net.Http.Formatting JsonMediaTypeFormatter WriteToStreamAsync
2014-09-16 14:16:05.1739|INFO|iRecruit.Logging.NLogger|GET http://localhost:58637/api/MasterData/GetInterviewPanel/0?companyId=1 System.Web.Http.Controllers MasterDataController Dispose
2014-09-16 14:16:05.1739|INFO|iRecruit.Logging.NLogger|GET http://localhost:58637/api/MasterData/GetInterviewPanel/0?companyId=1 System.Web.Http.Controllers MasterDataController Dispose
2014-09-16 14:16:05.1889|INFO|iRecruit.Logging.NLogger|GET http://localhost:58637/api/MasterData/GetInterviewPanel/0?companyId=1 System.Web.Http.Request http://localhost:58637/api/MasterData/GetInterviewPanel/0?companyId=1
2014-09-16 14:16:05.1889|INFO|iRecruit.Logging.NLogger|GET http://localhost:58637/api/MasterData/GetInterviewPanel/0?companyId=1 System.Web.Http.MessageHandlers TokenInspector SendAsync
2014-09-16 14:16:05.2089|INFO|iRecruit.Logging.NLogger|GET http://localhost:58637/api/MasterData/GetInterviewPanel/0?companyId=1 System.Web.Http.Controllers DefaultHttpControllerSelector SelectController Route='controller:MasterData,action:GetInterviewPanel,id:0'
2014-09-16 14:16:05.2089|INFO|iRecruit.Logging.NLogger|GET http://localhost:58637/api/MasterData/GetInterviewPanel/0?companyId=1 System.Web.Http.Controllers DefaultHttpControllerSelector SelectController MasterData
2014-09-16 14:16:05.2089|INFO|iRecruit.Logging.NLogger|GET http://localhost:58637/api/MasterData/GetInterviewPanel/0?companyId=1 System.Web.Http.Controllers HttpControllerDescriptor CreateController
2014-09-16 14:16:05.2089|INFO|iRecruit.Logging.NLogger|GET http://localhost:58637/api/MasterData/GetInterviewPanel/0?companyId=1 System.Web.Http.Controllers DefaultHttpControllerActivator Create
2014-09-16 14:16:05.2209|INFO|iRecruit.Logging.NLogger|GET http://localhost:58637/api/MasterData/GetInterviewPanel/0?companyId=1 System.Web.Http.Controllers DefaultHttpControllerActivator Create iRecruit.Controllers.MasterDataController
2014-09-16 14:16:05.2209|INFO|iRecruit.Logging.NLogger|GET http://localhost:58637/api/MasterData/GetInterviewPanel/0?companyId=1 System.Web.Http.Controllers HttpControllerDescriptor CreateController iRecruit.Controllers.MasterDataController
2014-09-16 14:16:05.2209|INFO|iRecruit.Logging.NLogger|GET http://localhost:58637/api/MasterData/GetInterviewPanel/0?companyId=1 System.Web.Http.Controllers MasterDataController ExecuteAsync
2014-09-16 14:16:05.2209|INFO|iRecruit.Logging.NLogger|GET http://localhost:58637/api/MasterData/GetInterviewPanel/0?companyId=1 System.Web.Http.Action ApiControllerActionSelector SelectAction
2014-09-16 14:16:05.2209|INFO|iRecruit.Logging.NLogger|GET http://localhost:58637/api/MasterData/GetInterviewPanel/0?companyId=1 System.Web.Http.Action ApiControllerActionSelector SelectAction Selected action 'GetInterviewPanel(Int32 companyId)'
2014-09-16 14:16:05.2359|INFO|iRecruit.Logging.NLogger|GET http://localhost:58637/api/MasterData/GetInterviewPanel/0?companyId=1 System.Web.Http.ModelBinding HttpActionBinding ExecuteBindingAsync
2014-09-16 14:16:05.2359|INFO|iRecruit.Logging.NLogger|GET http://localhost:58637/api/MasterData/GetInterviewPanel/0?companyId=1 System.Web.Http.ModelBinding ModelBinderParameterBinding ExecuteBindingAsync Binding parameter 'companyId'
2014-09-16 14:16:05.2359|INFO|iRecruit.Logging.NLogger|GET http://localhost:58637/api/MasterData/GetInterviewPanel/0?companyId=1 System.Web.Http.ModelBinding ModelBinderParameterBinding ExecuteBindingAsync Parameter 'companyId' bound to the value '1'
2014-09-16 14:16:05.2359|INFO|iRecruit.Logging.NLogger|GET http://localhost:58637/api/MasterData/GetInterviewPanel/0?companyId=1 System.Web.Http.ModelBinding HttpActionBinding ExecuteBindingAsync Model state is valid. Values: companyId=1
2014-09-16 14:16:05.2359|INFO|iRecruit.Logging.NLogger|GET http://localhost:58637/api/MasterData/GetInterviewPanel/0?companyId=1 System.Web.Http.Filters AllowCrossSiteOriginAttribute OnActionExecutingAsync Action filter for 'GetInterviewPanel(Int32 companyId)'
2014-09-16 14:16:05.2359|INFO|iRecruit.Logging.NLogger|GET http://localhost:58637/api/MasterData/GetInterviewPanel/0?companyId=1 System.Web.Http.Filters AllowCrossSiteOriginAttribute OnActionExecutingAsync
2014-09-16 14:16:05.2509|INFO|iRecruit.Logging.NLogger|GET http://localhost:58637/api/MasterData/GetInterviewPanel/0?companyId=1 System.Web.Http.Action ApiControllerActionInvoker InvokeActionAsync Action='GetInterviewPanel(companyId=1)'
2014-09-16 14:16:05.2509|INFO|iRecruit.Logging.NLogger|GET http://localhost:58637/api/MasterData/GetInterviewPanel/0?companyId=1 System.Web.Http.Action ReflectedHttpActionDescriptor ExecuteAsync Invoking action 'GetInterviewPanel(companyId=1)'
2014-09-16 14:16:05.2749|INFO|iRecruit.Logging.NLogger|GET http://localhost:58637/api/MasterData/GetInterviewPanel/0?companyId=1 System.Net.Http.Formatting DefaultContentNegotiator Negotiate Type='List`1', formatters=[JsonMediaTypeFormatterTracer, XmlMediaTypeFormatterTracer, FormUrlEncodedMediaTypeFormatterTracer, FormUrlEncodedMediaTypeFormatterTracer]
2014-09-16 14:16:05.2749|INFO|iRecruit.Logging.NLogger|GET http://localhost:58637/api/MasterData/GetInterviewPanel/0?companyId=1 System.Net.Http.Formatting JsonMediaTypeFormatter GetPerRequestFormatterInstance Obtaining formatter of type 'JsonMediaTypeFormatter' for type='List`1', mediaType='application/json; charset=utf-8'
2014-09-16 14:16:05.2749|INFO|iRecruit.Logging.NLogger|GET http://localhost:58637/api/MasterData/GetInterviewPanel/0?companyId=1 System.Net.Http.Formatting JsonMediaTypeFormatter GetPerRequestFormatterInstance Will use same 'JsonMediaTypeFormatter' formatter
2014-09-16 14:16:05.2839|INFO|iRecruit.Logging.NLogger|GET http://localhost:58637/api/MasterData/GetInterviewPanel/0?companyId=1 System.Net.Http.Formatting DefaultContentNegotiator Negotiate Selected formatter='JsonMediaTypeFormatter', content-type='application/json; charset=utf-8'
2014-09-16 14:16:05.2839|INFO|iRecruit.Logging.NLogger|GET http://localhost:58637/api/MasterData/GetInterviewPanel/0?companyId=1 iRecruit.Controllers.MasterDataController
2014-09-16 14:16:05.2839|INFO|iRecruit.Logging.NLogger|GET http://localhost:58637/api/MasterData/GetInterviewPanel/0?companyId=1 System.Web.Http.Action ReflectedHttpActionDescriptor ExecuteAsync Action returned 'StatusCode: 200, ReasonPhrase: 'OK', Version: 1.1, Content: System.Net.Http.ObjectContent`1[[System.Collections.Generic.List`1[[iRecruit.Entity.InterviewPanel, iRecruit.Entity, Version=1.0.0.0, Culture=neutral, PublicKeyToken=null]], mscorlib, Version=4.0.0.0, Culture=neutral, PublicKeyToken=b77a5c561934e089]], Headers:
{
  Content-Type: application/json; charset=utf-8
}'
2014-09-16 14:16:05.2839|INFO|iRecruit.Logging.NLogger|GET http://localhost:58637/api/MasterData/GetInterviewPanel/0?companyId=1 System.Web.Http.Action ApiControllerActionInvoker InvokeActionAsync
2014-09-16 14:16:05.2839|INFO|iRecruit.Logging.NLogger|GET http://localhost:58637/api/MasterData/GetInterviewPanel/0?companyId=1 System.Web.Http.Filters AllowCrossSiteOriginAttribute OnActionExecutedAsync Action filter for 'GetInterviewPanel(Int32 companyId)'
2014-09-16 14:16:05.2979|INFO|iRecruit.Logging.NLogger|GET http://localhost:58637/api/MasterData/GetInterviewPanel/0?companyId=1 System.Web.Http.Filters AllowCrossSiteOriginAttribute OnActionExecutedAsync
2014-09-16 14:16:05.2979|INFO|iRecruit.Logging.NLogger|GET http://localhost:58637/api/MasterData/GetInterviewPanel/0?companyId=1 System.Web.Http.Controllers MasterDataController ExecuteAsync
2014-09-16 14:16:05.2979|INFO|iRecruit.Logging.NLogger|GET http://localhost:58637/api/MasterData/GetInterviewPanel/0?companyId=1 System.Web.Http.MessageHandlers TokenInspector SendAsync
2014-09-16 14:16:05.2979|INFO|iRecruit.Logging.NLogger|GET http://localhost:58637/api/MasterData/GetInterviewPanel/0?companyId=1 System.Web.Http.Request Content-type='application/json; charset=utf-8', content-length=unknown
2014-09-16 14:16:05.2979|INFO|iRecruit.Logging.NLogger|GET http://localhost:58637/api/MasterData/GetInterviewPanel/0?companyId=1 System.Net.Http.Formatting JsonMediaTypeFormatter WriteToStreamAsync Value='System.Collections.Generic.List`1[iRecruit.Entity.InterviewPanel]', type='List`1', content-type='application/json; charset=utf-8'
2014-09-16 14:16:05.2979|INFO|iRecruit.Logging.NLogger|GET http://localhost:58637/api/MasterData/GetInterviewPanel/0?companyId=1 System.Net.Http.Formatting JsonMediaTypeFormatter WriteToStreamAsync
2014-09-16 14:16:05.3149|INFO|iRecruit.Logging.NLogger|GET http://localhost:58637/api/MasterData/GetInterviewPanel/0?companyId=1 System.Web.Http.Controllers MasterDataController Dispose
2014-09-16 14:16:05.3149|INFO|iRecruit.Logging.NLogger|GET http://localhost:58637/api/MasterData/GetInterviewPanel/0?companyId=1 System.Web.Http.Controllers MasterDataController Dispose
2014-09-16 14:16:05.3279|INFO|iRecruit.Logging.NLogger|GET http://localhost:58637/api/MasterData/GetTypes/0 System.Web.Http.Request http://localhost:58637/api/MasterData/GetTypes/0
2014-09-16 14:16:05.3279|INFO|iRecruit.Logging.NLogger|GET http://localhost:58637/api/MasterData/GetTypes/0 System.Web.Http.MessageHandlers TokenInspector SendAsync
2014-09-16 14:16:05.3519|INFO|iRecruit.Logging.NLogger|GET http://localhost:58637/api/MasterData/GetTypes/0 System.Web.Http.Controllers DefaultHttpControllerSelector SelectController Route='controller:MasterData,action:GetTypes,id:0'
2014-09-16 14:16:05.3519|INFO|iRecruit.Logging.NLogger|GET http://localhost:58637/api/MasterData/GetTypes/0 System.Web.Http.Controllers DefaultHttpControllerSelector SelectController MasterData
2014-09-16 14:16:05.3519|INFO|iRecruit.Logging.NLogger|GET http://localhost:58637/api/MasterData/GetTypes/0 System.Web.Http.Controllers HttpControllerDescriptor CreateController
2014-09-16 14:16:05.3599|INFO|iRecruit.Logging.NLogger|GET http://localhost:58637/api/MasterData/GetTypes/0 System.Web.Http.Controllers DefaultHttpControllerActivator Create
2014-09-16 14:16:05.3599|INFO|iRecruit.Logging.NLogger|GET http://localhost:58637/api/MasterData/GetTypes/0 System.Web.Http.Controllers DefaultHttpControllerActivator Create iRecruit.Controllers.MasterDataController
2014-09-16 14:16:05.3599|INFO|iRecruit.Logging.NLogger|GET http://localhost:58637/api/MasterData/GetTypes/0 System.Web.Http.Controllers HttpControllerDescriptor CreateController iRecruit.Controllers.MasterDataController
2014-09-16 14:16:05.3599|INFO|iRecruit.Logging.NLogger|GET http://localhost:58637/api/MasterData/GetTypes/0 System.Web.Http.Controllers MasterDataController ExecuteAsync
2014-09-16 14:16:05.3599|INFO|iRecruit.Logging.NLogger|GET http://localhost:58637/api/MasterData/GetTypes/0 System.Web.Http.Action ApiControllerActionSelector SelectAction
2014-09-16 14:16:05.3599|INFO|iRecruit.Logging.NLogger|GET http://localhost:58637/api/MasterData/GetTypes/0 System.Web.Http.Action ApiControllerActionSelector SelectAction Selected action 'GetTypes()'
2014-09-16 14:16:05.3769|INFO|iRecruit.Logging.NLogger|GET http://localhost:58637/api/MasterData/GetTypes/0 System.Web.Http.ModelBinding HttpActionBinding ExecuteBindingAsync
2014-09-16 14:16:05.3769|INFO|iRecruit.Logging.NLogger|GET http://localhost:58637/api/MasterData/GetTypes/0 System.Web.Http.ModelBinding HttpActionBinding ExecuteBindingAsync
2014-09-16 14:16:05.3769|INFO|iRecruit.Logging.NLogger|GET http://localhost:58637/api/MasterData/GetTypes/0 System.Web.Http.Filters AllowCrossSiteOriginAttribute OnActionExecutingAsync Action filter for 'GetTypes()'
2014-09-16 14:16:05.3769|INFO|iRecruit.Logging.NLogger|GET http://localhost:58637/api/MasterData/GetTypes/0 System.Web.Http.Filters AllowCrossSiteOriginAttribute OnActionExecutingAsync
2014-09-16 14:16:05.3769|INFO|iRecruit.Logging.NLogger|GET http://localhost:58637/api/MasterData/GetTypes/0 System.Web.Http.Action ApiControllerActionInvoker InvokeActionAsync Action='GetTypes()'
2014-09-16 14:16:05.3909|INFO|iRecruit.Logging.NLogger|GET http://localhost:58637/api/MasterData/GetTypes/0 System.Web.Http.Action ReflectedHttpActionDescriptor ExecuteAsync Invoking action 'GetTypes()'
2014-09-16 14:16:05.5859|INFO|iRecruit.Logging.NLogger|GET http://localhost:58637/api/MasterData/GetTypes/0 System.Net.Http.Formatting DefaultContentNegotiator Negotiate Type='List`1', formatters=[JsonMediaTypeFormatterTracer, XmlMediaTypeFormatterTracer, FormUrlEncodedMediaTypeFormatterTracer, FormUrlEncodedMediaTypeFormatterTracer]
2014-09-16 14:16:05.5959|INFO|iRecruit.Logging.NLogger|GET http://localhost:58637/api/MasterData/GetTypes/0 System.Net.Http.Formatting JsonMediaTypeFormatter GetPerRequestFormatterInstance Obtaining formatter of type 'JsonMediaTypeFormatter' for type='List`1', mediaType='application/json; charset=utf-8'
2014-09-16 14:16:05.5959|INFO|iRecruit.Logging.NLogger|GET http://localhost:58637/api/MasterData/GetTypes/0 System.Net.Http.Formatting JsonMediaTypeFormatter GetPerRequestFormatterInstance Will use same 'JsonMediaTypeFormatter' formatter
2014-09-16 14:16:05.6109|INFO|iRecruit.Logging.NLogger|GET http://localhost:58637/api/MasterData/GetTypes/0 System.Net.Http.Formatting DefaultContentNegotiator Negotiate Selected formatter='JsonMediaTypeFormatter', content-type='application/json; charset=utf-8'
2014-09-16 14:16:05.6109|INFO|iRecruit.Logging.NLogger|GET http://localhost:58637/api/MasterData/GetTypes/0 iRecruit.Controllers.MasterDataController
2014-09-16 14:16:05.6109|INFO|iRecruit.Logging.NLogger|GET http://localhost:58637/api/MasterData/GetTypes/0 System.Web.Http.Action ReflectedHttpActionDescriptor ExecuteAsync Action returned 'StatusCode: 200, ReasonPhrase: 'OK', Version: 1.1, Content: System.Net.Http.ObjectContent`1[[System.Collections.Generic.List`1[[iRecruit.Entity.Type, iRecruit.Entity, Version=1.0.0.0, Culture=neutral, PublicKeyToken=null]], mscorlib, Version=4.0.0.0, Culture=neutral, PublicKeyToken=b77a5c561934e089]], Headers:
{
  Content-Type: application/json; charset=utf-8
}'
2014-09-16 14:16:05.6279|INFO|iRecruit.Logging.NLogger|GET http://localhost:58637/api/MasterData/GetTypes/0 System.Web.Http.Action ApiControllerActionInvoker InvokeActionAsync
2014-09-16 14:16:05.6279|INFO|iRecruit.Logging.NLogger|GET http://localhost:58637/api/MasterData/GetTypes/0 System.Web.Http.Filters AllowCrossSiteOriginAttribute OnActionExecutedAsync Action filter for 'GetTypes()'
2014-09-16 14:16:05.6279|INFO|iRecruit.Logging.NLogger|GET http://localhost:58637/api/MasterData/GetTypes/0 System.Web.Http.Filters AllowCrossSiteOriginAttribute OnActionExecutedAsync
2014-09-16 14:16:05.6399|INFO|iRecruit.Logging.NLogger|GET http://localhost:58637/api/MasterData/GetTypes/0 System.Web.Http.Controllers MasterDataController ExecuteAsync
2014-09-16 14:16:05.6399|INFO|iRecruit.Logging.NLogger|GET http://localhost:58637/api/MasterData/GetTypes/0 System.Web.Http.MessageHandlers TokenInspector SendAsync
2014-09-16 14:16:05.6399|INFO|iRecruit.Logging.NLogger|GET http://localhost:58637/api/MasterData/GetTypes/0 System.Web.Http.Request Content-type='application/json; charset=utf-8', content-length=unknown
2014-09-16 14:16:05.6399|INFO|iRecruit.Logging.NLogger|GET http://localhost:58637/api/MasterData/GetTypes/0 System.Net.Http.Formatting JsonMediaTypeFormatter WriteToStreamAsync Value='System.Collections.Generic.List`1[iRecruit.Entity.Type]', type='List`1', content-type='application/json; charset=utf-8'
2014-09-16 14:16:05.6579|INFO|iRecruit.Logging.NLogger|GET http://localhost:58637/api/MasterData/GetTypes/0 System.Net.Http.Formatting JsonMediaTypeFormatter WriteToStreamAsync
2014-09-16 14:16:05.6579|INFO|iRecruit.Logging.NLogger|GET http://localhost:58637/api/MasterData/GetTypes/0 System.Web.Http.Controllers MasterDataController Dispose
2014-09-16 14:16:05.6579|INFO|iRecruit.Logging.NLogger|GET http://localhost:58637/api/MasterData/GetTypes/0 System.Web.Http.Controllers MasterDataController Dispose
2014-09-16 14:16:38.6542|INFO|iRecruit.Logging.NLogger|GET http://localhost:58637/api/masterdata/getfeatures/1 System.Web.Http.Request http://localhost:58637/api/masterdata/getfeatures/1
2014-09-16 14:16:38.6542|INFO|iRecruit.Logging.NLogger|GET http://localhost:58637/api/masterdata/getfeatures/1 System.Web.Http.MessageHandlers TokenInspector SendAsync
2014-09-16 14:16:38.6732|INFO|iRecruit.Logging.NLogger|GET http://localhost:58637/api/masterdata/getfeatures/1 System.Web.Http.Controllers DefaultHttpControllerSelector SelectController Route='controller:masterdata,action:getfeatures,id:1'
2014-09-16 14:16:38.6732|INFO|iRecruit.Logging.NLogger|GET http://localhost:58637/api/masterdata/getfeatures/1 System.Web.Http.Controllers DefaultHttpControllerSelector SelectController MasterData
2014-09-16 14:16:38.6732|INFO|iRecruit.Logging.NLogger|GET http://localhost:58637/api/masterdata/getfeatures/1 System.Web.Http.Controllers HttpControllerDescriptor CreateController
2014-09-16 14:16:38.6822|INFO|iRecruit.Logging.NLogger|GET http://localhost:58637/api/masterdata/getfeatures/1 System.Web.Http.Controllers DefaultHttpControllerActivator Create
2014-09-16 14:16:38.6822|INFO|iRecruit.Logging.NLogger|GET http://localhost:58637/api/masterdata/getfeatures/1 System.Web.Http.Controllers DefaultHttpControllerActivator Create iRecruit.Controllers.MasterDataController
2014-09-16 14:16:38.6822|INFO|iRecruit.Logging.NLogger|GET http://localhost:58637/api/masterdata/getfeatures/1 System.Web.Http.Controllers HttpControllerDescriptor CreateController iRecruit.Controllers.MasterDataController
2014-09-16 14:16:38.6822|INFO|iRecruit.Logging.NLogger|GET http://localhost:58637/api/masterdata/getfeatures/1 System.Web.Http.Controllers MasterDataController ExecuteAsync
2014-09-16 14:16:38.6822|INFO|iRecruit.Logging.NLogger|GET http://localhost:58637/api/masterdata/getfeatures/1 System.Web.Http.Action ApiControllerActionSelector SelectAction
2014-09-16 14:16:38.6822|INFO|iRecruit.Logging.NLogger|GET http://localhost:58637/api/masterdata/getfeatures/1 System.Web.Http.Action ApiControllerActionSelector SelectAction Selected action 'GetFeatures(Int32 id)'
2014-09-16 14:16:38.6992|INFO|iRecruit.Logging.NLogger|GET http://localhost:58637/api/masterdata/getfeatures/1 System.Web.Http.ModelBinding HttpActionBinding ExecuteBindingAsync
2014-09-16 14:16:38.6992|INFO|iRecruit.Logging.NLogger|GET http://localhost:58637/api/masterdata/getfeatures/1 System.Web.Http.ModelBinding ModelBinderParameterBinding ExecuteBindingAsync Binding parameter 'id'
2014-09-16 14:16:38.6992|INFO|iRecruit.Logging.NLogger|GET http://localhost:58637/api/masterdata/getfeatures/1 System.Web.Http.ModelBinding ModelBinderParameterBinding ExecuteBindingAsync Parameter 'id' bound to the value '1'
2014-09-16 14:16:38.6992|INFO|iRecruit.Logging.NLogger|GET http://localhost:58637/api/masterdata/getfeatures/1 System.Web.Http.ModelBinding HttpActionBinding ExecuteBindingAsync Model state is valid. Values: id=1
2014-09-16 14:16:38.6992|INFO|iRecruit.Logging.NLogger|GET http://localhost:58637/api/masterdata/getfeatures/1 System.Web.Http.Filters AllowCrossSiteOriginAttribute OnActionExecutingAsync Action filter for 'GetFeatures(Int32 id)'
2014-09-16 14:16:38.7142|INFO|iRecruit.Logging.NLogger|GET http://localhost:58637/api/masterdata/getfeatures/1 System.Web.Http.Filters AllowCrossSiteOriginAttribute OnActionExecutingAsync
2014-09-16 14:16:38.7142|INFO|iRecruit.Logging.NLogger|GET http://localhost:58637/api/masterdata/getfeatures/1 System.Web.Http.Action ApiControllerActionInvoker InvokeActionAsync Action='GetFeatures(id=1)'
2014-09-16 14:16:38.7142|INFO|iRecruit.Logging.NLogger|GET http://localhost:58637/api/masterdata/getfeatures/1 System.Web.Http.Action ReflectedHttpActionDescriptor ExecuteAsync Invoking action 'GetFeatures(id=1)'
2014-09-16 14:16:38.8302|INFO|iRecruit.Logging.NLogger|GET http://localhost:58637/api/masterdata/getfeatures/1 System.Net.Http.Formatting DefaultContentNegotiator Negotiate Type='List`1', formatters=[JsonMediaTypeFormatterTracer, XmlMediaTypeFormatterTracer, FormUrlEncodedMediaTypeFormatterTracer, FormUrlEncodedMediaTypeFormatterTracer]
2014-09-16 14:16:38.8402|INFO|iRecruit.Logging.NLogger|GET http://localhost:58637/api/masterdata/getfeatures/1 System.Net.Http.Formatting JsonMediaTypeFormatter GetPerRequestFormatterInstance Obtaining formatter of type 'JsonMediaTypeFormatter' for type='List`1', mediaType='application/json; charset=utf-8'
2014-09-16 14:16:38.8552|INFO|iRecruit.Logging.NLogger|GET http://localhost:58637/api/masterdata/getfeatures/1 System.Net.Http.Formatting JsonMediaTypeFormatter GetPerRequestFormatterInstance Will use same 'JsonMediaTypeFormatter' formatter
2014-09-16 14:16:38.8552|INFO|iRecruit.Logging.NLogger|GET http://localhost:58637/api/masterdata/getfeatures/1 System.Net.Http.Formatting DefaultContentNegotiator Negotiate Selected formatter='JsonMediaTypeFormatter', content-type='application/json; charset=utf-8'
2014-09-16 14:16:38.8722|INFO|iRecruit.Logging.NLogger|GET http://localhost:58637/api/masterdata/getfeatures/1 iRecruit.Controllers.MasterDataController
2014-09-16 14:16:38.8722|INFO|iRecruit.Logging.NLogger|GET http://localhost:58637/api/masterdata/getfeatures/1 System.Web.Http.Action ReflectedHttpActionDescriptor ExecuteAsync Action returned 'StatusCode: 200, ReasonPhrase: 'OK', Version: 1.1, Content: System.Net.Http.ObjectContent`1[[System.Collections.Generic.List`1[[iRecruit.Entity.Features, iRecruit.Entity, Version=1.0.0.0, Culture=neutral, PublicKeyToken=null]], mscorlib, Version=4.0.0.0, Culture=neutral, PublicKeyToken=b77a5c561934e089]], Headers:
{
  Content-Type: application/json; charset=utf-8
}'
2014-09-16 14:16:38.8722|INFO|iRecruit.Logging.NLogger|GET http://localhost:58637/api/masterdata/getfeatures/1 System.Web.Http.Action ApiControllerActionInvoker InvokeActionAsync
2014-09-16 14:16:38.8872|INFO|iRecruit.Logging.NLogger|GET http://localhost:58637/api/masterdata/getfeatures/1 System.Web.Http.Filters AllowCrossSiteOriginAttribute OnActionExecutedAsync Action filter for 'GetFeatures(Int32 id)'
2014-09-16 14:16:38.8872|INFO|iRecruit.Logging.NLogger|GET http://localhost:58637/api/masterdata/getfeatures/1 System.Web.Http.Filters AllowCrossSiteOriginAttribute OnActionExecutedAsync
2014-09-16 14:16:38.8872|INFO|iRecruit.Logging.NLogger|GET http://localhost:58637/api/masterdata/getfeatures/1 System.Web.Http.Controllers MasterDataController ExecuteAsync
2014-09-16 14:16:38.8872|INFO|iRecruit.Logging.NLogger|GET http://localhost:58637/api/masterdata/getfeatures/1 System.Web.Http.MessageHandlers TokenInspector SendAsync
2014-09-16 14:16:38.9042|INFO|iRecruit.Logging.NLogger|GET http://localhost:58637/api/masterdata/getfeatures/1 System.Web.Http.Request Content-type='application/json; charset=utf-8', content-length=unknown
2014-09-16 14:16:38.9042|INFO|iRecruit.Logging.NLogger|GET http://localhost:58637/api/masterdata/getfeatures/1 System.Net.Http.Formatting JsonMediaTypeFormatter WriteToStreamAsync Value='System.Collections.Generic.List`1[iRecruit.Entity.Features]', type='List`1', content-type='application/json; charset=utf-8'
2014-09-16 14:16:38.9042|INFO|iRecruit.Logging.NLogger|GET http://localhost:58637/api/masterdata/getfeatures/1 System.Net.Http.Formatting JsonMediaTypeFormatter WriteToStreamAsync
2014-09-16 14:16:38.9162|INFO|iRecruit.Logging.NLogger|GET http://localhost:58637/api/masterdata/getfeatures/1 System.Web.Http.Controllers MasterDataController Dispose
2014-09-16 14:16:38.9162|INFO|iRecruit.Logging.NLogger|GET http://localhost:58637/api/masterdata/getfeatures/1 System.Web.Http.Controllers MasterDataController Dispose
2014-09-16 14:16:45.4449|INFO|iRecruit.Logging.NLogger|GET http://localhost:58637/api/users/search/1?search=nsin System.Web.Http.Request http://localhost:58637/api/users/search/1?search=nsin
2014-09-16 14:16:45.4539|INFO|iRecruit.Logging.NLogger|GET http://localhost:58637/api/users/search/1?search=nsin System.Web.Http.MessageHandlers TokenInspector SendAsync
2014-09-16 14:16:45.4949|INFO|iRecruit.Logging.NLogger|GET http://localhost:58637/api/users/search/1?search=nsin System.Web.Http.Controllers DefaultHttpControllerSelector SelectController Route='controller:users,action:search,id:1'
2014-09-16 14:16:45.4999|INFO|iRecruit.Logging.NLogger|GET http://localhost:58637/api/users/search/1?search=nsin System.Web.Http.Controllers DefaultHttpControllerSelector SelectController Users
2014-09-16 14:16:45.4999|INFO|iRecruit.Logging.NLogger|GET http://localhost:58637/api/users/search/1?search=nsin System.Web.Http.Controllers HttpControllerDescriptor CreateController
2014-09-16 14:16:45.4999|INFO|iRecruit.Logging.NLogger|GET http://localhost:58637/api/users/search/1?search=nsin System.Web.Http.Controllers DefaultHttpControllerActivator Create
2014-09-16 14:16:45.4999|INFO|iRecruit.Logging.NLogger|GET http://localhost:58637/api/users/search/1?search=nsin System.Web.Http.Controllers DefaultHttpControllerActivator Create iRecruit.Controllers.UsersController
2014-09-16 14:16:45.4999|INFO|iRecruit.Logging.NLogger|GET http://localhost:58637/api/users/search/1?search=nsin System.Web.Http.Controllers HttpControllerDescriptor CreateController iRecruit.Controllers.UsersController
2014-09-16 14:16:45.5169|INFO|iRecruit.Logging.NLogger|GET http://localhost:58637/api/users/search/1?search=nsin System.Web.Http.Controllers UsersController ExecuteAsync
2014-09-16 14:16:45.5169|INFO|iRecruit.Logging.NLogger|GET http://localhost:58637/api/users/search/1?search=nsin System.Web.Http.Action ApiControllerActionSelector SelectAction
2014-09-16 14:16:45.5169|INFO|iRecruit.Logging.NLogger|GET http://localhost:58637/api/users/search/1?search=nsin System.Web.Http.Action ApiControllerActionSelector SelectAction Selected action 'Search(Int32 id, String search)'
2014-09-16 14:16:45.5169|INFO|iRecruit.Logging.NLogger|GET http://localhost:58637/api/users/search/1?search=nsin System.Web.Http.ModelBinding HttpActionBinding ExecuteBindingAsync
2014-09-16 14:16:45.5169|INFO|iRecruit.Logging.NLogger|GET http://localhost:58637/api/users/search/1?search=nsin System.Web.Http.ModelBinding ModelBinderParameterBinding ExecuteBindingAsync Binding parameter 'id'
2014-09-16 14:16:45.5339|INFO|iRecruit.Logging.NLogger|GET http://localhost:58637/api/users/search/1?search=nsin System.Web.Http.ModelBinding ModelBinderParameterBinding ExecuteBindingAsync Parameter 'id' bound to the value '1'
2014-09-16 14:16:45.5339|INFO|iRecruit.Logging.NLogger|GET http://localhost:58637/api/users/search/1?search=nsin System.Web.Http.ModelBinding ModelBinderParameterBinding ExecuteBindingAsync Binding parameter 'search'
2014-09-16 14:16:45.5339|INFO|iRecruit.Logging.NLogger|GET http://localhost:58637/api/users/search/1?search=nsin System.Web.Http.ModelBinding ModelBinderParameterBinding ExecuteBindingAsync Parameter 'search' bound to the value 'nsin'
2014-09-16 14:16:45.5339|INFO|iRecruit.Logging.NLogger|GET http://localhost:58637/api/users/search/1?search=nsin System.Web.Http.ModelBinding HttpActionBinding ExecuteBindingAsync Model state is valid. Values: id=1, search=nsin
2014-09-16 14:16:45.5339|INFO|iRecruit.Logging.NLogger|GET http://localhost:58637/api/users/search/1?search=nsin System.Web.Http.Filters AllowCrossSiteOriginAttribute OnActionExecutingAsync Action filter for 'Search(Int32 id, String search)'
2014-09-16 14:16:45.5489|INFO|iRecruit.Logging.NLogger|GET http://localhost:58637/api/users/search/1?search=nsin System.Web.Http.Filters AllowCrossSiteOriginAttribute OnActionExecutingAsync
2014-09-16 14:16:45.5489|INFO|iRecruit.Logging.NLogger|GET http://localhost:58637/api/users/search/1?search=nsin System.Web.Http.Action ApiControllerActionInvoker InvokeActionAsync Action='Search(id=1, search=nsin)'
2014-09-16 14:16:45.5489|INFO|iRecruit.Logging.NLogger|GET http://localhost:58637/api/users/search/1?search=nsin System.Web.Http.Action ReflectedHttpActionDescriptor ExecuteAsync Invoking action 'Search(id=1, search=nsin)'
2014-09-16 14:16:45.6179|INFO|iRecruit.Logging.NLogger|GET http://localhost:58637/api/users/search/1?search=nsin System.Net.Http.Formatting DefaultContentNegotiator Negotiate Type='List`1', formatters=[JsonMediaTypeFormatterTracer, XmlMediaTypeFormatterTracer, FormUrlEncodedMediaTypeFormatterTracer, FormUrlEncodedMediaTypeFormatterTracer]
2014-09-16 14:16:45.6269|INFO|iRecruit.Logging.NLogger|GET http://localhost:58637/api/users/search/1?search=nsin System.Net.Http.Formatting JsonMediaTypeFormatter GetPerRequestFormatterInstance Obtaining formatter of type 'JsonMediaTypeFormatter' for type='List`1', mediaType='application/json; charset=utf-8'
2014-09-16 14:16:45.6269|INFO|iRecruit.Logging.NLogger|GET http://localhost:58637/api/users/search/1?search=nsin System.Net.Http.Formatting JsonMediaTypeFormatter GetPerRequestFormatterInstance Will use same 'JsonMediaTypeFormatter' formatter
2014-09-16 14:16:45.6469|INFO|iRecruit.Logging.NLogger|GET http://localhost:58637/api/users/search/1?search=nsin System.Net.Http.Formatting DefaultContentNegotiator Negotiate Selected formatter='JsonMediaTypeFormatter', content-type='application/json; charset=utf-8'
2014-09-16 14:16:45.6469|INFO|iRecruit.Logging.NLogger|GET http://localhost:58637/api/users/search/1?search=nsin iRecruit.Controllers.UsersController
2014-09-16 14:16:45.6599|INFO|iRecruit.Logging.NLogger|GET http://localhost:58637/api/users/search/1?search=nsin System.Web.Http.Action ReflectedHttpActionDescriptor ExecuteAsync Action returned 'StatusCode: 200, ReasonPhrase: 'OK', Version: 1.1, Content: System.Net.Http.ObjectContent`1[[System.Collections.Generic.List`1[[iRecruit.Models.AutoCompleteResults, iRecruit.Models, Version=1.0.0.0, Culture=neutral, PublicKeyToken=null]], mscorlib, Version=4.0.0.0, Culture=neutral, PublicKeyToken=b77a5c561934e089]], Headers:
{
  Content-Type: application/json; charset=utf-8
}'
2014-09-16 14:16:45.6599|INFO|iRecruit.Logging.NLogger|GET http://localhost:58637/api/users/search/1?search=nsin System.Web.Http.Action ApiControllerActionInvoker InvokeActionAsync
2014-09-16 14:16:45.6599|INFO|iRecruit.Logging.NLogger|GET http://localhost:58637/api/users/search/1?search=nsin System.Web.Http.Filters AllowCrossSiteOriginAttribute OnActionExecutedAsync Action filter for 'Search(Int32 id, String search)'
2014-09-16 14:16:45.6749|INFO|iRecruit.Logging.NLogger|GET http://localhost:58637/api/users/search/1?search=nsin System.Web.Http.Filters AllowCrossSiteOriginAttribute OnActionExecutedAsync
2014-09-16 14:16:45.6749|INFO|iRecruit.Logging.NLogger|GET http://localhost:58637/api/users/search/1?search=nsin System.Web.Http.Controllers UsersController ExecuteAsync
2014-09-16 14:16:45.6749|INFO|iRecruit.Logging.NLogger|GET http://localhost:58637/api/users/search/1?search=nsin System.Web.Http.MessageHandlers TokenInspector SendAsync
2014-09-16 14:16:45.6749|INFO|iRecruit.Logging.NLogger|GET http://localhost:58637/api/users/search/1?search=nsin System.Web.Http.Request Content-type='application/json; charset=utf-8', content-length=unknown
2014-09-16 14:16:45.6899|INFO|iRecruit.Logging.NLogger|GET http://localhost:58637/api/users/search/1?search=nsin System.Net.Http.Formatting JsonMediaTypeFormatter WriteToStreamAsync Value='System.Collections.Generic.List`1[iRecruit.Models.AutoCompleteResults]', type='List`1', content-type='application/json; charset=utf-8'
2014-09-16 14:16:45.6899|INFO|iRecruit.Logging.NLogger|GET http://localhost:58637/api/users/search/1?search=nsin System.Net.Http.Formatting JsonMediaTypeFormatter WriteToStreamAsync
2014-09-16 14:16:45.6899|INFO|iRecruit.Logging.NLogger|GET http://localhost:58637/api/users/search/1?search=nsin System.Web.Http.Controllers UsersController Dispose
2014-09-16 14:16:45.6899|INFO|iRecruit.Logging.NLogger|GET http://localhost:58637/api/users/search/1?search=nsin System.Web.Http.Controllers UsersController Dispose
2014-09-16 14:16:46.6040|INFO|iRecruit.Logging.NLogger|GET http://localhost:58637/api/users/getuser/nsinha System.Web.Http.Request http://localhost:58637/api/users/getuser/nsinha
2014-09-16 14:16:46.6130|INFO|iRecruit.Logging.NLogger|GET http://localhost:58637/api/users/getuser/nsinha System.Web.Http.MessageHandlers TokenInspector SendAsync
2014-09-16 14:16:46.6410|INFO|iRecruit.Logging.NLogger|GET http://localhost:58637/api/users/getuser/nsinha System.Web.Http.Controllers DefaultHttpControllerSelector SelectController Route='controller:users,action:getuser,id:nsinha'
2014-09-16 14:16:46.6410|INFO|iRecruit.Logging.NLogger|GET http://localhost:58637/api/users/getuser/nsinha System.Web.Http.Controllers DefaultHttpControllerSelector SelectController Users
2014-09-16 14:16:46.6410|INFO|iRecruit.Logging.NLogger|GET http://localhost:58637/api/users/getuser/nsinha System.Web.Http.Controllers HttpControllerDescriptor CreateController
2014-09-16 14:16:46.6410|INFO|iRecruit.Logging.NLogger|GET http://localhost:58637/api/users/getuser/nsinha System.Web.Http.Controllers DefaultHttpControllerActivator Create
2014-09-16 14:16:46.6410|INFO|iRecruit.Logging.NLogger|GET http://localhost:58637/api/users/getuser/nsinha System.Web.Http.Controllers DefaultHttpControllerActivator Create iRecruit.Controllers.UsersController
2014-09-16 14:16:46.6570|INFO|iRecruit.Logging.NLogger|GET http://localhost:58637/api/users/getuser/nsinha System.Web.Http.Controllers HttpControllerDescriptor CreateController iRecruit.Controllers.UsersController
2014-09-16 14:16:46.6570|INFO|iRecruit.Logging.NLogger|GET http://localhost:58637/api/users/getuser/nsinha System.Web.Http.Controllers UsersController ExecuteAsync
2014-09-16 14:16:46.6570|INFO|iRecruit.Logging.NLogger|GET http://localhost:58637/api/users/getuser/nsinha System.Web.Http.Action ApiControllerActionSelector SelectAction
2014-09-16 14:16:46.6570|INFO|iRecruit.Logging.NLogger|GET http://localhost:58637/api/users/getuser/nsinha System.Web.Http.Action ApiControllerActionSelector SelectAction Selected action 'GetUser(String id)'
2014-09-16 14:16:46.6700|INFO|iRecruit.Logging.NLogger|GET http://localhost:58637/api/users/getuser/nsinha System.Web.Http.ModelBinding HttpActionBinding ExecuteBindingAsync
2014-09-16 14:16:46.6700|INFO|iRecruit.Logging.NLogger|GET http://localhost:58637/api/users/getuser/nsinha System.Web.Http.ModelBinding ModelBinderParameterBinding ExecuteBindingAsync Binding parameter 'id'
2014-09-16 14:16:46.6700|INFO|iRecruit.Logging.NLogger|GET http://localhost:58637/api/users/getuser/nsinha System.Web.Http.ModelBinding ModelBinderParameterBinding ExecuteBindingAsync Parameter 'id' bound to the value 'nsinha'
2014-09-16 14:16:46.6700|INFO|iRecruit.Logging.NLogger|GET http://localhost:58637/api/users/getuser/nsinha System.Web.Http.ModelBinding HttpActionBinding ExecuteBindingAsync Model state is valid. Values: id=nsinha
2014-09-16 14:16:46.6700|INFO|iRecruit.Logging.NLogger|GET http://localhost:58637/api/users/getuser/nsinha System.Web.Http.Filters AllowCrossSiteOriginAttribute OnActionExecutingAsync Action filter for 'GetUser(String id)'
2014-09-16 14:16:46.6700|INFO|iRecruit.Logging.NLogger|GET http://localhost:58637/api/users/getuser/nsinha System.Web.Http.Filters AllowCrossSiteOriginAttribute OnActionExecutingAsync
2014-09-16 14:16:46.6880|INFO|iRecruit.Logging.NLogger|GET http://localhost:58637/api/users/getuser/nsinha System.Web.Http.Action ApiControllerActionInvoker InvokeActionAsync Action='GetUser(id=nsinha)'
2014-09-16 14:16:46.6880|INFO|iRecruit.Logging.NLogger|GET http://localhost:58637/api/users/getuser/nsinha System.Web.Http.Action ReflectedHttpActionDescriptor ExecuteAsync Invoking action 'GetUser(id=nsinha)'
2014-09-16 14:16:46.7140|INFO|iRecruit.Logging.NLogger|GET http://localhost:58637/api/users/getuser/nsinha System.Net.Http.Formatting DefaultContentNegotiator Negotiate Type='Users', formatters=[JsonMediaTypeFormatterTracer, XmlMediaTypeFormatterTracer, FormUrlEncodedMediaTypeFormatterTracer, FormUrlEncodedMediaTypeFormatterTracer]
2014-09-16 14:16:46.7180|INFO|iRecruit.Logging.NLogger|GET http://localhost:58637/api/users/getuser/nsinha System.Net.Http.Formatting JsonMediaTypeFormatter GetPerRequestFormatterInstance Obtaining formatter of type 'JsonMediaTypeFormatter' for type='Users', mediaType='application/json; charset=utf-8'
2014-09-16 14:16:46.7180|INFO|iRecruit.Logging.NLogger|GET http://localhost:58637/api/users/getuser/nsinha System.Net.Http.Formatting JsonMediaTypeFormatter GetPerRequestFormatterInstance Will use same 'JsonMediaTypeFormatter' formatter
2014-09-16 14:16:46.7180|INFO|iRecruit.Logging.NLogger|GET http://localhost:58637/api/users/getuser/nsinha System.Net.Http.Formatting DefaultContentNegotiator Negotiate Selected formatter='JsonMediaTypeFormatter', content-type='application/json; charset=utf-8'
2014-09-16 14:16:46.7180|INFO|iRecruit.Logging.NLogger|GET http://localhost:58637/api/users/getuser/nsinha iRecruit.Controllers.UsersController
2014-09-16 14:16:46.7180|INFO|iRecruit.Logging.NLogger|GET http://localhost:58637/api/users/getuser/nsinha System.Web.Http.Action ReflectedHttpActionDescriptor ExecuteAsync Action returned 'StatusCode: 200, ReasonPhrase: 'OK', Version: 1.1, Content: System.Net.Http.ObjectContent`1[[iRecruit.Entity.Users, iRecruit.Entity, Version=1.0.0.0, Culture=neutral, PublicKeyToken=null]], Headers:
{
  Content-Type: application/json; charset=utf-8
}'
2014-09-16 14:16:46.7330|INFO|iRecruit.Logging.NLogger|GET http://localhost:58637/api/users/getuser/nsinha System.Web.Http.Action ApiControllerActionInvoker InvokeActionAsync
2014-09-16 14:16:46.7330|INFO|iRecruit.Logging.NLogger|GET http://localhost:58637/api/users/getuser/nsinha System.Web.Http.Filters AllowCrossSiteOriginAttribute OnActionExecutedAsync Action filter for 'GetUser(String id)'
2014-09-16 14:16:46.7330|INFO|iRecruit.Logging.NLogger|GET http://localhost:58637/api/users/getuser/nsinha System.Web.Http.Filters AllowCrossSiteOriginAttribute OnActionExecutedAsync
2014-09-16 14:16:46.7330|INFO|iRecruit.Logging.NLogger|GET http://localhost:58637/api/users/getuser/nsinha System.Web.Http.Controllers UsersController ExecuteAsync
2014-09-16 14:16:46.7330|INFO|iRecruit.Logging.NLogger|GET http://localhost:58637/api/users/getuser/nsinha System.Web.Http.MessageHandlers TokenInspector SendAsync
2014-09-16 14:16:46.7480|INFO|iRecruit.Logging.NLogger|GET http://localhost:58637/api/users/getuser/nsinha System.Web.Http.Request Content-type='application/json; charset=utf-8', content-length=unknown
2014-09-16 14:16:46.7480|INFO|iRecruit.Logging.NLogger|GET http://localhost:58637/api/users/getuser/nsinha System.Net.Http.Formatting JsonMediaTypeFormatter WriteToStreamAsync Value='iRecruit.Entity.Users', type='Users', content-type='application/json; charset=utf-8'
2014-09-16 14:16:46.7480|INFO|iRecruit.Logging.NLogger|GET http://localhost:58637/api/users/getuser/nsinha System.Net.Http.Formatting JsonMediaTypeFormatter WriteToStreamAsync
2014-09-16 14:16:46.7480|INFO|iRecruit.Logging.NLogger|GET http://localhost:58637/api/users/getuser/nsinha System.Web.Http.Controllers UsersController Dispose
2014-09-16 14:16:46.7480|INFO|iRecruit.Logging.NLogger|GET http://localhost:58637/api/users/getuser/nsinha System.Web.Http.Controllers UsersController Dispose
