2014-12-15 14:00:58.8028|DEBUG|iRecruit.Logging.NLogger| System.Web.Http.Controllers WebHostHttpControllerTypeResolver GetControllerTypes
2014-12-15 14:00:58.8429|DEBUG|iRecruit.Logging.NLogger| System.Web.Http.Controllers WebHostHttpControllerTypeResolver GetControllerTypes
2014-12-15 14:01:49.0869|INFO|iRecruit.Logging.NLogger|GET http://localhost:58637/api/users/getuseraccessfeatures/nsinha System.Web.Http.Request http://localhost:58637/api/users/getuseraccessfeatures/nsinha
2014-12-15 14:01:49.0869|INFO|iRecruit.Logging.NLogger|GET http://localhost:58637/api/users/getuseraccessfeatures/nsinha System.Web.Http.MessageHandlers TokenInspector SendAsync
2014-12-15 14:01:49.1269|INFO|iRecruit.Logging.NLogger|GET http://localhost:58637/api/users/getuseraccessfeatures/nsinha System.Web.Http.Controllers DefaultHttpControllerSelector SelectController Route='controller:users,action:getuseraccessfeatures,id:nsinha'
2014-12-15 14:01:49.1369|INFO|iRecruit.Logging.NLogger|GET http://localhost:58637/api/users/getuseraccessfeatures/nsinha System.Web.Http.Controllers DefaultHttpControllerSelector SelectController Users
2014-12-15 14:01:49.1369|INFO|iRecruit.Logging.NLogger|GET http://localhost:58637/api/users/getuseraccessfeatures/nsinha System.Web.Http.Controllers HttpControllerDescriptor CreateController
2014-12-15 14:01:49.1369|INFO|iRecruit.Logging.NLogger|GET http://localhost:58637/api/users/getuseraccessfeatures/nsinha System.Web.Http.Controllers DefaultHttpControllerActivator Create
2014-12-15 14:01:49.1569|INFO|iRecruit.Logging.NLogger|GET http://localhost:58637/api/users/getuseraccessfeatures/nsinha System.Web.Http.Controllers DefaultHttpControllerActivator Create iRecruit.Controllers.UsersController
2014-12-15 14:01:49.1569|INFO|iRecruit.Logging.NLogger|GET http://localhost:58637/api/users/getuseraccessfeatures/nsinha System.Web.Http.Controllers HttpControllerDescriptor CreateController iRecruit.Controllers.UsersController
2014-12-15 14:01:49.1569|INFO|iRecruit.Logging.NLogger|GET http://localhost:58637/api/users/getuseraccessfeatures/nsinha System.Web.Http.Controllers UsersController ExecuteAsync
2014-12-15 14:01:49.1669|INFO|iRecruit.Logging.NLogger|GET http://localhost:58637/api/users/getuseraccessfeatures/nsinha System.Web.Http.Action ApiControllerActionSelector SelectAction
2014-12-15 14:01:49.1869|INFO|iRecruit.Logging.NLogger|GET http://localhost:58637/api/users/getuseraccessfeatures/nsinha System.Web.Http.Action ApiControllerActionSelector SelectAction Selected action 'GetUserAccessFeatures(String id)'
2014-12-15 14:01:49.2169|INFO|iRecruit.Logging.NLogger|GET http://localhost:58637/api/users/getuseraccessfeatures/nsinha System.Web.Http.ModelBinding HttpActionBinding ExecuteBindingAsync
2014-12-15 14:01:49.2269|INFO|iRecruit.Logging.NLogger|GET http://localhost:58637/api/users/getuseraccessfeatures/nsinha System.Web.Http.ModelBinding ModelBinderParameterBinding ExecuteBindingAsync Binding parameter 'id'
2014-12-15 14:01:49.2569|INFO|iRecruit.Logging.NLogger|GET http://localhost:58637/api/users/getuseraccessfeatures/nsinha System.Web.Http.ModelBinding ModelBinderParameterBinding ExecuteBindingAsync Parameter 'id' bound to the value 'nsinha'
2014-12-15 14:01:49.2569|INFO|iRecruit.Logging.NLogger|GET http://localhost:58637/api/users/getuseraccessfeatures/nsinha System.Web.Http.ModelBinding HttpActionBinding ExecuteBindingAsync Model state is valid. Values: id=nsinha
2014-12-15 14:01:49.2769|INFO|iRecruit.Logging.NLogger|GET http://localhost:58637/api/users/getuseraccessfeatures/nsinha System.Web.Http.Filters AllowCrossSiteOriginAttribute OnActionExecutingAsync Action filter for 'GetUserAccessFeatures(String id)'
2014-12-15 14:01:49.2769|INFO|iRecruit.Logging.NLogger|GET http://localhost:58637/api/users/getuseraccessfeatures/nsinha System.Web.Http.Filters AllowCrossSiteOriginAttribute OnActionExecutingAsync
2014-12-15 14:01:49.2769|INFO|iRecruit.Logging.NLogger|GET http://localhost:58637/api/users/getuseraccessfeatures/nsinha System.Web.Http.Action ApiControllerActionInvoker InvokeActionAsync Action='GetUserAccessFeatures(id=nsinha)'
2014-12-15 14:01:49.2969|INFO|iRecruit.Logging.NLogger|GET http://localhost:58637/api/users/getuseraccessfeatures/nsinha System.Web.Http.Action ReflectedHttpActionDescriptor ExecuteAsync Invoking action 'GetUserAccessFeatures(id=nsinha)'
2014-12-15 14:01:49.6744|INFO|iRecruit.Logging.NLogger|GET http://localhost:58637/api/users/getuseraccessfeatures/nsinha System.Net.Http.Formatting DefaultContentNegotiator Negotiate Type='MenuModel', formatters=[JsonMediaTypeFormatterTracer, XmlMediaTypeFormatterTracer, FormUrlEncodedMediaTypeFormatterTracer, FormUrlEncodedMediaTypeFormatterTracer]
2014-12-15 14:01:49.6944|INFO|iRecruit.Logging.NLogger|GET http://localhost:58637/api/users/getuseraccessfeatures/nsinha System.Net.Http.Formatting JsonMediaTypeFormatter GetPerRequestFormatterInstance Obtaining formatter of type 'JsonMediaTypeFormatter' for type='MenuModel', mediaType='application/json; charset=utf-8'
2014-12-15 14:01:49.6944|INFO|iRecruit.Logging.NLogger|GET http://localhost:58637/api/users/getuseraccessfeatures/nsinha System.Net.Http.Formatting JsonMediaTypeFormatter GetPerRequestFormatterInstance Will use same 'JsonMediaTypeFormatter' formatter
2014-12-15 14:01:49.6944|INFO|iRecruit.Logging.NLogger|GET http://localhost:58637/api/users/getuseraccessfeatures/nsinha System.Net.Http.Formatting DefaultContentNegotiator Negotiate Selected formatter='JsonMediaTypeFormatter', content-type='application/json; charset=utf-8'
2014-12-15 14:01:49.7309|INFO|iRecruit.Logging.NLogger|GET http://localhost:58637/api/users/getuseraccessfeatures/nsinha System.Web.Http.Action ReflectedHttpActionDescriptor ExecuteAsync Action returned 'StatusCode: 200, ReasonPhrase: 'OK', Version: 1.1, Content: System.Net.Http.ObjectContent`1[[iRecruit.Models.MenuModel, iRecruit.Models, Version=1.0.0.0, Culture=neutral, PublicKeyToken=null]], Headers:
{
  Content-Type: application/json; charset=utf-8
}'
2014-12-15 14:01:49.7309|INFO|iRecruit.Logging.NLogger|GET http://localhost:58637/api/users/getuser/nsinha System.Web.Http.Request http://localhost:58637/api/users/getuser/nsinha
2014-12-15 14:01:49.7309|INFO|iRecruit.Logging.NLogger|GET http://localhost:58637/api/dashboard/OpenPositionsDetails/1 System.Web.Http.Request http://localhost:58637/api/dashboard/OpenPositionsDetails/1
2014-12-15 14:01:49.7309|INFO|iRecruit.Logging.NLogger|GET http://localhost:58637/api/dashboard/OfferJoiningRatio/1?b=false System.Web.Http.Request http://localhost:58637/api/dashboard/OfferJoiningRatio/1?b=false
2014-12-15 14:01:49.7309|INFO|iRecruit.Logging.NLogger|GET http://localhost:58637/api/users/getuseraccessfeatures/nsinha System.Web.Http.Action ApiControllerActionInvoker InvokeActionAsync
2014-12-15 14:01:49.7409|INFO|iRecruit.Logging.NLogger|GET http://localhost:58637/api/users/getuser/nsinha System.Web.Http.MessageHandlers TokenInspector SendAsync
2014-12-15 14:01:49.7409|INFO|iRecruit.Logging.NLogger|GET http://localhost:58637/api/dashboard/OpenPositionsDetails/1 System.Web.Http.MessageHandlers TokenInspector SendAsync
2014-12-15 14:01:49.7409|INFO|iRecruit.Logging.NLogger|GET http://localhost:58637/api/dashboard/OfferJoiningRatio/1?b=false System.Web.Http.MessageHandlers TokenInspector SendAsync
2014-12-15 14:01:49.7549|INFO|iRecruit.Logging.NLogger|GET http://localhost:58637/api/users/getuseraccessfeatures/nsinha System.Web.Http.Filters AllowCrossSiteOriginAttribute OnActionExecutedAsync Action filter for 'GetUserAccessFeatures(String id)'
2014-12-15 14:01:49.7764|INFO|iRecruit.Logging.NLogger|GET http://localhost:58637/api/users/getuseraccessfeatures/nsinha System.Web.Http.Filters AllowCrossSiteOriginAttribute OnActionExecutedAsync
2014-12-15 14:01:49.7764|INFO|iRecruit.Logging.NLogger|GET http://localhost:58637/api/users/getuseraccessfeatures/nsinha System.Web.Http.Controllers UsersController ExecuteAsync
2014-12-15 14:01:49.7764|INFO|iRecruit.Logging.NLogger|GET http://localhost:58637/api/users/getuseraccessfeatures/nsinha System.Web.Http.MessageHandlers TokenInspector SendAsync
2014-12-15 14:01:49.7764|INFO|iRecruit.Logging.NLogger|GET http://localhost:58637/api/users/getuser/nsinha System.Web.Http.Controllers DefaultHttpControllerSelector SelectController Route='controller:users,action:getuser,id:nsinha'
2014-12-15 14:01:49.7914|INFO|iRecruit.Logging.NLogger|GET http://localhost:58637/api/dashboard/OpenPositionsDetails/1 System.Web.Http.Controllers DefaultHttpControllerSelector SelectController Route='controller:dashboard,action:OpenPositionsDetails,id:1'
2014-12-15 14:01:49.7914|INFO|iRecruit.Logging.NLogger|GET http://localhost:58637/api/users/getuseraccessfeatures/nsinha System.Web.Http.Request Content-type='application/json; charset=utf-8', content-length=unknown
2014-12-15 14:01:49.7914|INFO|iRecruit.Logging.NLogger|GET http://localhost:58637/api/users/getuser/nsinha System.Web.Http.Controllers DefaultHttpControllerSelector SelectController Users
2014-12-15 14:01:49.7914|INFO|iRecruit.Logging.NLogger|GET http://localhost:58637/api/dashboard/OpenPositionsDetails/1 System.Web.Http.Controllers DefaultHttpControllerSelector SelectController Dashboard
2014-12-15 14:01:49.7914|INFO|iRecruit.Logging.NLogger|GET http://localhost:58637/api/dashboard/OfferJoiningRatio/1?b=false System.Web.Http.Controllers DefaultHttpControllerSelector SelectController Route='controller:dashboard,action:OfferJoiningRatio,id:1'
2014-12-15 14:01:49.8009|INFO|iRecruit.Logging.NLogger|GET http://localhost:58637/api/users/getuser/nsinha System.Web.Http.Controllers HttpControllerDescriptor CreateController
2014-12-15 14:01:49.8009|INFO|iRecruit.Logging.NLogger|GET http://localhost:58637/api/dashboard/OpenPositionsDetails/1 System.Web.Http.Controllers HttpControllerDescriptor CreateController
2014-12-15 14:01:49.8159|INFO|iRecruit.Logging.NLogger|GET http://localhost:58637/api/users/getuseraccessfeatures/nsinha System.Net.Http.Formatting JsonMediaTypeFormatter WriteToStreamAsync Value='iRecruit.Models.MenuModel', type='MenuModel', content-type='application/json; charset=utf-8'
2014-12-15 14:01:49.8159|INFO|iRecruit.Logging.NLogger|GET http://localhost:58637/api/dashboard/OfferJoiningRatio/1?b=false System.Web.Http.Controllers DefaultHttpControllerSelector SelectController Dashboard
2014-12-15 14:01:49.8159|INFO|iRecruit.Logging.NLogger|GET http://localhost:58637/api/users/getuser/nsinha System.Web.Http.Controllers DefaultHttpControllerActivator Create
2014-12-15 14:01:49.8159|INFO|iRecruit.Logging.NLogger|GET http://localhost:58637/api/dashboard/OpenPositionsDetails/1 System.Web.Http.Controllers DefaultHttpControllerActivator Create
2014-12-15 14:01:49.8359|INFO|iRecruit.Logging.NLogger|GET http://localhost:58637/api/dashboard/OfferJoiningRatio/1?b=false System.Web.Http.Controllers HttpControllerDescriptor CreateController
2014-12-15 14:01:49.8359|INFO|iRecruit.Logging.NLogger|GET http://localhost:58637/api/users/getuser/nsinha System.Web.Http.Controllers DefaultHttpControllerActivator Create iRecruit.Controllers.UsersController
2014-12-15 14:01:49.8359|INFO|iRecruit.Logging.NLogger|GET http://localhost:58637/api/dashboard/OpenPositionsDetails/1 System.Web.Http.Controllers DefaultHttpControllerActivator Create iRecruit.Controllers.DashboardController
2014-12-15 14:01:49.8359|INFO|iRecruit.Logging.NLogger|GET http://localhost:58637/api/dashboard/OfferJoiningRatio/1?b=false System.Web.Http.Controllers DefaultHttpControllerActivator Create
2014-12-15 14:01:49.8534|INFO|iRecruit.Logging.NLogger|GET http://localhost:58637/api/users/getuser/nsinha System.Web.Http.Controllers HttpControllerDescriptor CreateController iRecruit.Controllers.UsersController
2014-12-15 14:01:49.8534|INFO|iRecruit.Logging.NLogger|GET http://localhost:58637/api/dashboard/OpenPositionsDetails/1 System.Web.Http.Controllers HttpControllerDescriptor CreateController iRecruit.Controllers.DashboardController
2014-12-15 14:01:49.8534|INFO|iRecruit.Logging.NLogger|GET http://localhost:58637/api/dashboard/OfferJoiningRatio/1?b=false System.Web.Http.Controllers DefaultHttpControllerActivator Create iRecruit.Controllers.DashboardController
2014-12-15 14:01:49.8534|INFO|iRecruit.Logging.NLogger|GET http://localhost:58637/api/users/getuser/nsinha System.Web.Http.Controllers UsersController ExecuteAsync
2014-12-15 14:01:49.8659|INFO|iRecruit.Logging.NLogger|GET http://localhost:58637/api/dashboard/OpenPositionsDetails/1 System.Web.Http.Controllers DashboardController ExecuteAsync
2014-12-15 14:01:49.8659|INFO|iRecruit.Logging.NLogger|GET http://localhost:58637/api/dashboard/OfferJoiningRatio/1?b=false System.Web.Http.Controllers HttpControllerDescriptor CreateController iRecruit.Controllers.DashboardController
2014-12-15 14:01:49.8659|INFO|iRecruit.Logging.NLogger|GET http://localhost:58637/api/users/getuser/nsinha System.Web.Http.Action ApiControllerActionSelector SelectAction
2014-12-15 14:01:49.8659|INFO|iRecruit.Logging.NLogger|GET http://localhost:58637/api/dashboard/OpenPositionsDetails/1 System.Web.Http.Action ApiControllerActionSelector SelectAction
2014-12-15 14:01:49.8659|INFO|iRecruit.Logging.NLogger|GET http://localhost:58637/api/dashboard/OfferJoiningRatio/1?b=false System.Web.Http.Controllers DashboardController ExecuteAsync
2014-12-15 14:01:49.8809|INFO|iRecruit.Logging.NLogger|GET http://localhost:58637/api/users/getuser/nsinha System.Web.Http.Action ApiControllerActionSelector SelectAction Selected action 'GetUser(String id)'
2014-12-15 14:01:49.8809|INFO|iRecruit.Logging.NLogger|GET http://localhost:58637/api/dashboard/OpenPositionsDetails/1 System.Web.Http.Action ApiControllerActionSelector SelectAction Selected action 'OpenPositionsDetails(Int32 id)'
2014-12-15 14:01:49.8809|INFO|iRecruit.Logging.NLogger|GET http://localhost:58637/api/dashboard/OfferJoiningRatio/1?b=false System.Web.Http.Action ApiControllerActionSelector SelectAction
2014-12-15 14:01:49.8809|INFO|iRecruit.Logging.NLogger|GET http://localhost:58637/api/users/getuser/nsinha System.Web.Http.ModelBinding HttpActionBinding ExecuteBindingAsync
2014-12-15 14:01:49.8809|INFO|iRecruit.Logging.NLogger|GET http://localhost:58637/api/dashboard/OpenPositionsDetails/1 System.Web.Http.ModelBinding HttpActionBinding ExecuteBindingAsync
2014-12-15 14:01:49.8984|INFO|iRecruit.Logging.NLogger|GET http://localhost:58637/api/users/getuser/nsinha System.Web.Http.ModelBinding ModelBinderParameterBinding ExecuteBindingAsync Binding parameter 'id'
2014-12-15 14:01:49.8984|INFO|iRecruit.Logging.NLogger|GET http://localhost:58637/api/dashboard/OpenPositionsDetails/1 System.Web.Http.ModelBinding ModelBinderParameterBinding ExecuteBindingAsync Binding parameter 'id'
2014-12-15 14:01:49.8984|INFO|iRecruit.Logging.NLogger|GET http://localhost:58637/api/dashboard/OfferJoiningRatio/1?b=false System.Web.Http.Action ApiControllerActionSelector SelectAction Selected action 'OfferJoiningRatio(Int32 id, String b)'
2014-12-15 14:01:49.8984|INFO|iRecruit.Logging.NLogger|GET http://localhost:58637/api/users/getuser/nsinha System.Web.Http.ModelBinding ModelBinderParameterBinding ExecuteBindingAsync Parameter 'id' bound to the value 'nsinha'
2014-12-15 14:01:49.9134|INFO|iRecruit.Logging.NLogger|GET http://localhost:58637/api/dashboard/OpenPositionsDetails/1 System.Web.Http.ModelBinding ModelBinderParameterBinding ExecuteBindingAsync Parameter 'id' bound to the value '1'
2014-12-15 14:01:49.9134|INFO|iRecruit.Logging.NLogger|GET http://localhost:58637/api/dashboard/OfferJoiningRatio/1?b=false System.Web.Http.ModelBinding HttpActionBinding ExecuteBindingAsync
2014-12-15 14:01:49.9134|INFO|iRecruit.Logging.NLogger|GET http://localhost:58637/api/users/getuser/nsinha System.Web.Http.ModelBinding HttpActionBinding ExecuteBindingAsync Model state is valid. Values: id=nsinha
2014-12-15 14:01:49.9134|INFO|iRecruit.Logging.NLogger|GET http://localhost:58637/api/dashboard/OpenPositionsDetails/1 System.Web.Http.ModelBinding HttpActionBinding ExecuteBindingAsync Model state is valid. Values: id=1
2014-12-15 14:01:49.9284|INFO|iRecruit.Logging.NLogger|GET http://localhost:58637/api/dashboard/OfferJoiningRatio/1?b=false System.Web.Http.ModelBinding ModelBinderParameterBinding ExecuteBindingAsync Binding parameter 'id'
2014-12-15 14:01:49.9284|INFO|iRecruit.Logging.NLogger|GET http://localhost:58637/api/users/getuser/nsinha System.Web.Http.Filters AllowCrossSiteOriginAttribute OnActionExecutingAsync Action filter for 'GetUser(String id)'
2014-12-15 14:01:49.9284|INFO|iRecruit.Logging.NLogger|GET http://localhost:58637/api/dashboard/OpenPositionsDetails/1 System.Web.Http.Filters AllowCrossSiteOriginAttribute OnActionExecutingAsync Action filter for 'OpenPositionsDetails(Int32 id)'
2014-12-15 14:01:49.9284|INFO|iRecruit.Logging.NLogger|GET http://localhost:58637/api/dashboard/OfferJoiningRatio/1?b=false System.Web.Http.ModelBinding ModelBinderParameterBinding ExecuteBindingAsync Parameter 'id' bound to the value '1'
2014-12-15 14:01:49.9459|INFO|iRecruit.Logging.NLogger|GET http://localhost:58637/api/users/getuser/nsinha System.Web.Http.Filters AllowCrossSiteOriginAttribute OnActionExecutingAsync
2014-12-15 14:01:49.9459|INFO|iRecruit.Logging.NLogger|GET http://localhost:58637/api/dashboard/OpenPositionsDetails/1 System.Web.Http.Filters AllowCrossSiteOriginAttribute OnActionExecutingAsync
2014-12-15 14:01:49.9459|INFO|iRecruit.Logging.NLogger|GET http://localhost:58637/api/dashboard/OfferJoiningRatio/1?b=false System.Web.Http.ModelBinding ModelBinderParameterBinding ExecuteBindingAsync Binding parameter 'b'
2014-12-15 14:01:49.9459|INFO|iRecruit.Logging.NLogger|GET http://localhost:58637/api/users/getuser/nsinha System.Web.Http.Action ApiControllerActionInvoker InvokeActionAsync Action='GetUser(id=nsinha)'
2014-12-15 14:01:49.9609|INFO|iRecruit.Logging.NLogger|GET http://localhost:58637/api/dashboard/OpenPositionsDetails/1 System.Web.Http.Action ApiControllerActionInvoker InvokeActionAsync Action='OpenPositionsDetails(id=1)'
2014-12-15 14:01:49.9609|INFO|iRecruit.Logging.NLogger|GET http://localhost:58637/api/dashboard/OfferJoiningRatio/1?b=false System.Web.Http.ModelBinding ModelBinderParameterBinding ExecuteBindingAsync Parameter 'b' bound to the value 'false'
2014-12-15 14:01:49.9609|INFO|iRecruit.Logging.NLogger|GET http://localhost:58637/api/users/getuser/nsinha System.Web.Http.Action ReflectedHttpActionDescriptor ExecuteAsync Invoking action 'GetUser(id=nsinha)'
2014-12-15 14:01:49.9609|INFO|iRecruit.Logging.NLogger|GET http://localhost:58637/api/dashboard/OpenPositionsDetails/1 System.Web.Http.Action ReflectedHttpActionDescriptor ExecuteAsync Invoking action 'OpenPositionsDetails(id=1)'
2014-12-15 14:01:49.9784|INFO|iRecruit.Logging.NLogger|GET http://localhost:58637/api/dashboard/OfferJoiningRatio/1?b=false System.Web.Http.ModelBinding HttpActionBinding ExecuteBindingAsync Model state is valid. Values: id=1, b=false
2014-12-15 14:01:50.0134|INFO|iRecruit.Logging.NLogger|GET http://localhost:58637/api/dashboard/OfferJoiningRatio/1?b=false System.Web.Http.Filters AllowCrossSiteOriginAttribute OnActionExecutingAsync Action filter for 'OfferJoiningRatio(Int32 id, String b)'
2014-12-15 14:01:50.0134|INFO|iRecruit.Logging.NLogger|GET http://localhost:58637/api/dashboard/OfferJoiningRatio/1?b=false System.Web.Http.Filters AllowCrossSiteOriginAttribute OnActionExecutingAsync
2014-12-15 14:01:50.0234|INFO|iRecruit.Logging.NLogger|GET http://localhost:58637/api/dashboard/OfferJoiningRatio/1?b=false System.Web.Http.Action ApiControllerActionInvoker InvokeActionAsync Action='OfferJoiningRatio(id=1, b=false)'
2014-12-15 14:01:50.0234|INFO|iRecruit.Logging.NLogger|GET http://localhost:58637/api/dashboard/OfferJoiningRatio/1?b=false System.Web.Http.Action ReflectedHttpActionDescriptor ExecuteAsync Invoking action 'OfferJoiningRatio(id=1, b=false)'
2014-12-15 14:01:50.0984|INFO|iRecruit.Logging.NLogger|GET http://localhost:58637/api/users/getuser/nsinha System.Net.Http.Formatting DefaultContentNegotiator Negotiate Type='Users', formatters=[JsonMediaTypeFormatterTracer, XmlMediaTypeFormatterTracer, FormUrlEncodedMediaTypeFormatterTracer, FormUrlEncodedMediaTypeFormatterTracer]
2014-12-15 14:01:50.3269|INFO|iRecruit.Logging.NLogger|GET http://localhost:58637/api/users/getuser/nsinha System.Net.Http.Formatting JsonMediaTypeFormatter GetPerRequestFormatterInstance Obtaining formatter of type 'JsonMediaTypeFormatter' for type='Users', mediaType='application/json; charset=utf-8'
2014-12-15 14:01:50.3269|INFO|iRecruit.Logging.NLogger|GET http://localhost:58637/api/users/getuser/nsinha System.Net.Http.Formatting JsonMediaTypeFormatter GetPerRequestFormatterInstance Will use same 'JsonMediaTypeFormatter' formatter
2014-12-15 14:01:50.3369|INFO|iRecruit.Logging.NLogger|GET http://localhost:58637/api/users/getuser/nsinha System.Net.Http.Formatting DefaultContentNegotiator Negotiate Selected formatter='JsonMediaTypeFormatter', content-type='application/json; charset=utf-8'
2014-12-15 14:01:50.3569|INFO|iRecruit.Logging.NLogger|GET http://localhost:58637/api/users/getuser/nsinha System.Web.Http.Action ReflectedHttpActionDescriptor ExecuteAsync Action returned 'StatusCode: 200, ReasonPhrase: 'OK', Version: 1.1, Content: System.Net.Http.ObjectContent`1[[iRecruit.Entity.Users, iRecruit.Entity, Version=1.0.0.0, Culture=neutral, PublicKeyToken=null]], Headers:
{
  Content-Type: application/json; charset=utf-8
}'
2014-12-15 14:01:50.3669|INFO|iRecruit.Logging.NLogger|GET http://localhost:58637/api/users/getuser/nsinha System.Web.Http.Action ApiControllerActionInvoker InvokeActionAsync
2014-12-15 14:01:50.3669|INFO|iRecruit.Logging.NLogger|GET http://localhost:58637/api/users/getuser/nsinha System.Web.Http.Filters AllowCrossSiteOriginAttribute OnActionExecutedAsync Action filter for 'GetUser(String id)'
2014-12-15 14:01:50.3669|INFO|iRecruit.Logging.NLogger|GET http://localhost:58637/api/users/getuseraccessfeatures/nsinha System.Net.Http.Formatting JsonMediaTypeFormatter WriteToStreamAsync
2014-12-15 14:01:50.3669|INFO|iRecruit.Logging.NLogger|GET http://localhost:58637/api/users/getuser/nsinha System.Web.Http.Filters AllowCrossSiteOriginAttribute OnActionExecutedAsync
2014-12-15 14:01:50.3869|INFO|iRecruit.Logging.NLogger|GET http://localhost:58637/api/users/getuser/nsinha System.Web.Http.Controllers UsersController ExecuteAsync
2014-12-15 14:01:50.3869|INFO|iRecruit.Logging.NLogger|GET http://localhost:58637/api/users/getuser/nsinha System.Web.Http.MessageHandlers TokenInspector SendAsync
2014-12-15 14:01:50.3869|INFO|iRecruit.Logging.NLogger|GET http://localhost:58637/api/users/getuser/nsinha System.Web.Http.Request Content-type='application/json; charset=utf-8', content-length=unknown
2014-12-15 14:01:50.3969|INFO|iRecruit.Logging.NLogger|GET http://localhost:58637/api/users/getuser/nsinha System.Net.Http.Formatting JsonMediaTypeFormatter WriteToStreamAsync Value='iRecruit.Entity.Users', type='Users', content-type='application/json; charset=utf-8'
2014-12-15 14:01:50.3869|INFO|iRecruit.Logging.NLogger|GET http://localhost:58637/api/users/getuseraccessfeatures/nsinha System.Web.Http.Controllers UsersController Dispose
2014-12-15 14:01:50.3969|INFO|iRecruit.Logging.NLogger|GET http://localhost:58637/api/users/getuseraccessfeatures/nsinha System.Web.Http.Controllers UsersController Dispose
2014-12-15 14:01:50.3969|INFO|iRecruit.Logging.NLogger|GET http://localhost:58637/api/users/getuser/nsinha System.Net.Http.Formatting JsonMediaTypeFormatter WriteToStreamAsync
2014-12-15 14:01:50.4179|INFO|iRecruit.Logging.NLogger|GET http://localhost:58637/api/users/getuser/nsinha System.Web.Http.Controllers UsersController Dispose
2014-12-15 14:01:50.4179|INFO|iRecruit.Logging.NLogger|GET http://localhost:58637/api/users/getuser/nsinha System.Web.Http.Controllers UsersController Dispose
2014-12-15 14:01:50.4339|INFO|iRecruit.Logging.NLogger|GET http://localhost:58637/api/dashboard/topopenings/1 System.Web.Http.Request http://localhost:58637/api/dashboard/topopenings/1
2014-12-15 14:01:50.4339|INFO|iRecruit.Logging.NLogger|GET http://localhost:58637/api/dashboard/topopenings/1 System.Web.Http.MessageHandlers TokenInspector SendAsync
2014-12-15 14:01:50.4769|INFO|iRecruit.Logging.NLogger|GET http://localhost:58637/api/dashboard/ResumeSources/1 System.Web.Http.Request http://localhost:58637/api/dashboard/ResumeSources/1
2014-12-15 14:01:50.4769|INFO|iRecruit.Logging.NLogger|GET http://localhost:58637/api/dashboard/ResumeSources/1 System.Web.Http.MessageHandlers TokenInspector SendAsync
2014-12-15 14:01:50.4769|INFO|iRecruit.Logging.NLogger|GET http://localhost:58637/api/dashboard/topopenings/1 System.Web.Http.Controllers DefaultHttpControllerSelector SelectController Route='controller:dashboard,action:topopenings,id:1'
2014-12-15 14:01:50.4894|INFO|iRecruit.Logging.NLogger|GET http://localhost:58637/api/dashboard/topopenings/1 System.Web.Http.Controllers DefaultHttpControllerSelector SelectController Dashboard
2014-12-15 14:01:50.4894|INFO|iRecruit.Logging.NLogger|GET http://localhost:58637/api/dashboard/topopenings/1 System.Web.Http.Controllers HttpControllerDescriptor CreateController
2014-12-15 14:01:50.4894|INFO|iRecruit.Logging.NLogger|GET http://localhost:58637/api/dashboard/topopenings/1 System.Web.Http.Controllers DefaultHttpControllerActivator Create
2014-12-15 14:01:50.5069|INFO|iRecruit.Logging.NLogger|GET http://localhost:58637/api/dashboard/topopenings/1 System.Web.Http.Controllers DefaultHttpControllerActivator Create iRecruit.Controllers.DashboardController
2014-12-15 14:01:50.5069|INFO|iRecruit.Logging.NLogger|GET http://localhost:58637/api/dashboard/topopenings/1 System.Web.Http.Controllers HttpControllerDescriptor CreateController iRecruit.Controllers.DashboardController
2014-12-15 14:01:50.5069|INFO|iRecruit.Logging.NLogger|GET http://localhost:58637/api/dashboard/topopenings/1 System.Web.Http.Controllers DashboardController ExecuteAsync
2014-12-15 14:01:50.5069|INFO|iRecruit.Logging.NLogger|GET http://localhost:58637/api/dashboard/ResumeSources/1 System.Web.Http.Controllers DefaultHttpControllerSelector SelectController Route='controller:dashboard,action:ResumeSources,id:1'
2014-12-15 14:01:50.5279|INFO|iRecruit.Logging.NLogger|GET http://localhost:58637/api/dashboard/ResumeSources/1 System.Web.Http.Controllers DefaultHttpControllerSelector SelectController Dashboard
2014-12-15 14:01:50.5069|INFO|iRecruit.Logging.NLogger|GET http://localhost:58637/api/dashboard/topopenings/1 System.Web.Http.Action ApiControllerActionSelector SelectAction
2014-12-15 14:01:50.5279|INFO|iRecruit.Logging.NLogger|GET http://localhost:58637/api/dashboard/topopenings/1 System.Web.Http.Action ApiControllerActionSelector SelectAction Selected action 'TopOpenings(Int32 id)'
2014-12-15 14:01:50.5279|INFO|iRecruit.Logging.NLogger|GET http://localhost:58637/api/dashboard/ResumeSources/1 System.Web.Http.Controllers HttpControllerDescriptor CreateController
2014-12-15 14:01:50.5349|INFO|iRecruit.Logging.NLogger|GET http://localhost:58637/api/dashboard/ResumeSources/1 System.Web.Http.Controllers DefaultHttpControllerActivator Create
2014-12-15 14:01:50.5279|INFO|iRecruit.Logging.NLogger|GET http://localhost:58637/api/dashboard/topopenings/1 System.Web.Http.ModelBinding HttpActionBinding ExecuteBindingAsync
2014-12-15 14:01:50.5349|INFO|iRecruit.Logging.NLogger|GET http://localhost:58637/api/dashboard/topopenings/1 System.Web.Http.ModelBinding ModelBinderParameterBinding ExecuteBindingAsync Binding parameter 'id'
2014-12-15 14:01:50.5349|INFO|iRecruit.Logging.NLogger|GET http://localhost:58637/api/dashboard/ResumeSources/1 System.Web.Http.Controllers DefaultHttpControllerActivator Create iRecruit.Controllers.DashboardController
2014-12-15 14:01:50.5349|INFO|iRecruit.Logging.NLogger|GET http://localhost:58637/api/dashboard/ResumeSources/1 System.Web.Http.Controllers HttpControllerDescriptor CreateController iRecruit.Controllers.DashboardController
2014-12-15 14:01:50.5349|INFO|iRecruit.Logging.NLogger|GET http://localhost:58637/api/dashboard/topopenings/1 System.Web.Http.ModelBinding ModelBinderParameterBinding ExecuteBindingAsync Parameter 'id' bound to the value '1'
2014-12-15 14:01:50.5669|INFO|iRecruit.Logging.NLogger|GET http://localhost:58637/api/dashboard/topopenings/1 System.Web.Http.ModelBinding HttpActionBinding ExecuteBindingAsync Model state is valid. Values: id=1
2014-12-15 14:01:50.5669|INFO|iRecruit.Logging.NLogger|GET http://localhost:58637/api/dashboard/ResumeSources/1 System.Web.Http.Controllers DashboardController ExecuteAsync
2014-12-15 14:01:50.5669|INFO|iRecruit.Logging.NLogger|GET http://localhost:58637/api/dashboard/ResumeSources/1 System.Web.Http.Action ApiControllerActionSelector SelectAction
2014-12-15 14:01:50.5669|INFO|iRecruit.Logging.NLogger|GET http://localhost:58637/api/dashboard/topopenings/1 System.Web.Http.Filters AllowCrossSiteOriginAttribute OnActionExecutingAsync Action filter for 'TopOpenings(Int32 id)'
2014-12-15 14:01:50.5669|INFO|iRecruit.Logging.NLogger|GET http://localhost:58637/api/dashboard/topopenings/1 System.Web.Http.Filters AllowCrossSiteOriginAttribute OnActionExecutingAsync
2014-12-15 14:01:50.5669|INFO|iRecruit.Logging.NLogger|GET http://localhost:58637/api/dashboard/ResumeSources/1 System.Web.Http.Action ApiControllerActionSelector SelectAction Selected action 'ResumeSources(Int32 id)'
2014-12-15 14:01:50.5669|INFO|iRecruit.Logging.NLogger|GET http://localhost:58637/api/dashboard/topopenings/1 System.Web.Http.Action ApiControllerActionInvoker InvokeActionAsync Action='TopOpenings(id=1)'
2014-12-15 14:01:50.5869|INFO|iRecruit.Logging.NLogger|GET http://localhost:58637/api/dashboard/topopenings/1 System.Web.Http.Action ReflectedHttpActionDescriptor ExecuteAsync Invoking action 'TopOpenings(id=1)'
2014-12-15 14:01:50.5869|INFO|iRecruit.Logging.NLogger|GET http://localhost:58637/api/dashboard/ResumeSources/1 System.Web.Http.ModelBinding HttpActionBinding ExecuteBindingAsync
2014-12-15 14:01:50.5869|INFO|iRecruit.Logging.NLogger|GET http://localhost:58637/api/dashboard/ResumeSources/1 System.Web.Http.ModelBinding ModelBinderParameterBinding ExecuteBindingAsync Binding parameter 'id'
2014-12-15 14:01:50.5869|INFO|iRecruit.Logging.NLogger|GET http://localhost:58637/api/dashboard/ResumeSources/1 System.Web.Http.ModelBinding ModelBinderParameterBinding ExecuteBindingAsync Parameter 'id' bound to the value '1'
2014-12-15 14:01:50.5869|INFO|iRecruit.Logging.NLogger|GET http://localhost:58637/api/dashboard/ResumeSources/1 System.Web.Http.ModelBinding HttpActionBinding ExecuteBindingAsync Model state is valid. Values: id=1
2014-12-15 14:01:50.6069|INFO|iRecruit.Logging.NLogger|GET http://localhost:58637/api/dashboard/ResumeSources/1 System.Web.Http.Filters AllowCrossSiteOriginAttribute OnActionExecutingAsync Action filter for 'ResumeSources(Int32 id)'
2014-12-15 14:01:50.6069|INFO|iRecruit.Logging.NLogger|GET http://localhost:58637/api/dashboard/ResumeSources/1 System.Web.Http.Filters AllowCrossSiteOriginAttribute OnActionExecutingAsync
2014-12-15 14:01:50.6069|INFO|iRecruit.Logging.NLogger|GET http://localhost:58637/api/dashboard/ResumeSources/1 System.Web.Http.Action ApiControllerActionInvoker InvokeActionAsync Action='ResumeSources(id=1)'
2014-12-15 14:01:50.6169|INFO|iRecruit.Logging.NLogger|GET http://localhost:58637/api/dashboard/ResumeSources/1 System.Web.Http.Action ReflectedHttpActionDescriptor ExecuteAsync Invoking action 'ResumeSources(id=1)'
2014-12-15 14:01:50.7269|INFO|iRecruit.Logging.NLogger|GET http://localhost:58637/api/dashboard/topopenings/1 System.Net.Http.Formatting DefaultContentNegotiator Negotiate Type='ChartDataModel', formatters=[JsonMediaTypeFormatterTracer, XmlMediaTypeFormatterTracer, FormUrlEncodedMediaTypeFormatterTracer, FormUrlEncodedMediaTypeFormatterTracer]
2014-12-15 14:01:50.7769|INFO|iRecruit.Logging.NLogger|GET http://localhost:58637/api/dashboard/topopenings/1 System.Net.Http.Formatting JsonMediaTypeFormatter GetPerRequestFormatterInstance Obtaining formatter of type 'JsonMediaTypeFormatter' for type='ChartDataModel', mediaType='application/json; charset=utf-8'
2014-12-15 14:01:50.7769|INFO|iRecruit.Logging.NLogger|GET http://localhost:58637/api/dashboard/topopenings/1 System.Net.Http.Formatting JsonMediaTypeFormatter GetPerRequestFormatterInstance Will use same 'JsonMediaTypeFormatter' formatter
2014-12-15 14:01:50.7969|INFO|iRecruit.Logging.NLogger|GET http://localhost:58637/api/dashboard/topopenings/1 System.Net.Http.Formatting DefaultContentNegotiator Negotiate Selected formatter='JsonMediaTypeFormatter', content-type='application/json; charset=utf-8'
2014-12-15 14:01:50.7969|INFO|iRecruit.Logging.NLogger|GET http://localhost:58637/api/dashboard/topopenings/1 System.Web.Http.Action ReflectedHttpActionDescriptor ExecuteAsync Action returned 'StatusCode: 200, ReasonPhrase: 'OK', Version: 1.1, Content: System.Net.Http.ObjectContent`1[[iRecruit.Models.ChartDataModel, iRecruit.Models, Version=1.0.0.0, Culture=neutral, PublicKeyToken=null]], Headers:
{
  Content-Type: application/json; charset=utf-8
}'
2014-12-15 14:01:50.8269|INFO|iRecruit.Logging.NLogger|GET http://localhost:58637/api/dashboard/topopenings/1 System.Web.Http.Action ApiControllerActionInvoker InvokeActionAsync
2014-12-15 14:01:50.8269|INFO|iRecruit.Logging.NLogger|GET http://localhost:58637/api/dashboard/OfferJoiningRatio/1?b=false System.Net.Http.Formatting DefaultContentNegotiator Negotiate Type='ChartDataModel', formatters=[JsonMediaTypeFormatterTracer, XmlMediaTypeFormatterTracer, FormUrlEncodedMediaTypeFormatterTracer, FormUrlEncodedMediaTypeFormatterTracer]
2014-12-15 14:01:50.8369|INFO|iRecruit.Logging.NLogger|GET http://localhost:58637/api/dashboard/OfferJoiningRatio/1?b=false System.Net.Http.Formatting JsonMediaTypeFormatter GetPerRequestFormatterInstance Obtaining formatter of type 'JsonMediaTypeFormatter' for type='ChartDataModel', mediaType='application/json; charset=utf-8'
2014-12-15 14:01:50.8369|INFO|iRecruit.Logging.NLogger|GET http://localhost:58637/api/dashboard/OfferJoiningRatio/1?b=false System.Net.Http.Formatting JsonMediaTypeFormatter GetPerRequestFormatterInstance Will use same 'JsonMediaTypeFormatter' formatter
2014-12-15 14:01:50.8369|INFO|iRecruit.Logging.NLogger|GET http://localhost:58637/api/dashboard/OfferJoiningRatio/1?b=false System.Net.Http.Formatting DefaultContentNegotiator Negotiate Selected formatter='JsonMediaTypeFormatter', content-type='application/json; charset=utf-8'
2014-12-15 14:01:50.8269|INFO|iRecruit.Logging.NLogger|GET http://localhost:58637/api/dashboard/topopenings/1 System.Web.Http.Filters AllowCrossSiteOriginAttribute OnActionExecutedAsync Action filter for 'TopOpenings(Int32 id)'
2014-12-15 14:01:50.8569|INFO|iRecruit.Logging.NLogger|GET http://localhost:58637/api/dashboard/OfferJoiningRatio/1?b=false System.Web.Http.Action ReflectedHttpActionDescriptor ExecuteAsync Action returned 'StatusCode: 200, ReasonPhrase: 'OK', Version: 1.1, Content: System.Net.Http.ObjectContent`1[[iRecruit.Models.ChartDataModel, iRecruit.Models, Version=1.0.0.0, Culture=neutral, PublicKeyToken=null]], Headers:
{
  Content-Type: application/json; charset=utf-8
}'
2014-12-15 14:01:50.8869|INFO|iRecruit.Logging.NLogger|GET http://localhost:58637/api/dashboard/OfferJoiningRatio/1?b=false System.Web.Http.Action ApiControllerActionInvoker InvokeActionAsync
2014-12-15 14:01:50.8769|INFO|iRecruit.Logging.NLogger|GET http://localhost:58637/api/dashboard/topopenings/1 System.Web.Http.Filters AllowCrossSiteOriginAttribute OnActionExecutedAsync
2014-12-15 14:01:50.8869|INFO|iRecruit.Logging.NLogger|GET http://localhost:58637/api/dashboard/OfferJoiningRatio/1?b=false System.Web.Http.Filters AllowCrossSiteOriginAttribute OnActionExecutedAsync Action filter for 'OfferJoiningRatio(Int32 id, String b)'
2014-12-15 14:01:50.8969|INFO|iRecruit.Logging.NLogger|GET http://localhost:58637/api/dashboard/OfferJoiningRatio/1?b=false System.Web.Http.Filters AllowCrossSiteOriginAttribute OnActionExecutedAsync
2014-12-15 14:01:50.8869|INFO|iRecruit.Logging.NLogger|GET http://localhost:58637/api/dashboard/topopenings/1 System.Web.Http.Controllers DashboardController ExecuteAsync
2014-12-15 14:01:50.8969|INFO|iRecruit.Logging.NLogger|GET http://localhost:58637/api/dashboard/OfferJoiningRatio/1?b=false System.Web.Http.Controllers DashboardController ExecuteAsync
2014-12-15 14:01:50.8969|INFO|iRecruit.Logging.NLogger|GET http://localhost:58637/api/dashboard/OfferJoiningRatio/1?b=false System.Web.Http.MessageHandlers TokenInspector SendAsync
2014-12-15 14:01:50.8969|INFO|iRecruit.Logging.NLogger|GET http://localhost:58637/api/dashboard/topopenings/1 System.Web.Http.MessageHandlers TokenInspector SendAsync
2014-12-15 14:01:50.8969|INFO|iRecruit.Logging.NLogger|GET http://localhost:58637/api/dashboard/topopenings/1 System.Web.Http.Request Content-type='application/json; charset=utf-8', content-length=unknown
2014-12-15 14:01:50.8969|INFO|iRecruit.Logging.NLogger|GET http://localhost:58637/api/dashboard/OfferJoiningRatio/1?b=false System.Web.Http.Request Content-type='application/json; charset=utf-8', content-length=unknown
2014-12-15 14:01:50.9169|INFO|iRecruit.Logging.NLogger|GET http://localhost:58637/api/dashboard/OfferJoiningRatio/1?b=false System.Net.Http.Formatting JsonMediaTypeFormatter WriteToStreamAsync Value='iRecruit.Models.ChartDataModel', type='ChartDataModel', content-type='application/json; charset=utf-8'
2014-12-15 14:01:50.9169|INFO|iRecruit.Logging.NLogger|GET http://localhost:58637/api/dashboard/topopenings/1 System.Net.Http.Formatting JsonMediaTypeFormatter WriteToStreamAsync Value='iRecruit.Models.ChartDataModel', type='ChartDataModel', content-type='application/json; charset=utf-8'
2014-12-15 14:01:50.9269|INFO|iRecruit.Logging.NLogger|GET http://localhost:58637/api/dashboard/topopenings/1 System.Net.Http.Formatting JsonMediaTypeFormatter WriteToStreamAsync
2014-12-15 14:01:50.9269|INFO|iRecruit.Logging.NLogger|GET http://localhost:58637/api/dashboard/topopenings/1 System.Web.Http.Controllers DashboardController Dispose
2014-12-15 14:01:50.9269|INFO|iRecruit.Logging.NLogger|GET http://localhost:58637/api/dashboard/topopenings/1 System.Web.Http.Controllers DashboardController Dispose
2014-12-15 14:01:50.9644|INFO|iRecruit.Logging.NLogger|GET http://localhost:58637/api/dashboard/OfferJoiningRatio/1?b=false System.Net.Http.Formatting JsonMediaTypeFormatter WriteToStreamAsync
2014-12-15 14:01:50.9644|INFO|iRecruit.Logging.NLogger|GET http://localhost:58637/api/dashboard/OfferJoiningRatio/1?b=false System.Web.Http.Controllers DashboardController Dispose
2014-12-15 14:01:50.9644|INFO|iRecruit.Logging.NLogger|GET http://localhost:58637/api/dashboard/OfferJoiningRatio/1?b=false System.Web.Http.Controllers DashboardController Dispose
2014-12-15 14:01:50.9995|INFO|iRecruit.Logging.NLogger|GET http://localhost:58637/api/dashboard/ResumeSources/1 System.Net.Http.Formatting DefaultContentNegotiator Negotiate Type='ChartDataModel', formatters=[JsonMediaTypeFormatterTracer, XmlMediaTypeFormatterTracer, FormUrlEncodedMediaTypeFormatterTracer, FormUrlEncodedMediaTypeFormatterTracer]
2014-12-15 14:01:51.0045|INFO|iRecruit.Logging.NLogger|GET http://localhost:58637/api/dashboard/ResumeSources/1 System.Net.Http.Formatting JsonMediaTypeFormatter GetPerRequestFormatterInstance Obtaining formatter of type 'JsonMediaTypeFormatter' for type='ChartDataModel', mediaType='application/json; charset=utf-8'
2014-12-15 14:01:51.0045|INFO|iRecruit.Logging.NLogger|GET http://localhost:58637/api/dashboard/ResumeSources/1 System.Net.Http.Formatting JsonMediaTypeFormatter GetPerRequestFormatterInstance Will use same 'JsonMediaTypeFormatter' formatter
2014-12-15 14:01:51.0045|INFO|iRecruit.Logging.NLogger|GET http://localhost:58637/api/dashboard/ResumeSources/1 System.Net.Http.Formatting DefaultContentNegotiator Negotiate Selected formatter='JsonMediaTypeFormatter', content-type='application/json; charset=utf-8'
2014-12-15 14:01:51.0245|INFO|iRecruit.Logging.NLogger|GET http://localhost:58637/api/dashboard/ResumeSources/1 System.Web.Http.Action ReflectedHttpActionDescriptor ExecuteAsync Action returned 'StatusCode: 200, ReasonPhrase: 'OK', Version: 1.1, Content: System.Net.Http.ObjectContent`1[[iRecruit.Models.ChartDataModel, iRecruit.Models, Version=1.0.0.0, Culture=neutral, PublicKeyToken=null]], Headers:
{
  Content-Type: application/json; charset=utf-8
}'
2014-12-15 14:01:51.0245|INFO|iRecruit.Logging.NLogger|GET http://localhost:58637/api/dashboard/ResumeSources/1 System.Web.Http.Action ApiControllerActionInvoker InvokeActionAsync
2014-12-15 14:01:51.0245|INFO|iRecruit.Logging.NLogger|GET http://localhost:58637/api/dashboard/ResumeSources/1 System.Web.Http.Filters AllowCrossSiteOriginAttribute OnActionExecutedAsync Action filter for 'ResumeSources(Int32 id)'
2014-12-15 14:01:51.0245|INFO|iRecruit.Logging.NLogger|GET http://localhost:58637/api/dashboard/ResumeSources/1 System.Web.Http.Filters AllowCrossSiteOriginAttribute OnActionExecutedAsync
2014-12-15 14:01:51.0395|INFO|iRecruit.Logging.NLogger|GET http://localhost:58637/api/dashboard/ResumeSources/1 System.Web.Http.Controllers DashboardController ExecuteAsync
2014-12-15 14:01:51.0395|INFO|iRecruit.Logging.NLogger|GET http://localhost:58637/api/dashboard/ResumeSources/1 System.Web.Http.MessageHandlers TokenInspector SendAsync
2014-12-15 14:01:51.0395|INFO|iRecruit.Logging.NLogger|GET http://localhost:58637/api/dashboard/ResumeSources/1 System.Web.Http.Request Content-type='application/json; charset=utf-8', content-length=unknown
2014-12-15 14:01:51.0520|INFO|iRecruit.Logging.NLogger|GET http://localhost:58637/api/dashboard/ResumeSources/1 System.Net.Http.Formatting JsonMediaTypeFormatter WriteToStreamAsync Value='iRecruit.Models.ChartDataModel', type='ChartDataModel', content-type='application/json; charset=utf-8'
2014-12-15 14:01:51.0520|INFO|iRecruit.Logging.NLogger|GET http://localhost:58637/api/dashboard/ResumeSources/1 System.Net.Http.Formatting JsonMediaTypeFormatter WriteToStreamAsync
2014-12-15 14:01:51.0720|INFO|iRecruit.Logging.NLogger|GET http://localhost:58637/api/dashboard/ResumeSources/1 System.Web.Http.Controllers DashboardController Dispose
2014-12-15 14:01:51.0720|INFO|iRecruit.Logging.NLogger|GET http://localhost:58637/api/dashboard/ResumeSources/1 System.Web.Http.Controllers DashboardController Dispose
2014-12-15 14:01:51.1870|INFO|iRecruit.Logging.NLogger|GET http://localhost:58637/api/dashboard/OpenPositionsDetails/1 System.Net.Http.Formatting DefaultContentNegotiator Negotiate Type='OpenPositionsModel', formatters=[JsonMediaTypeFormatterTracer, XmlMediaTypeFormatterTracer, FormUrlEncodedMediaTypeFormatterTracer, FormUrlEncodedMediaTypeFormatterTracer]
2014-12-15 14:01:51.1920|INFO|iRecruit.Logging.NLogger|GET http://localhost:58637/api/dashboard/OpenPositionsDetails/1 System.Net.Http.Formatting JsonMediaTypeFormatter GetPerRequestFormatterInstance Obtaining formatter of type 'JsonMediaTypeFormatter' for type='OpenPositionsModel', mediaType='application/json; charset=utf-8'
2014-12-15 14:01:51.1920|INFO|iRecruit.Logging.NLogger|GET http://localhost:58637/api/dashboard/OpenPositionsDetails/1 System.Net.Http.Formatting JsonMediaTypeFormatter GetPerRequestFormatterInstance Will use same 'JsonMediaTypeFormatter' formatter
2014-12-15 14:01:51.1920|INFO|iRecruit.Logging.NLogger|GET http://localhost:58637/api/dashboard/OpenPositionsDetails/1 System.Net.Http.Formatting DefaultContentNegotiator Negotiate Selected formatter='JsonMediaTypeFormatter', content-type='application/json; charset=utf-8'
2014-12-15 14:01:51.1920|INFO|iRecruit.Logging.NLogger|GET http://localhost:58637/api/dashboard/OpenPositionsDetails/1 System.Web.Http.Action ReflectedHttpActionDescriptor ExecuteAsync Action returned 'StatusCode: 200, ReasonPhrase: 'OK', Version: 1.1, Content: System.Net.Http.ObjectContent`1[[iRecruit.Models.OpenPositionsModel, iRecruit.Models, Version=1.0.0.0, Culture=neutral, PublicKeyToken=null]], Headers:
{
  Content-Type: application/json; charset=utf-8
}'
2014-12-15 14:01:51.1920|INFO|iRecruit.Logging.NLogger|GET http://localhost:58637/api/dashboard/OpenPositionsDetails/1 System.Web.Http.Action ApiControllerActionInvoker InvokeActionAsync
2014-12-15 14:01:51.2070|INFO|iRecruit.Logging.NLogger|GET http://localhost:58637/api/dashboard/OpenPositionsDetails/1 System.Web.Http.Filters AllowCrossSiteOriginAttribute OnActionExecutedAsync Action filter for 'OpenPositionsDetails(Int32 id)'
2014-12-15 14:01:51.2070|INFO|iRecruit.Logging.NLogger|GET http://localhost:58637/api/dashboard/OpenPositionsDetails/1 System.Web.Http.Filters AllowCrossSiteOriginAttribute OnActionExecutedAsync
2014-12-15 14:01:51.2070|INFO|iRecruit.Logging.NLogger|GET http://localhost:58637/api/dashboard/OpenPositionsDetails/1 System.Web.Http.Controllers DashboardController ExecuteAsync
2014-12-15 14:01:51.2070|INFO|iRecruit.Logging.NLogger|GET http://localhost:58637/api/dashboard/OpenPositionsDetails/1 System.Web.Http.MessageHandlers TokenInspector SendAsync
2014-12-15 14:01:51.2070|INFO|iRecruit.Logging.NLogger|GET http://localhost:58637/api/dashboard/OpenPositionsDetails/1 System.Web.Http.Request Content-type='application/json; charset=utf-8', content-length=unknown
2014-12-15 14:01:51.2070|INFO|iRecruit.Logging.NLogger|GET http://localhost:58637/api/dashboard/OpenPositionsDetails/1 System.Net.Http.Formatting JsonMediaTypeFormatter WriteToStreamAsync Value='iRecruit.Models.OpenPositionsModel', type='OpenPositionsModel', content-type='application/json; charset=utf-8'
2014-12-15 14:01:51.2245|INFO|iRecruit.Logging.NLogger|GET http://localhost:58637/api/dashboard/OpenPositionsDetails/1 System.Net.Http.Formatting JsonMediaTypeFormatter WriteToStreamAsync
2014-12-15 14:01:51.2245|INFO|iRecruit.Logging.NLogger|GET http://localhost:58637/api/dashboard/OpenPositionsDetails/1 System.Web.Http.Controllers DashboardController Dispose
2014-12-15 14:01:51.2245|INFO|iRecruit.Logging.NLogger|GET http://localhost:58637/api/dashboard/OpenPositionsDetails/1 System.Web.Http.Controllers DashboardController Dispose
2014-12-15 14:02:40.6084|INFO|iRecruit.Logging.NLogger|GET http://localhost:58637/api/MasterData/GetTypes/0 System.Web.Http.Request http://localhost:58637/api/MasterData/GetTypes/0
2014-12-15 14:02:40.6084|INFO|iRecruit.Logging.NLogger|GET http://localhost:58637/api/MasterData/GetTypes/0 System.Web.Http.MessageHandlers TokenInspector SendAsync
2014-12-15 14:02:40.6284|INFO|iRecruit.Logging.NLogger|GET http://localhost:58637/api/MasterData/GetTypes/0 System.Web.Http.Controllers DefaultHttpControllerSelector SelectController Route='controller:MasterData,action:GetTypes,id:0'
2014-12-15 14:02:40.6309|INFO|iRecruit.Logging.NLogger|GET http://localhost:58637/api/MasterData/GetTypes/0 System.Web.Http.Controllers DefaultHttpControllerSelector SelectController MasterData
2014-12-15 14:02:40.6309|INFO|iRecruit.Logging.NLogger|GET http://localhost:58637/api/MasterData/GetTypes/0 System.Web.Http.Controllers HttpControllerDescriptor CreateController
2014-12-15 14:02:40.6309|INFO|iRecruit.Logging.NLogger|GET http://localhost:58637/api/MasterData/GetTypes/0 System.Web.Http.Controllers DefaultHttpControllerActivator Create
2014-12-15 14:02:40.6309|INFO|iRecruit.Logging.NLogger|GET http://localhost:58637/api/MasterData/GetTypes/0 System.Web.Http.Controllers DefaultHttpControllerActivator Create iRecruit.Controllers.MasterDataController
2014-12-15 14:02:40.6484|INFO|iRecruit.Logging.NLogger|GET http://localhost:58637/api/MasterData/GetTypes/0 System.Web.Http.Controllers HttpControllerDescriptor CreateController iRecruit.Controllers.MasterDataController
2014-12-15 14:02:40.6484|INFO|iRecruit.Logging.NLogger|GET http://localhost:58637/api/MasterData/GetTypes/0 System.Web.Http.Controllers MasterDataController ExecuteAsync
2014-12-15 14:02:40.6484|INFO|iRecruit.Logging.NLogger|GET http://localhost:58637/api/MasterData/GetTypes/0 System.Web.Http.Action ApiControllerActionSelector SelectAction
2014-12-15 14:02:40.6484|INFO|iRecruit.Logging.NLogger|GET http://localhost:58637/api/MasterData/GetTypes/0 System.Web.Http.Action ApiControllerActionSelector SelectAction Selected action 'GetTypes()'
2014-12-15 14:02:40.6634|INFO|iRecruit.Logging.NLogger|GET http://localhost:58637/api/MasterData/GetTypes/0 System.Web.Http.ModelBinding HttpActionBinding ExecuteBindingAsync
2014-12-15 14:02:40.6634|INFO|iRecruit.Logging.NLogger|GET http://localhost:58637/api/MasterData/GetTypes/0 System.Web.Http.ModelBinding HttpActionBinding ExecuteBindingAsync
2014-12-15 14:02:40.6634|INFO|iRecruit.Logging.NLogger|GET http://localhost:58637/api/MasterData/GetTypes/0 System.Web.Http.Filters AllowCrossSiteOriginAttribute OnActionExecutingAsync Action filter for 'GetTypes()'
2014-12-15 14:02:40.6809|INFO|iRecruit.Logging.NLogger|GET http://localhost:58637/api/MasterData/GetTypes/0 System.Web.Http.Filters AllowCrossSiteOriginAttribute OnActionExecutingAsync
2014-12-15 14:02:40.6809|INFO|iRecruit.Logging.NLogger|GET http://localhost:58637/api/MasterData/GetTypes/0 System.Web.Http.Action ApiControllerActionInvoker InvokeActionAsync Action='GetTypes()'
2014-12-15 14:02:40.6809|INFO|iRecruit.Logging.NLogger|GET http://localhost:58637/api/MasterData/GetTypes/0 System.Web.Http.Action ReflectedHttpActionDescriptor ExecuteAsync Invoking action 'GetTypes()'
2014-12-15 14:02:40.7284|INFO|iRecruit.Logging.NLogger|GET http://localhost:58637/api/MasterData/GetTypes/0 System.Net.Http.Formatting DefaultContentNegotiator Negotiate Type='List`1', formatters=[JsonMediaTypeFormatterTracer, XmlMediaTypeFormatterTracer, FormUrlEncodedMediaTypeFormatterTracer, FormUrlEncodedMediaTypeFormatterTracer]
2014-12-15 14:02:40.7284|INFO|iRecruit.Logging.NLogger|GET http://localhost:58637/api/MasterData/GetTypes/0 System.Net.Http.Formatting JsonMediaTypeFormatter GetPerRequestFormatterInstance Obtaining formatter of type 'JsonMediaTypeFormatter' for type='List`1', mediaType='application/json; charset=utf-8'
2014-12-15 14:02:40.7409|INFO|iRecruit.Logging.NLogger|GET http://localhost:58637/api/MasterData/GetTypes/0 System.Net.Http.Formatting JsonMediaTypeFormatter GetPerRequestFormatterInstance Will use same 'JsonMediaTypeFormatter' formatter
2014-12-15 14:02:40.7409|INFO|iRecruit.Logging.NLogger|GET http://localhost:58637/api/MasterData/GetTypes/0 System.Net.Http.Formatting DefaultContentNegotiator Negotiate Selected formatter='JsonMediaTypeFormatter', content-type='application/json; charset=utf-8'
2014-12-15 14:02:40.7409|INFO|iRecruit.Logging.NLogger|GET http://localhost:58637/api/MasterData/GetTypes/0 System.Web.Http.Action ReflectedHttpActionDescriptor ExecuteAsync Action returned 'StatusCode: 200, ReasonPhrase: 'OK', Version: 1.1, Content: System.Net.Http.ObjectContent`1[[System.Collections.Generic.List`1[[iRecruit.Entity.Type, iRecruit.Entity, Version=1.0.0.0, Culture=neutral, PublicKeyToken=null]], mscorlib, Version=4.0.0.0, Culture=neutral, PublicKeyToken=b77a5c561934e089]], Headers:
{
  Content-Type: application/json; charset=utf-8
}'
2014-12-15 14:02:40.7409|INFO|iRecruit.Logging.NLogger|GET http://localhost:58637/api/MasterData/GetTypes/0 System.Web.Http.Action ApiControllerActionInvoker InvokeActionAsync
2014-12-15 14:02:40.7409|INFO|iRecruit.Logging.NLogger|GET http://localhost:58637/api/MasterData/GetTypes/0 System.Web.Http.Filters AllowCrossSiteOriginAttribute OnActionExecutedAsync Action filter for 'GetTypes()'
2014-12-15 14:02:40.7584|INFO|iRecruit.Logging.NLogger|GET http://localhost:58637/api/MasterData/GetTypes/0 System.Web.Http.Filters AllowCrossSiteOriginAttribute OnActionExecutedAsync
2014-12-15 14:02:40.7584|INFO|iRecruit.Logging.NLogger|GET http://localhost:58637/api/MasterData/GetTypes/0 System.Web.Http.Controllers MasterDataController ExecuteAsync
2014-12-15 14:02:40.7584|INFO|iRecruit.Logging.NLogger|GET http://localhost:58637/api/MasterData/GetTypes/0 System.Web.Http.MessageHandlers TokenInspector SendAsync
2014-12-15 14:02:40.7734|INFO|iRecruit.Logging.NLogger|GET http://localhost:58637/api/MasterData/GetTypes/0 System.Web.Http.Request Content-type='application/json; charset=utf-8', content-length=unknown
2014-12-15 14:02:40.7734|INFO|iRecruit.Logging.NLogger|GET http://localhost:58637/api/MasterData/GetTypes/0 System.Net.Http.Formatting JsonMediaTypeFormatter WriteToStreamAsync Value='System.Collections.Generic.List`1[iRecruit.Entity.Type]', type='List`1', content-type='application/json; charset=utf-8'
2014-12-15 14:02:40.7884|INFO|iRecruit.Logging.NLogger|GET http://localhost:58637/api/MasterData/GetTypes/0 System.Net.Http.Formatting JsonMediaTypeFormatter WriteToStreamAsync
2014-12-15 14:02:40.7884|INFO|iRecruit.Logging.NLogger|GET http://localhost:58637/api/MasterData/GetTypes/0 System.Web.Http.Controllers MasterDataController Dispose
2014-12-15 14:02:40.7884|INFO|iRecruit.Logging.NLogger|GET http://localhost:58637/api/MasterData/GetTypes/0 System.Web.Http.Controllers MasterDataController Dispose
2014-12-15 14:05:17.5670|INFO|iRecruit.Logging.NLogger|GET http://localhost:58637/api/users/getuseraccessfeatures/nsinha System.Web.Http.Request http://localhost:58637/api/users/getuseraccessfeatures/nsinha
2014-12-15 14:05:17.5795|INFO|iRecruit.Logging.NLogger|GET http://localhost:58637/api/users/getuseraccessfeatures/nsinha System.Web.Http.MessageHandlers TokenInspector SendAsync
2014-12-15 14:05:17.6095|INFO|iRecruit.Logging.NLogger|GET http://localhost:58637/api/users/getuseraccessfeatures/nsinha System.Web.Http.Controllers DefaultHttpControllerSelector SelectController Route='controller:users,action:getuseraccessfeatures,id:nsinha'
2014-12-15 14:05:17.6095|INFO|iRecruit.Logging.NLogger|GET http://localhost:58637/api/users/getuseraccessfeatures/nsinha System.Web.Http.Controllers DefaultHttpControllerSelector SelectController Users
2014-12-15 14:05:17.6095|INFO|iRecruit.Logging.NLogger|GET http://localhost:58637/api/users/getuseraccessfeatures/nsinha System.Web.Http.Controllers HttpControllerDescriptor CreateController
2014-12-15 14:05:17.6195|INFO|iRecruit.Logging.NLogger|GET http://localhost:58637/api/users/getuseraccessfeatures/nsinha System.Web.Http.Controllers DefaultHttpControllerActivator Create
2014-12-15 14:05:17.6195|INFO|iRecruit.Logging.NLogger|GET http://localhost:58637/api/users/getuseraccessfeatures/nsinha System.Web.Http.Controllers DefaultHttpControllerActivator Create iRecruit.Controllers.UsersController
2014-12-15 14:05:17.6195|INFO|iRecruit.Logging.NLogger|GET http://localhost:58637/api/users/getuseraccessfeatures/nsinha System.Web.Http.Controllers HttpControllerDescriptor CreateController iRecruit.Controllers.UsersController
2014-12-15 14:05:17.6195|INFO|iRecruit.Logging.NLogger|GET http://localhost:58637/api/users/getuseraccessfeatures/nsinha System.Web.Http.Controllers UsersController ExecuteAsync
2014-12-15 14:05:17.6345|INFO|iRecruit.Logging.NLogger|GET http://localhost:58637/api/users/getuseraccessfeatures/nsinha System.Web.Http.Action ApiControllerActionSelector SelectAction
2014-12-15 14:05:17.6345|INFO|iRecruit.Logging.NLogger|GET http://localhost:58637/api/users/getuseraccessfeatures/nsinha System.Web.Http.Action ApiControllerActionSelector SelectAction Selected action 'GetUserAccessFeatures(String id)'
2014-12-15 14:05:17.6345|INFO|iRecruit.Logging.NLogger|GET http://localhost:58637/api/users/getuseraccessfeatures/nsinha System.Web.Http.ModelBinding HttpActionBinding ExecuteBindingAsync
2014-12-15 14:05:17.6345|INFO|iRecruit.Logging.NLogger|GET http://localhost:58637/api/users/getuseraccessfeatures/nsinha System.Web.Http.ModelBinding ModelBinderParameterBinding ExecuteBindingAsync Binding parameter 'id'
2014-12-15 14:05:17.6345|INFO|iRecruit.Logging.NLogger|GET http://localhost:58637/api/users/getuseraccessfeatures/nsinha System.Web.Http.ModelBinding ModelBinderParameterBinding ExecuteBindingAsync Parameter 'id' bound to the value 'nsinha'
2014-12-15 14:05:17.6495|INFO|iRecruit.Logging.NLogger|GET http://localhost:58637/api/users/getuseraccessfeatures/nsinha System.Web.Http.ModelBinding HttpActionBinding ExecuteBindingAsync Model state is valid. Values: id=nsinha
2014-12-15 14:05:17.6495|INFO|iRecruit.Logging.NLogger|GET http://localhost:58637/api/users/getuseraccessfeatures/nsinha System.Web.Http.Filters AllowCrossSiteOriginAttribute OnActionExecutingAsync Action filter for 'GetUserAccessFeatures(String id)'
2014-12-15 14:05:17.6495|INFO|iRecruit.Logging.NLogger|GET http://localhost:58637/api/users/getuseraccessfeatures/nsinha System.Web.Http.Filters AllowCrossSiteOriginAttribute OnActionExecutingAsync
2014-12-15 14:05:17.6495|INFO|iRecruit.Logging.NLogger|GET http://localhost:58637/api/users/getuseraccessfeatures/nsinha System.Web.Http.Action ApiControllerActionInvoker InvokeActionAsync Action='GetUserAccessFeatures(id=nsinha)'
2014-12-15 14:05:17.6495|INFO|iRecruit.Logging.NLogger|GET http://localhost:58637/api/users/getuseraccessfeatures/nsinha System.Web.Http.Action ReflectedHttpActionDescriptor ExecuteAsync Invoking action 'GetUserAccessFeatures(id=nsinha)'
2014-12-15 14:05:17.7795|INFO|iRecruit.Logging.NLogger|GET http://localhost:58637/api/users/getuseraccessfeatures/nsinha System.Net.Http.Formatting DefaultContentNegotiator Negotiate Type='MenuModel', formatters=[JsonMediaTypeFormatterTracer, XmlMediaTypeFormatterTracer, FormUrlEncodedMediaTypeFormatterTracer, FormUrlEncodedMediaTypeFormatterTracer]
2014-12-15 14:05:17.7795|INFO|iRecruit.Logging.NLogger|GET http://localhost:58637/api/users/getuseraccessfeatures/nsinha System.Net.Http.Formatting JsonMediaTypeFormatter GetPerRequestFormatterInstance Obtaining formatter of type 'JsonMediaTypeFormatter' for type='MenuModel', mediaType='application/json; charset=utf-8'
2014-12-15 14:05:17.7795|INFO|iRecruit.Logging.NLogger|GET http://localhost:58637/api/users/getuseraccessfeatures/nsinha System.Net.Http.Formatting JsonMediaTypeFormatter GetPerRequestFormatterInstance Will use same 'JsonMediaTypeFormatter' formatter
2014-12-15 14:05:17.7925|INFO|iRecruit.Logging.NLogger|GET http://localhost:58637/api/users/getuseraccessfeatures/nsinha System.Net.Http.Formatting DefaultContentNegotiator Negotiate Selected formatter='JsonMediaTypeFormatter', content-type='application/json; charset=utf-8'
2014-12-15 14:05:17.7925|INFO|iRecruit.Logging.NLogger|GET http://localhost:58637/api/users/getuseraccessfeatures/nsinha System.Web.Http.Action ReflectedHttpActionDescriptor ExecuteAsync Action returned 'StatusCode: 200, ReasonPhrase: 'OK', Version: 1.1, Content: System.Net.Http.ObjectContent`1[[iRecruit.Models.MenuModel, iRecruit.Models, Version=1.0.0.0, Culture=neutral, PublicKeyToken=null]], Headers:
{
  Content-Type: application/json; charset=utf-8
}'
2014-12-15 14:05:17.7925|INFO|iRecruit.Logging.NLogger|GET http://localhost:58637/api/users/getuseraccessfeatures/nsinha System.Web.Http.Action ApiControllerActionInvoker InvokeActionAsync
2014-12-15 14:05:17.7925|INFO|iRecruit.Logging.NLogger|GET http://localhost:58637/api/users/getuseraccessfeatures/nsinha System.Web.Http.Filters AllowCrossSiteOriginAttribute OnActionExecutedAsync Action filter for 'GetUserAccessFeatures(String id)'
2014-12-15 14:05:17.8050|INFO|iRecruit.Logging.NLogger|GET http://localhost:58637/api/users/getuseraccessfeatures/nsinha System.Web.Http.Filters AllowCrossSiteOriginAttribute OnActionExecutedAsync
2014-12-15 14:05:17.8050|INFO|iRecruit.Logging.NLogger|GET http://localhost:58637/api/users/getuseraccessfeatures/nsinha System.Web.Http.Controllers UsersController ExecuteAsync
2014-12-15 14:05:17.8050|INFO|iRecruit.Logging.NLogger|GET http://localhost:58637/api/users/getuseraccessfeatures/nsinha System.Web.Http.MessageHandlers TokenInspector SendAsync
2014-12-15 14:05:17.8050|INFO|iRecruit.Logging.NLogger|GET http://localhost:58637/api/users/getuseraccessfeatures/nsinha System.Web.Http.Request Content-type='application/json; charset=utf-8', content-length=unknown
2014-12-15 14:05:17.8050|INFO|iRecruit.Logging.NLogger|GET http://localhost:58637/api/users/getuseraccessfeatures/nsinha System.Net.Http.Formatting JsonMediaTypeFormatter WriteToStreamAsync Value='iRecruit.Models.MenuModel', type='MenuModel', content-type='application/json; charset=utf-8'
2014-12-15 14:05:17.8050|INFO|iRecruit.Logging.NLogger|GET http://localhost:58637/api/users/getuseraccessfeatures/nsinha System.Net.Http.Formatting JsonMediaTypeFormatter WriteToStreamAsync
2014-12-15 14:05:17.8250|INFO|iRecruit.Logging.NLogger|GET http://localhost:58637/api/users/getuseraccessfeatures/nsinha System.Web.Http.Controllers UsersController Dispose
2014-12-15 14:05:17.8250|INFO|iRecruit.Logging.NLogger|GET http://localhost:58637/api/users/getuseraccessfeatures/nsinha System.Web.Http.Controllers UsersController Dispose
2014-12-15 14:05:18.0075|INFO|iRecruit.Logging.NLogger|GET http://localhost:58637/api/MasterData/GetTypes/0 System.Web.Http.Request http://localhost:58637/api/MasterData/GetTypes/0
2014-12-15 14:05:18.0075|INFO|iRecruit.Logging.NLogger|GET http://localhost:58637/api/MasterData/GetTypes/0 System.Web.Http.MessageHandlers TokenInspector SendAsync
2014-12-15 14:05:18.0275|INFO|iRecruit.Logging.NLogger|GET http://localhost:58637/api/MasterData/GetTypes/0 System.Web.Http.Controllers DefaultHttpControllerSelector SelectController Route='controller:MasterData,action:GetTypes,id:0'
2014-12-15 14:05:18.0275|INFO|iRecruit.Logging.NLogger|GET http://localhost:58637/api/MasterData/GetTypes/0 System.Web.Http.Controllers DefaultHttpControllerSelector SelectController MasterData
2014-12-15 14:05:18.0275|INFO|iRecruit.Logging.NLogger|GET http://localhost:58637/api/MasterData/GetTypes/0 System.Web.Http.Controllers HttpControllerDescriptor CreateController
2014-12-15 14:05:18.0275|INFO|iRecruit.Logging.NLogger|GET http://localhost:58637/api/MasterData/GetTypes/0 System.Web.Http.Controllers DefaultHttpControllerActivator Create
2014-12-15 14:05:18.0400|INFO|iRecruit.Logging.NLogger|GET http://localhost:58637/api/MasterData/GetTypes/0 System.Web.Http.Controllers DefaultHttpControllerActivator Create iRecruit.Controllers.MasterDataController
2014-12-15 14:05:18.0400|INFO|iRecruit.Logging.NLogger|GET http://localhost:58637/api/MasterData/GetTypes/0 System.Web.Http.Controllers HttpControllerDescriptor CreateController iRecruit.Controllers.MasterDataController
2014-12-15 14:05:18.0400|INFO|iRecruit.Logging.NLogger|GET http://localhost:58637/api/MasterData/GetTypes/0 System.Web.Http.Controllers MasterDataController ExecuteAsync
2014-12-15 14:05:18.0400|INFO|iRecruit.Logging.NLogger|GET http://localhost:58637/api/MasterData/GetTypes/0 System.Web.Http.Action ApiControllerActionSelector SelectAction
2014-12-15 14:05:18.0400|INFO|iRecruit.Logging.NLogger|GET http://localhost:58637/api/MasterData/GetTypes/0 System.Web.Http.Action ApiControllerActionSelector SelectAction Selected action 'GetTypes()'
2014-12-15 14:05:18.0575|INFO|iRecruit.Logging.NLogger|GET http://localhost:58637/api/MasterData/GetTypes/0 System.Web.Http.ModelBinding HttpActionBinding ExecuteBindingAsync
2014-12-15 14:05:18.0575|INFO|iRecruit.Logging.NLogger|GET http://localhost:58637/api/MasterData/GetTypes/0 System.Web.Http.ModelBinding HttpActionBinding ExecuteBindingAsync
2014-12-15 14:05:18.0575|INFO|iRecruit.Logging.NLogger|GET http://localhost:58637/api/MasterData/GetTypes/0 System.Web.Http.Filters AllowCrossSiteOriginAttribute OnActionExecutingAsync Action filter for 'GetTypes()'
2014-12-15 14:05:18.0575|INFO|iRecruit.Logging.NLogger|GET http://localhost:58637/api/MasterData/GetTypes/0 System.Web.Http.Filters AllowCrossSiteOriginAttribute OnActionExecutingAsync
2014-12-15 14:05:18.0700|INFO|iRecruit.Logging.NLogger|GET http://localhost:58637/api/MasterData/GetTypes/0 System.Web.Http.Action ApiControllerActionInvoker InvokeActionAsync Action='GetTypes()'
2014-12-15 14:05:18.0700|INFO|iRecruit.Logging.NLogger|GET http://localhost:58637/api/MasterData/GetTypes/0 System.Web.Http.Action ReflectedHttpActionDescriptor ExecuteAsync Invoking action 'GetTypes()'
2014-12-15 14:05:18.1125|INFO|iRecruit.Logging.NLogger|GET http://localhost:58637/api/MasterData/GetTypes/0 System.Net.Http.Formatting DefaultContentNegotiator Negotiate Type='List`1', formatters=[JsonMediaTypeFormatterTracer, XmlMediaTypeFormatterTracer, FormUrlEncodedMediaTypeFormatterTracer, FormUrlEncodedMediaTypeFormatterTracer]
2014-12-15 14:05:18.1175|INFO|iRecruit.Logging.NLogger|GET http://localhost:58637/api/MasterData/GetTypes/0 System.Net.Http.Formatting JsonMediaTypeFormatter GetPerRequestFormatterInstance Obtaining formatter of type 'JsonMediaTypeFormatter' for type='List`1', mediaType='application/json; charset=utf-8'
2014-12-15 14:05:18.1175|INFO|iRecruit.Logging.NLogger|GET http://localhost:58637/api/MasterData/GetTypes/0 System.Net.Http.Formatting JsonMediaTypeFormatter GetPerRequestFormatterInstance Will use same 'JsonMediaTypeFormatter' formatter
2014-12-15 14:05:18.1175|INFO|iRecruit.Logging.NLogger|GET http://localhost:58637/api/MasterData/GetTypes/0 System.Net.Http.Formatting DefaultContentNegotiator Negotiate Selected formatter='JsonMediaTypeFormatter', content-type='application/json; charset=utf-8'
2014-12-15 14:05:18.1175|INFO|iRecruit.Logging.NLogger|GET http://localhost:58637/api/MasterData/GetTypes/0 System.Web.Http.Action ReflectedHttpActionDescriptor ExecuteAsync Action returned 'StatusCode: 200, ReasonPhrase: 'OK', Version: 1.1, Content: System.Net.Http.ObjectContent`1[[System.Collections.Generic.List`1[[iRecruit.Entity.Type, iRecruit.Entity, Version=1.0.0.0, Culture=neutral, PublicKeyToken=null]], mscorlib, Version=4.0.0.0, Culture=neutral, PublicKeyToken=b77a5c561934e089]], Headers:
{
  Content-Type: application/json; charset=utf-8
}'
2014-12-15 14:05:18.1175|INFO|iRecruit.Logging.NLogger|GET http://localhost:58637/api/MasterData/GetTypes/0 System.Web.Http.Action ApiControllerActionInvoker InvokeActionAsync
2014-12-15 14:05:18.1350|INFO|iRecruit.Logging.NLogger|GET http://localhost:58637/api/MasterData/GetTypes/0 System.Web.Http.Filters AllowCrossSiteOriginAttribute OnActionExecutedAsync Action filter for 'GetTypes()'
2014-12-15 14:05:18.1350|INFO|iRecruit.Logging.NLogger|GET http://localhost:58637/api/MasterData/GetTypes/0 System.Web.Http.Filters AllowCrossSiteOriginAttribute OnActionExecutedAsync
2014-12-15 14:05:18.1350|INFO|iRecruit.Logging.NLogger|GET http://localhost:58637/api/MasterData/GetTypes/0 System.Web.Http.Controllers MasterDataController ExecuteAsync
2014-12-15 14:05:18.1500|INFO|iRecruit.Logging.NLogger|GET http://localhost:58637/api/MasterData/GetTypes/0 System.Web.Http.MessageHandlers TokenInspector SendAsync
2014-12-15 14:05:18.1500|INFO|iRecruit.Logging.NLogger|GET http://localhost:58637/api/MasterData/GetTypes/0 System.Web.Http.Request Content-type='application/json; charset=utf-8', content-length=unknown
2014-12-15 14:05:18.1500|INFO|iRecruit.Logging.NLogger|GET http://localhost:58637/api/MasterData/GetTypes/0 System.Net.Http.Formatting JsonMediaTypeFormatter WriteToStreamAsync Value='System.Collections.Generic.List`1[iRecruit.Entity.Type]', type='List`1', content-type='application/json; charset=utf-8'
2014-12-15 14:05:18.1500|INFO|iRecruit.Logging.NLogger|GET http://localhost:58637/api/MasterData/GetTypes/0 System.Net.Http.Formatting JsonMediaTypeFormatter WriteToStreamAsync
2014-12-15 14:05:18.1825|INFO|iRecruit.Logging.NLogger|GET http://localhost:58637/api/MasterData/GetTypes/0 System.Web.Http.Controllers MasterDataController Dispose
2014-12-15 14:05:18.1825|INFO|iRecruit.Logging.NLogger|GET http://localhost:58637/api/MasterData/GetTypes/0 System.Web.Http.Controllers MasterDataController Dispose
