2014-09-03 10:10:29.3574|DEBUG|iRecruit.Logging.NLogger| System.Web.Http.Controllers WebHostHttpControllerTypeResolver GetControllerTypes
2014-09-03 10:10:29.4254|DEBUG|iRecruit.Logging.NLogger| System.Web.Http.Controllers WebHostHttpControllerTypeResolver GetControllerTypes
2014-09-03 10:15:18.9153|DEBUG|iRecruit.Logging.NLogger| System.Web.Http.Controllers WebHostHttpControllerTypeResolver GetControllerTypes
2014-09-03 10:15:18.9573|DEBUG|iRecruit.Logging.NLogger| System.Web.Http.Controllers WebHostHttpControllerTypeResolver GetControllerTypes
2014-09-03 10:18:40.2725|DEBUG|iRecruit.Logging.NLogger| System.Web.Http.Controllers WebHostHttpControllerTypeResolver GetControllerTypes
2014-09-03 10:18:40.3015|DEBUG|iRecruit.Logging.NLogger| System.Web.Http.Controllers WebHostHttpControllerTypeResolver GetControllerTypes
2014-09-03 10:21:31.2776|DEBUG|iRecruit.Logging.NLogger| System.Web.Http.Controllers WebHostHttpControllerTypeResolver GetControllerTypes
2014-09-03 10:21:31.2866|DEBUG|iRecruit.Logging.NLogger| System.Web.Http.Controllers WebHostHttpControllerTypeResolver GetControllerTypes
2014-09-03 10:22:06.9381|INFO|iRecruit.Logging.NLogger|GET http://localhost:58637/api/masterdata/1 System.Web.Http.Request http://localhost:58637/api/masterdata/1
2014-09-03 10:22:06.9381|INFO|iRecruit.Logging.NLogger|GET http://localhost:58637/api/masterdata/1 System.Web.Http.MessageHandlers TokenInspector SendAsync
2014-09-03 10:22:07.0471|INFO|iRecruit.Logging.NLogger|GET http://localhost:58637/api/masterdata/1 System.Web.Http.Controllers DefaultHttpControllerSelector SelectController Route='controller:masterdata,id:1,action:Get'
2014-09-03 10:22:07.0471|INFO|iRecruit.Logging.NLogger|GET http://localhost:58637/api/masterdata/1 System.Web.Http.Controllers DefaultHttpControllerSelector SelectController MasterData
2014-09-03 10:22:07.0471|INFO|iRecruit.Logging.NLogger|GET http://localhost:58637/api/masterdata/1 System.Web.Http.Controllers HttpControllerDescriptor CreateController
2014-09-03 10:22:07.0581|INFO|iRecruit.Logging.NLogger|GET http://localhost:58637/api/masterdata/1 System.Web.Http.Controllers DefaultHttpControllerActivator Create
2014-09-03 10:22:07.0581|INFO|iRecruit.Logging.NLogger|GET http://localhost:58637/api/masterdata/1 System.Web.Http.Controllers DefaultHttpControllerActivator Create iRecruit.Controllers.MasterDataController
2014-09-03 10:22:07.0581|INFO|iRecruit.Logging.NLogger|GET http://localhost:58637/api/masterdata/1 System.Web.Http.Controllers HttpControllerDescriptor CreateController iRecruit.Controllers.MasterDataController
2014-09-03 10:22:07.0741|INFO|iRecruit.Logging.NLogger|GET http://localhost:58637/api/masterdata/1 System.Web.Http.Controllers MasterDataController ExecuteAsync
2014-09-03 10:22:07.0741|INFO|iRecruit.Logging.NLogger|GET http://localhost:58637/api/masterdata/1 System.Web.Http.Action ApiControllerActionSelector SelectAction
2014-09-03 10:22:07.0942|INFO|iRecruit.Logging.NLogger|GET http://localhost:58637/api/masterdata/1 System.Web.Http.Action ApiControllerActionSelector SelectAction Selected action 'Get(Int32 id)'
2014-09-03 10:22:07.1092|INFO|iRecruit.Logging.NLogger|GET http://localhost:58637/api/masterdata/1 System.Web.Http.ModelBinding HttpActionBinding ExecuteBindingAsync
2014-09-03 10:22:07.1092|INFO|iRecruit.Logging.NLogger|GET http://localhost:58637/api/masterdata/1 System.Web.Http.ModelBinding ModelBinderParameterBinding ExecuteBindingAsync Binding parameter 'id'
2014-09-03 10:22:07.1492|INFO|iRecruit.Logging.NLogger|GET http://localhost:58637/api/masterdata/1 System.Web.Http.ModelBinding ModelBinderParameterBinding ExecuteBindingAsync Parameter 'id' bound to the value '1'
2014-09-03 10:22:07.1522|INFO|iRecruit.Logging.NLogger|GET http://localhost:58637/api/masterdata/1 System.Web.Http.ModelBinding HttpActionBinding ExecuteBindingAsync Model state is valid. Values: id=1
2014-09-03 10:22:07.1522|INFO|iRecruit.Logging.NLogger|GET http://localhost:58637/api/masterdata/1 System.Web.Http.Filters AllowCrossSiteOriginAttribute OnActionExecutingAsync Action filter for 'Get(Int32 id)'
2014-09-03 10:22:07.1522|INFO|iRecruit.Logging.NLogger|GET http://localhost:58637/api/masterdata/1 System.Web.Http.Filters AllowCrossSiteOriginAttribute OnActionExecutingAsync
2014-09-03 10:22:07.1662|INFO|iRecruit.Logging.NLogger|GET http://localhost:58637/api/masterdata/1 System.Web.Http.Action ApiControllerActionInvoker InvokeActionAsync Action='Get(id=1)'
2014-09-03 10:22:07.1662|INFO|iRecruit.Logging.NLogger|GET http://localhost:58637/api/masterdata/1 System.Web.Http.Action ReflectedHttpActionDescriptor ExecuteAsync Invoking action 'Get(id=1)'
2014-09-03 10:22:12.4297|INFO|iRecruit.Logging.NLogger|GET http://localhost:58637/api/masterdata/1 System.Net.Http.Formatting DefaultContentNegotiator Negotiate Type='MasterDataModel', formatters=[JsonMediaTypeFormatterTracer, XmlMediaTypeFormatterTracer, FormUrlEncodedMediaTypeFormatterTracer, FormUrlEncodedMediaTypeFormatterTracer]
2014-09-03 10:22:12.4497|INFO|iRecruit.Logging.NLogger|GET http://localhost:58637/api/masterdata/1 System.Net.Http.Formatting JsonMediaTypeFormatter GetPerRequestFormatterInstance Obtaining formatter of type 'JsonMediaTypeFormatter' for type='MasterDataModel', mediaType='application/json; charset=utf-8'
2014-09-03 10:22:12.4547|INFO|iRecruit.Logging.NLogger|GET http://localhost:58637/api/masterdata/1 System.Net.Http.Formatting JsonMediaTypeFormatter GetPerRequestFormatterInstance Will use same 'JsonMediaTypeFormatter' formatter
2014-09-03 10:22:12.4547|INFO|iRecruit.Logging.NLogger|GET http://localhost:58637/api/masterdata/1 System.Net.Http.Formatting DefaultContentNegotiator Negotiate Selected formatter='JsonMediaTypeFormatter', content-type='application/json; charset=utf-8'
2014-09-03 10:22:12.4547|INFO|iRecruit.Logging.NLogger|GET http://localhost:58637/api/masterdata/1 iRecruit.Controllers.MasterDataController
2014-09-03 10:22:12.4727|INFO|iRecruit.Logging.NLogger|GET http://localhost:58637/api/masterdata/1 System.Web.Http.Action ReflectedHttpActionDescriptor ExecuteAsync Action returned 'StatusCode: 200, ReasonPhrase: 'OK', Version: 1.1, Content: System.Net.Http.ObjectContent`1[[iRecruit.Models.MasterDataModel, iRecruit.Models, Version=1.0.0.0, Culture=neutral, PublicKeyToken=null]], Headers:
{
  Content-Type: application/json; charset=utf-8
}'
2014-09-03 10:22:12.4727|INFO|iRecruit.Logging.NLogger|GET http://localhost:58637/api/masterdata/1 System.Web.Http.Action ApiControllerActionInvoker InvokeActionAsync
2014-09-03 10:22:12.4727|INFO|iRecruit.Logging.NLogger|GET http://localhost:58637/api/masterdata/1 System.Web.Http.Filters AllowCrossSiteOriginAttribute OnActionExecutedAsync Action filter for 'Get(Int32 id)'
2014-09-03 10:22:12.4877|INFO|iRecruit.Logging.NLogger|GET http://localhost:58637/api/masterdata/1 System.Web.Http.Filters AllowCrossSiteOriginAttribute OnActionExecutedAsync
2014-09-03 10:22:12.4877|INFO|iRecruit.Logging.NLogger|GET http://localhost:58637/api/masterdata/1 System.Web.Http.Controllers MasterDataController ExecuteAsync
2014-09-03 10:22:12.4877|INFO|iRecruit.Logging.NLogger|GET http://localhost:58637/api/masterdata/1 System.Web.Http.MessageHandlers TokenInspector SendAsync
2014-09-03 10:22:12.4877|INFO|iRecruit.Logging.NLogger|GET http://localhost:58637/api/masterdata/1 System.Web.Http.Request Content-type='application/json; charset=utf-8', content-length=unknown
2014-09-03 10:22:12.5107|INFO|iRecruit.Logging.NLogger|GET http://localhost:58637/api/masterdata/1 System.Net.Http.Formatting JsonMediaTypeFormatter WriteToStreamAsync Value='iRecruit.Models.MasterDataModel', type='MasterDataModel', content-type='application/json; charset=utf-8'
2014-09-03 10:22:12.6757|INFO|iRecruit.Logging.NLogger|GET http://localhost:58637/api/masterdata/1 System.Net.Http.Formatting JsonMediaTypeFormatter WriteToStreamAsync
2014-09-03 10:22:12.6757|INFO|iRecruit.Logging.NLogger|GET http://localhost:58637/api/masterdata/1 System.Web.Http.Controllers MasterDataController Dispose
2014-09-03 10:22:12.6907|INFO|iRecruit.Logging.NLogger|GET http://localhost:58637/api/masterdata/1 System.Web.Http.Controllers MasterDataController Dispose
2014-09-03 10:23:59.1064|DEBUG|iRecruit.Logging.NLogger| System.Web.Http.Controllers WebHostHttpControllerTypeResolver GetControllerTypes
2014-09-03 10:23:59.3874|DEBUG|iRecruit.Logging.NLogger| System.Web.Http.Controllers WebHostHttpControllerTypeResolver GetControllerTypes
2014-09-03 10:26:27.0981|DEBUG|iRecruit.Logging.NLogger| System.Web.Http.Controllers WebHostHttpControllerTypeResolver GetControllerTypes
2014-09-03 10:26:27.1071|DEBUG|iRecruit.Logging.NLogger| System.Web.Http.Controllers WebHostHttpControllerTypeResolver GetControllerTypes
2014-09-03 10:26:58.9883|INFO|iRecruit.Logging.NLogger|GET http://localhost:58637/api/masterdata/1 System.Web.Http.Request http://localhost:58637/api/masterdata/1
2014-09-03 10:26:58.9883|INFO|iRecruit.Logging.NLogger|GET http://localhost:58637/api/masterdata/1 System.Web.Http.MessageHandlers TokenInspector SendAsync
2014-09-03 10:26:59.0173|INFO|iRecruit.Logging.NLogger|GET http://localhost:58637/api/masterdata/1 System.Web.Http.Controllers DefaultHttpControllerSelector SelectController Route='controller:masterdata,id:1,action:Get'
2014-09-03 10:26:59.0173|INFO|iRecruit.Logging.NLogger|GET http://localhost:58637/api/masterdata/1 System.Web.Http.Controllers DefaultHttpControllerSelector SelectController MasterData
2014-09-03 10:26:59.0253|INFO|iRecruit.Logging.NLogger|GET http://localhost:58637/api/masterdata/1 System.Web.Http.Controllers HttpControllerDescriptor CreateController
2014-09-03 10:26:59.0253|INFO|iRecruit.Logging.NLogger|GET http://localhost:58637/api/masterdata/1 System.Web.Http.Controllers DefaultHttpControllerActivator Create
2014-09-03 10:26:59.0413|INFO|iRecruit.Logging.NLogger|GET http://localhost:58637/api/masterdata/1 System.Web.Http.Controllers DefaultHttpControllerActivator Create iRecruit.Controllers.MasterDataController
2014-09-03 10:26:59.0413|INFO|iRecruit.Logging.NLogger|GET http://localhost:58637/api/masterdata/1 System.Web.Http.Controllers HttpControllerDescriptor CreateController iRecruit.Controllers.MasterDataController
2014-09-03 10:26:59.0413|INFO|iRecruit.Logging.NLogger|GET http://localhost:58637/api/masterdata/1 System.Web.Http.Controllers MasterDataController ExecuteAsync
2014-09-03 10:26:59.0413|INFO|iRecruit.Logging.NLogger|GET http://localhost:58637/api/masterdata/1 System.Web.Http.Action ApiControllerActionSelector SelectAction
2014-09-03 10:26:59.0583|INFO|iRecruit.Logging.NLogger|GET http://localhost:58637/api/masterdata/1 System.Web.Http.Action ApiControllerActionSelector SelectAction Selected action 'Get(Int32 id)'
2014-09-03 10:26:59.0903|INFO|iRecruit.Logging.NLogger|GET http://localhost:58637/api/masterdata/1 System.Web.Http.ModelBinding HttpActionBinding ExecuteBindingAsync
2014-09-03 10:26:59.0903|INFO|iRecruit.Logging.NLogger|GET http://localhost:58637/api/masterdata/1 System.Web.Http.ModelBinding ModelBinderParameterBinding ExecuteBindingAsync Binding parameter 'id'
2014-09-03 10:26:59.1344|INFO|iRecruit.Logging.NLogger|GET http://localhost:58637/api/masterdata/1 System.Web.Http.ModelBinding ModelBinderParameterBinding ExecuteBindingAsync Parameter 'id' bound to the value '1'
2014-09-03 10:26:59.1344|INFO|iRecruit.Logging.NLogger|GET http://localhost:58637/api/masterdata/1 System.Web.Http.ModelBinding HttpActionBinding ExecuteBindingAsync Model state is valid. Values: id=1
2014-09-03 10:26:59.1344|INFO|iRecruit.Logging.NLogger|GET http://localhost:58637/api/masterdata/1 System.Web.Http.Filters AllowCrossSiteOriginAttribute OnActionExecutingAsync Action filter for 'Get(Int32 id)'
2014-09-03 10:26:59.1344|INFO|iRecruit.Logging.NLogger|GET http://localhost:58637/api/masterdata/1 System.Web.Http.Filters AllowCrossSiteOriginAttribute OnActionExecutingAsync
2014-09-03 10:26:59.1514|INFO|iRecruit.Logging.NLogger|GET http://localhost:58637/api/masterdata/1 System.Web.Http.Action ApiControllerActionInvoker InvokeActionAsync Action='Get(id=1)'
2014-09-03 10:26:59.1514|INFO|iRecruit.Logging.NLogger|GET http://localhost:58637/api/masterdata/1 System.Web.Http.Action ReflectedHttpActionDescriptor ExecuteAsync Invoking action 'Get(id=1)'
2014-09-03 10:27:02.5067|INFO|iRecruit.Logging.NLogger|GET http://localhost:58637/api/masterdata/1 System.Net.Http.Formatting DefaultContentNegotiator Negotiate Type='MasterDataModel', formatters=[JsonMediaTypeFormatterTracer, XmlMediaTypeFormatterTracer, FormUrlEncodedMediaTypeFormatterTracer, FormUrlEncodedMediaTypeFormatterTracer]
2014-09-03 10:27:02.5267|INFO|iRecruit.Logging.NLogger|GET http://localhost:58637/api/masterdata/1 System.Net.Http.Formatting JsonMediaTypeFormatter GetPerRequestFormatterInstance Obtaining formatter of type 'JsonMediaTypeFormatter' for type='MasterDataModel', mediaType='application/json; charset=utf-8'
2014-09-03 10:27:02.5267|INFO|iRecruit.Logging.NLogger|GET http://localhost:58637/api/masterdata/1 System.Net.Http.Formatting JsonMediaTypeFormatter GetPerRequestFormatterInstance Will use same 'JsonMediaTypeFormatter' formatter
2014-09-03 10:27:02.5267|INFO|iRecruit.Logging.NLogger|GET http://localhost:58637/api/masterdata/1 System.Net.Http.Formatting DefaultContentNegotiator Negotiate Selected formatter='JsonMediaTypeFormatter', content-type='application/json; charset=utf-8'
2014-09-03 10:27:02.5377|INFO|iRecruit.Logging.NLogger|GET http://localhost:58637/api/masterdata/1 iRecruit.Controllers.MasterDataController
2014-09-03 10:27:02.5377|INFO|iRecruit.Logging.NLogger|GET http://localhost:58637/api/masterdata/1 System.Web.Http.Action ReflectedHttpActionDescriptor ExecuteAsync Action returned 'StatusCode: 200, ReasonPhrase: 'OK', Version: 1.1, Content: System.Net.Http.ObjectContent`1[[iRecruit.Models.MasterDataModel, iRecruit.Models, Version=1.0.0.0, Culture=neutral, PublicKeyToken=null]], Headers:
{
  Content-Type: application/json; charset=utf-8
}'
2014-09-03 10:27:02.5537|INFO|iRecruit.Logging.NLogger|GET http://localhost:58637/api/masterdata/1 System.Web.Http.Action ApiControllerActionInvoker InvokeActionAsync
2014-09-03 10:27:02.5537|INFO|iRecruit.Logging.NLogger|GET http://localhost:58637/api/masterdata/1 System.Web.Http.Filters AllowCrossSiteOriginAttribute OnActionExecutedAsync Action filter for 'Get(Int32 id)'
2014-09-03 10:27:02.5537|INFO|iRecruit.Logging.NLogger|GET http://localhost:58637/api/masterdata/1 System.Web.Http.Filters AllowCrossSiteOriginAttribute OnActionExecutedAsync
2014-09-03 10:27:02.5687|INFO|iRecruit.Logging.NLogger|GET http://localhost:58637/api/masterdata/1 System.Web.Http.Controllers MasterDataController ExecuteAsync
2014-09-03 10:27:02.5687|INFO|iRecruit.Logging.NLogger|GET http://localhost:58637/api/masterdata/1 System.Web.Http.MessageHandlers TokenInspector SendAsync
2014-09-03 10:27:02.5687|INFO|iRecruit.Logging.NLogger|GET http://localhost:58637/api/masterdata/1 System.Web.Http.Request Content-type='application/json; charset=utf-8', content-length=unknown
2014-09-03 10:27:02.5877|INFO|iRecruit.Logging.NLogger|GET http://localhost:58637/api/masterdata/1 System.Net.Http.Formatting JsonMediaTypeFormatter WriteToStreamAsync Value='iRecruit.Models.MasterDataModel', type='MasterDataModel', content-type='application/json; charset=utf-8'
2014-09-03 10:27:02.7347|INFO|iRecruit.Logging.NLogger|GET http://localhost:58637/api/masterdata/1 System.Net.Http.Formatting JsonMediaTypeFormatter WriteToStreamAsync
2014-09-03 10:27:02.7457|INFO|iRecruit.Logging.NLogger|GET http://localhost:58637/api/masterdata/1 System.Web.Http.Controllers MasterDataController Dispose
2014-09-03 10:27:02.7457|INFO|iRecruit.Logging.NLogger|GET http://localhost:58637/api/masterdata/1 System.Web.Http.Controllers MasterDataController Dispose
2014-09-03 17:51:56.9192|DEBUG|iRecruit.Logging.NLogger| System.Web.Http.Controllers WebHostHttpControllerTypeResolver GetControllerTypes
2014-09-03 17:51:57.0492|DEBUG|iRecruit.Logging.NLogger| System.Web.Http.Controllers WebHostHttpControllerTypeResolver GetControllerTypes
2014-09-03 17:52:53.1918|DEBUG|iRecruit.Logging.NLogger| System.Web.Http.Controllers WebHostHttpControllerTypeResolver GetControllerTypes
2014-09-03 17:52:53.2348|DEBUG|iRecruit.Logging.NLogger| System.Web.Http.Controllers WebHostHttpControllerTypeResolver GetControllerTypes
2014-09-03 17:52:56.3991|DEBUG|iRecruit.Logging.NLogger| System.Web.Http.Controllers WebHostHttpControllerTypeResolver GetControllerTypes
2014-09-03 17:52:56.4161|DEBUG|iRecruit.Logging.NLogger| System.Web.Http.Controllers WebHostHttpControllerTypeResolver GetControllerTypes
2014-09-03 17:56:42.6103|DEBUG|iRecruit.Logging.NLogger| System.Web.Http.Controllers WebHostHttpControllerTypeResolver GetControllerTypes
2014-09-03 17:56:42.6283|DEBUG|iRecruit.Logging.NLogger| System.Web.Http.Controllers WebHostHttpControllerTypeResolver GetControllerTypes
2014-09-03 17:57:11.3013|DEBUG|iRecruit.Logging.NLogger| System.Web.Http.Controllers WebHostHttpControllerTypeResolver GetControllerTypes
2014-09-03 17:57:11.3203|DEBUG|iRecruit.Logging.NLogger| System.Web.Http.Controllers WebHostHttpControllerTypeResolver GetControllerTypes
2014-09-03 17:58:54.4653|INFO|iRecruit.Logging.NLogger|GET http://localhost:58637/api/masterdata/1 System.Web.Http.Request http://localhost:58637/api/masterdata/1
2014-09-03 17:58:54.4653|INFO|iRecruit.Logging.NLogger|GET http://localhost:58637/api/masterdata/1 System.Web.Http.MessageHandlers TokenInspector SendAsync
2014-09-03 17:58:54.4973|INFO|iRecruit.Logging.NLogger|GET http://localhost:58637/api/masterdata/1 System.Web.Http.Controllers DefaultHttpControllerSelector SelectController Route='controller:masterdata,id:1,action:Get'
2014-09-03 17:58:54.5033|INFO|iRecruit.Logging.NLogger|GET http://localhost:58637/api/masterdata/1 System.Web.Http.Controllers DefaultHttpControllerSelector SelectController MasterData
2014-09-03 17:58:54.5033|INFO|iRecruit.Logging.NLogger|GET http://localhost:58637/api/masterdata/1 System.Web.Http.Controllers HttpControllerDescriptor CreateController
2014-09-03 17:58:54.5033|INFO|iRecruit.Logging.NLogger|GET http://localhost:58637/api/masterdata/1 System.Web.Http.Controllers DefaultHttpControllerActivator Create
2014-09-03 17:58:54.5213|INFO|iRecruit.Logging.NLogger|GET http://localhost:58637/api/masterdata/1 System.Web.Http.Controllers DefaultHttpControllerActivator Create iRecruit.Controllers.MasterDataController
2014-09-03 17:58:54.5213|INFO|iRecruit.Logging.NLogger|GET http://localhost:58637/api/masterdata/1 System.Web.Http.Controllers HttpControllerDescriptor CreateController iRecruit.Controllers.MasterDataController
2014-09-03 17:58:54.5213|INFO|iRecruit.Logging.NLogger|GET http://localhost:58637/api/masterdata/1 System.Web.Http.Controllers MasterDataController ExecuteAsync
2014-09-03 17:58:54.5363|INFO|iRecruit.Logging.NLogger|GET http://localhost:58637/api/masterdata/1 System.Web.Http.Action ApiControllerActionSelector SelectAction
2014-09-03 17:58:54.5503|INFO|iRecruit.Logging.NLogger|GET http://localhost:58637/api/masterdata/1 System.Web.Http.Action ApiControllerActionSelector SelectAction Selected action 'Get(Int32 id)'
2014-09-03 17:58:54.5673|INFO|iRecruit.Logging.NLogger|GET http://localhost:58637/api/masterdata/1 System.Web.Http.ModelBinding HttpActionBinding ExecuteBindingAsync
2014-09-03 17:58:54.5673|INFO|iRecruit.Logging.NLogger|GET http://localhost:58637/api/masterdata/1 System.Web.Http.ModelBinding ModelBinderParameterBinding ExecuteBindingAsync Binding parameter 'id'
2014-09-03 17:58:54.6083|INFO|iRecruit.Logging.NLogger|GET http://localhost:58637/api/masterdata/1 System.Web.Http.ModelBinding ModelBinderParameterBinding ExecuteBindingAsync Parameter 'id' bound to the value '1'
2014-09-03 17:58:54.6123|INFO|iRecruit.Logging.NLogger|GET http://localhost:58637/api/masterdata/1 System.Web.Http.ModelBinding HttpActionBinding ExecuteBindingAsync Model state is valid. Values: id=1
2014-09-03 17:58:54.6123|INFO|iRecruit.Logging.NLogger|GET http://localhost:58637/api/masterdata/1 System.Web.Http.Filters AllowCrossSiteOriginAttribute OnActionExecutingAsync Action filter for 'Get(Int32 id)'
2014-09-03 17:58:54.6123|INFO|iRecruit.Logging.NLogger|GET http://localhost:58637/api/masterdata/1 System.Web.Http.Filters AllowCrossSiteOriginAttribute OnActionExecutingAsync
2014-09-03 17:58:54.6283|INFO|iRecruit.Logging.NLogger|GET http://localhost:58637/api/masterdata/1 System.Web.Http.Action ApiControllerActionInvoker InvokeActionAsync Action='Get(id=1)'
2014-09-03 17:58:54.6283|INFO|iRecruit.Logging.NLogger|GET http://localhost:58637/api/masterdata/1 System.Web.Http.Action ReflectedHttpActionDescriptor ExecuteAsync Invoking action 'Get(id=1)'
2014-09-03 17:58:55.4193|INFO|iRecruit.Logging.NLogger|GET http://localhost:58637/api/masterdata/1 System.Net.Http.Formatting DefaultContentNegotiator Negotiate Type='MasterDataModel', formatters=[JsonMediaTypeFormatterTracer, XmlMediaTypeFormatterTracer, FormUrlEncodedMediaTypeFormatterTracer, FormUrlEncodedMediaTypeFormatterTracer]
2014-09-03 17:58:55.4573|INFO|iRecruit.Logging.NLogger|GET http://localhost:58637/api/masterdata/1 System.Net.Http.Formatting JsonMediaTypeFormatter GetPerRequestFormatterInstance Obtaining formatter of type 'JsonMediaTypeFormatter' for type='MasterDataModel', mediaType='application/json; charset=utf-8'
2014-09-03 17:58:55.4573|INFO|iRecruit.Logging.NLogger|GET http://localhost:58637/api/masterdata/1 System.Net.Http.Formatting JsonMediaTypeFormatter GetPerRequestFormatterInstance Will use same 'JsonMediaTypeFormatter' formatter
2014-09-03 17:58:55.4573|INFO|iRecruit.Logging.NLogger|GET http://localhost:58637/api/masterdata/1 System.Net.Http.Formatting DefaultContentNegotiator Negotiate Selected formatter='JsonMediaTypeFormatter', content-type='application/json; charset=utf-8'
2014-09-03 17:58:55.4703|INFO|iRecruit.Logging.NLogger|GET http://localhost:58637/api/masterdata/1 iRecruit.Controllers.MasterDataController
2014-09-03 17:58:55.4703|INFO|iRecruit.Logging.NLogger|GET http://localhost:58637/api/masterdata/1 System.Web.Http.Action ReflectedHttpActionDescriptor ExecuteAsync Action returned 'StatusCode: 200, ReasonPhrase: 'OK', Version: 1.1, Content: System.Net.Http.ObjectContent`1[[iRecruit.Models.MasterDataModel, iRecruit.Models, Version=1.0.0.0, Culture=neutral, PublicKeyToken=null]], Headers:
{
  Content-Type: application/json; charset=utf-8
}'
2014-09-03 17:58:55.4863|INFO|iRecruit.Logging.NLogger|GET http://localhost:58637/api/masterdata/1 System.Web.Http.Action ApiControllerActionInvoker InvokeActionAsync
2014-09-03 17:58:55.4863|INFO|iRecruit.Logging.NLogger|GET http://localhost:58637/api/masterdata/1 System.Web.Http.Filters AllowCrossSiteOriginAttribute OnActionExecutedAsync Action filter for 'Get(Int32 id)'
2014-09-03 17:58:55.4863|INFO|iRecruit.Logging.NLogger|GET http://localhost:58637/api/masterdata/1 System.Web.Http.Filters AllowCrossSiteOriginAttribute OnActionExecutedAsync
2014-09-03 17:58:55.4863|INFO|iRecruit.Logging.NLogger|GET http://localhost:58637/api/masterdata/1 System.Web.Http.Controllers MasterDataController ExecuteAsync
2014-09-03 17:58:55.5053|INFO|iRecruit.Logging.NLogger|GET http://localhost:58637/api/masterdata/1 System.Web.Http.MessageHandlers TokenInspector SendAsync
2014-09-03 17:58:55.5053|INFO|iRecruit.Logging.NLogger|GET http://localhost:58637/api/masterdata/1 System.Web.Http.Request Content-type='application/json; charset=utf-8', content-length=unknown
2014-09-03 17:58:55.5233|INFO|iRecruit.Logging.NLogger|GET http://localhost:58637/api/masterdata/1 System.Net.Http.Formatting JsonMediaTypeFormatter WriteToStreamAsync Value='iRecruit.Models.MasterDataModel', type='MasterDataModel', content-type='application/json; charset=utf-8'
2014-09-03 17:58:55.5783|INFO|iRecruit.Logging.NLogger|GET http://localhost:58637/api/masterdata/1 System.Net.Http.Formatting JsonMediaTypeFormatter WriteToStreamAsync
2014-09-03 17:58:55.5813|INFO|iRecruit.Logging.NLogger|GET http://localhost:58637/api/masterdata/1 System.Web.Http.Controllers MasterDataController Dispose
2014-09-03 17:58:55.5813|INFO|iRecruit.Logging.NLogger|GET http://localhost:58637/api/masterdata/1 System.Web.Http.Controllers MasterDataController Dispose
