2014-08-12 17:07:40.8522|DEBUG|iRecruit.Logging.NLogger| System.Web.Http.Controllers WebHostHttpControllerTypeResolver GetControllerTypes
2014-08-12 17:07:40.8963|DEBUG|iRecruit.Logging.NLogger| System.Web.Http.Controllers WebHostHttpControllerTypeResolver GetControllerTypes
2014-08-12 17:11:55.7557|DEBUG|iRecruit.Logging.NLogger| System.Web.Http.Controllers WebHostHttpControllerTypeResolver GetControllerTypes
2014-08-12 17:11:55.7977|DEBUG|iRecruit.Logging.NLogger| System.Web.Http.Controllers WebHostHttpControllerTypeResolver GetControllerTypes
2014-08-12 17:22:03.5135|DEBUG|iRecruit.Logging.NLogger| System.Web.Http.Controllers WebHostHttpControllerTypeResolver GetControllerTypes
2014-08-12 17:22:03.5535|DEBUG|iRecruit.Logging.NLogger| System.Web.Http.Controllers WebHostHttpControllerTypeResolver GetControllerTypes
2014-08-12 17:23:12.6224|DEBUG|iRecruit.Logging.NLogger| System.Web.Http.Controllers WebHostHttpControllerTypeResolver GetControllerTypes
2014-08-12 17:23:12.6374|DEBUG|iRecruit.Logging.NLogger| System.Web.Http.Controllers WebHostHttpControllerTypeResolver GetControllerTypes
2014-08-12 17:23:54.6616|INFO|iRecruit.Logging.NLogger|GET http://localhost:58637/api/masterdata/ System.Web.Http.Request http://localhost:58637/api/masterdata/
2014-08-12 17:23:54.6636|INFO|iRecruit.Logging.NLogger|GET http://localhost:58637/api/masterdata/ System.Web.Http.MessageHandlers TokenInspector SendAsync
2014-08-12 17:23:54.6636|INFO|iRecruit.Logging.NLogger|GET http://localhost:58637/api/masterdata/ System.Net.Http.Formatting DefaultContentNegotiator Negotiate Type='HttpError', formatters=[JsonMediaTypeFormatterTracer, XmlMediaTypeFormatterTracer, FormUrlEncodedMediaTypeFormatterTracer, FormUrlEncodedMediaTypeFormatterTracer]
2014-08-12 17:23:54.6916|INFO|iRecruit.Logging.NLogger|GET http://localhost:58637/api/masterdata/ System.Net.Http.Formatting JsonMediaTypeFormatter GetPerRequestFormatterInstance Obtaining formatter of type 'JsonMediaTypeFormatter' for type='HttpError', mediaType='application/json; charset=utf-8'
2014-08-12 17:23:54.6936|INFO|iRecruit.Logging.NLogger|GET http://localhost:58637/api/masterdata/ System.Net.Http.Formatting JsonMediaTypeFormatter GetPerRequestFormatterInstance Will use same 'JsonMediaTypeFormatter' formatter
2014-08-12 17:23:54.6936|INFO|iRecruit.Logging.NLogger|GET http://localhost:58637/api/masterdata/ System.Net.Http.Formatting DefaultContentNegotiator Negotiate Selected formatter='JsonMediaTypeFormatter', content-type='application/json; charset=utf-8'
2014-08-12 17:23:54.6936|INFO|iRecruit.Logging.NLogger|GET http://localhost:58637/api/masterdata/ System.Web.Http.MessageHandlers TokenInspector SendAsync
2014-08-12 17:23:54.6936|INFO|iRecruit.Logging.NLogger|GET http://localhost:58637/api/masterdata/ System.Web.Http.Request Content-type='application/json; charset=utf-8', content-length=unknown
2014-08-12 17:23:54.7116|INFO|iRecruit.Logging.NLogger|GET http://localhost:58637/api/masterdata/ System.Net.Http.Formatting JsonMediaTypeFormatter WriteToStreamAsync Value='System.Web.Http.HttpError', type='HttpError', content-type='application/json; charset=utf-8'
2014-08-12 17:23:54.7406|INFO|iRecruit.Logging.NLogger|GET http://localhost:58637/api/masterdata/ System.Net.Http.Formatting JsonMediaTypeFormatter WriteToStreamAsync
2014-08-12 17:24:57.4229|DEBUG|iRecruit.Logging.NLogger| System.Web.Http.Controllers WebHostHttpControllerTypeResolver GetControllerTypes
2014-08-12 17:24:57.4439|DEBUG|iRecruit.Logging.NLogger| System.Web.Http.Controllers WebHostHttpControllerTypeResolver GetControllerTypes
2014-08-12 17:25:27.4879|INFO|iRecruit.Logging.NLogger|GET http://localhost:58637/api/masterdata/ System.Web.Http.Request http://localhost:58637/api/masterdata/
2014-08-12 17:25:27.4879|INFO|iRecruit.Logging.NLogger|GET http://localhost:58637/api/masterdata/ System.Web.Http.MessageHandlers TokenInspector SendAsync
2014-08-12 17:25:27.4879|INFO|iRecruit.Logging.NLogger|GET http://localhost:58637/api/masterdata/ System.Net.Http.Formatting DefaultContentNegotiator Negotiate Type='HttpError', formatters=[JsonMediaTypeFormatterTracer, XmlMediaTypeFormatterTracer, FormUrlEncodedMediaTypeFormatterTracer, FormUrlEncodedMediaTypeFormatterTracer]
2014-08-12 17:25:27.5029|INFO|iRecruit.Logging.NLogger|GET http://localhost:58637/api/masterdata/ System.Net.Http.Formatting JsonMediaTypeFormatter GetPerRequestFormatterInstance Obtaining formatter of type 'JsonMediaTypeFormatter' for type='HttpError', mediaType='application/json; charset=utf-8'
2014-08-12 17:25:27.5209|INFO|iRecruit.Logging.NLogger|GET http://localhost:58637/api/masterdata/ System.Net.Http.Formatting JsonMediaTypeFormatter GetPerRequestFormatterInstance Will use same 'JsonMediaTypeFormatter' formatter
2014-08-12 17:25:27.5209|INFO|iRecruit.Logging.NLogger|GET http://localhost:58637/api/masterdata/ System.Net.Http.Formatting DefaultContentNegotiator Negotiate Selected formatter='JsonMediaTypeFormatter', content-type='application/json; charset=utf-8'
2014-08-12 17:25:27.5209|INFO|iRecruit.Logging.NLogger|GET http://localhost:58637/api/masterdata/ System.Web.Http.MessageHandlers TokenInspector SendAsync
2014-08-12 17:25:27.5359|INFO|iRecruit.Logging.NLogger|GET http://localhost:58637/api/masterdata/ System.Web.Http.Request Content-type='application/json; charset=utf-8', content-length=unknown
2014-08-12 17:25:27.5509|INFO|iRecruit.Logging.NLogger|GET http://localhost:58637/api/masterdata/ System.Net.Http.Formatting JsonMediaTypeFormatter WriteToStreamAsync Value='System.Web.Http.HttpError', type='HttpError', content-type='application/json; charset=utf-8'
2014-08-12 17:25:27.5709|INFO|iRecruit.Logging.NLogger|GET http://localhost:58637/api/masterdata/ System.Net.Http.Formatting JsonMediaTypeFormatter WriteToStreamAsync
2014-08-12 17:26:15.6357|INFO|iRecruit.Logging.NLogger|GET http://localhost:58637/api/masterdata/ System.Web.Http.Request http://localhost:58637/api/masterdata/
2014-08-12 17:26:15.6357|INFO|iRecruit.Logging.NLogger|GET http://localhost:58637/api/masterdata/ System.Web.Http.MessageHandlers TokenInspector SendAsync
2014-08-12 17:26:15.6357|INFO|iRecruit.Logging.NLogger|GET http://localhost:58637/api/masterdata/ System.Net.Http.Formatting DefaultContentNegotiator Negotiate Type='HttpError', formatters=[JsonMediaTypeFormatterTracer, XmlMediaTypeFormatterTracer, FormUrlEncodedMediaTypeFormatterTracer, FormUrlEncodedMediaTypeFormatterTracer]
2014-08-12 17:26:15.6477|INFO|iRecruit.Logging.NLogger|GET http://localhost:58637/api/masterdata/ System.Net.Http.Formatting JsonMediaTypeFormatter GetPerRequestFormatterInstance Obtaining formatter of type 'JsonMediaTypeFormatter' for type='HttpError', mediaType='application/json; charset=utf-8'
2014-08-12 17:26:15.6477|INFO|iRecruit.Logging.NLogger|GET http://localhost:58637/api/masterdata/ System.Net.Http.Formatting JsonMediaTypeFormatter GetPerRequestFormatterInstance Will use same 'JsonMediaTypeFormatter' formatter
2014-08-12 17:26:15.6477|INFO|iRecruit.Logging.NLogger|GET http://localhost:58637/api/masterdata/ System.Net.Http.Formatting DefaultContentNegotiator Negotiate Selected formatter='JsonMediaTypeFormatter', content-type='application/json; charset=utf-8'
2014-08-12 17:26:15.6477|INFO|iRecruit.Logging.NLogger|GET http://localhost:58637/api/masterdata/ System.Web.Http.MessageHandlers TokenInspector SendAsync
2014-08-12 17:26:15.6477|INFO|iRecruit.Logging.NLogger|GET http://localhost:58637/api/masterdata/ System.Web.Http.Request Content-type='application/json; charset=utf-8', content-length=unknown
2014-08-12 17:26:15.6637|INFO|iRecruit.Logging.NLogger|GET http://localhost:58637/api/masterdata/ System.Net.Http.Formatting JsonMediaTypeFormatter WriteToStreamAsync Value='System.Web.Http.HttpError', type='HttpError', content-type='application/json; charset=utf-8'
2014-08-12 17:26:15.6637|INFO|iRecruit.Logging.NLogger|GET http://localhost:58637/api/masterdata/ System.Net.Http.Formatting JsonMediaTypeFormatter WriteToStreamAsync
2014-08-12 17:30:53.7365|DEBUG|iRecruit.Logging.NLogger| System.Web.Http.Controllers WebHostHttpControllerTypeResolver GetControllerTypes
2014-08-12 17:30:53.7515|DEBUG|iRecruit.Logging.NLogger| System.Web.Http.Controllers WebHostHttpControllerTypeResolver GetControllerTypes
2014-08-12 17:31:27.4149|INFO|iRecruit.Logging.NLogger|GET http://localhost:58637/api/masterdata/ System.Web.Http.Request http://localhost:58637/api/masterdata/
2014-08-12 17:31:27.4149|INFO|iRecruit.Logging.NLogger|GET http://localhost:58637/api/masterdata/ System.Web.Http.MessageHandlers TokenInspector SendAsync
2014-08-12 17:31:27.4529|INFO|iRecruit.Logging.NLogger|GET http://localhost:58637/api/masterdata/ System.Net.Http.Formatting DefaultContentNegotiator Negotiate Type='HttpError', formatters=[JsonMediaTypeFormatterTracer, XmlMediaTypeFormatterTracer, FormUrlEncodedMediaTypeFormatterTracer, FormUrlEncodedMediaTypeFormatterTracer]
2014-08-12 17:31:27.4709|INFO|iRecruit.Logging.NLogger|GET http://localhost:58637/api/masterdata/ System.Net.Http.Formatting JsonMediaTypeFormatter GetPerRequestFormatterInstance Obtaining formatter of type 'JsonMediaTypeFormatter' for type='HttpError', mediaType='application/json; charset=utf-8'
2014-08-12 17:31:27.4749|INFO|iRecruit.Logging.NLogger|GET http://localhost:58637/api/masterdata/ System.Net.Http.Formatting JsonMediaTypeFormatter GetPerRequestFormatterInstance Will use same 'JsonMediaTypeFormatter' formatter
2014-08-12 17:31:27.4749|INFO|iRecruit.Logging.NLogger|GET http://localhost:58637/api/masterdata/ System.Net.Http.Formatting DefaultContentNegotiator Negotiate Selected formatter='JsonMediaTypeFormatter', content-type='application/json; charset=utf-8'
2014-08-12 17:31:27.4919|INFO|iRecruit.Logging.NLogger|GET http://localhost:58637/api/masterdata/ System.Web.Http.MessageHandlers TokenInspector SendAsync
2014-08-12 17:31:27.4919|INFO|iRecruit.Logging.NLogger|GET http://localhost:58637/api/masterdata/ System.Web.Http.Request Content-type='application/json; charset=utf-8', content-length=unknown
2014-08-12 17:31:27.5119|INFO|iRecruit.Logging.NLogger|GET http://localhost:58637/api/masterdata/ System.Net.Http.Formatting JsonMediaTypeFormatter WriteToStreamAsync Value='System.Web.Http.HttpError', type='HttpError', content-type='application/json; charset=utf-8'
2014-08-12 17:31:27.5319|INFO|iRecruit.Logging.NLogger|GET http://localhost:58637/api/masterdata/ System.Net.Http.Formatting JsonMediaTypeFormatter WriteToStreamAsync
2014-08-12 17:32:00.7842|DEBUG|iRecruit.Logging.NLogger| System.Web.Http.Controllers WebHostHttpControllerTypeResolver GetControllerTypes
2014-08-12 17:32:00.8012|DEBUG|iRecruit.Logging.NLogger| System.Web.Http.Controllers WebHostHttpControllerTypeResolver GetControllerTypes
2014-08-12 17:33:46.2768|INFO|iRecruit.Logging.NLogger|GET http://localhost:58637/api/masterdata/ System.Web.Http.Request http://localhost:58637/api/masterdata/
2014-08-12 17:33:46.2768|INFO|iRecruit.Logging.NLogger|GET http://localhost:58637/api/masterdata/ System.Web.Http.MessageHandlers TokenInspector SendAsync
2014-08-12 17:35:40.3892|INFO|iRecruit.Logging.NLogger|GET http://localhost:58637/api/masterdata/ System.Net.Http.Formatting DefaultContentNegotiator Negotiate Type='HttpError', formatters=[JsonMediaTypeFormatterTracer, XmlMediaTypeFormatterTracer, FormUrlEncodedMediaTypeFormatterTracer, FormUrlEncodedMediaTypeFormatterTracer]
2014-08-12 17:35:40.4112|INFO|iRecruit.Logging.NLogger|GET http://localhost:58637/api/masterdata/ System.Net.Http.Formatting JsonMediaTypeFormatter GetPerRequestFormatterInstance Obtaining formatter of type 'JsonMediaTypeFormatter' for type='HttpError', mediaType='application/json; charset=utf-8'
2014-08-12 17:35:40.4112|INFO|iRecruit.Logging.NLogger|GET http://localhost:58637/api/masterdata/ System.Net.Http.Formatting JsonMediaTypeFormatter GetPerRequestFormatterInstance Will use same 'JsonMediaTypeFormatter' formatter
2014-08-12 17:35:40.4112|INFO|iRecruit.Logging.NLogger|GET http://localhost:58637/api/masterdata/ System.Net.Http.Formatting DefaultContentNegotiator Negotiate Selected formatter='JsonMediaTypeFormatter', content-type='application/json; charset=utf-8'
2014-08-12 17:35:40.4302|INFO|iRecruit.Logging.NLogger|GET http://localhost:58637/api/masterdata/ System.Web.Http.MessageHandlers TokenInspector SendAsync
2014-08-12 17:35:40.4302|INFO|iRecruit.Logging.NLogger|GET http://localhost:58637/api/masterdata/ System.Web.Http.Request Content-type='application/json; charset=utf-8', content-length=unknown
2014-08-12 17:35:40.4522|INFO|iRecruit.Logging.NLogger|GET http://localhost:58637/api/masterdata/ System.Net.Http.Formatting JsonMediaTypeFormatter WriteToStreamAsync Value='System.Web.Http.HttpError', type='HttpError', content-type='application/json; charset=utf-8'
2014-08-12 17:35:40.4792|INFO|iRecruit.Logging.NLogger|GET http://localhost:58637/api/masterdata/ System.Net.Http.Formatting JsonMediaTypeFormatter WriteToStreamAsync
2014-08-12 17:38:16.2028|DEBUG|iRecruit.Logging.NLogger| System.Web.Http.Controllers WebHostHttpControllerTypeResolver GetControllerTypes
2014-08-12 17:38:16.2528|DEBUG|iRecruit.Logging.NLogger| System.Web.Http.Controllers WebHostHttpControllerTypeResolver GetControllerTypes
2014-08-12 17:38:19.1411|DEBUG|iRecruit.Logging.NLogger| System.Web.Http.Controllers WebHostHttpControllerTypeResolver GetControllerTypes
2014-08-12 17:38:19.1521|DEBUG|iRecruit.Logging.NLogger| System.Web.Http.Controllers WebHostHttpControllerTypeResolver GetControllerTypes
2014-08-12 17:39:16.3998|INFO|iRecruit.Logging.NLogger|GET http://localhost:58637/api/masterdata/ System.Web.Http.Request http://localhost:58637/api/masterdata/
2014-08-12 17:39:16.4028|INFO|iRecruit.Logging.NLogger|GET http://localhost:58637/api/masterdata/ System.Web.Http.MessageHandlers TokenInspector SendAsync
2014-08-12 17:39:42.6724|INFO|iRecruit.Logging.NLogger|GET http://localhost:58637/api/masterdata/ System.Net.Http.Formatting DefaultContentNegotiator Negotiate Type='HttpError', formatters=[JsonMediaTypeFormatterTracer, XmlMediaTypeFormatterTracer, FormUrlEncodedMediaTypeFormatterTracer, FormUrlEncodedMediaTypeFormatterTracer]
2014-08-12 17:39:42.7214|INFO|iRecruit.Logging.NLogger|GET http://localhost:58637/api/masterdata/ System.Net.Http.Formatting JsonMediaTypeFormatter GetPerRequestFormatterInstance Obtaining formatter of type 'JsonMediaTypeFormatter' for type='HttpError', mediaType='application/json; charset=utf-8'
2014-08-12 17:39:42.7214|INFO|iRecruit.Logging.NLogger|GET http://localhost:58637/api/masterdata/ System.Net.Http.Formatting JsonMediaTypeFormatter GetPerRequestFormatterInstance Will use same 'JsonMediaTypeFormatter' formatter
2014-08-12 17:39:42.7214|INFO|iRecruit.Logging.NLogger|GET http://localhost:58637/api/masterdata/ System.Net.Http.Formatting DefaultContentNegotiator Negotiate Selected formatter='JsonMediaTypeFormatter', content-type='application/json; charset=utf-8'
2014-08-12 17:39:42.7364|INFO|iRecruit.Logging.NLogger|GET http://localhost:58637/api/masterdata/ System.Web.Http.MessageHandlers TokenInspector SendAsync
2014-08-12 17:39:42.7364|INFO|iRecruit.Logging.NLogger|GET http://localhost:58637/api/masterdata/ System.Web.Http.Request Content-type='application/json; charset=utf-8', content-length=unknown
2014-08-12 17:39:42.7744|INFO|iRecruit.Logging.NLogger|GET http://localhost:58637/api/masterdata/ System.Net.Http.Formatting JsonMediaTypeFormatter WriteToStreamAsync Value='System.Web.Http.HttpError', type='HttpError', content-type='application/json; charset=utf-8'
2014-08-12 17:39:42.7994|INFO|iRecruit.Logging.NLogger|GET http://localhost:58637/api/masterdata/ System.Net.Http.Formatting JsonMediaTypeFormatter WriteToStreamAsync
2014-08-12 17:42:46.2158|DEBUG|iRecruit.Logging.NLogger| System.Web.Http.Controllers WebHostHttpControllerTypeResolver GetControllerTypes
2014-08-12 17:42:46.2568|DEBUG|iRecruit.Logging.NLogger| System.Web.Http.Controllers WebHostHttpControllerTypeResolver GetControllerTypes
2014-08-12 17:43:21.5103|INFO|iRecruit.Logging.NLogger|GET http://localhost:58637/api/masterdata/ System.Web.Http.Request http://localhost:58637/api/masterdata/
2014-08-12 17:43:21.5103|INFO|iRecruit.Logging.NLogger|GET http://localhost:58637/api/masterdata/ System.Web.Http.MessageHandlers TokenInspector SendAsync
2014-08-12 17:43:42.0793|INFO|iRecruit.Logging.NLogger|GET http://localhost:58637/api/masterdata/ System.Net.Http.Formatting DefaultContentNegotiator Negotiate Type='HttpError', formatters=[JsonMediaTypeFormatterTracer, XmlMediaTypeFormatterTracer, FormUrlEncodedMediaTypeFormatterTracer, FormUrlEncodedMediaTypeFormatterTracer]
2014-08-12 17:43:42.0994|INFO|iRecruit.Logging.NLogger|GET http://localhost:58637/api/masterdata/ System.Net.Http.Formatting JsonMediaTypeFormatter GetPerRequestFormatterInstance Obtaining formatter of type 'JsonMediaTypeFormatter' for type='HttpError', mediaType='application/json; charset=utf-8'
2014-08-12 17:43:42.0994|INFO|iRecruit.Logging.NLogger|GET http://localhost:58637/api/masterdata/ System.Net.Http.Formatting JsonMediaTypeFormatter GetPerRequestFormatterInstance Will use same 'JsonMediaTypeFormatter' formatter
2014-08-12 17:43:42.0994|INFO|iRecruit.Logging.NLogger|GET http://localhost:58637/api/masterdata/ System.Net.Http.Formatting DefaultContentNegotiator Negotiate Selected formatter='JsonMediaTypeFormatter', content-type='application/json; charset=utf-8'
2014-08-12 17:43:42.1154|INFO|iRecruit.Logging.NLogger|GET http://localhost:58637/api/masterdata/ System.Web.Http.MessageHandlers TokenInspector SendAsync
2014-08-12 17:43:42.1154|INFO|iRecruit.Logging.NLogger|GET http://localhost:58637/api/masterdata/ System.Web.Http.Request Content-type='application/json; charset=utf-8', content-length=unknown
2014-08-12 17:43:42.1314|INFO|iRecruit.Logging.NLogger|GET http://localhost:58637/api/masterdata/ System.Net.Http.Formatting JsonMediaTypeFormatter WriteToStreamAsync Value='System.Web.Http.HttpError', type='HttpError', content-type='application/json; charset=utf-8'
2014-08-12 17:43:42.1494|INFO|iRecruit.Logging.NLogger|GET http://localhost:58637/api/masterdata/ System.Net.Http.Formatting JsonMediaTypeFormatter WriteToStreamAsync
2014-08-12 17:44:01.3253|DEBUG|iRecruit.Logging.NLogger| System.Web.Http.Controllers WebHostHttpControllerTypeResolver GetControllerTypes
2014-08-12 17:44:01.3413|DEBUG|iRecruit.Logging.NLogger| System.Web.Http.Controllers WebHostHttpControllerTypeResolver GetControllerTypes
2014-08-12 17:45:11.2263|INFO|iRecruit.Logging.NLogger|GET http://localhost:58637/api/masterdata/ System.Web.Http.Request http://localhost:58637/api/masterdata/
2014-08-12 17:45:11.2263|INFO|iRecruit.Logging.NLogger|GET http://localhost:58637/api/masterdata/ System.Web.Http.MessageHandlers TokenInspector SendAsync
2014-08-12 17:46:51.9403|INFO|iRecruit.Logging.NLogger|GET http://localhost:58637/api/masterdata/ System.Net.Http.Formatting DefaultContentNegotiator Negotiate Type='HttpError', formatters=[JsonMediaTypeFormatterTracer, XmlMediaTypeFormatterTracer, FormUrlEncodedMediaTypeFormatterTracer, FormUrlEncodedMediaTypeFormatterTracer]
2014-08-12 17:46:51.9933|INFO|iRecruit.Logging.NLogger|GET http://localhost:58637/api/masterdata/ System.Net.Http.Formatting JsonMediaTypeFormatter GetPerRequestFormatterInstance Obtaining formatter of type 'JsonMediaTypeFormatter' for type='HttpError', mediaType='application/json; charset=utf-8'
2014-08-12 17:46:52.0203|INFO|iRecruit.Logging.NLogger|GET http://localhost:58637/api/masterdata/ System.Net.Http.Formatting JsonMediaTypeFormatter GetPerRequestFormatterInstance Will use same 'JsonMediaTypeFormatter' formatter
2014-08-12 17:46:52.0253|INFO|iRecruit.Logging.NLogger|GET http://localhost:58637/api/masterdata/ System.Net.Http.Formatting DefaultContentNegotiator Negotiate Selected formatter='JsonMediaTypeFormatter', content-type='application/json; charset=utf-8'
2014-08-12 17:46:52.0253|INFO|iRecruit.Logging.NLogger|GET http://localhost:58637/api/masterdata/ System.Web.Http.MessageHandlers TokenInspector SendAsync
2014-08-12 17:46:52.0413|INFO|iRecruit.Logging.NLogger|GET http://localhost:58637/api/masterdata/ System.Web.Http.Request Content-type='application/json; charset=utf-8', content-length=unknown
2014-08-12 17:46:52.0623|INFO|iRecruit.Logging.NLogger|GET http://localhost:58637/api/masterdata/ System.Net.Http.Formatting JsonMediaTypeFormatter WriteToStreamAsync Value='System.Web.Http.HttpError', type='HttpError', content-type='application/json; charset=utf-8'
2014-08-12 17:46:52.0923|INFO|iRecruit.Logging.NLogger|GET http://localhost:58637/api/masterdata/ System.Net.Http.Formatting JsonMediaTypeFormatter WriteToStreamAsync
2014-08-12 17:47:38.3700|DEBUG|iRecruit.Logging.NLogger| System.Web.Http.Controllers WebHostHttpControllerTypeResolver GetControllerTypes
2014-08-12 17:47:38.6840|DEBUG|iRecruit.Logging.NLogger| System.Web.Http.Controllers WebHostHttpControllerTypeResolver GetControllerTypes
2014-08-12 17:48:07.0108|INFO|iRecruit.Logging.NLogger|GET http://localhost:58637/api/masterdata/ System.Web.Http.Request http://localhost:58637/api/masterdata/
2014-08-12 17:48:07.0108|INFO|iRecruit.Logging.NLogger|GET http://localhost:58637/api/masterdata/ System.Web.Http.MessageHandlers TokenInspector SendAsync
2014-08-12 17:49:52.0703|INFO|iRecruit.Logging.NLogger|GET http://localhost:58637/api/masterdata/ System.Net.Http.Formatting DefaultContentNegotiator Negotiate Type='HttpError', formatters=[JsonMediaTypeFormatterTracer, XmlMediaTypeFormatterTracer, FormUrlEncodedMediaTypeFormatterTracer, FormUrlEncodedMediaTypeFormatterTracer]
2014-08-12 17:49:52.1123|INFO|iRecruit.Logging.NLogger|GET http://localhost:58637/api/masterdata/ System.Net.Http.Formatting JsonMediaTypeFormatter GetPerRequestFormatterInstance Obtaining formatter of type 'JsonMediaTypeFormatter' for type='HttpError', mediaType='application/json; charset=utf-8'
2014-08-12 17:49:52.1183|INFO|iRecruit.Logging.NLogger|GET http://localhost:58637/api/masterdata/ System.Net.Http.Formatting JsonMediaTypeFormatter GetPerRequestFormatterInstance Will use same 'JsonMediaTypeFormatter' formatter
2014-08-12 17:49:52.1183|INFO|iRecruit.Logging.NLogger|GET http://localhost:58637/api/masterdata/ System.Net.Http.Formatting DefaultContentNegotiator Negotiate Selected formatter='JsonMediaTypeFormatter', content-type='application/json; charset=utf-8'
2014-08-12 17:49:52.1364|INFO|iRecruit.Logging.NLogger|GET http://localhost:58637/api/masterdata/ System.Web.Http.MessageHandlers TokenInspector SendAsync
2014-08-12 17:49:52.1364|INFO|iRecruit.Logging.NLogger|GET http://localhost:58637/api/masterdata/ System.Web.Http.Request Content-type='application/json; charset=utf-8', content-length=unknown
2014-08-12 17:49:52.1594|INFO|iRecruit.Logging.NLogger|GET http://localhost:58637/api/masterdata/ System.Net.Http.Formatting JsonMediaTypeFormatter WriteToStreamAsync Value='System.Web.Http.HttpError', type='HttpError', content-type='application/json; charset=utf-8'
2014-08-12 17:49:52.1874|INFO|iRecruit.Logging.NLogger|GET http://localhost:58637/api/masterdata/ System.Net.Http.Formatting JsonMediaTypeFormatter WriteToStreamAsync
2014-08-12 17:50:15.0356|DEBUG|iRecruit.Logging.NLogger| System.Web.Http.Controllers WebHostHttpControllerTypeResolver GetControllerTypes
2014-08-12 17:50:15.0786|DEBUG|iRecruit.Logging.NLogger| System.Web.Http.Controllers WebHostHttpControllerTypeResolver GetControllerTypes
2014-08-12 17:50:42.9164|INFO|iRecruit.Logging.NLogger|GET http://localhost:58637/api/masterdata/ System.Web.Http.Request http://localhost:58637/api/masterdata/
2014-08-12 17:50:42.9164|INFO|iRecruit.Logging.NLogger|GET http://localhost:58637/api/masterdata/ System.Web.Http.MessageHandlers TokenInspector SendAsync
2014-08-12 17:51:03.8435|INFO|iRecruit.Logging.NLogger|GET http://localhost:58637/api/masterdata/ System.Web.Http.Controllers DefaultHttpControllerSelector SelectController Route='controller:masterdata,action:Get'
2014-08-12 17:51:03.8505|INFO|iRecruit.Logging.NLogger|GET http://localhost:58637/api/masterdata/ System.Web.Http.Controllers DefaultHttpControllerSelector SelectController MasterData
2014-08-12 17:51:03.8695|INFO|iRecruit.Logging.NLogger|GET http://localhost:58637/api/masterdata/ System.Web.Http.Controllers HttpControllerDescriptor CreateController
2014-08-12 17:51:03.8695|INFO|iRecruit.Logging.NLogger|GET http://localhost:58637/api/masterdata/ System.Web.Http.Controllers DefaultHttpControllerActivator Create
2014-08-12 17:51:03.9905|ERROR|iRecruit.Logging.NLogger|GET http://localhost:58637/api/masterdata/ System.Web.Http.Controllers DefaultHttpControllerActivator Create Error activating IMasterRepository
No matching bindings are available, and the type is not self-bindable.
Activation path:
  2) Injection of dependency IMasterRepository into parameter repo of constructor of type MasterDataController
  1) Request for MasterDataController

Suggestions:
  1) Ensure that you have defined a binding for IMasterRepository.
  2) If the binding was defined in a module, ensure that the module has been loaded into the kernel.
  3) Ensure you have not accidentally created more than one kernel.
  4) If you are using constructor arguments, ensure that the parameter name matches the constructors parameter name.
  5) If you are using automatic module loading, ensure the search path and filters are correct.

2014-08-12 17:51:04.0115|ERROR|iRecruit.Logging.NLogger|GET http://localhost:58637/api/masterdata/ System.Web.Http.Controllers HttpControllerDescriptor CreateController Error activating IMasterRepository
No matching bindings are available, and the type is not self-bindable.
Activation path:
  2) Injection of dependency IMasterRepository into parameter repo of constructor of type MasterDataController
  1) Request for MasterDataController

Suggestions:
  1) Ensure that you have defined a binding for IMasterRepository.
  2) If the binding was defined in a module, ensure that the module has been loaded into the kernel.
  3) Ensure you have not accidentally created more than one kernel.
  4) If you are using constructor arguments, ensure that the parameter name matches the constructors parameter name.
  5) If you are using automatic module loading, ensure the search path and filters are correct.

2014-08-12 17:51:04.0405|INFO|iRecruit.Logging.NLogger|GET http://localhost:58637/api/masterdata/ System.Net.Http.Formatting DefaultContentNegotiator Negotiate Type='HttpError', formatters=[JsonMediaTypeFormatterTracer, XmlMediaTypeFormatterTracer, FormUrlEncodedMediaTypeFormatterTracer, FormUrlEncodedMediaTypeFormatterTracer]
2014-08-12 17:51:04.0585|INFO|iRecruit.Logging.NLogger|GET http://localhost:58637/api/masterdata/ System.Net.Http.Formatting JsonMediaTypeFormatter GetPerRequestFormatterInstance Obtaining formatter of type 'JsonMediaTypeFormatter' for type='HttpError', mediaType='application/json; charset=utf-8'
2014-08-12 17:51:04.0585|INFO|iRecruit.Logging.NLogger|GET http://localhost:58637/api/masterdata/ System.Net.Http.Formatting JsonMediaTypeFormatter GetPerRequestFormatterInstance Will use same 'JsonMediaTypeFormatter' formatter
2014-08-12 17:51:04.0585|INFO|iRecruit.Logging.NLogger|GET http://localhost:58637/api/masterdata/ System.Net.Http.Formatting DefaultContentNegotiator Negotiate Selected formatter='JsonMediaTypeFormatter', content-type='application/json; charset=utf-8'
2014-08-12 17:51:04.0745|INFO|iRecruit.Logging.NLogger|GET http://localhost:58637/api/masterdata/ System.Web.Http.MessageHandlers TokenInspector SendAsync
2014-08-12 17:51:04.0745|INFO|iRecruit.Logging.NLogger|GET http://localhost:58637/api/masterdata/ System.Web.Http.Request Content-type='application/json; charset=utf-8', content-length=unknown
2014-08-12 17:51:04.0905|INFO|iRecruit.Logging.NLogger|GET http://localhost:58637/api/masterdata/ System.Net.Http.Formatting JsonMediaTypeFormatter WriteToStreamAsync Value='System.Web.Http.HttpError', type='HttpError', content-type='application/json; charset=utf-8'
2014-08-12 17:51:04.1095|INFO|iRecruit.Logging.NLogger|GET http://localhost:58637/api/masterdata/ System.Net.Http.Formatting JsonMediaTypeFormatter WriteToStreamAsync
2014-08-12 17:52:32.3060|DEBUG|iRecruit.Logging.NLogger| System.Web.Http.Controllers WebHostHttpControllerTypeResolver GetControllerTypes
2014-08-12 17:52:32.3480|DEBUG|iRecruit.Logging.NLogger| System.Web.Http.Controllers WebHostHttpControllerTypeResolver GetControllerTypes
2014-08-12 17:53:00.0524|INFO|iRecruit.Logging.NLogger|GET http://localhost:58637/api/masterdata/ System.Web.Http.Request http://localhost:58637/api/masterdata/
2014-08-12 17:53:00.0524|INFO|iRecruit.Logging.NLogger|GET http://localhost:58637/api/masterdata/ System.Web.Http.MessageHandlers TokenInspector SendAsync
2014-08-12 17:53:04.5645|INFO|iRecruit.Logging.NLogger|GET http://localhost:58637/api/masterdata/ System.Web.Http.Controllers DefaultHttpControllerSelector SelectController Route='controller:masterdata,action:Get'
2014-08-12 17:53:04.6075|INFO|iRecruit.Logging.NLogger|GET http://localhost:58637/api/masterdata/ System.Web.Http.Controllers DefaultHttpControllerSelector SelectController MasterData
2014-08-12 17:53:04.6145|INFO|iRecruit.Logging.NLogger|GET http://localhost:58637/api/masterdata/ System.Web.Http.Controllers HttpControllerDescriptor CreateController
2014-08-12 17:53:04.6145|INFO|iRecruit.Logging.NLogger|GET http://localhost:58637/api/masterdata/ System.Web.Http.Controllers DefaultHttpControllerActivator Create
2014-08-12 17:53:04.6145|INFO|iRecruit.Logging.NLogger|GET http://localhost:58637/api/masterdata/ System.Web.Http.Controllers DefaultHttpControllerActivator Create iRecruit.Controllers.MasterDataController
2014-08-12 17:53:04.6325|INFO|iRecruit.Logging.NLogger|GET http://localhost:58637/api/masterdata/ System.Web.Http.Controllers HttpControllerDescriptor CreateController iRecruit.Controllers.MasterDataController
2014-08-12 17:53:04.6325|INFO|iRecruit.Logging.NLogger|GET http://localhost:58637/api/masterdata/ System.Web.Http.Controllers MasterDataController ExecuteAsync
2014-08-12 17:53:04.6325|INFO|iRecruit.Logging.NLogger|GET http://localhost:58637/api/masterdata/ System.Web.Http.Action ApiControllerActionSelector SelectAction
2014-08-12 17:53:04.6475|INFO|iRecruit.Logging.NLogger|GET http://localhost:58637/api/masterdata/ System.Web.Http.Action ApiControllerActionSelector SelectAction Selected action 'Get()'
2014-08-12 17:53:04.6725|INFO|iRecruit.Logging.NLogger|GET http://localhost:58637/api/masterdata/ System.Web.Http.ModelBinding HttpActionBinding ExecuteBindingAsync
2014-08-12 17:53:04.6795|INFO|iRecruit.Logging.NLogger|GET http://localhost:58637/api/masterdata/ System.Web.Http.ModelBinding HttpActionBinding ExecuteBindingAsync
2014-08-12 17:53:04.6795|INFO|iRecruit.Logging.NLogger|GET http://localhost:58637/api/masterdata/ System.Web.Http.Filters AllowCrossSiteOriginAttribute OnActionExecutingAsync Action filter for 'Get()'
2014-08-12 17:53:04.6795|INFO|iRecruit.Logging.NLogger|GET http://localhost:58637/api/masterdata/ System.Web.Http.Filters AllowCrossSiteOriginAttribute OnActionExecutingAsync
2014-08-12 17:53:04.6925|INFO|iRecruit.Logging.NLogger|GET http://localhost:58637/api/masterdata/ System.Web.Http.Action ApiControllerActionInvoker InvokeActionAsync Action='Get()'
2014-08-12 17:53:04.6925|INFO|iRecruit.Logging.NLogger|GET http://localhost:58637/api/masterdata/ System.Web.Http.Action ReflectedHttpActionDescriptor ExecuteAsync Invoking action 'Get()'
2014-08-12 17:54:05.0114|INFO|iRecruit.Logging.NLogger|GET http://localhost:58637/api/masterdata/ iRecruit.Controllers.MasterDataController
2014-08-12 17:54:05.0254|INFO|iRecruit.Logging.NLogger|GET http://localhost:58637/api/masterdata/ System.Web.Http.Action ReflectedHttpActionDescriptor ExecuteAsync Action returned 'StatusCode: 500, ReasonPhrase: 'Internal Server Error', Version: 1.1, Content: System.Net.Http.StringContent, Headers:
{
  Content-Type: text/plain; charset=utf-8
}'
2014-08-12 17:54:05.0344|INFO|iRecruit.Logging.NLogger|GET http://localhost:58637/api/masterdata/ System.Web.Http.Action ApiControllerActionInvoker InvokeActionAsync
2014-08-12 17:54:05.0344|INFO|iRecruit.Logging.NLogger|GET http://localhost:58637/api/masterdata/ System.Web.Http.Filters AllowCrossSiteOriginAttribute OnActionExecutedAsync Action filter for 'Get()'
2014-08-12 17:54:05.0504|INFO|iRecruit.Logging.NLogger|GET http://localhost:58637/api/masterdata/ System.Web.Http.Filters AllowCrossSiteOriginAttribute OnActionExecutedAsync
2014-08-12 17:54:05.0734|INFO|iRecruit.Logging.NLogger|GET http://localhost:58637/api/masterdata/ System.Web.Http.Controllers MasterDataController ExecuteAsync
2014-08-12 17:54:05.0734|INFO|iRecruit.Logging.NLogger|GET http://localhost:58637/api/masterdata/ System.Web.Http.MessageHandlers TokenInspector SendAsync
2014-08-12 17:54:05.0834|INFO|iRecruit.Logging.NLogger|GET http://localhost:58637/api/masterdata/ System.Web.Http.Request Content-type='text/plain; charset=utf-8', content-length=1893
2014-08-12 17:54:05.1754|INFO|iRecruit.Logging.NLogger|GET http://localhost:58637/api/masterdata/ System.Web.Http.Controllers MasterDataController Dispose
2014-08-12 17:54:05.1754|INFO|iRecruit.Logging.NLogger|GET http://localhost:58637/api/masterdata/ System.Web.Http.Controllers MasterDataController Dispose
2014-08-12 18:03:55.9169|DEBUG|iRecruit.Logging.NLogger| System.Web.Http.Controllers WebHostHttpControllerTypeResolver GetControllerTypes
2014-08-12 18:03:55.9599|DEBUG|iRecruit.Logging.NLogger| System.Web.Http.Controllers WebHostHttpControllerTypeResolver GetControllerTypes
2014-08-12 18:04:39.3269|INFO|iRecruit.Logging.NLogger|GET http://localhost:58637/api/masterdata/ System.Web.Http.Request http://localhost:58637/api/masterdata/
2014-08-12 18:04:39.3269|INFO|iRecruit.Logging.NLogger|GET http://localhost:58637/api/masterdata/ System.Web.Http.MessageHandlers TokenInspector SendAsync
2014-08-12 18:04:39.3559|INFO|iRecruit.Logging.NLogger|GET http://localhost:58637/api/masterdata/ System.Web.Http.Controllers DefaultHttpControllerSelector SelectController Route='controller:masterdata,action:Get'
2014-08-12 18:04:39.3559|INFO|iRecruit.Logging.NLogger|GET http://localhost:58637/api/masterdata/ System.Web.Http.Controllers DefaultHttpControllerSelector SelectController MasterData
2014-08-12 18:04:39.3559|INFO|iRecruit.Logging.NLogger|GET http://localhost:58637/api/masterdata/ System.Web.Http.Controllers HttpControllerDescriptor CreateController
2014-08-12 18:04:39.3559|INFO|iRecruit.Logging.NLogger|GET http://localhost:58637/api/masterdata/ System.Web.Http.Controllers DefaultHttpControllerActivator Create
2014-08-12 18:04:39.3709|INFO|iRecruit.Logging.NLogger|GET http://localhost:58637/api/masterdata/ System.Web.Http.Controllers DefaultHttpControllerActivator Create iRecruit.Controllers.MasterDataController
2014-08-12 18:04:39.3709|INFO|iRecruit.Logging.NLogger|GET http://localhost:58637/api/masterdata/ System.Web.Http.Controllers HttpControllerDescriptor CreateController iRecruit.Controllers.MasterDataController
2014-08-12 18:04:39.3709|INFO|iRecruit.Logging.NLogger|GET http://localhost:58637/api/masterdata/ System.Web.Http.Controllers MasterDataController ExecuteAsync
2014-08-12 18:04:39.4079|INFO|iRecruit.Logging.NLogger|GET http://localhost:58637/api/masterdata/ System.Web.Http.Action ApiControllerActionSelector SelectAction
2014-08-12 18:04:39.4249|INFO|iRecruit.Logging.NLogger|GET http://localhost:58637/api/masterdata/ System.Web.Http.Action ApiControllerActionSelector SelectAction Selected action 'Get()'
2014-08-12 18:04:39.4409|INFO|iRecruit.Logging.NLogger|GET http://localhost:58637/api/masterdata/ System.Web.Http.ModelBinding HttpActionBinding ExecuteBindingAsync
2014-08-12 18:04:39.4409|INFO|iRecruit.Logging.NLogger|GET http://localhost:58637/api/masterdata/ System.Web.Http.ModelBinding HttpActionBinding ExecuteBindingAsync
2014-08-12 18:04:39.4499|INFO|iRecruit.Logging.NLogger|GET http://localhost:58637/api/masterdata/ System.Web.Http.Filters AllowCrossSiteOriginAttribute OnActionExecutingAsync Action filter for 'Get()'
2014-08-12 18:04:39.4499|INFO|iRecruit.Logging.NLogger|GET http://localhost:58637/api/masterdata/ System.Web.Http.Filters AllowCrossSiteOriginAttribute OnActionExecutingAsync
2014-08-12 18:04:39.4639|INFO|iRecruit.Logging.NLogger|GET http://localhost:58637/api/masterdata/ System.Web.Http.Action ApiControllerActionInvoker InvokeActionAsync Action='Get()'
2014-08-12 18:04:39.4639|INFO|iRecruit.Logging.NLogger|GET http://localhost:58637/api/masterdata/ System.Web.Http.Action ReflectedHttpActionDescriptor ExecuteAsync Invoking action 'Get()'
2014-08-12 18:05:43.7509|INFO|iRecruit.Logging.NLogger|GET http://localhost:58637/api/masterdata/ iRecruit.Controllers.MasterDataController
2014-08-12 18:05:43.7669|INFO|iRecruit.Logging.NLogger|GET http://localhost:58637/api/masterdata/ System.Web.Http.Action ReflectedHttpActionDescriptor ExecuteAsync Action returned 'StatusCode: 500, ReasonPhrase: 'Internal Server Error', Version: 1.1, Content: System.Net.Http.StringContent, Headers:
{
  Content-Type: text/plain; charset=utf-8
}'
2014-08-12 18:05:43.8019|INFO|iRecruit.Logging.NLogger|GET http://localhost:58637/api/masterdata/ System.Web.Http.Action ApiControllerActionInvoker InvokeActionAsync
2014-08-12 18:05:43.8019|INFO|iRecruit.Logging.NLogger|GET http://localhost:58637/api/masterdata/ System.Web.Http.Filters AllowCrossSiteOriginAttribute OnActionExecutedAsync Action filter for 'Get()'
2014-08-12 18:05:43.8149|INFO|iRecruit.Logging.NLogger|GET http://localhost:58637/api/masterdata/ System.Web.Http.Filters AllowCrossSiteOriginAttribute OnActionExecutedAsync
2014-08-12 18:05:43.8289|INFO|iRecruit.Logging.NLogger|GET http://localhost:58637/api/masterdata/ System.Web.Http.Controllers MasterDataController ExecuteAsync
2014-08-12 18:05:43.8289|INFO|iRecruit.Logging.NLogger|GET http://localhost:58637/api/masterdata/ System.Web.Http.MessageHandlers TokenInspector SendAsync
2014-08-12 18:05:43.8289|INFO|iRecruit.Logging.NLogger|GET http://localhost:58637/api/masterdata/ System.Web.Http.Request Content-type='text/plain; charset=utf-8', content-length=94
2014-08-12 18:05:43.8699|INFO|iRecruit.Logging.NLogger|GET http://localhost:58637/api/masterdata/ System.Web.Http.Controllers MasterDataController Dispose
2014-08-12 18:05:43.8749|INFO|iRecruit.Logging.NLogger|GET http://localhost:58637/api/masterdata/ System.Web.Http.Controllers MasterDataController Dispose
