16-03-2017 15:07:58	This log contains information about the import schema operation into project 'iRecruit.Database' on computer 'ISE-LP-045' by user 'nirajs'.
16-03-2017 15:07:58	Import of database schema has started.
16-03-2017 15:08:07	Gathering database options
16-03-2017 15:08:07	Gathering users
16-03-2017 15:08:07	Gathering roles
16-03-2017 15:08:07	Gathering application roles
16-03-2017 15:08:07	Gathering role memberships
16-03-2017 15:08:07	Gathering filegroups
16-03-2017 15:08:07	Gathering full-text catalogs
16-03-2017 15:08:07	Gathering assemblies
16-03-2017 15:08:07	Gathering certificates
16-03-2017 15:08:07	Gathering asymmetric keys
16-03-2017 15:08:07	Gathering symmetric keys
16-03-2017 15:08:07	Gathering encrypted symmetric keys
16-03-2017 15:08:07	Gathering schemas
16-03-2017 15:08:13	Gathering XML schema collections
16-03-2017 15:08:13	Gathering user-defined data types
16-03-2017 15:08:13	Gathering user-defined types
16-03-2017 15:08:13	Gathering table types
16-03-2017 15:08:13	Gathering unique keys for table types
16-03-2017 15:08:13	Gathering primary keys for table types
16-03-2017 15:08:13	Gathering indexes for table types
16-03-2017 15:08:13	Gathering check constraints for table types
16-03-2017 15:08:13	Gathering default constraints for table types
16-03-2017 15:08:13	Gathering partition functions
16-03-2017 15:08:13	Gathering partition schemes
16-03-2017 15:08:13	Gathering functions
16-03-2017 15:08:14	Gathering encrypted functions
16-03-2017 15:08:14	Gathering aggregates
16-03-2017 15:08:14	Gathering procedures
16-03-2017 15:08:14	Gathering encrypted procedures
16-03-2017 15:08:14	Gathering tables
16-03-2017 15:08:14	Gathering primary keys
16-03-2017 15:08:14	Gathering unique constraints
16-03-2017 15:08:14	Gathering foreign keys
16-03-2017 15:08:14	Gathering default constraints
16-03-2017 15:08:14	Gathering check constraints
16-03-2017 15:08:14	Gathering views
16-03-2017 15:08:14	Gathering encrypted views
16-03-2017 15:08:14	Gathering indexes
16-03-2017 15:08:14	Gathering statistics
16-03-2017 15:08:14	Gathering full-text index stoplists
16-03-2017 15:08:14	Gathering search property lists
16-03-2017 15:08:14	Gathering search properties
16-03-2017 15:08:14	Gathering full-text indexes
16-03-2017 15:08:14	Gathering column store indexes
16-03-2017 15:08:14	Gathering spatial indexes
16-03-2017 15:08:14	Gathering XML indexes
16-03-2017 15:08:14	Gathering Selective XML indexes
16-03-2017 15:08:14	Gathering encrypted triggers
16-03-2017 15:08:14	Gathering triggers
16-03-2017 15:08:14	Gathering encrypted and clr ddl triggers
16-03-2017 15:08:14	Gathering ddl triggers
16-03-2017 15:08:14	Gathering synonyms
16-03-2017 15:08:14	Gathering defaults
16-03-2017 15:08:14	Gathering data constraint uddt bindings
16-03-2017 15:08:14	Gathering rules
16-03-2017 15:08:14	Gathering data constraint uddt bindings
16-03-2017 15:08:14	Gathering message types
16-03-2017 15:08:14	Gathering queues
16-03-2017 15:08:14	Gathering contracts
16-03-2017 15:08:14	Gathering services
16-03-2017 15:08:14	Gathering event notifications
16-03-2017 15:08:14	Gathering remote service bindings
16-03-2017 15:08:14	Gathering broker priorities
16-03-2017 15:08:14	Gathering signatures
16-03-2017 15:08:14	Gathering data compression options
16-03-2017 15:08:14	Gathering sequence types
16-03-2017 15:08:14	Gathering extended properties
16-03-2017 15:08:15	Gathering credentials
16-03-2017 15:08:15	Gathering logins
16-03-2017 15:08:15	Gathering server audits
16-03-2017 15:08:16	Scanning project for duplicate elements
16-03-2017 15:08:16	Finished duplicate element processing
16-03-2017 15:08:17	Finished importing database.
16-03-2017 15:08:17	A summary of the import was saved to the following location: D:\iRecruit\Source Code\iRecruit.Database\Import Schema Logs\iRecruit.Database_20170316093758.log
16-03-2017 15:08:17	Click Finish to continue...
